<?xml version="1.0" encoding="UTF-8"?>
<testsuite name="com.netflix.eureka.resources.EurekaClientServerRestIntegrationTest" tests="7" skipped="0" failures="0" errors="0" timestamp="2017-04-09T17:30:07" hostname="pc54.home" time="0.565">
  <properties/>
  <testcase name="testBatch" classname="com.netflix.eureka.resources.EurekaClientServerRestIntegrationTest" time="0.441"/>
  <testcase name="testCancelForEntryThatDoesNotExist" classname="com.netflix.eureka.resources.EurekaClientServerRestIntegrationTest" time="0.015"/>
  <testcase name="testStatusOverrideUpdateAndDelete" classname="com.netflix.eureka.resources.EurekaClientServerRestIntegrationTest" time="0.07"/>
  <testcase name="testCancelForEntryThatExists" classname="com.netflix.eureka.resources.EurekaClientServerRestIntegrationTest" time="0.012"/>
  <testcase name="testRegistration" classname="com.netflix.eureka.resources.EurekaClientServerRestIntegrationTest" time="0.007"/>
  <testcase name="testMissedHeartbeat" classname="com.netflix.eureka.resources.EurekaClientServerRestIntegrationTest" time="0.006"/>
  <testcase name="testHeartbeat" classname="com.netflix.eureka.resources.EurekaClientServerRestIntegrationTest" time="0.012"/>
  <system-out><![CDATA[2017-04-09 19:30:01,625 INFO  org.eclipse.jetty.util.log.Slf4jLog:55 [Test worker] [info] jetty-7.2.0.v20101020
2017-04-09 19:30:01,693 INFO  org.eclipse.jetty.util.log.Slf4jLog:55 [Test worker] [info] Extract jar:file:/home/polivier/Documents/AL/eureka/eureka-server/build/libs/eureka-server-1.6.3-SNAPSHOT.war!/ to /tmp/jetty-0.0.0.0-8080-eureka-server-1.6.3-SNAPSHOT.war-_-any-/webapp
2017-04-09 19:30:04,033 INFO  org.eclipse.jetty.util.log.Slf4jLog:55 [Test worker] [info] NO JSP Support for /, did not find org.apache.jasper.servlet.JspServlet
2017-04-09 19:30:04,151 INFO  com.netflix.eureka.EurekaBootStrap:128 [Test worker] [initEurekaEnvironment] Setting the eureka configuration..
2017-04-09 19:30:04,187 WARN  com.netflix.config.sources.URLConfigurationSource:121 [Test worker] [<init>] No URLs will be polled as dynamic configuration sources.
2017-04-09 19:30:04,188 INFO  com.netflix.config.sources.URLConfigurationSource:122 [Test worker] [<init>] To enable URLs as dynamic configuration sources, define System property archaius.configurationSource.additionalUrls or make config.properties available on classpath.
2017-04-09 19:30:04,215 INFO  com.netflix.eureka.EurekaBootStrap:132 [Test worker] [initEurekaEnvironment] Eureka data center value eureka.datacenter is not set, defaulting to default
2017-04-09 19:30:04,218 INFO  com.netflix.eureka.EurekaBootStrap:140 [Test worker] [initEurekaEnvironment] Eureka environment value eureka.environment is not set, defaulting to test
2017-04-09 19:30:04,230 INFO  com.netflix.config.DynamicPropertyFactory:281 [Test worker] [getInstance] DynamicPropertyFactory is initialized with configuration sources: com.netflix.config.ConcurrentCompositeConfiguration@4a07a10b
2017-04-09 19:30:04,287 INFO  com.netflix.config.util.ConfigurationUtils:183 [Test worker] [getConfigFromPropertiesFile] Loaded properties file file:/tmp/jetty-0.0.0.0-8080-eureka-server-1.6.3-SNAPSHOT.war-_-any-/webapp/WEB-INF/classes/eureka-server.properties
2017-04-09 19:30:04,489 INFO  com.netflix.eureka.EurekaBootStrap:154 [Test worker] [initEurekaServerContext] Initializing the eureka client...
2017-04-09 19:30:04,490 INFO  com.netflix.eureka.EurekaBootStrap:155 [Test worker] [initEurekaServerContext] 
2017-04-09 19:30:04,695 INFO  com.netflix.eureka.EurekaBootStrap:282 [Test worker] [isCloud] Deployment datacenter is default
2017-04-09 19:30:04,703 INFO  com.netflix.config.util.ConfigurationUtils:183 [Test worker] [getConfigFromPropertiesFile] Loaded properties file file:/tmp/jetty-0.0.0.0-8080-eureka-server-1.6.3-SNAPSHOT.war-_-any-/webapp/WEB-INF/classes/eureka-client.properties
2017-04-09 19:30:04,714 INFO  com.netflix.appinfo.providers.EurekaConfigBasedInstanceInfoProvider:107 [Test worker] [get] Setting initial instance status as: STARTING
2017-04-09 19:30:04,719 WARN  com.netflix.config.util.ConfigurationUtils:177 [Test worker] [getConfigFromPropertiesFile] file:/tmp/jetty-0.0.0.0-8080-eureka-server-1.6.3-SNAPSHOT.war-_-any-/webapp/WEB-INF/classes/eureka-client.properties is already loaded
2017-04-09 19:30:04,861 INFO  com.netflix.discovery.DiscoveryClient:344 [Test worker] [<init>] Initializing Eureka in region default
2017-04-09 19:30:05,090 INFO  com.netflix.discovery.provider.DiscoveryJerseyProvider:70 [Test worker] [<init>] Using JSON encoding codec LegacyJacksonJson
2017-04-09 19:30:05,091 INFO  com.netflix.discovery.provider.DiscoveryJerseyProvider:71 [Test worker] [<init>] Using JSON decoding codec LegacyJacksonJson
2017-04-09 19:30:05,091 INFO  com.netflix.discovery.provider.DiscoveryJerseyProvider:80 [Test worker] [<init>] Using XML encoding codec XStreamXml
2017-04-09 19:30:05,093 INFO  com.netflix.discovery.provider.DiscoveryJerseyProvider:81 [Test worker] [<init>] Using XML decoding codec XStreamXml
2017-04-09 19:30:05,388 INFO  com.netflix.discovery.shared.resolver.aws.ConfigClusterResolver:43 [Test worker] [getClusterEndpoints] Resolving eureka endpoints via configuration
2017-04-09 19:30:05,390 WARN  com.netflix.discovery.endpoint.EndpointUtils:364 [Test worker] [getZoneOffset] DISCOVERY: Could not pick a zone based on preferred zone settings. My zone - defaultZone, preferSameZone- false. Defaulting to defaultZone
2017-04-09 19:30:05,415 INFO  com.netflix.discovery.DiscoveryClient:1244 [Test worker] [initScheduledTasks] Starting heartbeat executor: renew interval is: 30
2017-04-09 19:30:05,419 INFO  com.netflix.discovery.InstanceInfoReplicator:59 [Test worker] [<init>] InstanceInfoReplicator onDemand update allowed rate per min is 4
2017-04-09 19:30:05,427 INFO  com.netflix.discovery.DiscoveryClient:425 [Test worker] [<init>] Discovery Client initialized at timestamp 1491759005427 with initial instances count: 0
2017-04-09 19:30:05,427 INFO  com.netflix.eureka.EurekaBootStrap:277 [Test worker] [isAws] isAws returned false
2017-04-09 19:30:05,463 INFO  com.netflix.eureka.DefaultEurekaServerContext:63 [Test worker] [initialize] Initializing ...
2017-04-09 19:30:05,464 WARN  com.netflix.discovery.endpoint.EndpointUtils:364 [Test worker] [getZoneOffset] DISCOVERY: Could not pick a zone based on preferred zone settings. My zone - defaultZone, preferSameZone- false. Defaulting to defaultZone
2017-04-09 19:30:05,464 WARN  com.netflix.eureka.cluster.PeerEurekaNodes:156 [Test worker] [updatePeerEurekaNodes] The replica size seems to be empty. Check the route 53 DNS Registry
2017-04-09 19:30:05,478 INFO  com.netflix.eureka.registry.AbstractInstanceRegistry:152 [Test worker] [initRemoteRegionRegistry] Finished initializing remote region registries. All known remote regions: []
2017-04-09 19:30:05,482 INFO  com.netflix.eureka.DefaultEurekaServerContext:66 [Test worker] [initialize] Initialized
2017-04-09 19:30:05,483 INFO  com.netflix.eureka.EurekaBootStrap:212 [Test worker] [initEurekaServerContext] Initialized server context
2017-04-09 19:30:05,483 INFO  com.netflix.eureka.registry.PeerAwareInstanceRegistryImpl:242 [Test worker] [openForTraffic] Got 0 instances from neighboring DS node
2017-04-09 19:30:05,484 INFO  com.netflix.eureka.registry.PeerAwareInstanceRegistryImpl:243 [Test worker] [openForTraffic] Renew threshold is: 0
2017-04-09 19:30:05,484 INFO  com.netflix.eureka.registry.PeerAwareInstanceRegistryImpl:254 [Test worker] [openForTraffic] Changing status to UP
2017-04-09 19:30:05,917 INFO  com.netflix.discovery.provider.DiscoveryJerseyProvider:70 [Test worker] [<init>] Using JSON encoding codec LegacyJacksonJson
2017-04-09 19:30:05,917 INFO  com.netflix.discovery.provider.DiscoveryJerseyProvider:71 [Test worker] [<init>] Using JSON decoding codec LegacyJacksonJson
2017-04-09 19:30:05,917 INFO  com.netflix.discovery.provider.DiscoveryJerseyProvider:80 [Test worker] [<init>] Using XML encoding codec XStreamXml
2017-04-09 19:30:05,917 INFO  com.netflix.discovery.provider.DiscoveryJerseyProvider:81 [Test worker] [<init>] Using XML decoding codec XStreamXml
2017-04-09 19:30:06,490 INFO  org.eclipse.jetty.util.log.Slf4jLog:55 [Test worker] [info] Started SelectChannelConnector@0.0.0.0:8080
2017-04-09 19:30:06,886 INFO  com.netflix.discovery.provider.DiscoveryJerseyProvider:70 [Test worker] [<init>] Using JSON encoding codec LegacyJacksonJson
2017-04-09 19:30:06,886 INFO  com.netflix.discovery.provider.DiscoveryJerseyProvider:71 [Test worker] [<init>] Using JSON decoding codec LegacyJacksonJson
2017-04-09 19:30:06,982 INFO  com.netflix.discovery.provider.DiscoveryJerseyProvider:80 [Test worker] [<init>] Using XML encoding codec XStreamXml
2017-04-09 19:30:06,983 INFO  com.netflix.discovery.provider.DiscoveryJerseyProvider:81 [Test worker] [<init>] Using XML decoding codec XStreamXml
2017-04-09 19:30:07,327 INFO  com.netflix.discovery.provider.DiscoveryJerseyProvider:70 [Test worker] [<init>] Using JSON encoding codec LegacyJacksonJson
2017-04-09 19:30:07,327 INFO  com.netflix.discovery.provider.DiscoveryJerseyProvider:71 [Test worker] [<init>] Using JSON decoding codec LegacyJacksonJson
2017-04-09 19:30:07,328 INFO  com.netflix.discovery.provider.DiscoveryJerseyProvider:80 [Test worker] [<init>] Using XML encoding codec XStreamXml
2017-04-09 19:30:07,328 INFO  com.netflix.discovery.provider.DiscoveryJerseyProvider:81 [Test worker] [<init>] Using XML decoding codec XStreamXml
2017-04-09 19:30:07,801 INFO  com.netflix.eureka.registry.AbstractInstanceRegistry:267 [qtp1021411455-18] [register] Registered instance APPLICATION0/i-00000000 with status UP (replication=true)
2017-04-09 19:30:07,881 WARN  com.netflix.eureka.registry.AbstractInstanceRegistry:316 [qtp1021411455-15] [internalCancel] DS: Registry: cancel failed because Lease is not registered for: APPLICATION1/i-00010000
2017-04-09 19:30:07,881 INFO  com.netflix.eureka.resources.InstanceResource:289 [qtp1021411455-15] [cancelLease] Not Found (Cancel): APPLICATION1 - i-00010000
2017-04-09 19:30:07,891 INFO  com.netflix.eureka.registry.AbstractInstanceRegistry:267 [qtp1021411455-16] [register] Registered instance APPLICATION0/i-00000001 with status UP (replication=false)
2017-04-09 19:30:07,904 INFO  com.netflix.eureka.resources.InstanceResource:174 [qtp1021411455-17] [statusUpdate] Status updated: APPLICATION0 - i-00000001 - DOWN
2017-04-09 19:30:07,948 INFO  com.netflix.eureka.resources.InstanceResource:218 [qtp1021411455-18] [deleteStatusUpdate] Status override removed: APPLICATION0 - i-00000001
2017-04-09 19:30:07,959 INFO  com.netflix.eureka.registry.AbstractInstanceRegistry:267 [qtp1021411455-15] [register] Registered instance APPLICATION1/i-00010001 with status UP (replication=false)
2017-04-09 19:30:07,964 INFO  com.netflix.eureka.registry.AbstractInstanceRegistry:331 [qtp1021411455-16] [internalCancel] Cancelled instance APPLICATION1/i-00010001 (replication=false)
2017-04-09 19:30:07,972 INFO  com.netflix.eureka.registry.AbstractInstanceRegistry:267 [qtp1021411455-17] [register] Registered instance APPLICATION0/i-00000002 with status UP (replication=false)
2017-04-09 19:30:07,978 WARN  com.netflix.eureka.registry.AbstractInstanceRegistry:354 [qtp1021411455-19] [renew] DS: Registry: lease doesn't exist, registering resource: APPLICATION1 - i-00010002
2017-04-09 19:30:07,979 WARN  com.netflix.eureka.resources.InstanceResource:116 [qtp1021411455-19] [renewLease] Not Found (Renew): APPLICATION1 - i-00010002
2017-04-09 19:30:07,986 INFO  com.netflix.eureka.registry.AbstractInstanceRegistry:267 [qtp1021411455-20] [register] Registered instance APPLICATION0/i-00000003 with status UP (replication=false)
2017-04-09 19:30:09,002 INFO  com.netflix.eureka.EurekaBootStrap:242 [Test worker] [contextDestroyed] Sun Apr 09 19:30:09 CEST 2017 Shutting down Eureka Server..
2017-04-09 19:30:09,018 INFO  com.netflix.eureka.DefaultEurekaServerContext:72 [Test worker] [shutdown] Shutting down ...
2017-04-09 19:30:09,023 INFO  com.netflix.eureka.DefaultEurekaServerContext:75 [Test worker] [shutdown] Shut down
2017-04-09 19:30:09,025 INFO  com.netflix.eureka.EurekaBootStrap:252 [Test worker] [contextDestroyed] Sun Apr 09 19:30:09 CEST 2017 Eureka Service is now shutdown...
]]></system-out>
  <system-err><![CDATA[SLF4J: Class path contains multiple SLF4J bindings.
SLF4J: Found binding in [jar:file:/tmp/jetty-0.0.0.0-8080-eureka-server-1.6.3-SNAPSHOT.war-_-any-/webapp/WEB-INF/lib/slf4j-log4j12-1.6.1.jar!/org/slf4j/impl/StaticLoggerBinder.class]
SLF4J: Found binding in [jar:file:/home/polivier/.gradle/caches/modules-2/files-2.1/org.slf4j/slf4j-log4j12/1.6.1/bd245d6746cdd4e6203e976e21d597a46f115802/slf4j-log4j12-1.6.1.jar!/org/slf4j/impl/StaticLoggerBinder.class]
SLF4J: See http://www.slf4j.org/codes.html#multiple_bindings for an explanation.
SLF4J: Actual binding is of type [org.slf4j.impl.Log4jLoggerFactory]
avr. 09, 2017 7:30:05 PM com.sun.jersey.api.core.PackagesResourceConfig init
INFOS: Scanning for root resource and provider classes in the packages:
  com.sun.jersey
  com.netflix
avr. 09, 2017 7:30:05 PM com.sun.jersey.api.core.ScanningResourceConfig logClasses
INFOS: Root resource classes found:
  class com.netflix.appinfo.HealthCheckResource
  class com.netflix.eureka.resources.PeerReplicationResource
  class com.netflix.eureka.resources.InstancesResource
  class com.netflix.eureka.resources.ApplicationsResource
  class com.netflix.eureka.resources.ASGResource
  class com.netflix.eureka.resources.VIPResource
  class com.netflix.eureka.resources.SecureVIPResource
  class com.netflix.eureka.resources.ServerInfoResource
  class com.netflix.eureka.resources.StatusResource
avr. 09, 2017 7:30:05 PM com.sun.jersey.api.core.ScanningResourceConfig logClasses
INFOS: Provider classes found:
  class com.netflix.discovery.provider.DiscoveryJerseyProvider
avr. 09, 2017 7:30:05 PM com.sun.jersey.server.impl.application.WebApplicationImpl _initiate
INFOS: Initiating Jersey application, version 'Jersey: 1.19.1 03/11/2016 02:08 PM'
]]></system-err>
</testsuite>
