<?xml version="1.0" encoding="UTF-8"?>
<testsuite name="com.netflix.eureka.resources.PeerReplicationResourceTest" tests="5" skipped="0" failures="0" errors="0" timestamp="2017-04-09T17:29:39" hostname="pc54.home" time="0.094">
  <properties/>
  <testcase name="testStatusUpdate" classname="com.netflix.eureka.resources.PeerReplicationResourceTest" time="0.088"/>
  <testcase name="testDeleteStatusOverride" classname="com.netflix.eureka.resources.PeerReplicationResourceTest" time="0.001"/>
  <testcase name="testCancelBatching" classname="com.netflix.eureka.resources.PeerReplicationResourceTest" time="0.0"/>
  <testcase name="testHeartbeat" classname="com.netflix.eureka.resources.PeerReplicationResourceTest" time="0.001"/>
  <testcase name="testRegisterBatching" classname="com.netflix.eureka.resources.PeerReplicationResourceTest" time="0.0"/>
  <system-out><![CDATA[]]></system-out>
  <system-err><![CDATA[SLF4J: Class path contains multiple SLF4J bindings.
SLF4J: Found binding in [jar:file:/home/polivier/.gradle/caches/modules-2/files-2.1/org.slf4j/slf4j-simple/1.7.10/5b0027a74461a877acb12602ac141da9161304dd/slf4j-simple-1.7.10.jar!/org/slf4j/impl/StaticLoggerBinder.class]
SLF4J: Found binding in [jar:file:/home/polivier/.gradle/caches/modules-2/files-2.1/ch.qos.logback/logback-classic/1.1.2/b316e9737eea25e9ddd6d88eaeee76878045c6b2/logback-classic-1.1.2.jar!/org/slf4j/impl/StaticLoggerBinder.class]
SLF4J: See http://www.slf4j.org/codes.html#multiple_bindings for an explanation.
SLF4J: Actual binding is of type [org.slf4j.impl.SimpleLoggerFactory]
]]></system-err>
</testsuite>
