<?xml version="1.0" encoding="UTF-8"?>
<testsuite name="com.netflix.eureka.util.batcher.TaskDispatchersTest" tests="3" skipped="0" failures="0" errors="0" timestamp="2017-04-09T17:29:45" hostname="pc54.home" time="1.66">
  <properties/>
  <testcase name="testTasksAreDistributedAcrossAllWorkerThreads" classname="com.netflix.eureka.util.batcher.TaskDispatchersTest" time="1.617"/>
  <testcase name="testSingleTaskDispatcher" classname="com.netflix.eureka.util.batcher.TaskDispatchersTest" time="0.017"/>
  <testcase name="testBatchingDispatcher" classname="com.netflix.eureka.util.batcher.TaskDispatchersTest" time="0.025"/>
  <system-out><![CDATA[]]></system-out>
  <system-err><![CDATA[SLF4J: Class path contains multiple SLF4J bindings.
SLF4J: Found binding in [jar:file:/home/polivier/.gradle/caches/modules-2/files-2.1/org.slf4j/slf4j-simple/1.7.10/5b0027a74461a877acb12602ac141da9161304dd/slf4j-simple-1.7.10.jar!/org/slf4j/impl/StaticLoggerBinder.class]
SLF4J: Found binding in [jar:file:/home/polivier/.gradle/caches/modules-2/files-2.1/ch.qos.logback/logback-classic/1.1.2/b316e9737eea25e9ddd6d88eaeee76878045c6b2/logback-classic-1.1.2.jar!/org/slf4j/impl/StaticLoggerBinder.class]
SLF4J: See http://www.slf4j.org/codes.html#multiple_bindings for an explanation.
SLF4J: Actual binding is of type [org.slf4j.impl.SimpleLoggerFactory]
]]></system-err>
</testsuite>
