<?xml version="1.0" encoding="UTF-8"?>
<testsuite name="com.netflix.eureka.cluster.PeerEurekaNodeTest" tests="8" skipped="0" failures="0" errors="0" timestamp="2017-04-09T17:28:31" hostname="pc54.home" time="0.47">
  <properties/>
  <testcase name="testHeartbeatReplicationFailure" classname="com.netflix.eureka.cluster.PeerEurekaNodeTest" time="0.31"/>
  <testcase name="testHeartbeatBatchReplication" classname="com.netflix.eureka.cluster.PeerEurekaNodeTest" time="0.027"/>
  <testcase name="testHeartbeatWithInstanceInfoFromPeer" classname="com.netflix.eureka.cluster.PeerEurekaNodeTest" time="0.029"/>
  <testcase name="testStatusUpdateBatchReplication" classname="com.netflix.eureka.cluster.PeerEurekaNodeTest" time="0.024"/>
  <testcase name="testAsgStatusUpdate" classname="com.netflix.eureka.cluster.PeerEurekaNodeTest" time="0.012"/>
  <testcase name="testDeleteStatusOverrideBatchReplication" classname="com.netflix.eureka.cluster.PeerEurekaNodeTest" time="0.022"/>
  <testcase name="testRegistrationBatchReplication" classname="com.netflix.eureka.cluster.PeerEurekaNodeTest" time="0.019"/>
  <testcase name="testCancelBatchReplication" classname="com.netflix.eureka.cluster.PeerEurekaNodeTest" time="0.019"/>
  <system-out><![CDATA[]]></system-out>
  <system-err><![CDATA[SLF4J: Class path contains multiple SLF4J bindings.
SLF4J: Found binding in [jar:file:/home/polivier/.gradle/caches/modules-2/files-2.1/org.slf4j/slf4j-simple/1.7.10/5b0027a74461a877acb12602ac141da9161304dd/slf4j-simple-1.7.10.jar!/org/slf4j/impl/StaticLoggerBinder.class]
SLF4J: Found binding in [jar:file:/home/polivier/.gradle/caches/modules-2/files-2.1/ch.qos.logback/logback-classic/1.1.2/b316e9737eea25e9ddd6d88eaeee76878045c6b2/logback-classic-1.1.2.jar!/org/slf4j/impl/StaticLoggerBinder.class]
SLF4J: See http://www.slf4j.org/codes.html#multiple_bindings for an explanation.
SLF4J: Actual binding is of type [org.slf4j.impl.SimpleLoggerFactory]
[TaskBatchingWorker-target_test.host.com-0] WARN com.netflix.eureka.cluster.ReplicationTask - The replication of task APPLICATION1/i-00010000:Heartbeat@test failed with response code 404
[TaskBatchingWorker-target_test.host.com-0] WARN com.netflix.eureka.cluster.PeerEurekaNode - APPLICATION1/i-00010000:Heartbeat@test: missing entry.
[TaskBatchingWorker-target_test.host.com-0] WARN com.netflix.eureka.cluster.PeerEurekaNode - APPLICATION1/i-00010000:Heartbeat@test: cannot find instance id i-00010000 and hence replicating the instance with status UP
[TaskBatchingWorker-target_test.host.com-0] WARN com.netflix.eureka.cluster.ReplicationTask - The replication of task APPLICATION1/i-00010000:Register@test failed with response code 404
[TaskBatchingWorker-target_test.host.com-0] WARN com.netflix.eureka.cluster.ReplicationTask - The replication of task APPLICATION1/i-00010000:Heartbeat@test failed with response code 400
[TaskBatchingWorker-target_test.host.com-0] WARN com.netflix.eureka.cluster.PeerEurekaNode - Peer wants us to take the instance information from it, since the timestamp differs,Id : i-00010000 My Timestamp : 1491758911520, Peer's timestamp: 1491758911521
]]></system-err>
</testsuite>
