<?xml version="1.0" encoding="UTF-8"?>
<testsuite name="com.netflix.discovery.shared.transport.jersey2.AbstractJersey2EurekaHttpClientTest" tests="16" skipped="0" failures="0" errors="0" timestamp="2017-04-09T17:28:15" hostname="pc54.home" time="1.526">
  <properties/>
  <testcase name="testGetSecureVipRequest" classname="com.netflix.discovery.shared.transport.jersey2.AbstractJersey2EurekaHttpClientTest" time="0.987"/>
  <testcase name="testGetVipWithRemoteRegionRequest" classname="com.netflix.discovery.shared.transport.jersey2.AbstractJersey2EurekaHttpClientTest" time="0.039"/>
  <testcase name="testStatusUpdateDeleteRequest" classname="com.netflix.discovery.shared.transport.jersey2.AbstractJersey2EurekaHttpClientTest" time="0.085"/>
  <testcase name="testGetApplicationsRequest" classname="com.netflix.discovery.shared.transport.jersey2.AbstractJersey2EurekaHttpClientTest" time="0.03"/>
  <testcase name="testGetSecureVipWithRemoteRegionRequest" classname="com.netflix.discovery.shared.transport.jersey2.AbstractJersey2EurekaHttpClientTest" time="0.035"/>
  <testcase name="testGetVipRequest" classname="com.netflix.discovery.shared.transport.jersey2.AbstractJersey2EurekaHttpClientTest" time="0.03"/>
  <testcase name="testGetApplicationInstanceRequest" classname="com.netflix.discovery.shared.transport.jersey2.AbstractJersey2EurekaHttpClientTest" time="0.022"/>
  <testcase name="testCancelRequest" classname="com.netflix.discovery.shared.transport.jersey2.AbstractJersey2EurekaHttpClientTest" time="0.027"/>
  <testcase name="testRegisterRequest" classname="com.netflix.discovery.shared.transport.jersey2.AbstractJersey2EurekaHttpClientTest" time="0.071"/>
  <testcase name="testBasicAuthentication" classname="com.netflix.discovery.shared.transport.jersey2.AbstractJersey2EurekaHttpClientTest" time="0.04"/>
  <testcase name="testGetDeltaWithRemoteRegionRequest" classname="com.netflix.discovery.shared.transport.jersey2.AbstractJersey2EurekaHttpClientTest" time="0.032"/>
  <testcase name="testGetDeltaRequest" classname="com.netflix.discovery.shared.transport.jersey2.AbstractJersey2EurekaHttpClientTest" time="0.022"/>
  <testcase name="testGetInstanceRequest" classname="com.netflix.discovery.shared.transport.jersey2.AbstractJersey2EurekaHttpClientTest" time="0.016"/>
  <testcase name="testHeartbeatRequest" classname="com.netflix.discovery.shared.transport.jersey2.AbstractJersey2EurekaHttpClientTest" time="0.023"/>
  <testcase name="testStatusUpdateRequest" classname="com.netflix.discovery.shared.transport.jersey2.AbstractJersey2EurekaHttpClientTest" time="0.024"/>
  <testcase name="testGetApplicationsWithRemoteRegionRequest" classname="com.netflix.discovery.shared.transport.jersey2.AbstractJersey2EurekaHttpClientTest" time="0.032"/>
  <system-out><![CDATA[]]></system-out>
  <system-err><![CDATA[SLF4J: Failed to load class "org.slf4j.impl.StaticLoggerBinder".
SLF4J: Defaulting to no-operation (NOP) logger implementation
SLF4J: See http://www.slf4j.org/codes.html#StaticLoggerBinder for further details.
avr. 09, 2017 7:28:17 PM sun.net.httpserver.ExchangeImpl sendResponseHeaders
AVERTISSEMENT: sendResponseHeaders: rCode = 204: forcing contentLen = -1
avr. 09, 2017 7:28:17 PM sun.net.httpserver.ExchangeImpl sendResponseHeaders
AVERTISSEMENT: sendResponseHeaders: rCode = 204: forcing contentLen = -1
]]></system-err>
</testsuite>
