<?xml version="1.0" encoding="UTF-8"?>
<testsuite name="com.netflix.discovery.guice.Jersey2EurekaModuleTest" tests="1" skipped="0" failures="0" errors="0" timestamp="2017-04-09T17:28:14" hostname="pc54.home" time="0.618">
  <properties/>
  <testcase name="testDI" classname="com.netflix.discovery.guice.Jersey2EurekaModuleTest" time="0.618"/>
  <system-out><![CDATA[]]></system-out>
  <system-err><![CDATA[SLF4J: Failed to load class "org.slf4j.impl.StaticLoggerBinder".
SLF4J: Defaulting to no-operation (NOP) logger implementation
SLF4J: See http://www.slf4j.org/codes.html#StaticLoggerBinder for further details.
]]></system-err>
</testsuite>
