<?xml version="1.0" encoding="UTF-8"?>
<testsuite name="com.netflix.discovery.shared.transport.EurekaHttpClientsTest" tests="4" skipped="0" failures="0" errors="0" timestamp="2017-04-09T17:27:52" hostname="pc54.home" time="3.589">
  <properties/>
  <testcase name="testCanonicalClient" classname="com.netflix.discovery.shared.transport.EurekaHttpClientsTest" time="1.457"/>
  <testcase name="testCanonicalResolver" classname="com.netflix.discovery.shared.transport.EurekaHttpClientsTest" time="0.575"/>
  <testcase name="testCompositeBootstrapResolver" classname="com.netflix.discovery.shared.transport.EurekaHttpClientsTest" time="1.372"/>
  <testcase name="testAddingAdditionalFilters" classname="com.netflix.discovery.shared.transport.EurekaHttpClientsTest" time="0.183"/>
  <system-out><![CDATA[19:27:52.504 [Test worker] DEBUG c.n.d.s.r.StaticClusterResolver - Fixed resolver configuration: [DefaultEndpoint{ serviceUrl='http://localhost:46028/v2/}]
19:27:52.916 [Test worker] INFO  c.n.d.p.DiscoveryJerseyProvider - Using JSON encoding codec LegacyJacksonJson
19:27:52.917 [Test worker] INFO  c.n.d.p.DiscoveryJerseyProvider - Using JSON decoding codec LegacyJacksonJson
19:27:53.070 [Test worker] INFO  c.n.d.p.DiscoveryJerseyProvider - Using XML encoding codec XStreamXml
19:27:53.070 [Test worker] INFO  c.n.d.p.DiscoveryJerseyProvider - Using XML decoding codec XStreamXml
19:27:53.462 [Test worker] DEBUG c.n.d.s.t.d.SessionedEurekaHttpClient - Ending a session and starting anew
19:27:53.467 [Test worker] DEBUG c.n.d.s.t.j.AbstractJerseyEurekaHttpClient - Created client for url: http://localhost:46028/v2/
19:27:53.619 [Test worker] DEBUG c.n.d.s.t.j.AbstractJerseyEurekaHttpClient - Jersey HTTP GET http://localhost:46028/v2//apps/?; statusCode=302
19:27:53.631 [Test worker] DEBUG c.n.d.s.t.j.AbstractJerseyEurekaHttpClient - Created client for url: http://localhost:41526/v2/
19:27:53.786 [Test worker] DEBUG c.n.d.s.t.j.AbstractJerseyEurekaHttpClient - Jersey HTTP GET http://localhost:41526/v2//apps/?; statusCode=200
19:27:53.786 [Test worker] INFO  c.n.d.s.t.d.RedirectingEurekaHttpClient - Pinning to endpoint http://localhost:41526/v2/, after 1 redirect(s)
19:27:53.794 [Test worker] DEBUG c.n.d.s.r.StaticClusterResolver - Fixed resolver configuration: [DefaultEndpoint{ serviceUrl='http://localhost:39583/v2/}]
19:27:53.803 [Test worker] INFO  c.n.d.p.DiscoveryJerseyProvider - Using JSON encoding codec LegacyJacksonJson
19:27:53.803 [Test worker] INFO  c.n.d.p.DiscoveryJerseyProvider - Using JSON decoding codec LegacyJacksonJson
19:27:53.803 [Test worker] INFO  c.n.d.p.DiscoveryJerseyProvider - Using XML encoding codec XStreamXml
19:27:53.803 [Test worker] INFO  c.n.d.p.DiscoveryJerseyProvider - Using XML decoding codec XStreamXml
19:27:53.944 [AsyncResolver-query-executor-0] DEBUG c.n.d.s.r.aws.ApplicationsResolver - Retrieved endpoint list []
19:27:53.954 [AsyncResolver-query-executor-0] DEBUG c.n.d.s.r.aws.EurekaHttpResolver - Retrieved endpoint list [AwsEndpoint{ serviceUrl='http://instance1.eurekaRead.com:8080/context', region='region', zone='us-east-1c'}, AwsEndpoint{ serviceUrl='http://instance0.eurekaRead.com:8080/context', region='region', zone='us-east-1c'}, AwsEndpoint{ serviceUrl='http://instance2.eurekaRead.com:8080/context', region='region', zone='us-east-1c'}]
19:27:53.955 [AsyncResolver-query-executor-0] DEBUG c.n.d.s.r.a.ZoneAffinityClusterResolver - Local zone=us-east-1c; resolved to: [AwsEndpoint{ serviceUrl='http://instance0.eurekaRead.com:8080/context', region='region', zone='us-east-1c'}, AwsEndpoint{ serviceUrl='http://instance1.eurekaRead.com:8080/context', region='region', zone='us-east-1c'}, AwsEndpoint{ serviceUrl='http://instance2.eurekaRead.com:8080/context', region='region', zone='us-east-1c'}]
19:27:53.955 [AsyncResolver-query-executor-0] DEBUG c.n.d.shared.resolver.AsyncResolver - Resolved to [AwsEndpoint{ serviceUrl='http://instance0.eurekaRead.com:8080/context', region='region', zone='us-east-1c'}, AwsEndpoint{ serviceUrl='http://instance1.eurekaRead.com:8080/context', region='region', zone='us-east-1c'}, AwsEndpoint{ serviceUrl='http://instance2.eurekaRead.com:8080/context', region='region', zone='us-east-1c'}]
19:27:54.357 [AsyncResolver-query-executor-0] DEBUG c.n.d.s.r.aws.ApplicationsResolver - Retrieved endpoint list [AwsEndpoint{ serviceUrl='http://instance1.eurekaRead.com:8080/context', region='region', zone='us-east-1c'}, AwsEndpoint{ serviceUrl='http://instance0.eurekaRead.com:8080/context', region='region', zone='us-east-1c'}, AwsEndpoint{ serviceUrl='http://instance2.eurekaRead.com:8080/context', region='region', zone='us-east-1c'}]
19:27:54.358 [AsyncResolver-query-executor-0] DEBUG c.n.d.s.r.a.ZoneAffinityClusterResolver - Local zone=us-east-1c; resolved to: [AwsEndpoint{ serviceUrl='http://instance0.eurekaRead.com:8080/context', region='region', zone='us-east-1c'}, AwsEndpoint{ serviceUrl='http://instance1.eurekaRead.com:8080/context', region='region', zone='us-east-1c'}, AwsEndpoint{ serviceUrl='http://instance2.eurekaRead.com:8080/context', region='region', zone='us-east-1c'}]
19:27:54.358 [AsyncResolver-query-executor-0] DEBUG c.n.d.shared.resolver.AsyncResolver - Resolved to [AwsEndpoint{ serviceUrl='http://instance0.eurekaRead.com:8080/context', region='region', zone='us-east-1c'}, AwsEndpoint{ serviceUrl='http://instance1.eurekaRead.com:8080/context', region='region', zone='us-east-1c'}, AwsEndpoint{ serviceUrl='http://instance2.eurekaRead.com:8080/context', region='region', zone='us-east-1c'}]
19:27:54.371 [Test worker] DEBUG c.n.d.s.r.StaticClusterResolver - Fixed resolver configuration: [DefaultEndpoint{ serviceUrl='http://localhost:34943/v2/}]
19:27:54.378 [Test worker] INFO  c.n.d.p.DiscoveryJerseyProvider - Using JSON encoding codec LegacyJacksonJson
19:27:54.378 [Test worker] INFO  c.n.d.p.DiscoveryJerseyProvider - Using JSON decoding codec LegacyJacksonJson
19:27:54.378 [Test worker] INFO  c.n.d.p.DiscoveryJerseyProvider - Using XML encoding codec XStreamXml
19:27:54.378 [Test worker] INFO  c.n.d.p.DiscoveryJerseyProvider - Using XML decoding codec XStreamXml
19:27:54.503 [Test worker] DEBUG c.n.d.s.r.aws.ApplicationsResolver - Retrieved endpoint list []
19:27:54.512 [Test worker] INFO  c.n.d.s.r.aws.ConfigClusterResolver - Resolving eureka endpoints via configuration
19:27:54.513 [Test worker] DEBUG c.n.discovery.endpoint.EndpointUtils - The availability zone for the given region us-east-1 are [default]
19:27:54.514 [Test worker] DEBUG c.n.d.s.r.aws.ConfigClusterResolver - Config resolved to [AwsEndpoint{ serviceUrl='http://foo:0', region='us-east-1', zone='default'}]
19:27:54.515 [Test worker] DEBUG c.n.d.s.r.aws.EurekaHttpResolver - Retrieved endpoint list [AwsEndpoint{ serviceUrl='http://instance2.eurekaWrite.com:8080', region='us-east-1', zone='us-east-1c'}, AwsEndpoint{ serviceUrl='http://instance0.eurekaWrite.com:8080', region='us-east-1', zone='us-east-1c'}, AwsEndpoint{ serviceUrl='http://instance1.eurekaWrite.com:8080', region='us-east-1', zone='us-east-1c'}]
19:27:54.920 [AsyncResolver-bootstrap-executor-0] DEBUG c.n.d.s.r.aws.ApplicationsResolver - Retrieved endpoint list [AwsEndpoint{ serviceUrl='http://instance2.eurekaWrite.com:8080', region='us-east-1', zone='us-east-1c'}, AwsEndpoint{ serviceUrl='http://instance0.eurekaWrite.com:8080', region='us-east-1', zone='us-east-1c'}, AwsEndpoint{ serviceUrl='http://instance1.eurekaWrite.com:8080', region='us-east-1', zone='us-east-1c'}]
19:27:54.920 [AsyncResolver-bootstrap-executor-0] DEBUG c.n.d.s.r.a.ZoneAffinityClusterResolver - Local zone=us-east-1c; resolved to: [AwsEndpoint{ serviceUrl='http://instance0.eurekaWrite.com:8080', region='us-east-1', zone='us-east-1c'}, AwsEndpoint{ serviceUrl='http://instance2.eurekaWrite.com:8080', region='us-east-1', zone='us-east-1c'}, AwsEndpoint{ serviceUrl='http://instance1.eurekaWrite.com:8080', region='us-east-1', zone='us-east-1c'}]
19:27:54.921 [AsyncResolver-bootstrap-executor-0] DEBUG c.n.d.shared.resolver.AsyncResolver - Resolved to [AwsEndpoint{ serviceUrl='http://instance0.eurekaWrite.com:8080', region='us-east-1', zone='us-east-1c'}, AwsEndpoint{ serviceUrl='http://instance2.eurekaWrite.com:8080', region='us-east-1', zone='us-east-1c'}, AwsEndpoint{ serviceUrl='http://instance1.eurekaWrite.com:8080', region='us-east-1', zone='us-east-1c'}]
19:27:55.323 [AsyncResolver-bootstrap-executor-0] DEBUG c.n.d.s.r.aws.ApplicationsResolver - Retrieved endpoint list []
19:27:55.325 [AsyncResolver-bootstrap-executor-0] INFO  c.n.d.s.r.aws.ConfigClusterResolver - Resolving eureka endpoints via configuration
19:27:55.326 [AsyncResolver-bootstrap-executor-0] DEBUG c.n.discovery.endpoint.EndpointUtils - The availability zone for the given region us-east-1 are [default]
19:27:55.327 [AsyncResolver-bootstrap-executor-0] DEBUG c.n.d.s.r.aws.ConfigClusterResolver - Config resolved to [AwsEndpoint{ serviceUrl='http://foo:0', region='us-east-1', zone='default'}]
19:27:55.328 [AsyncResolver-bootstrap-executor-0] DEBUG c.n.d.s.r.aws.EurekaHttpResolver - Retrieved endpoint list [AwsEndpoint{ serviceUrl='http://instance0.eurekaWrite.com:8080', region='us-east-1', zone='us-east-1c'}]
19:27:55.330 [AsyncResolver-bootstrap-executor-0] DEBUG c.n.d.s.r.a.ZoneAffinityClusterResolver - Local zone=us-east-1c; resolved to: [AwsEndpoint{ serviceUrl='http://instance0.eurekaWrite.com:8080', region='us-east-1', zone='us-east-1c'}]
19:27:55.331 [AsyncResolver-bootstrap-executor-0] DEBUG c.n.d.shared.resolver.AsyncResolver - Resolved to [AwsEndpoint{ serviceUrl='http://instance0.eurekaWrite.com:8080', region='us-east-1', zone='us-east-1c'}]
19:27:55.732 [AsyncResolver-bootstrap-executor-0] DEBUG c.n.d.s.r.aws.ApplicationsResolver - Retrieved endpoint list []
19:27:55.734 [AsyncResolver-bootstrap-executor-0] INFO  c.n.d.s.r.aws.ConfigClusterResolver - Resolving eureka endpoints via configuration
19:27:55.735 [AsyncResolver-bootstrap-executor-0] DEBUG c.n.discovery.endpoint.EndpointUtils - The availability zone for the given region us-east-1 are [default]
19:27:55.735 [AsyncResolver-bootstrap-executor-0] DEBUG c.n.d.s.r.aws.ConfigClusterResolver - Config resolved to [AwsEndpoint{ serviceUrl='http://foo:0', region='us-east-1', zone='default'}]
19:27:55.736 [AsyncResolver-bootstrap-executor-0] DEBUG c.n.d.s.r.aws.EurekaHttpResolver - Retrieved endpoint list [AwsEndpoint{ serviceUrl='http://instance0.eurekaWrite.com:8080', region='us-east-1', zone='us-east-1c'}]
19:27:55.738 [AsyncResolver-bootstrap-executor-0] DEBUG c.n.d.s.r.a.ZoneAffinityClusterResolver - Local zone=us-east-1c; resolved to: [AwsEndpoint{ serviceUrl='http://instance0.eurekaWrite.com:8080', region='us-east-1', zone='us-east-1c'}]
19:27:55.738 [AsyncResolver-bootstrap-executor-0] DEBUG c.n.d.shared.resolver.AsyncResolver - Resolved to [AwsEndpoint{ serviceUrl='http://instance0.eurekaWrite.com:8080', region='us-east-1', zone='us-east-1c'}]
19:27:55.745 [Test worker] DEBUG c.n.d.s.r.StaticClusterResolver - Fixed resolver configuration: [DefaultEndpoint{ serviceUrl='http://localhost:43084/v2/}]
19:27:55.756 [Test worker] INFO  c.n.d.p.DiscoveryJerseyProvider - Using JSON encoding codec LegacyJacksonJson
19:27:55.756 [Test worker] INFO  c.n.d.p.DiscoveryJerseyProvider - Using JSON decoding codec LegacyJacksonJson
19:27:55.756 [Test worker] INFO  c.n.d.p.DiscoveryJerseyProvider - Using XML encoding codec XStreamXml
19:27:55.756 [Test worker] INFO  c.n.d.p.DiscoveryJerseyProvider - Using XML decoding codec XStreamXml
19:27:55.850 [Test worker] INFO  c.n.d.p.DiscoveryJerseyProvider - Using JSON encoding codec LegacyJacksonJson
19:27:55.850 [Test worker] INFO  c.n.d.p.DiscoveryJerseyProvider - Using JSON decoding codec LegacyJacksonJson
19:27:55.850 [Test worker] INFO  c.n.d.p.DiscoveryJerseyProvider - Using XML encoding codec XStreamXml
19:27:55.850 [Test worker] INFO  c.n.d.p.DiscoveryJerseyProvider - Using XML decoding codec XStreamXml
19:27:55.913 [Test worker] DEBUG c.n.d.s.t.j.AbstractJerseyEurekaHttpClient - Created client for url: http://localhost:43084/v2/
19:27:55.924 [Test worker] DEBUG c.n.d.s.t.j.AbstractJerseyEurekaHttpClient - Jersey HTTP GET http://localhost:43084/v2//apps/foo; statusCode=0
]]></system-out>
  <system-err><![CDATA[]]></system-err>
</testsuite>
