<?xml version="1.0" encoding="UTF-8"?>
<testsuite name="com.netflix.discovery.shared.resolver.aws.ZoneAffinityClusterResolverTest" tests="3" skipped="0" failures="0" errors="0" timestamp="2017-04-09T17:27:51" hostname="pc54.home" time="0.084">
  <properties/>
  <testcase name="testApplicationZoneIsFirstOnTheList" classname="com.netflix.discovery.shared.resolver.aws.ZoneAffinityClusterResolverTest" time="0.083"/>
  <testcase name="testUnrecognizedZoneIsIgnored" classname="com.netflix.discovery.shared.resolver.aws.ZoneAffinityClusterResolverTest" time="0.0"/>
  <testcase name="testAntiAffinity" classname="com.netflix.discovery.shared.resolver.aws.ZoneAffinityClusterResolverTest" time="0.0"/>
  <system-out><![CDATA[19:27:51.422 [Test worker] DEBUG c.n.d.s.r.StaticClusterResolver - Fixed resolver configuration: [AwsEndpoint{ serviceUrl='http://10.10.10.0:80/eureka/v2', region='us-east-1', zone='us-east-1a'}, AwsEndpoint{ serviceUrl='http://10.10.10.1:80/eureka/v2', region='us-east-1', zone='us-east-1a'}, AwsEndpoint{ serviceUrl='http://10.10.20.0:80/eureka/v2', region='us-east-1', zone='us-east-1b'}, AwsEndpoint{ serviceUrl='http://10.10.20.1:80/eureka/v2', region='us-east-1', zone='us-east-1b'}, AwsEndpoint{ serviceUrl='http://10.10.30.0:80/eureka/v2', region='us-east-1', zone='us-east-1c'}, AwsEndpoint{ serviceUrl='http://10.10.30.1:80/eureka/v2', region='us-east-1', zone='us-east-1c'}]
19:27:51.429 [Test worker] DEBUG c.n.d.s.r.a.ZoneAffinityClusterResolver - Local zone=us-east-1b; resolved to: [AwsEndpoint{ serviceUrl='http://10.10.20.0:80/eureka/v2', region='us-east-1', zone='us-east-1b'}, AwsEndpoint{ serviceUrl='http://10.10.20.1:80/eureka/v2', region='us-east-1', zone='us-east-1b'}, AwsEndpoint{ serviceUrl='http://10.10.30.0:80/eureka/v2', region='us-east-1', zone='us-east-1c'}, AwsEndpoint{ serviceUrl='http://10.10.10.0:80/eureka/v2', region='us-east-1', zone='us-east-1a'}, AwsEndpoint{ serviceUrl='http://10.10.10.1:80/eureka/v2', region='us-east-1', zone='us-east-1a'}, AwsEndpoint{ serviceUrl='http://10.10.30.1:80/eureka/v2', region='us-east-1', zone='us-east-1c'}]
19:27:51.432 [Test worker] DEBUG c.n.d.s.r.StaticClusterResolver - Fixed resolver configuration: [AwsEndpoint{ serviceUrl='http://10.10.10.0:80/eureka/v2', region='us-east-1', zone='us-east-1a'}, AwsEndpoint{ serviceUrl='http://10.10.10.1:80/eureka/v2', region='us-east-1', zone='us-east-1a'}, AwsEndpoint{ serviceUrl='http://10.10.20.0:80/eureka/v2', region='us-east-1', zone='us-east-1b'}, AwsEndpoint{ serviceUrl='http://10.10.20.1:80/eureka/v2', region='us-east-1', zone='us-east-1b'}]
19:27:51.432 [Test worker] DEBUG c.n.d.s.r.a.ZoneAffinityClusterResolver - Local zone=us-east-1c; resolved to: [AwsEndpoint{ serviceUrl='http://10.10.20.0:80/eureka/v2', region='us-east-1', zone='us-east-1b'}, AwsEndpoint{ serviceUrl='http://10.10.10.0:80/eureka/v2', region='us-east-1', zone='us-east-1a'}, AwsEndpoint{ serviceUrl='http://10.10.10.1:80/eureka/v2', region='us-east-1', zone='us-east-1a'}, AwsEndpoint{ serviceUrl='http://10.10.20.1:80/eureka/v2', region='us-east-1', zone='us-east-1b'}]
19:27:51.433 [Test worker] DEBUG c.n.d.s.r.StaticClusterResolver - Fixed resolver configuration: [AwsEndpoint{ serviceUrl='http://10.10.10.0:80/eureka/v2', region='us-east-1', zone='us-east-1a'}, AwsEndpoint{ serviceUrl='http://10.10.10.1:80/eureka/v2', region='us-east-1', zone='us-east-1a'}, AwsEndpoint{ serviceUrl='http://10.10.20.0:80/eureka/v2', region='us-east-1', zone='us-east-1b'}, AwsEndpoint{ serviceUrl='http://10.10.20.1:80/eureka/v2', region='us-east-1', zone='us-east-1b'}]
19:27:51.433 [Test worker] DEBUG c.n.d.s.r.a.ZoneAffinityClusterResolver - Local zone=us-east-1b; resolved to: [AwsEndpoint{ serviceUrl='http://10.10.10.1:80/eureka/v2', region='us-east-1', zone='us-east-1a'}, AwsEndpoint{ serviceUrl='http://10.10.10.0:80/eureka/v2', region='us-east-1', zone='us-east-1a'}, AwsEndpoint{ serviceUrl='http://10.10.20.1:80/eureka/v2', region='us-east-1', zone='us-east-1b'}, AwsEndpoint{ serviceUrl='http://10.10.20.0:80/eureka/v2', region='us-east-1', zone='us-east-1b'}]
]]></system-out>
  <system-err><![CDATA[]]></system-err>
</testsuite>
