<?xml version="1.0" encoding="UTF-8"?>
<testsuite name="com.netflix.discovery.shared.resolver.AsyncResolverTest" tests="2" skipped="0" failures="0" errors="0" timestamp="2017-04-09T17:27:44" hostname="pc54.home" time="0.398">
  <properties/>
  <testcase name="testHappyCase" classname="com.netflix.discovery.shared.resolver.AsyncResolverTest" time="0.388"/>
  <testcase name="testDelegateFailureAtWarmUp" classname="com.netflix.discovery.shared.resolver.AsyncResolverTest" time="0.009"/>
  <system-out><![CDATA[19:27:44.919 [AsyncResolver-test-executor-0] DEBUG c.n.d.shared.resolver.AsyncResolver - Resolved to [AwsEndpoint{ serviceUrl='http://10.10.10.0:80/eureka/v2', region='us-east-1', zone='us-east-1a'}, AwsEndpoint{ serviceUrl='http://10.10.10.1:80/eureka/v2', region='us-east-1', zone='us-east-1a'}]
19:27:45.126 [AsyncResolver-test-executor-0] DEBUG c.n.d.shared.resolver.AsyncResolver - Resolved to [AwsEndpoint{ serviceUrl='http://10.10.20.0:80/eureka/v2', region='us-east-1', zone='us-east-1b'}, AwsEndpoint{ serviceUrl='http://10.10.20.1:80/eureka/v2', region='us-east-1', zone='us-east-1b'}, AwsEndpoint{ serviceUrl='http://10.10.20.2:80/eureka/v2', region='us-east-1', zone='us-east-1b'}]
19:27:45.142 [AsyncResolver-test-executor-0] WARN  c.n.d.shared.resolver.AsyncResolver - Delegate returned null list of cluster endpoints
19:27:45.143 [AsyncResolver-test-executor-0] DEBUG c.n.d.shared.resolver.AsyncResolver - Resolved to null
]]></system-out>
  <system-err><![CDATA[]]></system-err>
</testsuite>
