<?xml version="1.0" encoding="UTF-8"?>
<testsuite name="com.netflix.discovery.shared.resolver.aws.ApplicationsResolverTest" tests="3" skipped="0" failures="0" errors="0" timestamp="2017-04-09T17:27:48" hostname="pc54.home" time="0.094">
  <properties/>
  <testcase name="testStaleData" classname="com.netflix.discovery.shared.resolver.aws.ApplicationsResolverTest" time="0.084"/>
  <testcase name="testHappyCase" classname="com.netflix.discovery.shared.resolver.aws.ApplicationsResolverTest" time="0.007"/>
  <testcase name="testVipDoesNotExist" classname="com.netflix.discovery.shared.resolver.aws.ApplicationsResolverTest" time="0.003"/>
  <system-out><![CDATA[19:27:48.760 [Test worker] DEBUG c.n.d.s.r.aws.ApplicationsResolver - Retrieved endpoint list []
19:27:48.771 [Test worker] DEBUG c.n.d.s.r.aws.ApplicationsResolver - Retrieved endpoint list [AwsEndpoint{ serviceUrl='http://instance2.eurekaRead.com:8080/context', region='region', zone='us-east-1c'}, AwsEndpoint{ serviceUrl='http://instance0.eurekaRead.com:8080/context', region='region', zone='us-east-1c'}, AwsEndpoint{ serviceUrl='http://instance1.eurekaRead.com:8080/context', region='region', zone='us-east-1c'}]
19:27:48.774 [Test worker] DEBUG c.n.d.s.r.aws.ApplicationsResolver - Retrieved endpoint list []
]]></system-out>
  <system-err><![CDATA[]]></system-err>
</testsuite>
