<?xml version="1.0" encoding="UTF-8"?>
<testsuite name="com.netflix.discovery.Jersey1DiscoveryClientOptionalArgsTest" tests="4" skipped="0" failures="0" errors="0" timestamp="2017-04-09T17:27:14" hostname="pc54.home" time="0.007">
  <properties/>
  <testcase name="testHealthCheckCallbackGuiceProvider" classname="com.netflix.discovery.Jersey1DiscoveryClientOptionalArgsTest" time="0.005"/>
  <testcase name="testHealthCheckHandlerJavaxProvider" classname="com.netflix.discovery.Jersey1DiscoveryClientOptionalArgsTest" time="0.0"/>
  <testcase name="testHealthCheckHandlerGuiceProvider" classname="com.netflix.discovery.Jersey1DiscoveryClientOptionalArgsTest" time="0.0"/>
  <testcase name="testHealthCheckCallbackJavaxProvider" classname="com.netflix.discovery.Jersey1DiscoveryClientOptionalArgsTest" time="0.0"/>
  <system-out><![CDATA[]]></system-out>
  <system-err><![CDATA[]]></system-err>
</testsuite>
