<?xml version="1.0" encoding="UTF-8"?>
<testsuite name="com.netflix.discovery.converters.XmlCodecTest" tests="2" skipped="0" failures="0" errors="0" timestamp="2017-04-09T17:27:37" hostname="pc54.home" time="0.419">
  <properties/>
  <testcase name="testEncodingDecodingWithoutMetaData" classname="com.netflix.discovery.converters.XmlCodecTest" time="0.386"/>
  <testcase name="testEncodingDecodingWithMetaData" classname="com.netflix.discovery.converters.XmlCodecTest" time="0.033"/>
  <system-out><![CDATA[]]></system-out>
  <system-err><![CDATA[]]></system-err>
</testsuite>
