<?xml version="1.0" encoding="UTF-8"?>
<testsuite name="com.netflix.discovery.DiscoveryClientCloseJerseyThreadTest" tests="1" skipped="0" failures="0" errors="0" timestamp="2017-04-09T17:26:09" hostname="pc54.home" time="1.682">
  <properties/>
  <testcase name="testThreadCount" classname="com.netflix.discovery.DiscoveryClientCloseJerseyThreadTest" time="1.682"/>
  <system-out><![CDATA[19:26:09.623 [Test worker] INFO  org.mortbay.log - Logging to Logger[org.mortbay.log] via org.mortbay.log.Slf4jLog
19:26:09.627 [Test worker] DEBUG org.mortbay.log - Container Server@259b5a84 + SocketConnector@0.0.0.0:0 as connector
19:26:09.628 [Test worker] DEBUG org.mortbay.log - Container Server@259b5a84 + MockRemoteEurekaServer$AppsResourceHandler@20a4cdc7 as handler
19:26:09.628 [Test worker] INFO  org.mortbay.log - jetty-6.1H.22
19:26:09.639 [Test worker] DEBUG org.mortbay.log - Container Server@259b5a84 + org.mortbay.thread.QueuedThreadPool@6605b069 as threadpool
19:26:09.640 [Test worker] DEBUG org.mortbay.log - started org.mortbay.thread.QueuedThreadPool@6605b069
19:26:09.641 [Test worker] DEBUG org.mortbay.log - starting MockRemoteEurekaServer$AppsResourceHandler@20a4cdc7
19:26:09.641 [Test worker] DEBUG org.mortbay.log - started MockRemoteEurekaServer$AppsResourceHandler@20a4cdc7
19:26:09.641 [Test worker] DEBUG org.mortbay.log - starting Server@259b5a84
19:26:09.645 [Test worker] INFO  org.mortbay.log - Started SocketConnector@0.0.0.0:34684
19:26:09.645 [Test worker] DEBUG org.mortbay.log - started SocketConnector@0.0.0.0:34684
19:26:09.647 [Test worker] DEBUG org.mortbay.log - started Server@259b5a84
19:26:09.667 [Test worker] WARN  c.n.c.sources.URLConfigurationSource - No URLs will be polled as dynamic configuration sources.
19:26:09.667 [Test worker] INFO  c.n.c.sources.URLConfigurationSource - To enable URLs as dynamic configuration sources, define System property archaius.configurationSource.additionalUrls or make config.properties available on classpath.
19:26:09.699 [Test worker] INFO  c.n.config.DynamicPropertyFactory - DynamicPropertyFactory is initialized with configuration sources: com.netflix.config.ConcurrentCompositeConfiguration@4456ad2f
19:26:09.711 [Test worker] WARN  c.n.d.internal.util.Archaius1Utils - Cannot find the properties specified : eureka-client. This may be okay if there are other environment specific properties or the configuration is installed with a different mechanism.
19:26:09.721 [Test worker] WARN  c.n.d.internal.util.Archaius1Utils - Cannot find the properties specified : eureka-client. This may be okay if there are other environment specific properties or the configuration is installed with a different mechanism.
19:26:09.795 [Test worker] INFO  c.netflix.discovery.DiscoveryClient - Initializing Eureka in region us-east-1
19:26:10.244 [Test worker] INFO  c.n.d.p.DiscoveryJerseyProvider - Using JSON encoding codec LegacyJacksonJson
19:26:10.245 [Test worker] INFO  c.n.d.p.DiscoveryJerseyProvider - Using JSON decoding codec LegacyJacksonJson
19:26:10.359 [Test worker] INFO  c.n.d.p.DiscoveryJerseyProvider - Using XML encoding codec XStreamXml
19:26:10.359 [Test worker] INFO  c.n.d.p.DiscoveryJerseyProvider - Using XML decoding codec XStreamXml
19:26:10.654 [Test worker] INFO  c.n.d.s.r.aws.ConfigClusterResolver - Resolving eureka endpoints via configuration
19:26:10.655 [Test worker] DEBUG c.n.discovery.endpoint.EndpointUtils - The availability zone for the given region us-east-1 are [defaultZone]
19:26:10.657 [Test worker] DEBUG c.n.d.s.r.aws.ConfigClusterResolver - Config resolved to [AwsEndpoint{ serviceUrl='http://localhost:34684/eureka/v2/', region='us-east-1', zone='defaultZone'}]
19:26:10.659 [Test worker] DEBUG c.n.d.s.r.a.ZoneAffinityClusterResolver - Local zone=defaultZone; resolved to: [AwsEndpoint{ serviceUrl='http://localhost:34684/eureka/v2/', region='us-east-1', zone='defaultZone'}]
19:26:10.746 [Test worker] INFO  c.n.discovery.InstanceRegionChecker - Fetching availability zone to region mapping for regions [myregion]
19:26:10.746 [Test worker] INFO  c.n.discovery.InstanceRegionChecker - Availability zone to region mapping for all remote regions: {myzone=myregion}
19:26:10.749 [Test worker] INFO  c.netflix.discovery.DiscoveryClient - Disable delta property : false
19:26:10.749 [Test worker] INFO  c.netflix.discovery.DiscoveryClient - Single vip registry refresh property : null
19:26:10.749 [Test worker] INFO  c.netflix.discovery.DiscoveryClient - Force full registry fetch : false
19:26:10.750 [Test worker] INFO  c.netflix.discovery.DiscoveryClient - Application is null : false
19:26:10.751 [Test worker] INFO  c.netflix.discovery.DiscoveryClient - Registered Applications size is zero : true
19:26:10.751 [Test worker] INFO  c.netflix.discovery.DiscoveryClient - Application version is -1: true
19:26:10.754 [Test worker] INFO  c.netflix.discovery.DiscoveryClient - Getting all instance registry info from the eureka server
19:26:10.755 [Test worker] DEBUG c.n.d.s.t.d.SessionedEurekaHttpClient - Ending a session and starting anew
19:26:10.763 [Test worker] DEBUG c.n.d.s.t.j.AbstractJerseyEurekaHttpClient - Created client for url: http://localhost:34684/eureka/v2/
19:26:10.917 [743277879@qtp-1711648873-1 - /eureka/v2/apps/?regions=myregion] DEBUG org.mortbay.log - REQUEST /eureka/v2/apps/ on org.mortbay.jetty.HttpConnection@63ac8fba
Eureka port: 34684. 1491758770919. Eureka resource mock, received request on path: /eureka/v2/apps/. HTTP method: |GET|, query string: regions=myregion
Eureka port: 34684. 1491758770920. Not including delta apps in /apps response, as delta has not been sent.
Eureka port: 34684. 1491758770980. Eureka resource mock, sent response for request path: /eureka/v2/apps/, apps count: 4
19:26:10.981 [743277879@qtp-1711648873-1 - /eureka/v2/apps/?regions=myregion] DEBUG org.mortbay.log - RESPONSE /eureka/v2/apps/  200
19:26:11.078 [Test worker] DEBUG c.n.d.s.t.j.AbstractJerseyEurekaHttpClient - Jersey HTTP GET http://localhost:34684/eureka/v2//apps/?regions=myregion; statusCode=200
19:26:11.079 [Test worker] DEBUG c.n.d.s.t.d.RedirectingEurekaHttpClient - Pinning to endpoint null
19:26:11.079 [Test worker] INFO  c.netflix.discovery.DiscoveryClient - The response status is 200
19:26:11.080 [Test worker] DEBUG c.netflix.discovery.DiscoveryClient - Got full registry with apps hashcode UP_4_
19:26:11.081 [Test worker] DEBUG c.netflix.discovery.DiscoveryClient - The total number of all instances in the client now is 2
19:26:11.083 [Test worker] INFO  c.netflix.discovery.DiscoveryClient - Not registering with Eureka server per configuration
19:26:11.091 [Test worker] INFO  c.netflix.discovery.DiscoveryClient - Discovery Client initialized at timestamp 1491758771090 with initial instances count: 2
19:26:11.094 [Test worker] INFO  c.netflix.discovery.DiscoveryClient - Shutting down DiscoveryClient ...
19:26:11.107 [743277879@qtp-1711648873-1] DEBUG org.mortbay.log - EOF
19:26:11.109 [Test worker] INFO  c.netflix.discovery.DiscoveryClient - Completed shut down of DiscoveryClient
19:26:11.116 [Test worker] DEBUG org.mortbay.log - stopped SocketConnector@0.0.0.0:0
19:26:11.116 [Test worker] DEBUG org.mortbay.log - stopping Server@259b5a84
19:26:11.116 [Test worker] DEBUG org.mortbay.log - stopping MockRemoteEurekaServer$AppsResourceHandler@20a4cdc7
19:26:11.116 [Test worker] DEBUG org.mortbay.log - stopped MockRemoteEurekaServer$AppsResourceHandler@20a4cdc7
19:26:11.216 [Test worker] DEBUG org.mortbay.log - stopped org.mortbay.thread.QueuedThreadPool@6605b069
19:26:11.217 [Test worker] DEBUG org.mortbay.log - stopped Server@259b5a84
]]></system-out>
  <system-err><![CDATA[]]></system-err>
</testsuite>
