<?xml version="1.0" encoding="UTF-8"?>
<testsuite name="com.netflix.discovery.InstanceInfoReplicatorTest" tests="4" skipped="0" failures="0" errors="0" timestamp="2017-04-09T17:27:06" hostname="pc54.home" time="6.436">
  <properties/>
  <testcase name="testOnDemandUpdateRateLimiting" classname="com.netflix.discovery.InstanceInfoReplicatorTest" time="0.247"/>
  <testcase name="testOnDemandUpdateResetAutomaticRefreshWithInitialDelay" classname="com.netflix.discovery.InstanceInfoReplicatorTest" time="2.102"/>
  <testcase name="testOnDemandUpdateResetAutomaticRefresh" classname="com.netflix.discovery.InstanceInfoReplicatorTest" time="3.054"/>
  <testcase name="testOnDemandUpdate" classname="com.netflix.discovery.InstanceInfoReplicatorTest" time="1.03"/>
  <system-out><![CDATA[19:27:07.001 [Test worker] INFO  c.n.discovery.InstanceInfoReplicator - InstanceInfoReplicator onDemand update allowed rate per min is 60
19:27:07.006 [DiscoveryClient-InstanceInfoReplicator-0] DEBUG c.n.discovery.InstanceInfoReplicator - Executing on-demand update of local InstanceInfo
19:27:07.016 [DiscoveryClient-InstanceInfoReplicator-0] DEBUG c.n.discovery.InstanceInfoReplicator - Executing on-demand update of local InstanceInfo
19:27:07.016 [DiscoveryClient-InstanceInfoReplicator-0] DEBUG c.n.discovery.InstanceInfoReplicator - Canceling the latest scheduled update, it will be rescheduled at the end of on demand update
19:27:07.026 [Test worker] WARN  c.n.discovery.InstanceInfoReplicator - Ignoring onDemand update due to rate limiter
19:27:07.045 [Test worker] INFO  c.n.discovery.InstanceInfoReplicator - InstanceInfoReplicator onDemand update allowed rate per min is 60
19:27:07.045 [DiscoveryClient-InstanceInfoReplicator-0] DEBUG c.n.discovery.InstanceInfoReplicator - Executing on-demand update of local InstanceInfo
19:27:07.047 [DiscoveryClient-InstanceInfoReplicator-0] DEBUG c.n.discovery.InstanceInfoReplicator - Canceling the latest scheduled update, it will be rescheduled at the end of on demand update
19:27:09.149 [Test worker] INFO  c.n.discovery.InstanceInfoReplicator - InstanceInfoReplicator onDemand update allowed rate per min is 60
19:27:10.150 [DiscoveryClient-InstanceInfoReplicator-0] DEBUG c.n.discovery.InstanceInfoReplicator - Executing on-demand update of local InstanceInfo
19:27:10.150 [DiscoveryClient-InstanceInfoReplicator-0] DEBUG c.n.discovery.InstanceInfoReplicator - Canceling the latest scheduled update, it will be rescheduled at the end of on demand update
19:27:12.204 [Test worker] INFO  c.n.discovery.InstanceInfoReplicator - InstanceInfoReplicator onDemand update allowed rate per min is 60
19:27:12.221 [DiscoveryClient-InstanceInfoReplicator-0] DEBUG c.n.discovery.InstanceInfoReplicator - Executing on-demand update of local InstanceInfo
19:27:12.224 [DiscoveryClient-InstanceInfoReplicator-0] DEBUG c.n.discovery.InstanceInfoReplicator - Executing on-demand update of local InstanceInfo
19:27:12.225 [DiscoveryClient-InstanceInfoReplicator-0] DEBUG c.n.discovery.InstanceInfoReplicator - Canceling the latest scheduled update, it will be rescheduled at the end of on demand update
19:27:13.221 [DiscoveryClient-InstanceInfoReplicator-0] DEBUG c.n.discovery.InstanceInfoReplicator - Executing on-demand update of local InstanceInfo
19:27:13.222 [DiscoveryClient-InstanceInfoReplicator-0] DEBUG c.n.discovery.InstanceInfoReplicator - Canceling the latest scheduled update, it will be rescheduled at the end of on demand update
]]></system-out>
  <system-err><![CDATA[]]></system-err>
</testsuite>
