<?xml version="1.0" encoding="UTF-8"?>
<testsuite name="com.netflix.discovery.converters.wrappers.CodecWrappersTest" tests="1" skipped="0" failures="0" errors="0" timestamp="2017-04-09T17:27:39" hostname="pc54.home" time="0.005">
  <properties/>
  <testcase name="testRegisterNewWrapper" classname="com.netflix.discovery.converters.wrappers.CodecWrappersTest" time="0.005"/>
  <system-out><![CDATA[]]></system-out>
  <system-err><![CDATA[]]></system-err>
</testsuite>
