<?xml version="1.0" encoding="UTF-8"?>
<testsuite name="com.netflix.discovery.providers.DefaultEurekaClientConfigProviderTest" tests="1" skipped="0" failures="0" errors="0" timestamp="2017-04-09T17:27:42" hostname="pc54.home" time="0.51">
  <properties/>
  <testcase name="testNameSpaceInjection" classname="com.netflix.discovery.providers.DefaultEurekaClientConfigProviderTest" time="0.51"/>
  <system-out><![CDATA[19:27:42.677 [Test worker] WARN  c.n.c.sources.URLConfigurationSource - No URLs will be polled as dynamic configuration sources.
19:27:42.680 [Test worker] INFO  c.n.c.sources.URLConfigurationSource - To enable URLs as dynamic configuration sources, define System property archaius.configurationSource.additionalUrls or make config.properties available on classpath.
19:27:42.715 [Test worker] DEBUG c.n.g.lifecycle.ClasspathScanner - Starting classpath scanning...
19:27:42.715 [Test worker] WARN  c.n.g.lifecycle.ClasspathScanner - No base packages specified - no classpath scanning will be done
19:27:42.716 [Test worker] DEBUG c.n.g.lifecycle.ClasspathScanner - Classpath scanning done
19:27:42.996 [Test worker] INFO  org.hibernate.validator.util.Version - Hibernate Validator 4.1.0.Final
19:27:43.007 [Test worker] DEBUG o.h.v.e.r.DefaultTraversableResolver - Cannot find javax.persistence.PersistenceUtil on classpath. All properties will per default be traversable.
19:27:43.012 [Test worker] DEBUG o.h.v.xml.ValidationXmlParser - No META-INF/validation.xml found. Using annotation based configuration only
19:27:43.068 [Test worker] INFO  c.n.config.DynamicPropertyFactory - DynamicPropertyFactory is initialized with configuration sources: com.netflix.config.ConcurrentCompositeConfiguration@4740b56d
19:27:43.086 [Test worker] WARN  c.n.d.internal.util.Archaius1Utils - Cannot find the properties specified : eureka-client. This may be okay if there are other environment specific properties or the configuration is installed with a different mechanism.
]]></system-out>
  <system-err><![CDATA[]]></system-err>
</testsuite>
