<?xml version="1.0" encoding="UTF-8"?>
<testsuite name="com.netflix.discovery.shared.resolver.ResolverUtilsTest" tests="3" skipped="0" failures="0" errors="0" timestamp="2017-04-09T17:27:46" hostname="pc54.home" time="0.077">
  <properties/>
  <testcase name="testIdentical" classname="com.netflix.discovery.shared.resolver.ResolverUtilsTest" time="0.075"/>
  <testcase name="testSplitByZone" classname="com.netflix.discovery.shared.resolver.ResolverUtilsTest" time="0.0"/>
  <testcase name="testExtractZoneFromHostName" classname="com.netflix.discovery.shared.resolver.ResolverUtilsTest" time="0.0"/>
  <system-out><![CDATA[]]></system-out>
  <system-err><![CDATA[]]></system-err>
</testsuite>
