<?xml version="1.0" encoding="UTF-8"?>
<testsuite name="com.netflix.discovery.shared.transport.jersey.JerseyApplicationClientTest" tests="16" skipped="0" failures="0" errors="0" timestamp="2017-04-09T17:28:00" hostname="pc54.home" time="2.596">
  <properties/>
  <testcase name="testGetSecureVipRequest" classname="com.netflix.discovery.shared.transport.jersey.JerseyApplicationClientTest" time="1.335"/>
  <testcase name="testGetVipWithRemoteRegionRequest" classname="com.netflix.discovery.shared.transport.jersey.JerseyApplicationClientTest" time="0.113"/>
  <testcase name="testStatusUpdateDeleteRequest" classname="com.netflix.discovery.shared.transport.jersey.JerseyApplicationClientTest" time="0.088"/>
  <testcase name="testGetApplicationsRequest" classname="com.netflix.discovery.shared.transport.jersey.JerseyApplicationClientTest" time="0.09"/>
  <testcase name="testGetSecureVipWithRemoteRegionRequest" classname="com.netflix.discovery.shared.transport.jersey.JerseyApplicationClientTest" time="0.074"/>
  <testcase name="testGetVipRequest" classname="com.netflix.discovery.shared.transport.jersey.JerseyApplicationClientTest" time="0.074"/>
  <testcase name="testGetApplicationInstanceRequest" classname="com.netflix.discovery.shared.transport.jersey.JerseyApplicationClientTest" time="0.068"/>
  <testcase name="testCancelRequest" classname="com.netflix.discovery.shared.transport.jersey.JerseyApplicationClientTest" time="0.076"/>
  <testcase name="testRegisterRequest" classname="com.netflix.discovery.shared.transport.jersey.JerseyApplicationClientTest" time="0.101"/>
  <testcase name="testBasicAuthentication" classname="com.netflix.discovery.shared.transport.jersey.JerseyApplicationClientTest" time="0.084"/>
  <testcase name="testGetDeltaWithRemoteRegionRequest" classname="com.netflix.discovery.shared.transport.jersey.JerseyApplicationClientTest" time="0.077"/>
  <testcase name="testGetDeltaRequest" classname="com.netflix.discovery.shared.transport.jersey.JerseyApplicationClientTest" time="0.068"/>
  <testcase name="testGetInstanceRequest" classname="com.netflix.discovery.shared.transport.jersey.JerseyApplicationClientTest" time="0.064"/>
  <testcase name="testHeartbeatRequest" classname="com.netflix.discovery.shared.transport.jersey.JerseyApplicationClientTest" time="0.089"/>
  <testcase name="testStatusUpdateRequest" classname="com.netflix.discovery.shared.transport.jersey.JerseyApplicationClientTest" time="0.075"/>
  <testcase name="testGetApplicationsWithRemoteRegionRequest" classname="com.netflix.discovery.shared.transport.jersey.JerseyApplicationClientTest" time="0.107"/>
  <system-out><![CDATA[19:28:00.765 [Test worker] INFO  c.n.d.p.DiscoveryJerseyProvider - Using JSON encoding codec LegacyJacksonJson
19:28:00.771 [Test worker] INFO  c.n.d.p.DiscoveryJerseyProvider - Using JSON decoding codec LegacyJacksonJson
19:28:00.892 [Test worker] INFO  c.n.d.p.DiscoveryJerseyProvider - Using XML encoding codec XStreamXml
19:28:00.893 [Test worker] INFO  c.n.d.p.DiscoveryJerseyProvider - Using XML decoding codec XStreamXml
19:28:01.223 [Test worker] DEBUG c.n.d.s.t.j.AbstractJerseyEurekaHttpClient - Created client for url: http://localhost:35327/v2/
19:28:01.506 [Test worker] DEBUG c.n.d.s.t.j.AbstractJerseyEurekaHttpClient - Jersey HTTP GET http://localhost:35327/v2//svips/application0:8081?; statusCode=200
19:28:01.520 [Test worker] INFO  c.n.d.p.DiscoveryJerseyProvider - Using JSON encoding codec LegacyJacksonJson
19:28:01.520 [Test worker] INFO  c.n.d.p.DiscoveryJerseyProvider - Using JSON decoding codec LegacyJacksonJson
19:28:01.521 [Test worker] INFO  c.n.d.p.DiscoveryJerseyProvider - Using XML encoding codec XStreamXml
19:28:01.521 [Test worker] INFO  c.n.d.p.DiscoveryJerseyProvider - Using XML decoding codec XStreamXml
19:28:01.614 [Test worker] DEBUG c.n.d.s.t.j.AbstractJerseyEurekaHttpClient - Created client for url: http://localhost:35040/v2/
19:28:01.623 [Test worker] DEBUG c.n.d.s.t.j.AbstractJerseyEurekaHttpClient - Jersey HTTP GET http://localhost:35040/v2//vips/application0:8080?regions=us-east-1; statusCode=200
19:28:01.632 [Test worker] INFO  c.n.d.p.DiscoveryJerseyProvider - Using JSON encoding codec LegacyJacksonJson
19:28:01.632 [Test worker] INFO  c.n.d.p.DiscoveryJerseyProvider - Using JSON decoding codec LegacyJacksonJson
19:28:01.633 [Test worker] INFO  c.n.d.p.DiscoveryJerseyProvider - Using XML encoding codec XStreamXml
19:28:01.633 [Test worker] INFO  c.n.d.p.DiscoveryJerseyProvider - Using XML decoding codec XStreamXml
19:28:01.706 [Test worker] DEBUG c.n.d.s.t.j.AbstractJerseyEurekaHttpClient - Created client for url: http://localhost:44451/v2/
19:28:01.712 [Test worker] DEBUG c.n.d.s.t.j.AbstractJerseyEurekaHttpClient - Jersey HTTP DELETE http://localhost:44451/v2//apps/APPLICATION0/i-00000000/status; statusCode=200
19:28:01.721 [Test worker] INFO  c.n.d.p.DiscoveryJerseyProvider - Using JSON encoding codec LegacyJacksonJson
19:28:01.722 [Test worker] INFO  c.n.d.p.DiscoveryJerseyProvider - Using JSON decoding codec LegacyJacksonJson
19:28:01.722 [Test worker] INFO  c.n.d.p.DiscoveryJerseyProvider - Using XML encoding codec XStreamXml
19:28:01.722 [Test worker] INFO  c.n.d.p.DiscoveryJerseyProvider - Using XML decoding codec XStreamXml
19:28:01.796 [Test worker] DEBUG c.n.d.s.t.j.AbstractJerseyEurekaHttpClient - Created client for url: http://localhost:39741/v2/
19:28:01.804 [Test worker] DEBUG c.n.d.s.t.j.AbstractJerseyEurekaHttpClient - Jersey HTTP GET http://localhost:39741/v2//apps/?; statusCode=200
19:28:01.813 [Test worker] INFO  c.n.d.p.DiscoveryJerseyProvider - Using JSON encoding codec LegacyJacksonJson
19:28:01.813 [Test worker] INFO  c.n.d.p.DiscoveryJerseyProvider - Using JSON decoding codec LegacyJacksonJson
19:28:01.813 [Test worker] INFO  c.n.d.p.DiscoveryJerseyProvider - Using XML encoding codec XStreamXml
19:28:01.813 [Test worker] INFO  c.n.d.p.DiscoveryJerseyProvider - Using XML decoding codec XStreamXml
19:28:01.872 [Test worker] DEBUG c.n.d.s.t.j.AbstractJerseyEurekaHttpClient - Created client for url: http://localhost:45868/v2/
19:28:01.878 [Test worker] DEBUG c.n.d.s.t.j.AbstractJerseyEurekaHttpClient - Jersey HTTP GET http://localhost:45868/v2//svips/application0:8081?regions=us-east-1; statusCode=200
19:28:01.886 [Test worker] INFO  c.n.d.p.DiscoveryJerseyProvider - Using JSON encoding codec LegacyJacksonJson
19:28:01.886 [Test worker] INFO  c.n.d.p.DiscoveryJerseyProvider - Using JSON decoding codec LegacyJacksonJson
19:28:01.887 [Test worker] INFO  c.n.d.p.DiscoveryJerseyProvider - Using XML encoding codec XStreamXml
19:28:01.887 [Test worker] INFO  c.n.d.p.DiscoveryJerseyProvider - Using XML decoding codec XStreamXml
19:28:01.946 [Test worker] DEBUG c.n.d.s.t.j.AbstractJerseyEurekaHttpClient - Created client for url: http://localhost:41408/v2/
19:28:01.952 [Test worker] DEBUG c.n.d.s.t.j.AbstractJerseyEurekaHttpClient - Jersey HTTP GET http://localhost:41408/v2//vips/application0:8080?; statusCode=200
19:28:01.959 [Test worker] INFO  c.n.d.p.DiscoveryJerseyProvider - Using JSON encoding codec LegacyJacksonJson
19:28:01.959 [Test worker] INFO  c.n.d.p.DiscoveryJerseyProvider - Using JSON decoding codec LegacyJacksonJson
19:28:01.959 [Test worker] INFO  c.n.d.p.DiscoveryJerseyProvider - Using XML encoding codec XStreamXml
19:28:01.959 [Test worker] INFO  c.n.d.p.DiscoveryJerseyProvider - Using XML decoding codec XStreamXml
19:28:02.014 [Test worker] DEBUG c.n.d.s.t.j.AbstractJerseyEurekaHttpClient - Created client for url: http://localhost:45810/v2/
19:28:02.020 [Test worker] DEBUG c.n.d.s.t.j.AbstractJerseyEurekaHttpClient - Jersey HTTP GET http://localhost:45810/v2//apps/APPLICATION0/i-00000000; statusCode=200
19:28:02.027 [Test worker] INFO  c.n.d.p.DiscoveryJerseyProvider - Using JSON encoding codec LegacyJacksonJson
19:28:02.027 [Test worker] INFO  c.n.d.p.DiscoveryJerseyProvider - Using JSON decoding codec LegacyJacksonJson
19:28:02.027 [Test worker] INFO  c.n.d.p.DiscoveryJerseyProvider - Using XML encoding codec XStreamXml
19:28:02.027 [Test worker] INFO  c.n.d.p.DiscoveryJerseyProvider - Using XML decoding codec XStreamXml
19:28:02.093 [Test worker] DEBUG c.n.d.s.t.j.AbstractJerseyEurekaHttpClient - Created client for url: http://localhost:37777/v2/
19:28:02.097 [Test worker] DEBUG c.n.d.s.t.j.AbstractJerseyEurekaHttpClient - Jersey HTTP DELETE http://localhost:37777/v2//apps/APPLICATION0/i-00000000; statusCode=200
19:28:02.104 [Test worker] INFO  c.n.d.p.DiscoveryJerseyProvider - Using JSON encoding codec LegacyJacksonJson
19:28:02.104 [Test worker] INFO  c.n.d.p.DiscoveryJerseyProvider - Using JSON decoding codec LegacyJacksonJson
19:28:02.104 [Test worker] INFO  c.n.d.p.DiscoveryJerseyProvider - Using XML encoding codec XStreamXml
19:28:02.104 [Test worker] INFO  c.n.d.p.DiscoveryJerseyProvider - Using XML decoding codec XStreamXml
19:28:02.160 [Test worker] DEBUG c.n.d.s.t.j.AbstractJerseyEurekaHttpClient - Created client for url: http://localhost:36284/v2/
19:28:02.200 [Test worker] DEBUG c.n.d.s.t.j.AbstractJerseyEurekaHttpClient - Jersey HTTP POST http://localhost:36284/v2//apps/APPLICATION0 with instance i-00000000; statusCode=204
19:28:02.207 [Test worker] INFO  c.n.d.p.DiscoveryJerseyProvider - Using JSON encoding codec LegacyJacksonJson
19:28:02.207 [Test worker] INFO  c.n.d.p.DiscoveryJerseyProvider - Using JSON decoding codec LegacyJacksonJson
19:28:02.207 [Test worker] INFO  c.n.d.p.DiscoveryJerseyProvider - Using XML encoding codec XStreamXml
19:28:02.207 [Test worker] INFO  c.n.d.p.DiscoveryJerseyProvider - Using XML decoding codec XStreamXml
19:28:02.265 [Test worker] DEBUG c.n.d.s.t.j.AbstractJerseyEurekaHttpClient - Created client for url: http://myuser:mypassword@localhost:40138/v2/
19:28:02.284 [Test worker] DEBUG c.n.d.s.t.j.AbstractJerseyEurekaHttpClient - Jersey HTTP POST http://myuser:mypassword@localhost:40138/v2//apps/APPLICATION0 with instance i-00000000; statusCode=204
19:28:02.299 [Test worker] INFO  c.n.d.p.DiscoveryJerseyProvider - Using JSON encoding codec LegacyJacksonJson
19:28:02.300 [Test worker] INFO  c.n.d.p.DiscoveryJerseyProvider - Using JSON decoding codec LegacyJacksonJson
19:28:02.300 [Test worker] INFO  c.n.d.p.DiscoveryJerseyProvider - Using XML encoding codec XStreamXml
19:28:02.300 [Test worker] INFO  c.n.d.p.DiscoveryJerseyProvider - Using XML decoding codec XStreamXml
19:28:02.355 [Test worker] DEBUG c.n.d.s.t.j.AbstractJerseyEurekaHttpClient - Created client for url: http://localhost:37208/v2/
19:28:02.363 [Test worker] DEBUG c.n.d.s.t.j.AbstractJerseyEurekaHttpClient - Jersey HTTP GET http://localhost:37208/v2//apps/delta?regions=us-east-1; statusCode=200
19:28:02.369 [Test worker] INFO  c.n.d.p.DiscoveryJerseyProvider - Using JSON encoding codec LegacyJacksonJson
19:28:02.370 [Test worker] INFO  c.n.d.p.DiscoveryJerseyProvider - Using JSON decoding codec LegacyJacksonJson
19:28:02.370 [Test worker] INFO  c.n.d.p.DiscoveryJerseyProvider - Using XML encoding codec XStreamXml
19:28:02.370 [Test worker] INFO  c.n.d.p.DiscoveryJerseyProvider - Using XML decoding codec XStreamXml
19:28:02.425 [Test worker] DEBUG c.n.d.s.t.j.AbstractJerseyEurekaHttpClient - Created client for url: http://localhost:37968/v2/
19:28:02.432 [Test worker] DEBUG c.n.d.s.t.j.AbstractJerseyEurekaHttpClient - Jersey HTTP GET http://localhost:37968/v2//apps/delta?; statusCode=200
19:28:02.438 [Test worker] INFO  c.n.d.p.DiscoveryJerseyProvider - Using JSON encoding codec LegacyJacksonJson
19:28:02.438 [Test worker] INFO  c.n.d.p.DiscoveryJerseyProvider - Using JSON decoding codec LegacyJacksonJson
19:28:02.438 [Test worker] INFO  c.n.d.p.DiscoveryJerseyProvider - Using XML encoding codec XStreamXml
19:28:02.438 [Test worker] INFO  c.n.d.p.DiscoveryJerseyProvider - Using XML decoding codec XStreamXml
19:28:02.491 [Test worker] DEBUG c.n.d.s.t.j.AbstractJerseyEurekaHttpClient - Created client for url: http://localhost:41075/v2/
19:28:02.496 [Test worker] DEBUG c.n.d.s.t.j.AbstractJerseyEurekaHttpClient - Jersey HTTP GET http://localhost:41075/v2//instances/i-00000000; statusCode=200
19:28:02.503 [Test worker] INFO  c.n.d.p.DiscoveryJerseyProvider - Using JSON encoding codec LegacyJacksonJson
19:28:02.503 [Test worker] INFO  c.n.d.p.DiscoveryJerseyProvider - Using JSON decoding codec LegacyJacksonJson
19:28:02.503 [Test worker] INFO  c.n.d.p.DiscoveryJerseyProvider - Using XML encoding codec XStreamXml
19:28:02.503 [Test worker] INFO  c.n.d.p.DiscoveryJerseyProvider - Using XML decoding codec XStreamXml
19:28:02.581 [Test worker] DEBUG c.n.d.s.t.j.AbstractJerseyEurekaHttpClient - Created client for url: http://localhost:43188/v2/
19:28:02.586 [Test worker] DEBUG c.n.d.s.t.j.AbstractJerseyEurekaHttpClient - Jersey HTTP PUT http://localhost:43188/v2//apps/APPLICATION0/i-00000000; statusCode=200
19:28:02.590 [Test worker] INFO  c.n.d.p.DiscoveryJerseyProvider - Using JSON encoding codec LegacyJacksonJson
19:28:02.590 [Test worker] INFO  c.n.d.p.DiscoveryJerseyProvider - Using JSON decoding codec LegacyJacksonJson
19:28:02.590 [Test worker] INFO  c.n.d.p.DiscoveryJerseyProvider - Using XML encoding codec XStreamXml
19:28:02.590 [Test worker] INFO  c.n.d.p.DiscoveryJerseyProvider - Using XML decoding codec XStreamXml
19:28:02.658 [Test worker] DEBUG c.n.d.s.t.j.AbstractJerseyEurekaHttpClient - Created client for url: http://localhost:36365/v2/
19:28:02.662 [Test worker] DEBUG c.n.d.s.t.j.AbstractJerseyEurekaHttpClient - Jersey HTTP PUT http://localhost:36365/v2//apps/APPLICATION0/i-00000000/status; statusCode=200
19:28:02.672 [Test worker] INFO  c.n.d.p.DiscoveryJerseyProvider - Using JSON encoding codec LegacyJacksonJson
19:28:02.672 [Test worker] INFO  c.n.d.p.DiscoveryJerseyProvider - Using JSON decoding codec LegacyJacksonJson
19:28:02.672 [Test worker] INFO  c.n.d.p.DiscoveryJerseyProvider - Using XML encoding codec XStreamXml
19:28:02.673 [Test worker] INFO  c.n.d.p.DiscoveryJerseyProvider - Using XML decoding codec XStreamXml
19:28:02.757 [Test worker] DEBUG c.n.d.s.t.j.AbstractJerseyEurekaHttpClient - Created client for url: http://localhost:40386/v2/
19:28:02.770 [Test worker] DEBUG c.n.d.s.t.j.AbstractJerseyEurekaHttpClient - Jersey HTTP GET http://localhost:40386/v2//apps/?regions=us-east-1; statusCode=200
]]></system-out>
  <system-err><![CDATA[avr. 09, 2017 7:28:02 PM sun.net.httpserver.ExchangeImpl sendResponseHeaders
AVERTISSEMENT: sendResponseHeaders: rCode = 204: forcing contentLen = -1
avr. 09, 2017 7:28:02 PM sun.net.httpserver.ExchangeImpl sendResponseHeaders
AVERTISSEMENT: sendResponseHeaders: rCode = 204: forcing contentLen = -1
]]></system-err>
</testsuite>
