<?xml version="1.0" encoding="UTF-8"?>
<testsuite name="com.netflix.discovery.guice.EurekaModuleTest" tests="1" skipped="0" failures="0" errors="0" timestamp="2017-04-09T17:27:39" hostname="pc54.home" time="0.625">
  <properties/>
  <testcase name="testDI" classname="com.netflix.discovery.guice.EurekaModuleTest" time="0.625"/>
  <system-out><![CDATA[19:27:39.918 [Test worker] WARN  c.n.c.sources.URLConfigurationSource - No URLs will be polled as dynamic configuration sources.
19:27:39.921 [Test worker] INFO  c.n.c.sources.URLConfigurationSource - To enable URLs as dynamic configuration sources, define System property archaius.configurationSource.additionalUrls or make config.properties available on classpath.
19:27:40.314 [Test worker] DEBUG c.netflix.governator.LifecycleModule - LifecycleProvisionListener not initialized yet : class com.google.common.collect.RegularImmutableSet
19:27:40.317 [Test worker] DEBUG c.netflix.governator.LifecycleModule - LifecycleProvisionListener initialized []
19:27:40.318 [Test worker] INFO  c.n.governator.LifecycleManager - Adding LifecycleListener 'Safe[LifecycleProvisionListener[]]' 1772719470
19:27:40.361 [Test worker] INFO  c.n.config.DynamicPropertyFactory - DynamicPropertyFactory is initialized with configuration sources: com.netflix.config.ConcurrentCompositeConfiguration@19678312
19:27:40.363 [Test worker] WARN  c.n.d.internal.util.Archaius1Utils - Cannot find the properties specified : eureka-client. This may be okay if there are other environment specific properties or the configuration is installed with a different mechanism.
19:27:40.372 [Test worker] INFO  c.n.a.p.EurekaConfigBasedInstanceInfoProvider - Setting initial instance status as: STARTING
19:27:40.384 [Test worker] INFO  c.n.governator.SafeLifecycleListener - Starting LifecycleListener 'LifecycleProvisionListener[]'
19:27:40.391 [Test worker] WARN  c.n.d.internal.util.Archaius1Utils - Cannot find the properties specified : eureka-client. This may be okay if there are other environment specific properties or the configuration is installed with a different mechanism.
19:27:40.423 [Test worker] INFO  c.netflix.discovery.DiscoveryClient - Initializing Eureka in region default
19:27:40.423 [Test worker] INFO  c.netflix.discovery.DiscoveryClient - Client configured to neither register nor query for data.
19:27:40.427 [Test worker] INFO  c.netflix.discovery.DiscoveryClient - Discovery Client initialized at timestamp 1491758860426 with initial instances count: 0
19:27:40.430 [Test worker] INFO  c.n.governator.LifecycleManager - Shutting down LifecycleManager
19:27:40.430 [Test worker] INFO  c.n.governator.SafeLifecycleListener - Stopping LifecycleListener 'LifecycleProvisionListener[]'
19:27:40.431 [Test worker] INFO  c.netflix.discovery.DiscoveryClient - Shutting down DiscoveryClient ...
19:27:40.431 [Test worker] INFO  c.netflix.discovery.DiscoveryClient - Completed shut down of DiscoveryClient
]]></system-out>
  <system-err><![CDATA[]]></system-err>
</testsuite>
