<?xml version="1.0" encoding="UTF-8"?>
<testsuite name="com.netflix.discovery.shared.resolver.ReloadingClusterResolverTest" tests="2" skipped="0" failures="0" errors="0" timestamp="2017-04-09T17:27:45" hostname="pc54.home" time="0.251">
  <properties/>
  <testcase name="testDataAreReloadedPeriodically" classname="com.netflix.discovery.shared.resolver.ReloadingClusterResolverTest" time="0.241"/>
  <testcase name="testIdenticalListsDoNotCauseReload" classname="com.netflix.discovery.shared.resolver.ReloadingClusterResolverTest" time="0.01"/>
  <system-out><![CDATA[19:27:46.013 [Thread-4] DEBUG c.n.d.s.r.StaticClusterResolver - Fixed resolver configuration: [AwsEndpoint{ serviceUrl='http://10.10.10.0:80/eureka/v2', region='us-east-1', zone='us-east-1a'}, AwsEndpoint{ serviceUrl='http://10.10.10.1:80/eureka/v2', region='us-east-1', zone='us-east-1a'}]
19:27:46.020 [Thread-4] INFO  c.n.d.s.r.ReloadingClusterResolver - Initiated with delegate resolver of type class com.netflix.discovery.shared.resolver.StaticClusterResolver; next reload in 0[sec]. Loaded endpoints=[AwsEndpoint{ serviceUrl='http://10.10.10.0:80/eureka/v2', region='us-east-1', zone='us-east-1a'}, AwsEndpoint{ serviceUrl='http://10.10.10.1:80/eureka/v2', region='us-east-1', zone='us-east-1a'}]
19:27:46.125 [Thread-4] DEBUG c.n.d.s.r.StaticClusterResolver - Fixed resolver configuration: [AwsEndpoint{ serviceUrl='http://10.10.10.0:80/eureka/v2', region='us-east-1', zone='us-east-1a'}, AwsEndpoint{ serviceUrl='http://10.10.10.1:80/eureka/v2', region='us-east-1', zone='us-east-1a'}]
19:27:46.126 [Thread-4] DEBUG c.n.d.s.r.ReloadingClusterResolver - Loaded cluster server list identical to the current one; no update required
19:27:46.130 [Thread-4] DEBUG c.n.d.s.r.StaticClusterResolver - Fixed resolver configuration: [AwsEndpoint{ serviceUrl='http://10.10.20.0:80/eureka/v2', region='us-east-1', zone='us-east-1b'}, AwsEndpoint{ serviceUrl='http://10.10.20.1:80/eureka/v2', region='us-east-1', zone='us-east-1b'}]
19:27:46.130 [Thread-4] INFO  c.n.d.s.r.ReloadingClusterResolver - Reload endpoints differ from the original list; next reload in 0[sec], Loaded endpoints=[AwsEndpoint{ serviceUrl='http://10.10.20.0:80/eureka/v2', region='us-east-1', zone='us-east-1b'}, AwsEndpoint{ serviceUrl='http://10.10.20.1:80/eureka/v2', region='us-east-1', zone='us-east-1b'}]
19:27:46.132 [Thread-5] DEBUG c.n.d.s.r.StaticClusterResolver - Fixed resolver configuration: [AwsEndpoint{ serviceUrl='http://10.10.10.0:80/eureka/v2', region='us-east-1', zone='us-east-1a'}, AwsEndpoint{ serviceUrl='http://10.10.10.1:80/eureka/v2', region='us-east-1', zone='us-east-1a'}]
19:27:46.132 [Thread-5] INFO  c.n.d.s.r.ReloadingClusterResolver - Initiated with delegate resolver of type class com.netflix.discovery.shared.resolver.StaticClusterResolver; next reload in 0[sec]. Loaded endpoints=[AwsEndpoint{ serviceUrl='http://10.10.10.0:80/eureka/v2', region='us-east-1', zone='us-east-1a'}, AwsEndpoint{ serviceUrl='http://10.10.10.1:80/eureka/v2', region='us-east-1', zone='us-east-1a'}]
19:27:46.133 [Thread-5] DEBUG c.n.d.s.r.StaticClusterResolver - Fixed resolver configuration: [AwsEndpoint{ serviceUrl='http://10.10.10.0:80/eureka/v2', region='us-east-1', zone='us-east-1a'}, AwsEndpoint{ serviceUrl='http://10.10.10.1:80/eureka/v2', region='us-east-1', zone='us-east-1a'}]
19:27:46.133 [Thread-5] DEBUG c.n.d.s.r.ReloadingClusterResolver - Loaded cluster server list identical to the current one; no update required
19:27:46.139 [Thread-5] DEBUG c.n.d.s.r.StaticClusterResolver - Fixed resolver configuration: [AwsEndpoint{ serviceUrl='http://10.10.10.0:80/eureka/v2', region='us-east-1', zone='us-east-1a'}, AwsEndpoint{ serviceUrl='http://10.10.10.1:80/eureka/v2', region='us-east-1', zone='us-east-1a'}]
19:27:46.140 [Thread-5] DEBUG c.n.d.s.r.ReloadingClusterResolver - Loaded cluster server list identical to the current one; no update required
19:27:46.141 [Thread-5] DEBUG c.n.d.s.r.StaticClusterResolver - Fixed resolver configuration: [AwsEndpoint{ serviceUrl='http://10.10.20.0:80/eureka/v2', region='us-east-1', zone='us-east-1b'}, AwsEndpoint{ serviceUrl='http://10.10.20.1:80/eureka/v2', region='us-east-1', zone='us-east-1b'}]
19:27:46.141 [Thread-5] INFO  c.n.d.s.r.ReloadingClusterResolver - Reload endpoints differ from the original list; next reload in 0[sec], Loaded endpoints=[AwsEndpoint{ serviceUrl='http://10.10.20.0:80/eureka/v2', region='us-east-1', zone='us-east-1b'}, AwsEndpoint{ serviceUrl='http://10.10.20.1:80/eureka/v2', region='us-east-1', zone='us-east-1b'}]
]]></system-out>
  <system-err><![CDATA[]]></system-err>
</testsuite>
