<?xml version="1.0" encoding="UTF-8"?>
<testsuite name="com.netflix.discovery.shared.resolver.aws.ConfigClusterResolverTest" tests="1" skipped="0" failures="0" errors="0" timestamp="2017-04-09T17:27:49" hostname="pc54.home" time="0.091">
  <properties/>
  <testcase name="testReadFromConfig" classname="com.netflix.discovery.shared.resolver.aws.ConfigClusterResolverTest" time="0.091"/>
  <system-out><![CDATA[19:27:49.690 [Test worker] INFO  c.n.d.s.r.aws.ConfigClusterResolver - Resolving eureka endpoints via configuration
19:27:49.694 [Test worker] DEBUG c.n.discovery.endpoint.EndpointUtils - The availability zone for the given region us-east-1 are [us-east-1c, us-east-1d, us-east-1e]
19:27:49.698 [Test worker] DEBUG c.n.d.s.r.aws.ConfigClusterResolver - Config resolved to [AwsEndpoint{ serviceUrl='http://1.1.2.1:8000/eureka/v2/', region='us-east-1', zone='us-east-1d'}, AwsEndpoint{ serviceUrl='http://1.1.2.2:8000/eureka/v2/', region='us-east-1', zone='us-east-1d'}, AwsEndpoint{ serviceUrl='https://myuser:mypassword@1.1.3.1/eureka/v2/', region='us-east-1', zone='us-east-1e'}, AwsEndpoint{ serviceUrl='http://1.1.1.1:8000/eureka/v2/', region='us-east-1', zone='us-east-1c'}, AwsEndpoint{ serviceUrl='http://1.1.1.2:8000/eureka/v2/', region='us-east-1', zone='us-east-1c'}, AwsEndpoint{ serviceUrl='http://1.1.1.3:8000/eureka/v2/', region='us-east-1', zone='us-east-1c'}]
]]></system-out>
  <system-err><![CDATA[]]></system-err>
</testsuite>
