<?xml version="1.0" encoding="UTF-8"?>
<testsuite name="com.netflix.discovery.shared.resolver.aws.EurekaHttpResolverTest" tests="3" skipped="0" failures="0" errors="0" timestamp="2017-04-09T17:27:50" hostname="pc54.home" time="0.105">
  <properties/>
  <testcase name="testHappyCase" classname="com.netflix.discovery.shared.resolver.aws.EurekaHttpResolverTest" time="0.098"/>
  <testcase name="testErrorResponseFromRemoteServer" classname="com.netflix.discovery.shared.resolver.aws.EurekaHttpResolverTest" time="0.003"/>
  <testcase name="testNoValidDataFromRemoteServer" classname="com.netflix.discovery.shared.resolver.aws.EurekaHttpResolverTest" time="0.002"/>
  <system-out><![CDATA[19:27:50.616 [Test worker] DEBUG c.n.d.s.r.aws.EurekaHttpResolver - Retrieved endpoint list [AwsEndpoint{ serviceUrl='http://instance1.eurekaRead.com:8080/context', region='region', zone='us-east-1c'}, AwsEndpoint{ serviceUrl='http://instance2.eurekaRead.com:8080/context', region='region', zone='us-east-1c'}, AwsEndpoint{ serviceUrl='http://instance0.eurekaRead.com:8080/context', region='region', zone='us-east-1c'}]
19:27:50.630 [Test worker] INFO  c.n.d.s.r.aws.EurekaHttpResolver - Returning empty endpoint list
19:27:50.634 [Test worker] DEBUG c.n.d.s.r.aws.EurekaHttpResolver - Retrieved endpoint list []
]]></system-out>
  <system-err><![CDATA[]]></system-err>
</testsuite>
