<?xml version="1.0" encoding="UTF-8"?>
<testsuite name="com.netflix.discovery.converters.EurekaCodecCompatibilityTest" tests="11" skipped="0" failures="0" errors="0" timestamp="2017-04-09T17:27:31" hostname="pc54.home" time="0.821">
  <properties/>
  <testcase name="testApplicationsJsonEncodeDecodeWithSingleAppItem" classname="com.netflix.discovery.converters.EurekaCodecCompatibilityTest" time="0.23"/>
  <testcase name="testInstanceInfoMiniEncodeMiniDecodeJackson" classname="com.netflix.discovery.converters.EurekaCodecCompatibilityTest" time="0.025"/>
  <testcase name="testInstanceInfoEncodeDecodeLegacyJacksonToJackson" classname="com.netflix.discovery.converters.EurekaCodecCompatibilityTest" time="0.019"/>
  <testcase name="testBatchRequestEncoding" classname="com.netflix.discovery.converters.EurekaCodecCompatibilityTest" time="0.074"/>
  <testcase name="testApplicationsEncodeDecode" classname="com.netflix.discovery.converters.EurekaCodecCompatibilityTest" time="0.269"/>
  <testcase name="testBatchResponseEncoding" classname="com.netflix.discovery.converters.EurekaCodecCompatibilityTest" time="0.043"/>
  <testcase name="testInstanceInfoFullEncodeMiniDecodeJackson" classname="com.netflix.discovery.converters.EurekaCodecCompatibilityTest" time="0.018"/>
  <testcase name="testInstanceInfoEncodeDecodeJsonWithEmptyMetadataMap" classname="com.netflix.discovery.converters.EurekaCodecCompatibilityTest" time="0.035"/>
  <testcase name="testInstanceInfoFullEncodeMiniDecodeJacksonWithMyOwnDataCenterInfo" classname="com.netflix.discovery.converters.EurekaCodecCompatibilityTest" time="0.018"/>
  <testcase name="testApplicationEncodeDecode" classname="com.netflix.discovery.converters.EurekaCodecCompatibilityTest" time="0.057"/>
  <testcase name="testInstanceInfoEncodeDecode" classname="com.netflix.discovery.converters.EurekaCodecCompatibilityTest" time="0.028"/>
  <system-out><![CDATA[Encoding Applications using {LegacyJacksonJson,LegacyJacksonJson}
Encoding Applications using {LegacyJacksonJson,JacksonJson}
Encoding Applications using {JacksonJson,LegacyJacksonJson}
Encoding Applications using {JacksonJson,JacksonJson}
Encoding InstanceInfo using {JacksonJsonMini,JacksonJsonMini}
Encoding InstanceInfo using {LegacyJacksonJson,JacksonJson}
Encoding ReplicationList using {JacksonJson,JacksonJson}
Encoding ReplicationList using {JacksonJson,LegacyJacksonJson}
Encoding ReplicationList using {LegacyJacksonJson,JacksonJson}
Encoding ReplicationList using {LegacyJacksonJson,LegacyJacksonJson}
Encoding Applications using {XStreamJson,XStreamJson}
Encoding Applications using {XStreamJson,LegacyJacksonJson}
Encoding Applications using {XStreamJson,JacksonJson}
Encoding Applications using {LegacyJacksonJson,XStreamJson}
Encoding Applications using {LegacyJacksonJson,LegacyJacksonJson}
Encoding Applications using {LegacyJacksonJson,JacksonJson}
Encoding Applications using {JacksonJson,XStreamJson}
Encoding Applications using {JacksonJson,LegacyJacksonJson}
Encoding Applications using {JacksonJson,JacksonJson}
Encoding Applications using {JacksonXml,JacksonXml}
Encoding Applications using {JacksonXml,XStreamXml}
Encoding Applications using {XStreamXml,JacksonXml}
Encoding Applications using {XStreamXml,XStreamXml}
Encoding ReplicationListResponse using {JacksonJson,JacksonJson}
Encoding ReplicationListResponse using {JacksonJson,LegacyJacksonJson}
Encoding ReplicationListResponse using {LegacyJacksonJson,JacksonJson}
Encoding ReplicationListResponse using {LegacyJacksonJson,LegacyJacksonJson}
Encoding InstanceInfo using {JacksonJson,JacksonJsonMini}
Encoding Application using {XStreamJson,XStreamJson}
Encoding Application using {XStreamJson,LegacyJacksonJson}
Encoding Application using {XStreamJson,JacksonJson}
Encoding Application using {LegacyJacksonJson,XStreamJson}
Encoding Application using {LegacyJacksonJson,LegacyJacksonJson}
Encoding Application using {LegacyJacksonJson,JacksonJson}
Encoding Application using {JacksonJson,XStreamJson}
Encoding Application using {JacksonJson,LegacyJacksonJson}
Encoding Application using {JacksonJson,JacksonJson}
Encoding Application using {JacksonXml,JacksonXml}
Encoding Application using {JacksonXml,XStreamXml}
Encoding Application using {XStreamXml,JacksonXml}
Encoding Application using {XStreamXml,XStreamXml}
Encoding InstanceInfo using {JacksonJson,JacksonJsonMini}
Encoding Application using {XStreamJson,XStreamJson}
Encoding Application using {XStreamJson,LegacyJacksonJson}
Encoding Application using {XStreamJson,JacksonJson}
Encoding Application using {LegacyJacksonJson,XStreamJson}
Encoding Application using {LegacyJacksonJson,LegacyJacksonJson}
Encoding Application using {LegacyJacksonJson,JacksonJson}
Encoding Application using {JacksonJson,XStreamJson}
Encoding Application using {JacksonJson,LegacyJacksonJson}
Encoding Application using {JacksonJson,JacksonJson}
Encoding Application using {JacksonXml,JacksonXml}
Encoding Application using {JacksonXml,XStreamXml}
Encoding Application using {XStreamXml,JacksonXml}
Encoding Application using {XStreamXml,XStreamXml}
Encoding InstanceInfo using {XStreamJson,XStreamJson}
Encoding InstanceInfo using {XStreamJson,LegacyJacksonJson}
Encoding InstanceInfo using {XStreamJson,JacksonJson}
Encoding InstanceInfo using {LegacyJacksonJson,XStreamJson}
Encoding InstanceInfo using {LegacyJacksonJson,LegacyJacksonJson}
Encoding InstanceInfo using {LegacyJacksonJson,JacksonJson}
Encoding InstanceInfo using {JacksonJson,XStreamJson}
Encoding InstanceInfo using {JacksonJson,LegacyJacksonJson}
Encoding InstanceInfo using {JacksonJson,JacksonJson}
Encoding InstanceInfo using {JacksonXml,JacksonXml}
Encoding InstanceInfo using {JacksonXml,XStreamXml}
Encoding InstanceInfo using {XStreamXml,JacksonXml}
Encoding InstanceInfo using {XStreamXml,XStreamXml}
]]></system-out>
  <system-err><![CDATA[]]></system-err>
</testsuite>
