<?xml version="1.0" encoding="UTF-8"?>
<testsuite name="com.netflix.discovery.shared.ApplicationsTest" tests="1" skipped="0" failures="0" errors="0" timestamp="2017-04-09T17:27:43" hostname="pc54.home" time="0.081">
  <properties/>
  <testcase name="shuffleVirtualHostNameMapLastInstanceTest" classname="com.netflix.discovery.shared.ApplicationsTest" time="0.081"/>
  <system-out><![CDATA[]]></system-out>
  <system-err><![CDATA[]]></system-err>
</testsuite>
