<?xml version="1.0" encoding="UTF-8"?>
<testsuite name="com.netflix.discovery.converters.EurekaJsonAndXmlJacksonCodecTest" tests="20" skipped="0" failures="0" errors="0" timestamp="2017-04-09T17:27:34" hostname="pc54.home" time="0.912">
  <properties/>
  <testcase name="testApplicationEncodeDecodeWithXml" classname="com.netflix.discovery.converters.EurekaJsonAndXmlJacksonCodecTest" time="0.574"/>
  <testcase name="testMyDataCenterInfoEncodeDecodeWithJson" classname="com.netflix.discovery.converters.EurekaJsonAndXmlJacksonCodecTest" time="0.014"/>
  <testcase name="testApplicationsEncodeDecodeWithXml" classname="com.netflix.discovery.converters.EurekaJsonAndXmlJacksonCodecTest" time="0.051"/>
  <testcase name="testAmazonInfoCompactEncodeDecodeWithXml" classname="com.netflix.discovery.converters.EurekaJsonAndXmlJacksonCodecTest" time="0.008"/>
  <testcase name="testLeaseInfoEncodeDecodeWithXml" classname="com.netflix.discovery.converters.EurekaJsonAndXmlJacksonCodecTest" time="0.006"/>
  <testcase name="testApplicationEncodeDecodeWithJson" classname="com.netflix.discovery.converters.EurekaJsonAndXmlJacksonCodecTest" time="0.041"/>
  <testcase name="testAmazonInfoEncodeDecodeWithXml" classname="com.netflix.discovery.converters.EurekaJsonAndXmlJacksonCodecTest" time="0.006"/>
  <testcase name="testInstanceInfoCompactEncodeDecodeWithJson" classname="com.netflix.discovery.converters.EurekaJsonAndXmlJacksonCodecTest" time="0.029"/>
  <testcase name="testInstanceInfoEncodeDecodeWithJson" classname="com.netflix.discovery.converters.EurekaJsonAndXmlJacksonCodecTest" time="0.02"/>
  <testcase name="testInstanceInfoWithNoMetaEncodeDecodeWithJson" classname="com.netflix.discovery.converters.EurekaJsonAndXmlJacksonCodecTest" time="0.018"/>
  <testcase name="testInstanceInfoCompactEncodeDecodeWithXml" classname="com.netflix.discovery.converters.EurekaJsonAndXmlJacksonCodecTest" time="0.015"/>
  <testcase name="testLeaseInfoEncodeDecodeWithJson" classname="com.netflix.discovery.converters.EurekaJsonAndXmlJacksonCodecTest" time="0.003"/>
  <testcase name="testInstanceInfoEncodeDecodeWithXml" classname="com.netflix.discovery.converters.EurekaJsonAndXmlJacksonCodecTest" time="0.022"/>
  <testcase name="testInstanceInfoIgnoredFieldsAreFilteredOutDuringDeserializationProcessWithXml" classname="com.netflix.discovery.converters.EurekaJsonAndXmlJacksonCodecTest" time="0.019"/>
  <testcase name="testInstanceInfoWithNoMetaEncodeDecodeWithXml" classname="com.netflix.discovery.converters.EurekaJsonAndXmlJacksonCodecTest" time="0.017"/>
  <testcase name="testAmazonInfoCompactEncodeDecodeWithJson" classname="com.netflix.discovery.converters.EurekaJsonAndXmlJacksonCodecTest" time="0.006"/>
  <testcase name="testMyDataCenterInfoEncodeDecodeWithXml" classname="com.netflix.discovery.converters.EurekaJsonAndXmlJacksonCodecTest" time="0.003"/>
  <testcase name="testInstanceInfoIgnoredFieldsAreFilteredOutDuringDeserializationProcessWithJson" classname="com.netflix.discovery.converters.EurekaJsonAndXmlJacksonCodecTest" time="0.023"/>
  <testcase name="testApplicationsEncodeDecodeWithJson" classname="com.netflix.discovery.converters.EurekaJsonAndXmlJacksonCodecTest" time="0.025"/>
  <testcase name="testAmazonInfoEncodeDecodeWithJson" classname="com.netflix.discovery.converters.EurekaJsonAndXmlJacksonCodecTest" time="0.002"/>
  <system-out><![CDATA[]]></system-out>
  <system-err><![CDATA[]]></system-err>
</testsuite>
