<?xml version="1.0" encoding="UTF-8"?>
<testsuite name="com.netflix.discovery.provider.DiscoveryJerseyProviderTest" tests="4" skipped="0" failures="0" errors="0" timestamp="2017-04-09T17:27:41" hostname="pc54.home" time="0.312">
  <properties/>
  <testcase name="testDecodingWithUtf8CharsetExplicitlySet" classname="com.netflix.discovery.provider.DiscoveryJerseyProviderTest" time="0.25"/>
  <testcase name="testXmlEncodingDecoding" classname="com.netflix.discovery.provider.DiscoveryJerseyProviderTest" time="0.058"/>
  <testcase name="testJsonEncodingDecoding" classname="com.netflix.discovery.provider.DiscoveryJerseyProviderTest" time="0.001"/>
  <testcase name="testNonUtf8CharsetIsNotAccepted" classname="com.netflix.discovery.provider.DiscoveryJerseyProviderTest" time="0.0"/>
  <system-out><![CDATA[19:27:41.388 [Test worker] INFO  c.n.d.p.DiscoveryJerseyProvider - Using JSON encoding codec JacksonJson
19:27:41.391 [Test worker] INFO  c.n.d.p.DiscoveryJerseyProvider - Using JSON decoding codec JacksonJson
19:27:41.549 [Test worker] INFO  c.n.d.p.DiscoveryJerseyProvider - Using XML encoding codec XStreamXml
19:27:41.549 [Test worker] INFO  c.n.d.p.DiscoveryJerseyProvider - Using XML decoding codec XStreamXml
19:27:41.801 [Test worker] INFO  c.n.d.p.DiscoveryJerseyProvider - Using JSON encoding codec JacksonJson
19:27:41.802 [Test worker] INFO  c.n.d.p.DiscoveryJerseyProvider - Using JSON decoding codec JacksonJson
19:27:41.802 [Test worker] INFO  c.n.d.p.DiscoveryJerseyProvider - Using XML encoding codec XStreamXml
19:27:41.802 [Test worker] INFO  c.n.d.p.DiscoveryJerseyProvider - Using XML decoding codec XStreamXml
19:27:41.860 [Test worker] INFO  c.n.d.p.DiscoveryJerseyProvider - Using JSON encoding codec JacksonJson
19:27:41.860 [Test worker] INFO  c.n.d.p.DiscoveryJerseyProvider - Using JSON decoding codec JacksonJson
19:27:41.860 [Test worker] INFO  c.n.d.p.DiscoveryJerseyProvider - Using XML encoding codec XStreamXml
19:27:41.860 [Test worker] INFO  c.n.d.p.DiscoveryJerseyProvider - Using XML decoding codec XStreamXml
19:27:41.862 [Test worker] INFO  c.n.d.p.DiscoveryJerseyProvider - Using JSON encoding codec JacksonJson
19:27:41.863 [Test worker] INFO  c.n.d.p.DiscoveryJerseyProvider - Using JSON decoding codec JacksonJson
19:27:41.863 [Test worker] INFO  c.n.d.p.DiscoveryJerseyProvider - Using XML encoding codec XStreamXml
19:27:41.863 [Test worker] INFO  c.n.d.p.DiscoveryJerseyProvider - Using XML decoding codec XStreamXml
]]></system-out>
  <system-err><![CDATA[]]></system-err>
</testsuite>
