<?xml version="1.0" encoding="UTF-8"?>
<testsuite name="com.netflix.discovery.DiscoveryClientHealthTest" tests="2" skipped="0" failures="0" errors="0" timestamp="2017-04-09T17:26:18" hostname="pc54.home" time="2.604">
  <properties/>
  <testcase name="testHandler" classname="com.netflix.discovery.DiscoveryClientHealthTest" time="2.192"/>
  <testcase name="testCallback" classname="com.netflix.discovery.DiscoveryClientHealthTest" time="0.411"/>
  <system-out><![CDATA[19:26:18.404 [Test worker] INFO  org.mortbay.log - Logging to Logger[org.mortbay.log] via org.mortbay.log.Slf4jLog
19:26:18.409 [Test worker] DEBUG org.mortbay.log - Container Server@58c08a57 + SocketConnector@0.0.0.0:0 as connector
19:26:18.410 [Test worker] DEBUG org.mortbay.log - Container Server@58c08a57 + MockRemoteEurekaServer$AppsResourceHandler@6c0703f3 as handler
19:26:18.410 [Test worker] INFO  org.mortbay.log - jetty-6.1H.22
19:26:18.421 [Test worker] DEBUG org.mortbay.log - Container Server@58c08a57 + org.mortbay.thread.QueuedThreadPool@4ddb64f9 as threadpool
19:26:18.422 [Test worker] DEBUG org.mortbay.log - started org.mortbay.thread.QueuedThreadPool@4ddb64f9
19:26:18.423 [Test worker] DEBUG org.mortbay.log - starting MockRemoteEurekaServer$AppsResourceHandler@6c0703f3
19:26:18.423 [Test worker] DEBUG org.mortbay.log - started MockRemoteEurekaServer$AppsResourceHandler@6c0703f3
19:26:18.423 [Test worker] DEBUG org.mortbay.log - starting Server@58c08a57
19:26:18.426 [Test worker] INFO  org.mortbay.log - Started SocketConnector@0.0.0.0:33738
19:26:18.427 [Test worker] DEBUG org.mortbay.log - started SocketConnector@0.0.0.0:33738
19:26:18.428 [Test worker] DEBUG org.mortbay.log - started Server@58c08a57
19:26:18.453 [Test worker] WARN  c.n.c.sources.URLConfigurationSource - No URLs will be polled as dynamic configuration sources.
19:26:18.453 [Test worker] INFO  c.n.c.sources.URLConfigurationSource - To enable URLs as dynamic configuration sources, define System property archaius.configurationSource.additionalUrls or make config.properties available on classpath.
19:26:18.483 [Test worker] INFO  c.n.config.DynamicPropertyFactory - DynamicPropertyFactory is initialized with configuration sources: com.netflix.config.ConcurrentCompositeConfiguration@c45d9d2
19:26:18.494 [Test worker] WARN  c.n.d.internal.util.Archaius1Utils - Cannot find the properties specified : eureka-client. This may be okay if there are other environment specific properties or the configuration is installed with a different mechanism.
19:26:18.506 [Test worker] WARN  c.n.d.internal.util.Archaius1Utils - Cannot find the properties specified : eureka-client. This may be okay if there are other environment specific properties or the configuration is installed with a different mechanism.
19:26:18.625 [Test worker] INFO  c.netflix.discovery.DiscoveryClient - Initializing Eureka in region us-east-1
19:26:19.158 [Test worker] INFO  c.n.d.p.DiscoveryJerseyProvider - Using JSON encoding codec LegacyJacksonJson
19:26:19.158 [Test worker] INFO  c.n.d.p.DiscoveryJerseyProvider - Using JSON decoding codec LegacyJacksonJson
19:26:19.332 [Test worker] INFO  c.n.d.p.DiscoveryJerseyProvider - Using XML encoding codec XStreamXml
19:26:19.332 [Test worker] INFO  c.n.d.p.DiscoveryJerseyProvider - Using XML decoding codec XStreamXml
19:26:19.709 [Test worker] INFO  c.n.d.s.r.aws.ConfigClusterResolver - Resolving eureka endpoints via configuration
19:26:19.710 [Test worker] DEBUG c.n.discovery.endpoint.EndpointUtils - The availability zone for the given region us-east-1 are [defaultZone]
19:26:19.713 [Test worker] DEBUG c.n.d.s.r.aws.ConfigClusterResolver - Config resolved to [AwsEndpoint{ serviceUrl='http://localhost:33738/eureka/v2/', region='us-east-1', zone='defaultZone'}]
19:26:19.716 [Test worker] DEBUG c.n.d.s.r.a.ZoneAffinityClusterResolver - Local zone=defaultZone; resolved to: [AwsEndpoint{ serviceUrl='http://localhost:33738/eureka/v2/', region='us-east-1', zone='defaultZone'}]
19:26:19.827 [Test worker] INFO  c.n.discovery.InstanceRegionChecker - Fetching availability zone to region mapping for regions [myregion]
19:26:19.828 [Test worker] INFO  c.n.discovery.InstanceRegionChecker - Availability zone to region mapping for all remote regions: {myzone=myregion}
19:26:19.831 [Test worker] INFO  c.netflix.discovery.DiscoveryClient - Disable delta property : false
19:26:19.831 [Test worker] INFO  c.netflix.discovery.DiscoveryClient - Single vip registry refresh property : null
19:26:19.831 [Test worker] INFO  c.netflix.discovery.DiscoveryClient - Force full registry fetch : false
19:26:19.831 [Test worker] INFO  c.netflix.discovery.DiscoveryClient - Application is null : false
19:26:19.832 [Test worker] INFO  c.netflix.discovery.DiscoveryClient - Registered Applications size is zero : true
19:26:19.832 [Test worker] INFO  c.netflix.discovery.DiscoveryClient - Application version is -1: true
19:26:19.832 [Test worker] INFO  c.netflix.discovery.DiscoveryClient - Getting all instance registry info from the eureka server
19:26:19.833 [Test worker] DEBUG c.n.d.s.t.d.SessionedEurekaHttpClient - Ending a session and starting anew
19:26:19.839 [Test worker] DEBUG c.n.d.s.t.j.AbstractJerseyEurekaHttpClient - Created client for url: http://localhost:33738/eureka/v2/
19:26:20.044 [1426397855@qtp-1306223865-0 - /eureka/v2/apps/?regions=myregion] DEBUG org.mortbay.log - REQUEST /eureka/v2/apps/ on org.mortbay.jetty.HttpConnection@68cf648e
Eureka port: 33738. 1491758780046. Eureka resource mock, received request on path: /eureka/v2/apps/. HTTP method: |GET|, query string: regions=myregion
Eureka port: 33738. 1491758780047. Not including delta apps in /apps response, as delta has not been sent.
Eureka port: 33738. 1491758780100. Eureka resource mock, sent response for request path: /eureka/v2/apps/, apps count: 4
19:26:20.100 [1426397855@qtp-1306223865-0 - /eureka/v2/apps/?regions=myregion] DEBUG org.mortbay.log - RESPONSE /eureka/v2/apps/  200
19:26:20.193 [Test worker] DEBUG c.n.d.s.t.j.AbstractJerseyEurekaHttpClient - Jersey HTTP GET http://localhost:33738/eureka/v2//apps/?regions=myregion; statusCode=200
19:26:20.193 [Test worker] DEBUG c.n.d.s.t.d.RedirectingEurekaHttpClient - Pinning to endpoint null
19:26:20.193 [Test worker] INFO  c.netflix.discovery.DiscoveryClient - The response status is 200
19:26:20.195 [Test worker] DEBUG c.netflix.discovery.DiscoveryClient - Got full registry with apps hashcode UP_4_
19:26:20.196 [Test worker] DEBUG c.netflix.discovery.DiscoveryClient - The total number of all instances in the client now is 2
19:26:20.200 [Test worker] INFO  c.netflix.discovery.DiscoveryClient - Starting heartbeat executor: renew interval is: 30
19:26:20.211 [Test worker] INFO  c.n.discovery.InstanceInfoReplicator - InstanceInfoReplicator onDemand update allowed rate per min is 4
19:26:20.219 [Test worker] INFO  c.netflix.discovery.DiscoveryClient - Discovery Client initialized at timestamp 1491758780219 with initial instances count: 2
19:26:20.221 [DiscoveryClient-InstanceInfoReplicator-0] DEBUG c.n.discovery.InstanceInfoReplicator - Executing on-demand update of local InstanceInfo
19:26:20.221 [Test worker] WARN  c.n.appinfo.ApplicationInfoManager - The address changed from : Hosttt => pc54.home
19:26:20.224 [DiscoveryClient-InstanceInfoReplicator-0] DEBUG c.n.discovery.InstanceInfoReplicator - Canceling the latest scheduled update, it will be rescheduled at the end of on demand update
19:26:20.225 [Test worker] INFO  c.netflix.discovery.DiscoveryClient - Saw local status change event StatusChangeEvent [timestamp=1491758780225, current=UP, previous=STARTING]
19:26:20.226 [DiscoveryClient-InstanceInfoReplicator-0] INFO  c.netflix.discovery.DiscoveryClient - DiscoveryClient_EUREKATESTAPP-4F514F58-A06F-4FB5-8CE8-ACD390A0A11D/Hosttt: registering service...
19:26:20.227 [DiscoveryClient-InstanceInfoReplicator-0] DEBUG c.n.d.s.t.d.SessionedEurekaHttpClient - Ending a session and starting anew
19:26:20.226 [Test worker] INFO  c.netflix.discovery.DiscoveryClient - DiscoveryClient_EUREKATESTAPP-4F514F58-A06F-4FB5-8CE8-ACD390A0A11D/Hosttt: registering service...
19:26:20.228 [Test worker] DEBUG c.n.d.s.t.j.AbstractJerseyEurekaHttpClient - Created client for url: http://localhost:33738/eureka/v2/
19:26:20.230 [DiscoveryClient-InstanceInfoReplicator-0] DEBUG c.n.d.s.t.j.AbstractJerseyEurekaHttpClient - Created client for url: http://localhost:33738/eureka/v2/
19:26:20.272 [1426397855@qtp-1306223865-0 - /eureka/v2/apps/EUREKATESTAPP-4F514F58-A06F-4FB5-8CE8-ACD390A0A11D] DEBUG org.mortbay.log - REQUEST /eureka/v2/apps/EUREKATESTAPP-4F514F58-A06F-4FB5-8CE8-ACD390A0A11D on org.mortbay.jetty.HttpConnection@68cf648e
19:26:20.272 [2030819303@qtp-1306223865-2 - /eureka/v2/apps/EUREKATESTAPP-4F514F58-A06F-4FB5-8CE8-ACD390A0A11D] DEBUG org.mortbay.log - REQUEST /eureka/v2/apps/EUREKATESTAPP-4F514F58-A06F-4FB5-8CE8-ACD390A0A11D on org.mortbay.jetty.HttpConnection@62503afb
Eureka port: 33738. 1491758780272. Eureka resource mock, received request on path: /eureka/v2/apps/EUREKATESTAPP-4F514F58-A06F-4FB5-8CE8-ACD390A0A11D. HTTP method: |POST|, query string: null
Eureka port: 33738. 1491758780272. Eureka resource mock, received request on path: /eureka/v2/apps/EUREKATESTAPP-4F514F58-A06F-4FB5-8CE8-ACD390A0A11D. HTTP method: |POST|, query string: null
Matched status to: UP
Matched status to: UP
Eureka port: 33738. 1491758780343. Eureka resource mock, sent response for request path: /eureka/v2/apps/EUREKATESTAPP-4F514F58-A06F-4FB5-8CE8-ACD390A0A11D, apps count: 0
Eureka port: 33738. 1491758780343. Eureka resource mock, sent response for request path: /eureka/v2/apps/EUREKATESTAPP-4F514F58-A06F-4FB5-8CE8-ACD390A0A11D, apps count: 0
19:26:20.343 [2030819303@qtp-1306223865-2 - /eureka/v2/apps/EUREKATESTAPP-4F514F58-A06F-4FB5-8CE8-ACD390A0A11D] DEBUG org.mortbay.log - RESPONSE /eureka/v2/apps/EUREKATESTAPP-4F514F58-A06F-4FB5-8CE8-ACD390A0A11D  200
19:26:20.343 [1426397855@qtp-1306223865-0 - /eureka/v2/apps/EUREKATESTAPP-4F514F58-A06F-4FB5-8CE8-ACD390A0A11D] DEBUG org.mortbay.log - RESPONSE /eureka/v2/apps/EUREKATESTAPP-4F514F58-A06F-4FB5-8CE8-ACD390A0A11D  200
19:26:20.344 [DiscoveryClient-InstanceInfoReplicator-0] DEBUG c.n.d.s.t.j.AbstractJerseyEurekaHttpClient - Jersey HTTP POST http://localhost:33738/eureka/v2//apps/EUREKATESTAPP-4F514F58-A06F-4FB5-8CE8-ACD390A0A11D with instance pc54.home; statusCode=200
19:26:20.346 [DiscoveryClient-InstanceInfoReplicator-0] DEBUG c.n.d.s.t.d.RedirectingEurekaHttpClient - Pinning to endpoint null
19:26:20.347 [DiscoveryClient-InstanceInfoReplicator-0] INFO  c.netflix.discovery.DiscoveryClient - DiscoveryClient_EUREKATESTAPP-4F514F58-A06F-4FB5-8CE8-ACD390A0A11D/Hosttt - registration status: 200
19:26:20.347 [DiscoveryClient-InstanceInfoReplicator-0] DEBUG c.n.discovery.InstanceInfoReplicator - Executing on-demand update of local InstanceInfo
19:26:20.348 [DiscoveryClient-InstanceInfoReplicator-0] DEBUG c.n.discovery.InstanceInfoReplicator - Canceling the latest scheduled update, it will be rescheduled at the end of on demand update
19:26:20.349 [Test worker] DEBUG c.n.d.s.t.j.AbstractJerseyEurekaHttpClient - Jersey HTTP POST http://localhost:33738/eureka/v2//apps/EUREKATESTAPP-4F514F58-A06F-4FB5-8CE8-ACD390A0A11D with instance pc54.home; statusCode=200
19:26:20.349 [Test worker] DEBUG c.n.d.s.t.d.RedirectingEurekaHttpClient - Pinning to endpoint null
19:26:20.349 [Test worker] INFO  c.netflix.discovery.DiscoveryClient - DiscoveryClient_EUREKATESTAPP-4F514F58-A06F-4FB5-8CE8-ACD390A0A11D/Hosttt - registration status: 200
19:26:20.349 [Test worker] INFO  c.netflix.discovery.DiscoveryClient - Saw local status change event StatusChangeEvent [timestamp=1491758780349, current=UP, previous=OUT_OF_SERVICE]
19:26:20.350 [Test worker] WARN  c.n.discovery.InstanceInfoReplicator - Ignoring onDemand update due to rate limiter
19:26:20.350 [Test worker] INFO  c.netflix.discovery.DiscoveryClient - DiscoveryClient_EUREKATESTAPP-4F514F58-A06F-4FB5-8CE8-ACD390A0A11D/Hosttt: registering service...
19:26:20.353 [1426397855@qtp-1306223865-0 - /eureka/v2/apps/EUREKATESTAPP-4F514F58-A06F-4FB5-8CE8-ACD390A0A11D] DEBUG org.mortbay.log - REQUEST /eureka/v2/apps/EUREKATESTAPP-4F514F58-A06F-4FB5-8CE8-ACD390A0A11D on org.mortbay.jetty.HttpConnection@68cf648e
Eureka port: 33738. 1491758780353. Eureka resource mock, received request on path: /eureka/v2/apps/EUREKATESTAPP-4F514F58-A06F-4FB5-8CE8-ACD390A0A11D. HTTP method: |POST|, query string: null
Matched status to: UP
Eureka port: 33738. 1491758780354. Eureka resource mock, sent response for request path: /eureka/v2/apps/EUREKATESTAPP-4F514F58-A06F-4FB5-8CE8-ACD390A0A11D, apps count: 0
19:26:20.354 [1426397855@qtp-1306223865-0 - /eureka/v2/apps/EUREKATESTAPP-4F514F58-A06F-4FB5-8CE8-ACD390A0A11D] DEBUG org.mortbay.log - RESPONSE /eureka/v2/apps/EUREKATESTAPP-4F514F58-A06F-4FB5-8CE8-ACD390A0A11D  200
19:26:20.354 [Test worker] DEBUG c.n.d.s.t.j.AbstractJerseyEurekaHttpClient - Jersey HTTP POST http://localhost:33738/eureka/v2//apps/EUREKATESTAPP-4F514F58-A06F-4FB5-8CE8-ACD390A0A11D with instance pc54.home; statusCode=200
19:26:20.354 [Test worker] INFO  c.netflix.discovery.DiscoveryClient - DiscoveryClient_EUREKATESTAPP-4F514F58-A06F-4FB5-8CE8-ACD390A0A11D/Hosttt - registration status: 200
19:26:20.354 [Test worker] WARN  c.netflix.discovery.DiscoveryClient - Saw local status change event StatusChangeEvent [timestamp=1491758780354, current=UP, previous=DOWN]
19:26:20.354 [Test worker] WARN  c.n.discovery.InstanceInfoReplicator - Ignoring onDemand update due to rate limiter
19:26:20.354 [Test worker] INFO  c.netflix.discovery.DiscoveryClient - DiscoveryClient_EUREKATESTAPP-4F514F58-A06F-4FB5-8CE8-ACD390A0A11D/Hosttt: registering service...
19:26:20.357 [1426397855@qtp-1306223865-0 - /eureka/v2/apps/EUREKATESTAPP-4F514F58-A06F-4FB5-8CE8-ACD390A0A11D] DEBUG org.mortbay.log - REQUEST /eureka/v2/apps/EUREKATESTAPP-4F514F58-A06F-4FB5-8CE8-ACD390A0A11D on org.mortbay.jetty.HttpConnection@68cf648e
Eureka port: 33738. 1491758780357. Eureka resource mock, received request on path: /eureka/v2/apps/EUREKATESTAPP-4F514F58-A06F-4FB5-8CE8-ACD390A0A11D. HTTP method: |POST|, query string: null
Matched status to: UP
Eureka port: 33738. 1491758780358. Eureka resource mock, sent response for request path: /eureka/v2/apps/EUREKATESTAPP-4F514F58-A06F-4FB5-8CE8-ACD390A0A11D, apps count: 0
19:26:20.358 [1426397855@qtp-1306223865-0 - /eureka/v2/apps/EUREKATESTAPP-4F514F58-A06F-4FB5-8CE8-ACD390A0A11D] DEBUG org.mortbay.log - RESPONSE /eureka/v2/apps/EUREKATESTAPP-4F514F58-A06F-4FB5-8CE8-ACD390A0A11D  200
19:26:20.359 [Test worker] DEBUG c.n.d.s.t.j.AbstractJerseyEurekaHttpClient - Jersey HTTP POST http://localhost:33738/eureka/v2//apps/EUREKATESTAPP-4F514F58-A06F-4FB5-8CE8-ACD390A0A11D with instance pc54.home; statusCode=200
19:26:20.359 [Test worker] INFO  c.netflix.discovery.DiscoveryClient - DiscoveryClient_EUREKATESTAPP-4F514F58-A06F-4FB5-8CE8-ACD390A0A11D/Hosttt - registration status: 200
19:26:20.365 [Test worker] WARN  c.netflix.discovery.DiscoveryClient - Exception from healthcheckHandler.getStatus, setting status to DOWN
java.lang.RuntimeException: test induced exception
	at com.netflix.discovery.DiscoveryClientHealthTest$MyHealthCheckHandler.getStatus(DiscoveryClientHealthTest.java:157) ~[test/:na]
	at com.netflix.discovery.DiscoveryClient.refreshInstanceInfo(DiscoveryClient.java:1362) ~[main/:na]
	at com.netflix.discovery.InstanceInfoReplicator.run(InstanceInfoReplicator.java:100) [main/:na]
	at com.netflix.discovery.DiscoveryClientHealthTest.testHandler(DiscoveryClientHealthTest.java:103) [test/:na]
	at sun.reflect.NativeMethodAccessorImpl.invoke0(Native Method) ~[na:1.8.0_121]
	at sun.reflect.NativeMethodAccessorImpl.invoke(NativeMethodAccessorImpl.java:62) ~[na:1.8.0_121]
	at sun.reflect.DelegatingMethodAccessorImpl.invoke(DelegatingMethodAccessorImpl.java:43) ~[na:1.8.0_121]
	at java.lang.reflect.Method.invoke(Method.java:498) ~[na:1.8.0_121]
	at org.junit.runners.model.FrameworkMethod$1.runReflectiveCall(FrameworkMethod.java:47) [junit-4.11.jar:na]
	at org.junit.internal.runners.model.ReflectiveCallable.run(ReflectiveCallable.java:12) [junit-4.11.jar:na]
	at org.junit.runners.model.FrameworkMethod.invokeExplosively(FrameworkMethod.java:44) [junit-4.11.jar:na]
	at org.junit.internal.runners.statements.InvokeMethod.evaluate(InvokeMethod.java:17) [junit-4.11.jar:na]
	at org.junit.internal.runners.statements.RunBefores.evaluate(RunBefores.java:26) [junit-4.11.jar:na]
	at org.junit.internal.runners.statements.RunAfters.evaluate(RunAfters.java:27) [junit-4.11.jar:na]
	at org.junit.rules.ExternalResource$1.evaluate(ExternalResource.java:48) [junit-4.11.jar:na]
	at org.junit.rules.RunRules.evaluate(RunRules.java:20) [junit-4.11.jar:na]
	at org.junit.runners.ParentRunner.runLeaf(ParentRunner.java:271) [junit-4.11.jar:na]
	at org.junit.runners.BlockJUnit4ClassRunner.runChild(BlockJUnit4ClassRunner.java:70) [junit-4.11.jar:na]
	at org.junit.runners.BlockJUnit4ClassRunner.runChild(BlockJUnit4ClassRunner.java:50) [junit-4.11.jar:na]
	at org.junit.runners.ParentRunner$3.run(ParentRunner.java:238) [junit-4.11.jar:na]
	at org.junit.runners.ParentRunner$1.schedule(ParentRunner.java:63) [junit-4.11.jar:na]
	at org.junit.runners.ParentRunner.runChildren(ParentRunner.java:236) [junit-4.11.jar:na]
	at org.junit.runners.ParentRunner.access$000(ParentRunner.java:53) [junit-4.11.jar:na]
	at org.junit.runners.ParentRunner$2.evaluate(ParentRunner.java:229) [junit-4.11.jar:na]
	at org.junit.runners.ParentRunner.run(ParentRunner.java:309) [junit-4.11.jar:na]
	at org.gradle.api.internal.tasks.testing.junit.JUnitTestClassExecuter.runTestClass(JUnitTestClassExecuter.java:105) [gradle-plugins-2.10.jar:2.10]
	at org.gradle.api.internal.tasks.testing.junit.JUnitTestClassExecuter.execute(JUnitTestClassExecuter.java:56) [gradle-plugins-2.10.jar:2.10]
	at org.gradle.api.internal.tasks.testing.junit.JUnitTestClassProcessor.processTestClass(JUnitTestClassProcessor.java:64) [gradle-plugins-2.10.jar:2.10]
	at org.gradle.api.internal.tasks.testing.SuiteTestClassProcessor.processTestClass(SuiteTestClassProcessor.java:50) [gradle-plugins-2.10.jar:2.10]
	at sun.reflect.NativeMethodAccessorImpl.invoke0(Native Method) ~[na:1.8.0_121]
	at sun.reflect.NativeMethodAccessorImpl.invoke(NativeMethodAccessorImpl.java:62) ~[na:1.8.0_121]
	at sun.reflect.DelegatingMethodAccessorImpl.invoke(DelegatingMethodAccessorImpl.java:43) ~[na:1.8.0_121]
	at java.lang.reflect.Method.invoke(Method.java:498) ~[na:1.8.0_121]
	at org.gradle.messaging.dispatch.ReflectionDispatch.dispatch(ReflectionDispatch.java:35) [gradle-messaging-2.10.jar:2.10]
	at org.gradle.messaging.dispatch.ReflectionDispatch.dispatch(ReflectionDispatch.java:24) [gradle-messaging-2.10.jar:2.10]
	at org.gradle.messaging.dispatch.ContextClassLoaderDispatch.dispatch(ContextClassLoaderDispatch.java:32) [gradle-messaging-2.10.jar:2.10]
	at org.gradle.messaging.dispatch.ProxyDispatchAdapter$DispatchingInvocationHandler.invoke(ProxyDispatchAdapter.java:93) [gradle-messaging-2.10.jar:2.10]
	at com.sun.proxy.$Proxy2.processTestClass(Unknown Source) [na:na]
	at org.gradle.api.internal.tasks.testing.worker.TestWorker.processTestClass(TestWorker.java:106) [gradle-plugins-2.10.jar:2.10]
	at sun.reflect.NativeMethodAccessorImpl.invoke0(Native Method) ~[na:1.8.0_121]
	at sun.reflect.NativeMethodAccessorImpl.invoke(NativeMethodAccessorImpl.java:62) ~[na:1.8.0_121]
	at sun.reflect.DelegatingMethodAccessorImpl.invoke(DelegatingMethodAccessorImpl.java:43) ~[na:1.8.0_121]
	at java.lang.reflect.Method.invoke(Method.java:498) ~[na:1.8.0_121]
	at org.gradle.messaging.dispatch.ReflectionDispatch.dispatch(ReflectionDispatch.java:35) [gradle-messaging-2.10.jar:2.10]
	at org.gradle.messaging.dispatch.ReflectionDispatch.dispatch(ReflectionDispatch.java:24) [gradle-messaging-2.10.jar:2.10]
	at org.gradle.messaging.remote.internal.hub.MessageHub$Handler.run(MessageHub.java:360) [gradle-messaging-2.10.jar:2.10]
	at org.gradle.internal.concurrent.ExecutorPolicy$CatchAndRecordFailures.onExecute(ExecutorPolicy.java:54) [gradle-base-services-2.10.jar:2.10]
	at org.gradle.internal.concurrent.StoppableExecutorImpl$1.run(StoppableExecutorImpl.java:40) [gradle-base-services-2.10.jar:2.10]
	at java.util.concurrent.ThreadPoolExecutor.runWorker(ThreadPoolExecutor.java:1142) [na:1.8.0_121]
	at java.util.concurrent.ThreadPoolExecutor$Worker.run(ThreadPoolExecutor.java:617) [na:1.8.0_121]
	at java.lang.Thread.run(Thread.java:745) [na:1.8.0_121]
19:26:20.366 [Test worker] WARN  c.netflix.discovery.DiscoveryClient - Saw local status change event StatusChangeEvent [timestamp=1491758780366, current=DOWN, previous=UP]
19:26:20.366 [Test worker] WARN  c.n.discovery.InstanceInfoReplicator - Ignoring onDemand update due to rate limiter
19:26:20.366 [Test worker] INFO  c.netflix.discovery.DiscoveryClient - DiscoveryClient_EUREKATESTAPP-4F514F58-A06F-4FB5-8CE8-ACD390A0A11D/Hosttt: registering service...
19:26:20.370 [1426397855@qtp-1306223865-0 - /eureka/v2/apps/EUREKATESTAPP-4F514F58-A06F-4FB5-8CE8-ACD390A0A11D] DEBUG org.mortbay.log - REQUEST /eureka/v2/apps/EUREKATESTAPP-4F514F58-A06F-4FB5-8CE8-ACD390A0A11D on org.mortbay.jetty.HttpConnection@68cf648e
Eureka port: 33738. 1491758780370. Eureka resource mock, received request on path: /eureka/v2/apps/EUREKATESTAPP-4F514F58-A06F-4FB5-8CE8-ACD390A0A11D. HTTP method: |POST|, query string: null
Matched status to: DOWN
Eureka port: 33738. 1491758780371. Eureka resource mock, sent response for request path: /eureka/v2/apps/EUREKATESTAPP-4F514F58-A06F-4FB5-8CE8-ACD390A0A11D, apps count: 0
19:26:20.371 [1426397855@qtp-1306223865-0 - /eureka/v2/apps/EUREKATESTAPP-4F514F58-A06F-4FB5-8CE8-ACD390A0A11D] DEBUG org.mortbay.log - RESPONSE /eureka/v2/apps/EUREKATESTAPP-4F514F58-A06F-4FB5-8CE8-ACD390A0A11D  200
19:26:20.371 [Test worker] DEBUG c.n.d.s.t.j.AbstractJerseyEurekaHttpClient - Jersey HTTP POST http://localhost:33738/eureka/v2//apps/EUREKATESTAPP-4F514F58-A06F-4FB5-8CE8-ACD390A0A11D with instance pc54.home; statusCode=200
19:26:20.371 [Test worker] INFO  c.netflix.discovery.DiscoveryClient - DiscoveryClient_EUREKATESTAPP-4F514F58-A06F-4FB5-8CE8-ACD390A0A11D/Hosttt - registration status: 200
19:26:20.371 [Test worker] INFO  c.netflix.discovery.DiscoveryClient - Shutting down DiscoveryClient ...
19:26:20.372 [Test worker] INFO  c.netflix.discovery.DiscoveryClient - Unregistering ...
19:26:20.376 [1426397855@qtp-1306223865-0 - /eureka/v2/apps/EUREKATESTAPP-4F514F58-A06F-4FB5-8CE8-ACD390A0A11D/pc54.home] DEBUG org.mortbay.log - REQUEST /eureka/v2/apps/EUREKATESTAPP-4F514F58-A06F-4FB5-8CE8-ACD390A0A11D/pc54.home on org.mortbay.jetty.HttpConnection@68cf648e
Eureka port: 33738. 1491758780377. Eureka resource mock, received request on path: /eureka/v2/apps/EUREKATESTAPP-4F514F58-A06F-4FB5-8CE8-ACD390A0A11D/pc54.home. HTTP method: |DELETE|, query string: null
Eureka port: 33738. 1491758780377. Eureka resource mock, sent response for request path: /eureka/v2/apps/EUREKATESTAPP-4F514F58-A06F-4FB5-8CE8-ACD390A0A11D/pc54.home, apps count: 0
19:26:20.377 [1426397855@qtp-1306223865-0 - /eureka/v2/apps/EUREKATESTAPP-4F514F58-A06F-4FB5-8CE8-ACD390A0A11D/pc54.home] DEBUG org.mortbay.log - RESPONSE /eureka/v2/apps/EUREKATESTAPP-4F514F58-A06F-4FB5-8CE8-ACD390A0A11D/pc54.home  200
19:26:20.377 [Test worker] DEBUG c.n.d.s.t.j.AbstractJerseyEurekaHttpClient - Jersey HTTP DELETE http://localhost:33738/eureka/v2//apps/EUREKATESTAPP-4F514F58-A06F-4FB5-8CE8-ACD390A0A11D/pc54.home; statusCode=200
19:26:20.378 [Test worker] INFO  c.netflix.discovery.DiscoveryClient - DiscoveryClient_EUREKATESTAPP-4F514F58-A06F-4FB5-8CE8-ACD390A0A11D/Hosttt - deregister  status: 200
19:26:20.395 [2030819303@qtp-1306223865-2] DEBUG org.mortbay.log - EOF
19:26:20.395 [1426397855@qtp-1306223865-0] DEBUG org.mortbay.log - EOF
19:26:20.397 [Test worker] INFO  c.netflix.discovery.DiscoveryClient - Completed shut down of DiscoveryClient
19:26:20.398 [Test worker] DEBUG org.mortbay.log - stopped SocketConnector@0.0.0.0:0
19:26:20.399 [Test worker] DEBUG org.mortbay.log - stopping Server@58c08a57
19:26:20.399 [Test worker] DEBUG org.mortbay.log - stopping MockRemoteEurekaServer$AppsResourceHandler@6c0703f3
19:26:20.399 [Test worker] DEBUG org.mortbay.log - stopped MockRemoteEurekaServer$AppsResourceHandler@6c0703f3
19:26:20.499 [Test worker] DEBUG org.mortbay.log - stopped org.mortbay.thread.QueuedThreadPool@4ddb64f9
19:26:20.499 [Test worker] DEBUG org.mortbay.log - stopped Server@58c08a57
19:26:20.501 [Test worker] DEBUG org.mortbay.log - Container Server@35d7738c + SocketConnector@0.0.0.0:0 as connector
19:26:20.501 [Test worker] DEBUG org.mortbay.log - Container Server@35d7738c + MockRemoteEurekaServer$AppsResourceHandler@228933f8 as handler
19:26:20.501 [Test worker] INFO  org.mortbay.log - jetty-6.1H.22
19:26:20.501 [Test worker] DEBUG org.mortbay.log - Container Server@35d7738c + org.mortbay.thread.QueuedThreadPool@17b89c38 as threadpool
19:26:20.502 [Test worker] DEBUG org.mortbay.log - started org.mortbay.thread.QueuedThreadPool@17b89c38
19:26:20.502 [Test worker] DEBUG org.mortbay.log - starting MockRemoteEurekaServer$AppsResourceHandler@228933f8
19:26:20.502 [Test worker] DEBUG org.mortbay.log - started MockRemoteEurekaServer$AppsResourceHandler@228933f8
19:26:20.502 [Test worker] DEBUG org.mortbay.log - starting Server@35d7738c
19:26:20.502 [Test worker] INFO  org.mortbay.log - Started SocketConnector@0.0.0.0:39356
19:26:20.503 [Test worker] DEBUG org.mortbay.log - started SocketConnector@0.0.0.0:39356
19:26:20.503 [Test worker] DEBUG org.mortbay.log - started Server@35d7738c
19:26:20.504 [Test worker] WARN  c.n.d.internal.util.Archaius1Utils - Cannot find the properties specified : eureka-client. This may be okay if there are other environment specific properties or the configuration is installed with a different mechanism.
19:26:20.505 [Test worker] WARN  c.n.d.internal.util.Archaius1Utils - Cannot find the properties specified : eureka-client. This may be okay if there are other environment specific properties or the configuration is installed with a different mechanism.
19:26:20.508 [Test worker] INFO  c.netflix.discovery.DiscoveryClient - Initializing Eureka in region us-east-1
19:26:20.516 [Test worker] INFO  c.n.d.p.DiscoveryJerseyProvider - Using JSON encoding codec LegacyJacksonJson
19:26:20.516 [Test worker] INFO  c.n.d.p.DiscoveryJerseyProvider - Using JSON decoding codec LegacyJacksonJson
19:26:20.516 [Test worker] INFO  c.n.d.p.DiscoveryJerseyProvider - Using XML encoding codec XStreamXml
19:26:20.516 [Test worker] INFO  c.n.d.p.DiscoveryJerseyProvider - Using XML decoding codec XStreamXml
19:26:20.685 [Test worker] INFO  c.n.d.s.r.aws.ConfigClusterResolver - Resolving eureka endpoints via configuration
19:26:20.685 [Test worker] DEBUG c.n.discovery.endpoint.EndpointUtils - The availability zone for the given region us-east-1 are [defaultZone]
19:26:20.692 [Test worker] DEBUG c.n.d.s.r.aws.ConfigClusterResolver - Config resolved to [AwsEndpoint{ serviceUrl='http://localhost:39356/eureka/v2/', region='us-east-1', zone='defaultZone'}]
19:26:20.692 [Test worker] DEBUG c.n.d.s.r.a.ZoneAffinityClusterResolver - Local zone=defaultZone; resolved to: [AwsEndpoint{ serviceUrl='http://localhost:39356/eureka/v2/', region='us-east-1', zone='defaultZone'}]
19:26:20.694 [Test worker] INFO  c.n.discovery.InstanceRegionChecker - Fetching availability zone to region mapping for regions [myregion]
19:26:20.694 [Test worker] INFO  c.n.discovery.InstanceRegionChecker - Availability zone to region mapping for all remote regions: {myzone=myregion}
19:26:20.700 [Test worker] INFO  c.netflix.discovery.DiscoveryClient - Disable delta property : false
19:26:20.700 [Test worker] INFO  c.netflix.discovery.DiscoveryClient - Single vip registry refresh property : null
19:26:20.700 [Test worker] INFO  c.netflix.discovery.DiscoveryClient - Force full registry fetch : false
19:26:20.700 [Test worker] INFO  c.netflix.discovery.DiscoveryClient - Application is null : false
19:26:20.700 [Test worker] INFO  c.netflix.discovery.DiscoveryClient - Registered Applications size is zero : true
19:26:20.701 [Test worker] INFO  c.netflix.discovery.DiscoveryClient - Application version is -1: true
19:26:20.701 [Test worker] INFO  c.netflix.discovery.DiscoveryClient - Getting all instance registry info from the eureka server
19:26:20.701 [Test worker] DEBUG c.n.d.s.t.d.SessionedEurekaHttpClient - Ending a session and starting anew
19:26:20.703 [Test worker] DEBUG c.n.d.s.t.j.AbstractJerseyEurekaHttpClient - Created client for url: http://localhost:39356/eureka/v2/
19:26:20.705 [48781785@qtp-397974584-0 - /eureka/v2/apps/?regions=myregion] DEBUG org.mortbay.log - REQUEST /eureka/v2/apps/ on org.mortbay.jetty.HttpConnection@129637d
Eureka port: 39356. 1491758780706. Eureka resource mock, received request on path: /eureka/v2/apps/. HTTP method: |GET|, query string: regions=myregion
Eureka port: 39356. 1491758780706. Not including delta apps in /apps response, as delta has not been sent.
Eureka port: 39356. 1491758780709. Eureka resource mock, sent response for request path: /eureka/v2/apps/, apps count: 4
19:26:20.709 [48781785@qtp-397974584-0 - /eureka/v2/apps/?regions=myregion] DEBUG org.mortbay.log - RESPONSE /eureka/v2/apps/  200
19:26:20.736 [Test worker] DEBUG c.n.d.s.t.j.AbstractJerseyEurekaHttpClient - Jersey HTTP GET http://localhost:39356/eureka/v2//apps/?regions=myregion; statusCode=200
19:26:20.738 [Test worker] DEBUG c.n.d.s.t.d.RedirectingEurekaHttpClient - Pinning to endpoint null
19:26:20.739 [Test worker] INFO  c.netflix.discovery.DiscoveryClient - The response status is 200
19:26:20.740 [Test worker] DEBUG c.netflix.discovery.DiscoveryClient - Got full registry with apps hashcode UP_4_
19:26:20.740 [Test worker] DEBUG c.netflix.discovery.DiscoveryClient - The total number of all instances in the client now is 2
19:26:20.741 [Test worker] INFO  c.netflix.discovery.DiscoveryClient - Starting heartbeat executor: renew interval is: 30
19:26:20.744 [Test worker] INFO  c.n.discovery.InstanceInfoReplicator - InstanceInfoReplicator onDemand update allowed rate per min is 4
19:26:20.746 [Test worker] INFO  c.netflix.discovery.DiscoveryClient - Discovery Client initialized at timestamp 1491758780746 with initial instances count: 2
19:26:20.747 [Test worker] WARN  c.n.appinfo.ApplicationInfoManager - The address changed from : Hosttt => pc54.home
19:26:20.748 [Test worker] INFO  c.netflix.discovery.DiscoveryClient - DiscoveryClient_EUREKATESTAPP-72A6456D-5FCB-4412-B461-5FFA0DD1979C/Hosttt: registering service...
19:26:20.748 [Test worker] DEBUG c.n.d.s.t.d.SessionedEurekaHttpClient - Ending a session and starting anew
19:26:20.748 [Test worker] DEBUG c.n.d.s.t.j.AbstractJerseyEurekaHttpClient - Created client for url: http://localhost:39356/eureka/v2/
19:26:20.752 [48781785@qtp-397974584-0 - /eureka/v2/apps/EUREKATESTAPP-72A6456D-5FCB-4412-B461-5FFA0DD1979C] DEBUG org.mortbay.log - REQUEST /eureka/v2/apps/EUREKATESTAPP-72A6456D-5FCB-4412-B461-5FFA0DD1979C on org.mortbay.jetty.HttpConnection@129637d
Eureka port: 39356. 1491758780752. Eureka resource mock, received request on path: /eureka/v2/apps/EUREKATESTAPP-72A6456D-5FCB-4412-B461-5FFA0DD1979C. HTTP method: |POST|, query string: null
Matched status to: STARTING
Eureka port: 39356. 1491758780756. Eureka resource mock, sent response for request path: /eureka/v2/apps/EUREKATESTAPP-72A6456D-5FCB-4412-B461-5FFA0DD1979C, apps count: 0
19:26:20.756 [48781785@qtp-397974584-0 - /eureka/v2/apps/EUREKATESTAPP-72A6456D-5FCB-4412-B461-5FFA0DD1979C] DEBUG org.mortbay.log - RESPONSE /eureka/v2/apps/EUREKATESTAPP-72A6456D-5FCB-4412-B461-5FFA0DD1979C  200
19:26:20.758 [Test worker] DEBUG c.n.d.s.t.j.AbstractJerseyEurekaHttpClient - Jersey HTTP POST http://localhost:39356/eureka/v2//apps/EUREKATESTAPP-72A6456D-5FCB-4412-B461-5FFA0DD1979C with instance pc54.home; statusCode=200
19:26:20.759 [Test worker] DEBUG c.n.d.s.t.d.RedirectingEurekaHttpClient - Pinning to endpoint null
19:26:20.766 [Test worker] INFO  c.netflix.discovery.DiscoveryClient - DiscoveryClient_EUREKATESTAPP-72A6456D-5FCB-4412-B461-5FFA0DD1979C/Hosttt - registration status: 200
19:26:20.766 [Test worker] INFO  c.netflix.discovery.DiscoveryClient - DiscoveryClient_EUREKATESTAPP-72A6456D-5FCB-4412-B461-5FFA0DD1979C/Hosttt: registering service...
19:26:20.769 [48781785@qtp-397974584-0 - /eureka/v2/apps/EUREKATESTAPP-72A6456D-5FCB-4412-B461-5FFA0DD1979C] DEBUG org.mortbay.log - REQUEST /eureka/v2/apps/EUREKATESTAPP-72A6456D-5FCB-4412-B461-5FFA0DD1979C on org.mortbay.jetty.HttpConnection@129637d
Eureka port: 39356. 1491758780770. Eureka resource mock, received request on path: /eureka/v2/apps/EUREKATESTAPP-72A6456D-5FCB-4412-B461-5FFA0DD1979C. HTTP method: |POST|, query string: null
Matched status to: OUT_OF_SERVICE
Eureka port: 39356. 1491758780771. Eureka resource mock, sent response for request path: /eureka/v2/apps/EUREKATESTAPP-72A6456D-5FCB-4412-B461-5FFA0DD1979C, apps count: 0
19:26:20.771 [48781785@qtp-397974584-0 - /eureka/v2/apps/EUREKATESTAPP-72A6456D-5FCB-4412-B461-5FFA0DD1979C] DEBUG org.mortbay.log - RESPONSE /eureka/v2/apps/EUREKATESTAPP-72A6456D-5FCB-4412-B461-5FFA0DD1979C  200
19:26:20.772 [Test worker] DEBUG c.n.d.s.t.j.AbstractJerseyEurekaHttpClient - Jersey HTTP POST http://localhost:39356/eureka/v2//apps/EUREKATESTAPP-72A6456D-5FCB-4412-B461-5FFA0DD1979C with instance pc54.home; statusCode=200
19:26:20.773 [Test worker] INFO  c.netflix.discovery.DiscoveryClient - DiscoveryClient_EUREKATESTAPP-72A6456D-5FCB-4412-B461-5FFA0DD1979C/Hosttt - registration status: 200
19:26:20.773 [Test worker] WARN  c.netflix.discovery.DiscoveryClient - Saw local status change event StatusChangeEvent [timestamp=1491758780773, current=UP, previous=DOWN]
19:26:20.774 [Test worker] INFO  c.netflix.discovery.DiscoveryClient - DiscoveryClient_EUREKATESTAPP-72A6456D-5FCB-4412-B461-5FFA0DD1979C/Hosttt: registering service...
19:26:20.775 [DiscoveryClient-InstanceInfoReplicator-0] DEBUG c.n.discovery.InstanceInfoReplicator - Executing on-demand update of local InstanceInfo
19:26:20.775 [DiscoveryClient-InstanceInfoReplicator-0] DEBUG c.n.discovery.InstanceInfoReplicator - Canceling the latest scheduled update, it will be rescheduled at the end of on demand update
19:26:20.776 [DiscoveryClient-InstanceInfoReplicator-0] INFO  c.netflix.discovery.DiscoveryClient - DiscoveryClient_EUREKATESTAPP-72A6456D-5FCB-4412-B461-5FFA0DD1979C/Hosttt: registering service...
19:26:20.777 [48781785@qtp-397974584-0 - /eureka/v2/apps/EUREKATESTAPP-72A6456D-5FCB-4412-B461-5FFA0DD1979C] DEBUG org.mortbay.log - REQUEST /eureka/v2/apps/EUREKATESTAPP-72A6456D-5FCB-4412-B461-5FFA0DD1979C on org.mortbay.jetty.HttpConnection@129637d
Eureka port: 39356. 1491758780777. Eureka resource mock, received request on path: /eureka/v2/apps/EUREKATESTAPP-72A6456D-5FCB-4412-B461-5FFA0DD1979C. HTTP method: |POST|, query string: null
Matched status to: UP
Eureka port: 39356. 1491758780780. Eureka resource mock, sent response for request path: /eureka/v2/apps/EUREKATESTAPP-72A6456D-5FCB-4412-B461-5FFA0DD1979C, apps count: 0
19:26:20.780 [48781785@qtp-397974584-0 - /eureka/v2/apps/EUREKATESTAPP-72A6456D-5FCB-4412-B461-5FFA0DD1979C] DEBUG org.mortbay.log - RESPONSE /eureka/v2/apps/EUREKATESTAPP-72A6456D-5FCB-4412-B461-5FFA0DD1979C  200
19:26:20.783 [Test worker] DEBUG c.n.d.s.t.j.AbstractJerseyEurekaHttpClient - Jersey HTTP POST http://localhost:39356/eureka/v2//apps/EUREKATESTAPP-72A6456D-5FCB-4412-B461-5FFA0DD1979C with instance pc54.home; statusCode=200
19:26:20.784 [374957272@qtp-397974584-2 - /eureka/v2/apps/EUREKATESTAPP-72A6456D-5FCB-4412-B461-5FFA0DD1979C] DEBUG org.mortbay.log - REQUEST /eureka/v2/apps/EUREKATESTAPP-72A6456D-5FCB-4412-B461-5FFA0DD1979C on org.mortbay.jetty.HttpConnection@21d14ae8
Eureka port: 39356. 1491758780784. Eureka resource mock, received request on path: /eureka/v2/apps/EUREKATESTAPP-72A6456D-5FCB-4412-B461-5FFA0DD1979C. HTTP method: |POST|, query string: null
19:26:20.783 [Test worker] INFO  c.netflix.discovery.DiscoveryClient - DiscoveryClient_EUREKATESTAPP-72A6456D-5FCB-4412-B461-5FFA0DD1979C/Hosttt - registration status: 200
19:26:20.785 [Test worker] INFO  c.netflix.discovery.DiscoveryClient - Shutting down DiscoveryClient ...
19:26:20.785 [Test worker] INFO  c.netflix.discovery.DiscoveryClient - Unregistering ...
Matched status to: UP
Eureka port: 39356. 1491758780789. Eureka resource mock, sent response for request path: /eureka/v2/apps/EUREKATESTAPP-72A6456D-5FCB-4412-B461-5FFA0DD1979C, apps count: 0
19:26:20.789 [374957272@qtp-397974584-2 - /eureka/v2/apps/EUREKATESTAPP-72A6456D-5FCB-4412-B461-5FFA0DD1979C] DEBUG org.mortbay.log - RESPONSE /eureka/v2/apps/EUREKATESTAPP-72A6456D-5FCB-4412-B461-5FFA0DD1979C  200
19:26:20.790 [48781785@qtp-397974584-0 - /eureka/v2/apps/EUREKATESTAPP-72A6456D-5FCB-4412-B461-5FFA0DD1979C/pc54.home] DEBUG org.mortbay.log - REQUEST /eureka/v2/apps/EUREKATESTAPP-72A6456D-5FCB-4412-B461-5FFA0DD1979C/pc54.home on org.mortbay.jetty.HttpConnection@129637d
Eureka port: 39356. 1491758780791. Eureka resource mock, received request on path: /eureka/v2/apps/EUREKATESTAPP-72A6456D-5FCB-4412-B461-5FFA0DD1979C/pc54.home. HTTP method: |DELETE|, query string: null
Eureka port: 39356. 1491758780791. Eureka resource mock, sent response for request path: /eureka/v2/apps/EUREKATESTAPP-72A6456D-5FCB-4412-B461-5FFA0DD1979C/pc54.home, apps count: 0
19:26:20.791 [48781785@qtp-397974584-0 - /eureka/v2/apps/EUREKATESTAPP-72A6456D-5FCB-4412-B461-5FFA0DD1979C/pc54.home] DEBUG org.mortbay.log - RESPONSE /eureka/v2/apps/EUREKATESTAPP-72A6456D-5FCB-4412-B461-5FFA0DD1979C/pc54.home  200
19:26:20.792 [DiscoveryClient-InstanceInfoReplicator-0] DEBUG c.n.d.s.t.j.AbstractJerseyEurekaHttpClient - Jersey HTTP POST http://localhost:39356/eureka/v2//apps/EUREKATESTAPP-72A6456D-5FCB-4412-B461-5FFA0DD1979C with instance pc54.home; statusCode=200
19:26:20.792 [DiscoveryClient-InstanceInfoReplicator-0] INFO  c.netflix.discovery.DiscoveryClient - DiscoveryClient_EUREKATESTAPP-72A6456D-5FCB-4412-B461-5FFA0DD1979C/Hosttt - registration status: 200
19:26:20.793 [Test worker] DEBUG c.n.d.s.t.j.AbstractJerseyEurekaHttpClient - Jersey HTTP DELETE http://localhost:39356/eureka/v2//apps/EUREKATESTAPP-72A6456D-5FCB-4412-B461-5FFA0DD1979C/pc54.home; statusCode=200
19:26:20.793 [Test worker] INFO  c.netflix.discovery.DiscoveryClient - DiscoveryClient_EUREKATESTAPP-72A6456D-5FCB-4412-B461-5FFA0DD1979C/Hosttt - deregister  status: 200
19:26:20.809 [374957272@qtp-397974584-2] DEBUG org.mortbay.log - EOF
19:26:20.809 [48781785@qtp-397974584-0] DEBUG org.mortbay.log - EOF
19:26:20.811 [Test worker] INFO  c.netflix.discovery.DiscoveryClient - Completed shut down of DiscoveryClient
19:26:20.811 [Test worker] DEBUG org.mortbay.log - stopped SocketConnector@0.0.0.0:0
19:26:20.812 [Test worker] DEBUG org.mortbay.log - stopping Server@35d7738c
19:26:20.812 [Test worker] DEBUG org.mortbay.log - stopping MockRemoteEurekaServer$AppsResourceHandler@228933f8
19:26:20.812 [Test worker] DEBUG org.mortbay.log - stopped MockRemoteEurekaServer$AppsResourceHandler@228933f8
19:26:20.912 [Test worker] DEBUG org.mortbay.log - stopped org.mortbay.thread.QueuedThreadPool@17b89c38
19:26:20.912 [Test worker] DEBUG org.mortbay.log - stopped Server@35d7738c
]]></system-out>
  <system-err><![CDATA[]]></system-err>
</testsuite>
