<?xml version="1.0" encoding="UTF-8"?>
<testsuite name="com.netflix.discovery.DiscoveryClientRedirectTest" tests="3" skipped="1" failures="0" errors="0" timestamp="2017-04-09T17:26:22" hostname="pc54.home" time="7.356">
  <properties/>
  <testcase name="testClientQueryFollowsRedirectsAndPinsToTargetServer" classname="com.netflix.discovery.DiscoveryClientRedirectTest" time="4.527"/>
  <testcase name="testClientFallsBackToOriginalServerOnError" classname="com.netflix.discovery.DiscoveryClientRedirectTest" time="2.125"/>
  <testcase name="testClientRegistrationFollowsRedirectsAndPinsToTargetServer" classname="com.netflix.discovery.DiscoveryClientRedirectTest" time="0.0">
    <skipped/>
  </testcase>
  <system-out><![CDATA[19:26:22.937 [Test worker] DEBUG i.n.u.i.l.InternalLoggerFactory - Using SLF4J as the default logging framework
19:26:23.056 [Test worker] DEBUG i.n.util.internal.PlatformDependent0 - java.nio.Buffer.address: available
19:26:23.058 [Test worker] DEBUG i.n.util.internal.PlatformDependent0 - sun.misc.Unsafe.theUnsafe: available
19:26:23.058 [Test worker] DEBUG i.n.util.internal.PlatformDependent0 - sun.misc.Unsafe.copyMemory: available
19:26:23.058 [Test worker] DEBUG i.n.util.internal.PlatformDependent0 - java.nio.Bits.unaligned: true
19:26:23.070 [Test worker] DEBUG i.n.util.internal.PlatformDependent - UID: 1000
19:26:23.071 [Test worker] DEBUG i.n.util.internal.PlatformDependent - Java version: 8
19:26:23.071 [Test worker] DEBUG i.n.util.internal.PlatformDependent - -Dio.netty.noUnsafe: false
19:26:23.072 [Test worker] DEBUG i.n.util.internal.PlatformDependent - sun.misc.Unsafe: available
19:26:23.072 [Test worker] DEBUG i.n.util.internal.PlatformDependent - -Dio.netty.noJavassist: false
19:26:23.073 [Test worker] DEBUG i.n.util.internal.PlatformDependent - Javassist: unavailable
19:26:23.073 [Test worker] DEBUG i.n.util.internal.PlatformDependent - You don't have Javassist in your class path or you don't have enough permission to load dynamically generated classes.  Please check the configuration for better performance.
19:26:23.074 [Test worker] DEBUG i.n.util.internal.PlatformDependent - -Dio.netty.tmpdir: /tmp (java.io.tmpdir)
19:26:23.074 [Test worker] DEBUG i.n.util.internal.PlatformDependent - -Dio.netty.bitMode: 64 (sun.arch.data.model)
19:26:23.074 [Test worker] DEBUG i.n.util.internal.PlatformDependent - -Dio.netty.noPreferDirect: false
19:26:23.092 [Test worker] DEBUG i.n.c.MultithreadEventLoopGroup - -Dio.netty.eventLoopThreads: 8
19:26:23.110 [Test worker] DEBUG io.netty.channel.nio.NioEventLoop - -Dio.netty.noKeySetOptimization: false
19:26:23.111 [Test worker] DEBUG io.netty.channel.nio.NioEventLoop - -Dio.netty.selectorAutoRebuildThreshold: 512
19:26:23.121 [Thread-4] INFO  org.mockserver.mockserver.MockServer - MockServer starting up on port: 39378
19:26:23.138 [Thread-4] DEBUG i.n.buffer.PooledByteBufAllocator - -Dio.netty.allocator.numHeapArenas: 4
19:26:23.139 [Thread-4] DEBUG i.n.buffer.PooledByteBufAllocator - -Dio.netty.allocator.numDirectArenas: 4
19:26:23.139 [Thread-4] DEBUG i.n.buffer.PooledByteBufAllocator - -Dio.netty.allocator.pageSize: 8192
19:26:23.139 [Thread-4] DEBUG i.n.buffer.PooledByteBufAllocator - -Dio.netty.allocator.maxOrder: 11
19:26:23.139 [Thread-4] DEBUG i.n.buffer.PooledByteBufAllocator - -Dio.netty.allocator.chunkSize: 16777216
19:26:23.139 [Thread-4] DEBUG i.n.buffer.PooledByteBufAllocator - -Dio.netty.allocator.tinyCacheSize: 512
19:26:23.139 [Thread-4] DEBUG i.n.buffer.PooledByteBufAllocator - -Dio.netty.allocator.smallCacheSize: 256
19:26:23.139 [Thread-4] DEBUG i.n.buffer.PooledByteBufAllocator - -Dio.netty.allocator.normalCacheSize: 64
19:26:23.140 [Thread-4] DEBUG i.n.buffer.PooledByteBufAllocator - -Dio.netty.allocator.maxCachedBufferCapacity: 32768
19:26:23.140 [Thread-4] DEBUG i.n.buffer.PooledByteBufAllocator - -Dio.netty.allocator.cacheTrimInterval: 8192
19:26:23.156 [Thread-4] DEBUG i.n.util.internal.ThreadLocalRandom - -Dio.netty.initialSeedUniquifier: 0xb39b0d9f0293bc8a (took 1 ms)
19:26:23.170 [Thread-4] DEBUG io.netty.buffer.ByteBufUtil - -Dio.netty.allocator.type: unpooled
19:26:23.171 [Thread-4] DEBUG io.netty.buffer.ByteBufUtil - -Dio.netty.threadLocalDirectBufferSize: 65536
19:26:23.172 [Thread-4] DEBUG io.netty.util.NetUtil - Loopback interface: lo (lo, 0:0:0:0:0:0:0:1%lo)
19:26:23.173 [Thread-4] DEBUG io.netty.util.NetUtil - /proc/sys/net/core/somaxconn: 128
19:26:23.183 [Thread-5] INFO  org.mockserver.mockserver.MockServer - MockServer starting up on port: 39444
19:26:23.604 [Test worker] DEBUG o.m.client.netty.NettyHttpClient - Sending request: {
  "method" : "PUT",
  "path" : "/expectation",
  "body" : "{\n  \"httpRequest\" : {\n    \"method\" : \"GET\",\n    \"path\" : \"/eureka/v2/apps/\"\n  },\n  \"httpResponse\" : {\n    \"statusCode\" : 302,\n    \"body\" : \"\",\n    \"headers\" : [ {\n      \"name\" : \"Location\",\n      \"values\" : [ \"http://localhost:39378/eureka/v2/apps/\" ]\n    } ]\n  },\n  \"times\" : {\n    \"unlimited\" : true\n  }\n}",
  "host" : "localhost",
  "port" : 39444
}
19:26:23.673 [nioEventLoopGroup-6-1] DEBUG io.netty.util.ResourceLeakDetector - -Dio.netty.leakDetectionLevel: simple
19:26:23.694 [nioEventLoopGroup-6-1] DEBUG HttpClientInitializer --> - [id: 0x9bbb811b] REGISTERED
19:26:23.694 [nioEventLoopGroup-6-1] DEBUG HttpClientInitializer --> - [id: 0x9bbb811b] CONNECT(localhost/127.0.0.1:39444, null)
19:26:23.700 [nioEventLoopGroup-6-1] DEBUG io.netty.util.Recycler - -Dio.netty.recycler.maxCapacity.default: 262144
19:26:23.709 [nioEventLoopGroup-6-1] DEBUG HttpClientInitializer --> - [id: 0x9bbb811b, /127.0.0.1:43422 => localhost/127.0.0.1:39444] WRITE(128B)
         +-------------------------------------------------+
         |  0  1  2  3  4  5  6  7  8  9  a  b  c  d  e  f |
+--------+-------------------------------------------------+----------------+
|00000000| 50 55 54 20 2f 65 78 70 65 63 74 61 74 69 6f 6e |PUT /expectation|
|00000010| 20 48 54 54 50 2f 31 2e 31 0d 0a 48 6f 73 74 3a | HTTP/1.1..Host:|
|00000020| 20 6c 6f 63 61 6c 68 6f 73 74 3a 33 39 34 34 34 | localhost:39444|
|00000030| 0d 0a 41 63 63 65 70 74 2d 45 6e 63 6f 64 69 6e |..Accept-Encodin|
|00000040| 67 3a 20 67 7a 69 70 2c 64 65 66 6c 61 74 65 0d |g: gzip,deflate.|
|00000050| 0a 43 6f 6e 74 65 6e 74 2d 4c 65 6e 67 74 68 3a |.Content-Length:|
|00000060| 20 33 30 37 0d 0a 43 6f 6e 6e 65 63 74 69 6f 6e | 307..Connection|
|00000070| 3a 20 6b 65 65 70 2d 61 6c 69 76 65 0d 0a 0d 0a |: keep-alive....|
+--------+-------------------------------------------------+----------------+
19:26:23.711 [nioEventLoopGroup-6-1] DEBUG HttpClientInitializer --> - [id: 0x9bbb811b, /127.0.0.1:43422 => localhost/127.0.0.1:39444] WRITE(307B)
         +-------------------------------------------------+
         |  0  1  2  3  4  5  6  7  8  9  a  b  c  d  e  f |
+--------+-------------------------------------------------+----------------+
|00000000| 7b 0a 20 20 22 68 74 74 70 52 65 71 75 65 73 74 |{.  "httpRequest|
|00000010| 22 20 3a 20 7b 0a 20 20 20 20 22 6d 65 74 68 6f |" : {.    "metho|
|00000020| 64 22 20 3a 20 22 47 45 54 22 2c 0a 20 20 20 20 |d" : "GET",.    |
|00000030| 22 70 61 74 68 22 20 3a 20 22 2f 65 75 72 65 6b |"path" : "/eurek|
|00000040| 61 2f 76 32 2f 61 70 70 73 2f 22 0a 20 20 7d 2c |a/v2/apps/".  },|
|00000050| 0a 20 20 22 68 74 74 70 52 65 73 70 6f 6e 73 65 |.  "httpResponse|
|00000060| 22 20 3a 20 7b 0a 20 20 20 20 22 73 74 61 74 75 |" : {.    "statu|
|00000070| 73 43 6f 64 65 22 20 3a 20 33 30 32 2c 0a 20 20 |sCode" : 302,.  |
|00000080| 20 20 22 62 6f 64 79 22 20 3a 20 22 22 2c 0a 20 |  "body" : "",. |
|00000090| 20 20 20 22 68 65 61 64 65 72 73 22 20 3a 20 5b |   "headers" : [|
|000000a0| 20 7b 0a 20 20 20 20 20 20 22 6e 61 6d 65 22 20 | {.      "name" |
|000000b0| 3a 20 22 4c 6f 63 61 74 69 6f 6e 22 2c 0a 20 20 |: "Location",.  |
|000000c0| 20 20 20 20 22 76 61 6c 75 65 73 22 20 3a 20 5b |    "values" : [|
|000000d0| 20 22 68 74 74 70 3a 2f 2f 6c 6f 63 61 6c 68 6f | "http://localho|
|000000e0| 73 74 3a 33 39 33 37 38 2f 65 75 72 65 6b 61 2f |st:39378/eureka/|
|000000f0| 76 32 2f 61 70 70 73 2f 22 20 5d 0a 20 20 20 20 |v2/apps/" ].    |
|00000100| 7d 20 5d 0a 20 20 7d 2c 0a 20 20 22 74 69 6d 65 |} ].  },.  "time|
|00000110| 73 22 20 3a 20 7b 0a 20 20 20 20 22 75 6e 6c 69 |s" : {.    "unli|
|00000120| 6d 69 74 65 64 22 20 3a 20 74 72 75 65 0a 20 20 |mited" : true.  |
|00000130| 7d 0a 7d                                        |}.}             |
+--------+-------------------------------------------------+----------------+
19:26:23.714 [nioEventLoopGroup-6-1] DEBUG io.netty.util.internal.Cleaner0 - java.nio.ByteBuffer.cleaner(): available
19:26:23.714 [nioEventLoopGroup-6-1] DEBUG HttpClientInitializer --> - [id: 0x9bbb811b, /127.0.0.1:43422 => localhost/127.0.0.1:39444] FLUSH
19:26:23.725 [nioEventLoopGroup-6-1] DEBUG HttpClientInitializer --> - [id: 0x9bbb811b, /127.0.0.1:43422 => localhost/127.0.0.1:39444] ACTIVE
19:26:23.771 [nioEventLoopGroup-5-1] DEBUG i.n.handler.logging.LoggingHandler - [id: 0xf76cb455, /127.0.0.1:43422 => /127.0.0.1:39444] RECEIVED(307B)
         +-------------------------------------------------+
         |  0  1  2  3  4  5  6  7  8  9  a  b  c  d  e  f |
+--------+-------------------------------------------------+----------------+
|00000000| 7b 0a 20 20 22 68 74 74 70 52 65 71 75 65 73 74 |{.  "httpRequest|
|00000010| 22 20 3a 20 7b 0a 20 20 20 20 22 6d 65 74 68 6f |" : {.    "metho|
|00000020| 64 22 20 3a 20 22 47 45 54 22 2c 0a 20 20 20 20 |d" : "GET",.    |
|00000030| 22 70 61 74 68 22 20 3a 20 22 2f 65 75 72 65 6b |"path" : "/eurek|
|00000040| 61 2f 76 32 2f 61 70 70 73 2f 22 0a 20 20 7d 2c |a/v2/apps/".  },|
|00000050| 0a 20 20 22 68 74 74 70 52 65 73 70 6f 6e 73 65 |.  "httpResponse|
|00000060| 22 20 3a 20 7b 0a 20 20 20 20 22 73 74 61 74 75 |" : {.    "statu|
|00000070| 73 43 6f 64 65 22 20 3a 20 33 30 32 2c 0a 20 20 |sCode" : 302,.  |
|00000080| 20 20 22 62 6f 64 79 22 20 3a 20 22 22 2c 0a 20 |  "body" : "",. |
|00000090| 20 20 20 22 68 65 61 64 65 72 73 22 20 3a 20 5b |   "headers" : [|
|000000a0| 20 7b 0a 20 20 20 20 20 20 22 6e 61 6d 65 22 20 | {.      "name" |
|000000b0| 3a 20 22 4c 6f 63 61 74 69 6f 6e 22 2c 0a 20 20 |: "Location",.  |
|000000c0| 20 20 20 20 22 76 61 6c 75 65 73 22 20 3a 20 5b |    "values" : [|
|000000d0| 20 22 68 74 74 70 3a 2f 2f 6c 6f 63 61 6c 68 6f | "http://localho|
|000000e0| 73 74 3a 33 39 33 37 38 2f 65 75 72 65 6b 61 2f |st:39378/eureka/|
|000000f0| 76 32 2f 61 70 70 73 2f 22 20 5d 0a 20 20 20 20 |v2/apps/" ].    |
|00000100| 7d 20 5d 0a 20 20 7d 2c 0a 20 20 22 74 69 6d 65 |} ].  },.  "time|
|00000110| 73 22 20 3a 20 7b 0a 20 20 20 20 22 75 6e 6c 69 |s" : {.    "unli|
|00000120| 6d 69 74 65 64 22 20 3a 20 74 72 75 65 0a 20 20 |mited" : true.  |
|00000130| 7d 0a 7d                                        |}.}             |
+--------+-------------------------------------------------+----------------+
19:26:23.860 [nioEventLoopGroup-5-1] DEBUG i.n.handler.logging.LoggingHandler - [id: 0xf76cb455, /127.0.0.1:43422 => /127.0.0.1:39444] WRITE(0B)
         +-------------------------------------------------+
         |  0  1  2  3  4  5  6  7  8  9  a  b  c  d  e  f |
+--------+-------------------------------------------------+----------------+
+--------+-------------------------------------------------+----------------+
19:26:23.862 [nioEventLoopGroup-5-1] DEBUG i.n.handler.logging.LoggingHandler - [id: 0xf76cb455, /127.0.0.1:43422 => /127.0.0.1:39444] FLUSH
19:26:23.863 [nioEventLoopGroup-6-1] DEBUG HttpClientInitializer --> - [id: 0x9bbb811b, /127.0.0.1:43422 => localhost/127.0.0.1:39444] RECEIVED(67B)
         +-------------------------------------------------+
         |  0  1  2  3  4  5  6  7  8  9  a  b  c  d  e  f |
+--------+-------------------------------------------------+----------------+
|00000000| 48 54 54 50 2f 31 2e 31 20 32 30 31 20 43 72 65 |HTTP/1.1 201 Cre|
|00000010| 61 74 65 64 0d 0a 43 6f 6e 74 65 6e 74 2d 4c 65 |ated..Content-Le|
|00000020| 6e 67 74 68 3a 20 30 0d 0a 43 6f 6e 6e 65 63 74 |ngth: 0..Connect|
|00000030| 69 6f 6e 3a 20 6b 65 65 70 2d 61 6c 69 76 65 0d |ion: keep-alive.|
|00000040| 0a 0d 0a                                        |...             |
+--------+-------------------------------------------------+----------------+
19:26:23.865 [nioEventLoopGroup-6-1] DEBUG HttpClientInitializer --> - [id: 0x9bbb811b, /127.0.0.1:43422 => localhost/127.0.0.1:39444] CLOSE()
19:26:23.871 [nioEventLoopGroup-6-1] DEBUG HttpClientInitializer --> - [id: 0x9bbb811b, /127.0.0.1:43422 :> localhost/127.0.0.1:39444] INACTIVE
19:26:23.872 [nioEventLoopGroup-6-1] DEBUG HttpClientInitializer --> - [id: 0x9bbb811b, /127.0.0.1:43422 :> localhost/127.0.0.1:39444] UNREGISTERED
19:26:23.867 [Test worker] DEBUG o.m.client.netty.NettyHttpClient - Received response: {
  "statusCode" : 201,
  "body" : "",
  "headers" : [ {
    "name" : "Connection",
    "values" : [ "keep-alive" ]
  }, {
    "name" : "Content-Length",
    "values" : [ "0" ]
  } ]
}
19:26:23.873 [nioEventLoopGroup-5-1] DEBUG i.n.handler.logging.LoggingHandler - [id: 0xf76cb455, /127.0.0.1:43422 => /127.0.0.1:39444] FLUSH
19:26:23.873 [nioEventLoopGroup-5-1] DEBUG i.n.handler.logging.LoggingHandler - [id: 0xf76cb455, /127.0.0.1:43422 :> /127.0.0.1:39444] INACTIVE
19:26:23.874 [nioEventLoopGroup-5-1] DEBUG i.n.handler.logging.LoggingHandler - [id: 0xf76cb455, /127.0.0.1:43422 :> /127.0.0.1:39444] UNREGISTERED
19:26:23.903 [Test worker] DEBUG o.m.client.netty.NettyHttpClient - Sending request: {
  "method" : "PUT",
  "path" : "/expectation",
  "body" : "{\n  \"httpRequest\" : {\n    \"method\" : \"GET\",\n    \"path\" : \"/eureka/v2/apps/\"\n  },\n  \"httpResponse\" : {\n    \"statusCode\" : 200,\n    \"body\" : \"{\\\"applications\\\":{\\\"versions__delta\\\":1,\\\"apps__hashcode\\\":\\\"UP_1_\\\",\\\"application\\\":{\\\"name\\\":\\\"APPLICATION0\\\",\\\"instance\\\":{\\\"instanceId\\\":\\\"i-00000000\\\",\\\"hostName\\\":\\\"instance0.application0.com\\\",\\\"app\\\":\\\"APPLICATION0\\\",\\\"ipAddr\\\":\\\"20.0.0.0\\\",\\\"status\\\":\\\"UP\\\",\\\"overriddenstatus\\\":\\\"UNKNOWN\\\",\\\"port\\\":{\\\"@enabled\\\":\\\"true\\\",\\\"$\\\":\\\"8080\\\"},\\\"securePort\\\":{\\\"@enabled\\\":\\\"true\\\",\\\"$\\\":\\\"8081\\\"},\\\"countryId\\\":1,\\\"dataCenterInfo\\\":{\\\"@class\\\":\\\"com.netflix.appinfo.AmazonInfo\\\",\\\"name\\\":\\\"Amazon\\\",\\\"metadata\\\":{\\\"public-ipv4\\\":\\\"20.0.0.0\\\",\\\"accountId\\\":\\\"testAccountId\\\",\\\"local-hostname\\\":\\\"ip-10.00.0.compute.internal\\\",\\\"public-hostname\\\":\\\"instance0.application0.com\\\",\\\"instance-id\\\":\\\"i-00000000\\\",\\\"local-ipv4\\\":\\\"192.168.0.0\\\",\\\"instance-type\\\":\\\"m2.xlarge\\\",\\\"ami-id\\\":\\\"ami-00000000\\\",\\\"availability-zone\\\":\\\"us-east-1c\\\"}},\\\"leaseInfo\\\":{\\\"renewalIntervalInSecs\\\":5,\\\"durationInSecs\\\":15,\\\"registrationTimestamp\\\":1491758783188,\\\"lastRenewalTimestamp\\\":1491758783193,\\\"evictionTimestamp\\\":1491758783203,\\\"serviceUpTimestamp\\\":1491758783183},\\\"metadata\\\":{\\\"appKey0\\\":0},\\\"appGroupName\\\":\\\"APPLICATION0GROUP\\\",\\\"homePageUrl\\\":\\\"http://instance0.application0.com:8080/homepage\\\",\\\"statusPageUrl\\\":\\\"http://instance0.application0.com:8080/status\\\",\\\"healthCheckUrl\\\":\\\"http://instance0.application0.com:8080/healthcheck\\\",\\\"secureHealthCheckUrl\\\":\\\"https://instance0.application0.com:8081/healthcheck\\\",\\\"vipAddress\\\":\\\"application0:8080\\\",\\\"secureVipAddress\\\":\\\"application0:8081\\\",\\\"isCoordinatingDiscoveryServer\\\":true,\\\"lastUpdatedTimestamp\\\":1491758783088,\\\"lastDirtyTimestamp\\\":1491758783088,\\\"actionType\\\":\\\"ADDED\\\",\\\"asgName\\\":\\\"application0ASG\\\"}}}}\",\n    \"headers\" : [ {\n      \"name\" : \"Content-Type\",\n      \"values\" : [ \"application/json\" ]\n    } ]\n  },\n  \"times\" : {\n    \"unlimited\" : true\n  }\n}",
  "host" : "localhost",
  "port" : 39378
}
19:26:23.912 [nioEventLoopGroup-8-1] DEBUG HttpClientInitializer --> - [id: 0x0698419b] REGISTERED
19:26:23.912 [nioEventLoopGroup-8-1] DEBUG HttpClientInitializer --> - [id: 0x0698419b] CONNECT(localhost/127.0.0.1:39378, null)
19:26:23.914 [nioEventLoopGroup-8-1] DEBUG HttpClientInitializer --> - [id: 0x0698419b, /127.0.0.1:39990 => localhost/127.0.0.1:39378] WRITE(129B)
         +-------------------------------------------------+
         |  0  1  2  3  4  5  6  7  8  9  a  b  c  d  e  f |
+--------+-------------------------------------------------+----------------+
|00000000| 50 55 54 20 2f 65 78 70 65 63 74 61 74 69 6f 6e |PUT /expectation|
|00000010| 20 48 54 54 50 2f 31 2e 31 0d 0a 48 6f 73 74 3a | HTTP/1.1..Host:|
|00000020| 20 6c 6f 63 61 6c 68 6f 73 74 3a 33 39 33 37 38 | localhost:39378|
|00000030| 0d 0a 41 63 63 65 70 74 2d 45 6e 63 6f 64 69 6e |..Accept-Encodin|
|00000040| 67 3a 20 67 7a 69 70 2c 64 65 66 6c 61 74 65 0d |g: gzip,deflate.|
|00000050| 0a 43 6f 6e 74 65 6e 74 2d 4c 65 6e 67 74 68 3a |.Content-Length:|
|00000060| 20 31 39 36 34 0d 0a 43 6f 6e 6e 65 63 74 69 6f | 1964..Connectio|
|00000070| 6e 3a 20 6b 65 65 70 2d 61 6c 69 76 65 0d 0a 0d |n: keep-alive...|
|00000080| 0a                                              |.               |
+--------+-------------------------------------------------+----------------+
19:26:23.921 [nioEventLoopGroup-8-1] DEBUG HttpClientInitializer --> - [id: 0x0698419b, /127.0.0.1:39990 => localhost/127.0.0.1:39378] WRITE(1964B)
         +-------------------------------------------------+
         |  0  1  2  3  4  5  6  7  8  9  a  b  c  d  e  f |
+--------+-------------------------------------------------+----------------+
|00000000| 7b 0a 20 20 22 68 74 74 70 52 65 71 75 65 73 74 |{.  "httpRequest|
|00000010| 22 20 3a 20 7b 0a 20 20 20 20 22 6d 65 74 68 6f |" : {.    "metho|
|00000020| 64 22 20 3a 20 22 47 45 54 22 2c 0a 20 20 20 20 |d" : "GET",.    |
|00000030| 22 70 61 74 68 22 20 3a 20 22 2f 65 75 72 65 6b |"path" : "/eurek|
|00000040| 61 2f 76 32 2f 61 70 70 73 2f 22 0a 20 20 7d 2c |a/v2/apps/".  },|
|00000050| 0a 20 20 22 68 74 74 70 52 65 73 70 6f 6e 73 65 |.  "httpResponse|
|00000060| 22 20 3a 20 7b 0a 20 20 20 20 22 73 74 61 74 75 |" : {.    "statu|
|00000070| 73 43 6f 64 65 22 20 3a 20 32 30 30 2c 0a 20 20 |sCode" : 200,.  |
|00000080| 20 20 22 62 6f 64 79 22 20 3a 20 22 7b 5c 22 61 |  "body" : "{\"a|
|00000090| 70 70 6c 69 63 61 74 69 6f 6e 73 5c 22 3a 7b 5c |pplications\":{\|
|000000a0| 22 76 65 72 73 69 6f 6e 73 5f 5f 64 65 6c 74 61 |"versions__delta|
|000000b0| 5c 22 3a 31 2c 5c 22 61 70 70 73 5f 5f 68 61 73 |\":1,\"apps__has|
|000000c0| 68 63 6f 64 65 5c 22 3a 5c 22 55 50 5f 31 5f 5c |hcode\":\"UP_1_\|
|000000d0| 22 2c 5c 22 61 70 70 6c 69 63 61 74 69 6f 6e 5c |",\"application\|
|000000e0| 22 3a 7b 5c 22 6e 61 6d 65 5c 22 3a 5c 22 41 50 |":{\"name\":\"AP|
|000000f0| 50 4c 49 43 41 54 49 4f 4e 30 5c 22 2c 5c 22 69 |PLICATION0\",\"i|
|00000100| 6e 73 74 61 6e 63 65 5c 22 3a 7b 5c 22 69 6e 73 |nstance\":{\"ins|
|00000110| 74 61 6e 63 65 49 64 5c 22 3a 5c 22 69 2d 30 30 |tanceId\":\"i-00|
|00000120| 30 30 30 30 30 30 5c 22 2c 5c 22 68 6f 73 74 4e |000000\",\"hostN|
|00000130| 61 6d 65 5c 22 3a 5c 22 69 6e 73 74 61 6e 63 65 |ame\":\"instance|
|00000140| 30 2e 61 70 70 6c 69 63 61 74 69 6f 6e 30 2e 63 |0.application0.c|
|00000150| 6f 6d 5c 22 2c 5c 22 61 70 70 5c 22 3a 5c 22 41 |om\",\"app\":\"A|
|00000160| 50 50 4c 49 43 41 54 49 4f 4e 30 5c 22 2c 5c 22 |PPLICATION0\",\"|
|00000170| 69 70 41 64 64 72 5c 22 3a 5c 22 32 30 2e 30 2e |ipAddr\":\"20.0.|
|00000180| 30 2e 30 5c 22 2c 5c 22 73 74 61 74 75 73 5c 22 |0.0\",\"status\"|
|00000190| 3a 5c 22 55 50 5c 22 2c 5c 22 6f 76 65 72 72 69 |:\"UP\",\"overri|
|000001a0| 64 64 65 6e 73 74 61 74 75 73 5c 22 3a 5c 22 55 |ddenstatus\":\"U|
|000001b0| 4e 4b 4e 4f 57 4e 5c 22 2c 5c 22 70 6f 72 74 5c |NKNOWN\",\"port\|
|000001c0| 22 3a 7b 5c 22 40 65 6e 61 62 6c 65 64 5c 22 3a |":{\"@enabled\":|
|000001d0| 5c 22 74 72 75 65 5c 22 2c 5c 22 24 5c 22 3a 5c |\"true\",\"$\":\|
|000001e0| 22 38 30 38 30 5c 22 7d 2c 5c 22 73 65 63 75 72 |"8080\"},\"secur|
|000001f0| 65 50 6f 72 74 5c 22 3a 7b 5c 22 40 65 6e 61 62 |ePort\":{\"@enab|
|00000200| 6c 65 64 5c 22 3a 5c 22 74 72 75 65 5c 22 2c 5c |led\":\"true\",\|
|00000210| 22 24 5c 22 3a 5c 22 38 30 38 31 5c 22 7d 2c 5c |"$\":\"8081\"},\|
|00000220| 22 63 6f 75 6e 74 72 79 49 64 5c 22 3a 31 2c 5c |"countryId\":1,\|
|00000230| 22 64 61 74 61 43 65 6e 74 65 72 49 6e 66 6f 5c |"dataCenterInfo\|
|00000240| 22 3a 7b 5c 22 40 63 6c 61 73 73 5c 22 3a 5c 22 |":{\"@class\":\"|
|00000250| 63 6f 6d 2e 6e 65 74 66 6c 69 78 2e 61 70 70 69 |com.netflix.appi|
|00000260| 6e 66 6f 2e 41 6d 61 7a 6f 6e 49 6e 66 6f 5c 22 |nfo.AmazonInfo\"|
|00000270| 2c 5c 22 6e 61 6d 65 5c 22 3a 5c 22 41 6d 61 7a |,\"name\":\"Amaz|
|00000280| 6f 6e 5c 22 2c 5c 22 6d 65 74 61 64 61 74 61 5c |on\",\"metadata\|
|00000290| 22 3a 7b 5c 22 70 75 62 6c 69 63 2d 69 70 76 34 |":{\"public-ipv4|
|000002a0| 5c 22 3a 5c 22 32 30 2e 30 2e 30 2e 30 5c 22 2c |\":\"20.0.0.0\",|
|000002b0| 5c 22 61 63 63 6f 75 6e 74 49 64 5c 22 3a 5c 22 |\"accountId\":\"|
|000002c0| 74 65 73 74 41 63 63 6f 75 6e 74 49 64 5c 22 2c |testAccountId\",|
|000002d0| 5c 22 6c 6f 63 61 6c 2d 68 6f 73 74 6e 61 6d 65 |\"local-hostname|
|000002e0| 5c 22 3a 5c 22 69 70 2d 31 30 2e 30 30 2e 30 2e |\":\"ip-10.00.0.|
|000002f0| 63 6f 6d 70 75 74 65 2e 69 6e 74 65 72 6e 61 6c |compute.internal|
|00000300| 5c 22 2c 5c 22 70 75 62 6c 69 63 2d 68 6f 73 74 |\",\"public-host|
|00000310| 6e 61 6d 65 5c 22 3a 5c 22 69 6e 73 74 61 6e 63 |name\":\"instanc|
|00000320| 65 30 2e 61 70 70 6c 69 63 61 74 69 6f 6e 30 2e |e0.application0.|
|00000330| 63 6f 6d 5c 22 2c 5c 22 69 6e 73 74 61 6e 63 65 |com\",\"instance|
|00000340| 2d 69 64 5c 22 3a 5c 22 69 2d 30 30 30 30 30 30 |-id\":\"i-000000|
|00000350| 30 30 5c 22 2c 5c 22 6c 6f 63 61 6c 2d 69 70 76 |00\",\"local-ipv|
|00000360| 34 5c 22 3a 5c 22 31 39 32 2e 31 36 38 2e 30 2e |4\":\"192.168.0.|
|00000370| 30 5c 22 2c 5c 22 69 6e 73 74 61 6e 63 65 2d 74 |0\",\"instance-t|
|00000380| 79 70 65 5c 22 3a 5c 22 6d 32 2e 78 6c 61 72 67 |ype\":\"m2.xlarg|
|00000390| 65 5c 22 2c 5c 22 61 6d 69 2d 69 64 5c 22 3a 5c |e\",\"ami-id\":\|
|000003a0| 22 61 6d 69 2d 30 30 30 30 30 30 30 30 5c 22 2c |"ami-00000000\",|
|000003b0| 5c 22 61 76 61 69 6c 61 62 69 6c 69 74 79 2d 7a |\"availability-z|
|000003c0| 6f 6e 65 5c 22 3a 5c 22 75 73 2d 65 61 73 74 2d |one\":\"us-east-|
|000003d0| 31 63 5c 22 7d 7d 2c 5c 22 6c 65 61 73 65 49 6e |1c\"}},\"leaseIn|
|000003e0| 66 6f 5c 22 3a 7b 5c 22 72 65 6e 65 77 61 6c 49 |fo\":{\"renewalI|
|000003f0| 6e 74 65 72 76 61 6c 49 6e 53 65 63 73 5c 22 3a |ntervalInSecs\":|
|00000400| 35 2c 5c 22 64 75 72 61 74 69 6f 6e 49 6e 53 65 |5,\"durationInSe|
|00000410| 63 73 5c 22 3a 31 35 2c 5c 22 72 65 67 69 73 74 |cs\":15,\"regist|
|00000420| 72 61 74 69 6f 6e 54 69 6d 65 73 74 61 6d 70 5c |rationTimestamp\|
|00000430| 22 3a 31 34 39 31 37 35 38 37 38 33 31 38 38 2c |":1491758783188,|
|00000440| 5c 22 6c 61 73 74 52 65 6e 65 77 61 6c 54 69 6d |\"lastRenewalTim|
|00000450| 65 73 74 61 6d 70 5c 22 3a 31 34 39 31 37 35 38 |estamp\":1491758|
|00000460| 37 38 33 31 39 33 2c 5c 22 65 76 69 63 74 69 6f |783193,\"evictio|
|00000470| 6e 54 69 6d 65 73 74 61 6d 70 5c 22 3a 31 34 39 |nTimestamp\":149|
|00000480| 31 37 35 38 37 38 33 32 30 33 2c 5c 22 73 65 72 |1758783203,\"ser|
|00000490| 76 69 63 65 55 70 54 69 6d 65 73 74 61 6d 70 5c |viceUpTimestamp\|
|000004a0| 22 3a 31 34 39 31 37 35 38 37 38 33 31 38 33 7d |":1491758783183}|
|000004b0| 2c 5c 22 6d 65 74 61 64 61 74 61 5c 22 3a 7b 5c |,\"metadata\":{\|
|000004c0| 22 61 70 70 4b 65 79 30 5c 22 3a 30 7d 2c 5c 22 |"appKey0\":0},\"|
|000004d0| 61 70 70 47 72 6f 75 70 4e 61 6d 65 5c 22 3a 5c |appGroupName\":\|
|000004e0| 22 41 50 50 4c 49 43 41 54 49 4f 4e 30 47 52 4f |"APPLICATION0GRO|
|000004f0| 55 50 5c 22 2c 5c 22 68 6f 6d 65 50 61 67 65 55 |UP\",\"homePageU|
|00000500| 72 6c 5c 22 3a 5c 22 68 74 74 70 3a 2f 2f 69 6e |rl\":\"http://in|
|00000510| 73 74 61 6e 63 65 30 2e 61 70 70 6c 69 63 61 74 |stance0.applicat|
|00000520| 69 6f 6e 30 2e 63 6f 6d 3a 38 30 38 30 2f 68 6f |ion0.com:8080/ho|
|00000530| 6d 65 70 61 67 65 5c 22 2c 5c 22 73 74 61 74 75 |mepage\",\"statu|
|00000540| 73 50 61 67 65 55 72 6c 5c 22 3a 5c 22 68 74 74 |sPageUrl\":\"htt|
|00000550| 70 3a 2f 2f 69 6e 73 74 61 6e 63 65 30 2e 61 70 |p://instance0.ap|
|00000560| 70 6c 69 63 61 74 69 6f 6e 30 2e 63 6f 6d 3a 38 |plication0.com:8|
|00000570| 30 38 30 2f 73 74 61 74 75 73 5c 22 2c 5c 22 68 |080/status\",\"h|
|00000580| 65 61 6c 74 68 43 68 65 63 6b 55 72 6c 5c 22 3a |ealthCheckUrl\":|
|00000590| 5c 22 68 74 74 70 3a 2f 2f 69 6e 73 74 61 6e 63 |\"http://instanc|
|000005a0| 65 30 2e 61 70 70 6c 69 63 61 74 69 6f 6e 30 2e |e0.application0.|
|000005b0| 63 6f 6d 3a 38 30 38 30 2f 68 65 61 6c 74 68 63 |com:8080/healthc|
|000005c0| 68 65 63 6b 5c 22 2c 5c 22 73 65 63 75 72 65 48 |heck\",\"secureH|
|000005d0| 65 61 6c 74 68 43 68 65 63 6b 55 72 6c 5c 22 3a |ealthCheckUrl\":|
|000005e0| 5c 22 68 74 74 70 73 3a 2f 2f 69 6e 73 74 61 6e |\"https://instan|
|000005f0| 63 65 30 2e 61 70 70 6c 69 63 61 74 69 6f 6e 30 |ce0.application0|
|00000600| 2e 63 6f 6d 3a 38 30 38 31 2f 68 65 61 6c 74 68 |.com:8081/health|
|00000610| 63 68 65 63 6b 5c 22 2c 5c 22 76 69 70 41 64 64 |check\",\"vipAdd|
|00000620| 72 65 73 73 5c 22 3a 5c 22 61 70 70 6c 69 63 61 |ress\":\"applica|
|00000630| 74 69 6f 6e 30 3a 38 30 38 30 5c 22 2c 5c 22 73 |tion0:8080\",\"s|
|00000640| 65 63 75 72 65 56 69 70 41 64 64 72 65 73 73 5c |ecureVipAddress\|
|00000650| 22 3a 5c 22 61 70 70 6c 69 63 61 74 69 6f 6e 30 |":\"application0|
|00000660| 3a 38 30 38 31 5c 22 2c 5c 22 69 73 43 6f 6f 72 |:8081\",\"isCoor|
|00000670| 64 69 6e 61 74 69 6e 67 44 69 73 63 6f 76 65 72 |dinatingDiscover|
|00000680| 79 53 65 72 76 65 72 5c 22 3a 74 72 75 65 2c 5c |yServer\":true,\|
|00000690| 22 6c 61 73 74 55 70 64 61 74 65 64 54 69 6d 65 |"lastUpdatedTime|
|000006a0| 73 74 61 6d 70 5c 22 3a 31 34 39 31 37 35 38 37 |stamp\":14917587|
|000006b0| 38 33 30 38 38 2c 5c 22 6c 61 73 74 44 69 72 74 |83088,\"lastDirt|
|000006c0| 79 54 69 6d 65 73 74 61 6d 70 5c 22 3a 31 34 39 |yTimestamp\":149|
|000006d0| 31 37 35 38 37 38 33 30 38 38 2c 5c 22 61 63 74 |1758783088,\"act|
|000006e0| 69 6f 6e 54 79 70 65 5c 22 3a 5c 22 41 44 44 45 |ionType\":\"ADDE|
|000006f0| 44 5c 22 2c 5c 22 61 73 67 4e 61 6d 65 5c 22 3a |D\",\"asgName\":|
|00000700| 5c 22 61 70 70 6c 69 63 61 74 69 6f 6e 30 41 53 |\"application0AS|
|00000710| 47 5c 22 7d 7d 7d 7d 22 2c 0a 20 20 20 20 22 68 |G\"}}}}",.    "h|
|00000720| 65 61 64 65 72 73 22 20 3a 20 5b 20 7b 0a 20 20 |eaders" : [ {.  |
|00000730| 20 20 20 20 22 6e 61 6d 65 22 20 3a 20 22 43 6f |    "name" : "Co|
|00000740| 6e 74 65 6e 74 2d 54 79 70 65 22 2c 0a 20 20 20 |ntent-Type",.   |
|00000750| 20 20 20 22 76 61 6c 75 65 73 22 20 3a 20 5b 20 |   "values" : [ |
|00000760| 22 61 70 70 6c 69 63 61 74 69 6f 6e 2f 6a 73 6f |"application/jso|
|00000770| 6e 22 20 5d 0a 20 20 20 20 7d 20 5d 0a 20 20 7d |n" ].    } ].  }|
|00000780| 2c 0a 20 20 22 74 69 6d 65 73 22 20 3a 20 7b 0a |,.  "times" : {.|
|00000790| 20 20 20 20 22 75 6e 6c 69 6d 69 74 65 64 22 20 |    "unlimited" |
|000007a0| 3a 20 74 72 75 65 0a 20 20 7d 0a 7d             |: true.  }.}    |
+--------+-------------------------------------------------+----------------+
19:26:23.940 [nioEventLoopGroup-8-1] DEBUG HttpClientInitializer --> - [id: 0x0698419b, /127.0.0.1:39990 => localhost/127.0.0.1:39378] FLUSH
19:26:23.940 [nioEventLoopGroup-8-1] DEBUG HttpClientInitializer --> - [id: 0x0698419b, /127.0.0.1:39990 => localhost/127.0.0.1:39378] ACTIVE
19:26:23.957 [nioEventLoopGroup-3-1] DEBUG i.n.handler.logging.LoggingHandler - [id: 0x4716e645, /127.0.0.1:39990 => /127.0.0.1:39378] RECEIVED(1964B)
         +-------------------------------------------------+
         |  0  1  2  3  4  5  6  7  8  9  a  b  c  d  e  f |
+--------+-------------------------------------------------+----------------+
|00000000| 7b 0a 20 20 22 68 74 74 70 52 65 71 75 65 73 74 |{.  "httpRequest|
|00000010| 22 20 3a 20 7b 0a 20 20 20 20 22 6d 65 74 68 6f |" : {.    "metho|
|00000020| 64 22 20 3a 20 22 47 45 54 22 2c 0a 20 20 20 20 |d" : "GET",.    |
|00000030| 22 70 61 74 68 22 20 3a 20 22 2f 65 75 72 65 6b |"path" : "/eurek|
|00000040| 61 2f 76 32 2f 61 70 70 73 2f 22 0a 20 20 7d 2c |a/v2/apps/".  },|
|00000050| 0a 20 20 22 68 74 74 70 52 65 73 70 6f 6e 73 65 |.  "httpResponse|
|00000060| 22 20 3a 20 7b 0a 20 20 20 20 22 73 74 61 74 75 |" : {.    "statu|
|00000070| 73 43 6f 64 65 22 20 3a 20 32 30 30 2c 0a 20 20 |sCode" : 200,.  |
|00000080| 20 20 22 62 6f 64 79 22 20 3a 20 22 7b 5c 22 61 |  "body" : "{\"a|
|00000090| 70 70 6c 69 63 61 74 69 6f 6e 73 5c 22 3a 7b 5c |pplications\":{\|
|000000a0| 22 76 65 72 73 69 6f 6e 73 5f 5f 64 65 6c 74 61 |"versions__delta|
|000000b0| 5c 22 3a 31 2c 5c 22 61 70 70 73 5f 5f 68 61 73 |\":1,\"apps__has|
|000000c0| 68 63 6f 64 65 5c 22 3a 5c 22 55 50 5f 31 5f 5c |hcode\":\"UP_1_\|
|000000d0| 22 2c 5c 22 61 70 70 6c 69 63 61 74 69 6f 6e 5c |",\"application\|
|000000e0| 22 3a 7b 5c 22 6e 61 6d 65 5c 22 3a 5c 22 41 50 |":{\"name\":\"AP|
|000000f0| 50 4c 49 43 41 54 49 4f 4e 30 5c 22 2c 5c 22 69 |PLICATION0\",\"i|
|00000100| 6e 73 74 61 6e 63 65 5c 22 3a 7b 5c 22 69 6e 73 |nstance\":{\"ins|
|00000110| 74 61 6e 63 65 49 64 5c 22 3a 5c 22 69 2d 30 30 |tanceId\":\"i-00|
|00000120| 30 30 30 30 30 30 5c 22 2c 5c 22 68 6f 73 74 4e |000000\",\"hostN|
|00000130| 61 6d 65 5c 22 3a 5c 22 69 6e 73 74 61 6e 63 65 |ame\":\"instance|
|00000140| 30 2e 61 70 70 6c 69 63 61 74 69 6f 6e 30 2e 63 |0.application0.c|
|00000150| 6f 6d 5c 22 2c 5c 22 61 70 70 5c 22 3a 5c 22 41 |om\",\"app\":\"A|
|00000160| 50 50 4c 49 43 41 54 49 4f 4e 30 5c 22 2c 5c 22 |PPLICATION0\",\"|
|00000170| 69 70 41 64 64 72 5c 22 3a 5c 22 32 30 2e 30 2e |ipAddr\":\"20.0.|
|00000180| 30 2e 30 5c 22 2c 5c 22 73 74 61 74 75 73 5c 22 |0.0\",\"status\"|
|00000190| 3a 5c 22 55 50 5c 22 2c 5c 22 6f 76 65 72 72 69 |:\"UP\",\"overri|
|000001a0| 64 64 65 6e 73 74 61 74 75 73 5c 22 3a 5c 22 55 |ddenstatus\":\"U|
|000001b0| 4e 4b 4e 4f 57 4e 5c 22 2c 5c 22 70 6f 72 74 5c |NKNOWN\",\"port\|
|000001c0| 22 3a 7b 5c 22 40 65 6e 61 62 6c 65 64 5c 22 3a |":{\"@enabled\":|
|000001d0| 5c 22 74 72 75 65 5c 22 2c 5c 22 24 5c 22 3a 5c |\"true\",\"$\":\|
|000001e0| 22 38 30 38 30 5c 22 7d 2c 5c 22 73 65 63 75 72 |"8080\"},\"secur|
|000001f0| 65 50 6f 72 74 5c 22 3a 7b 5c 22 40 65 6e 61 62 |ePort\":{\"@enab|
|00000200| 6c 65 64 5c 22 3a 5c 22 74 72 75 65 5c 22 2c 5c |led\":\"true\",\|
|00000210| 22 24 5c 22 3a 5c 22 38 30 38 31 5c 22 7d 2c 5c |"$\":\"8081\"},\|
|00000220| 22 63 6f 75 6e 74 72 79 49 64 5c 22 3a 31 2c 5c |"countryId\":1,\|
|00000230| 22 64 61 74 61 43 65 6e 74 65 72 49 6e 66 6f 5c |"dataCenterInfo\|
|00000240| 22 3a 7b 5c 22 40 63 6c 61 73 73 5c 22 3a 5c 22 |":{\"@class\":\"|
|00000250| 63 6f 6d 2e 6e 65 74 66 6c 69 78 2e 61 70 70 69 |com.netflix.appi|
|00000260| 6e 66 6f 2e 41 6d 61 7a 6f 6e 49 6e 66 6f 5c 22 |nfo.AmazonInfo\"|
|00000270| 2c 5c 22 6e 61 6d 65 5c 22 3a 5c 22 41 6d 61 7a |,\"name\":\"Amaz|
|00000280| 6f 6e 5c 22 2c 5c 22 6d 65 74 61 64 61 74 61 5c |on\",\"metadata\|
|00000290| 22 3a 7b 5c 22 70 75 62 6c 69 63 2d 69 70 76 34 |":{\"public-ipv4|
|000002a0| 5c 22 3a 5c 22 32 30 2e 30 2e 30 2e 30 5c 22 2c |\":\"20.0.0.0\",|
|000002b0| 5c 22 61 63 63 6f 75 6e 74 49 64 5c 22 3a 5c 22 |\"accountId\":\"|
|000002c0| 74 65 73 74 41 63 63 6f 75 6e 74 49 64 5c 22 2c |testAccountId\",|
|000002d0| 5c 22 6c 6f 63 61 6c 2d 68 6f 73 74 6e 61 6d 65 |\"local-hostname|
|000002e0| 5c 22 3a 5c 22 69 70 2d 31 30 2e 30 30 2e 30 2e |\":\"ip-10.00.0.|
|000002f0| 63 6f 6d 70 75 74 65 2e 69 6e 74 65 72 6e 61 6c |compute.internal|
|00000300| 5c 22 2c 5c 22 70 75 62 6c 69 63 2d 68 6f 73 74 |\",\"public-host|
|00000310| 6e 61 6d 65 5c 22 3a 5c 22 69 6e 73 74 61 6e 63 |name\":\"instanc|
|00000320| 65 30 2e 61 70 70 6c 69 63 61 74 69 6f 6e 30 2e |e0.application0.|
|00000330| 63 6f 6d 5c 22 2c 5c 22 69 6e 73 74 61 6e 63 65 |com\",\"instance|
|00000340| 2d 69 64 5c 22 3a 5c 22 69 2d 30 30 30 30 30 30 |-id\":\"i-000000|
|00000350| 30 30 5c 22 2c 5c 22 6c 6f 63 61 6c 2d 69 70 76 |00\",\"local-ipv|
|00000360| 34 5c 22 3a 5c 22 31 39 32 2e 31 36 38 2e 30 2e |4\":\"192.168.0.|
|00000370| 30 5c 22 2c 5c 22 69 6e 73 74 61 6e 63 65 2d 74 |0\",\"instance-t|
|00000380| 79 70 65 5c 22 3a 5c 22 6d 32 2e 78 6c 61 72 67 |ype\":\"m2.xlarg|
|00000390| 65 5c 22 2c 5c 22 61 6d 69 2d 69 64 5c 22 3a 5c |e\",\"ami-id\":\|
|000003a0| 22 61 6d 69 2d 30 30 30 30 30 30 30 30 5c 22 2c |"ami-00000000\",|
|000003b0| 5c 22 61 76 61 69 6c 61 62 69 6c 69 74 79 2d 7a |\"availability-z|
|000003c0| 6f 6e 65 5c 22 3a 5c 22 75 73 2d 65 61 73 74 2d |one\":\"us-east-|
|000003d0| 31 63 5c 22 7d 7d 2c 5c 22 6c 65 61 73 65 49 6e |1c\"}},\"leaseIn|
|000003e0| 66 6f 5c 22 3a 7b 5c 22 72 65 6e 65 77 61 6c 49 |fo\":{\"renewalI|
|000003f0| 6e 74 65 72 76 61 6c 49 6e 53 65 63 73 5c 22 3a |ntervalInSecs\":|
|00000400| 35 2c 5c 22 64 75 72 61 74 69 6f 6e 49 6e 53 65 |5,\"durationInSe|
|00000410| 63 73 5c 22 3a 31 35 2c 5c 22 72 65 67 69 73 74 |cs\":15,\"regist|
|00000420| 72 61 74 69 6f 6e 54 69 6d 65 73 74 61 6d 70 5c |rationTimestamp\|
|00000430| 22 3a 31 34 39 31 37 35 38 37 38 33 31 38 38 2c |":1491758783188,|
|00000440| 5c 22 6c 61 73 74 52 65 6e 65 77 61 6c 54 69 6d |\"lastRenewalTim|
|00000450| 65 73 74 61 6d 70 5c 22 3a 31 34 39 31 37 35 38 |estamp\":1491758|
|00000460| 37 38 33 31 39 33 2c 5c 22 65 76 69 63 74 69 6f |783193,\"evictio|
|00000470| 6e 54 69 6d 65 73 74 61 6d 70 5c 22 3a 31 34 39 |nTimestamp\":149|
|00000480| 31 37 35 38 37 38 33 32 30 33 2c 5c 22 73 65 72 |1758783203,\"ser|
|00000490| 76 69 63 65 55 70 54 69 6d 65 73 74 61 6d 70 5c |viceUpTimestamp\|
|000004a0| 22 3a 31 34 39 31 37 35 38 37 38 33 31 38 33 7d |":1491758783183}|
|000004b0| 2c 5c 22 6d 65 74 61 64 61 74 61 5c 22 3a 7b 5c |,\"metadata\":{\|
|000004c0| 22 61 70 70 4b 65 79 30 5c 22 3a 30 7d 2c 5c 22 |"appKey0\":0},\"|
|000004d0| 61 70 70 47 72 6f 75 70 4e 61 6d 65 5c 22 3a 5c |appGroupName\":\|
|000004e0| 22 41 50 50 4c 49 43 41 54 49 4f 4e 30 47 52 4f |"APPLICATION0GRO|
|000004f0| 55 50 5c 22 2c 5c 22 68 6f 6d 65 50 61 67 65 55 |UP\",\"homePageU|
|00000500| 72 6c 5c 22 3a 5c 22 68 74 74 70 3a 2f 2f 69 6e |rl\":\"http://in|
|00000510| 73 74 61 6e 63 65 30 2e 61 70 70 6c 69 63 61 74 |stance0.applicat|
|00000520| 69 6f 6e 30 2e 63 6f 6d 3a 38 30 38 30 2f 68 6f |ion0.com:8080/ho|
|00000530| 6d 65 70 61 67 65 5c 22 2c 5c 22 73 74 61 74 75 |mepage\",\"statu|
|00000540| 73 50 61 67 65 55 72 6c 5c 22 3a 5c 22 68 74 74 |sPageUrl\":\"htt|
|00000550| 70 3a 2f 2f 69 6e 73 74 61 6e 63 65 30 2e 61 70 |p://instance0.ap|
|00000560| 70 6c 69 63 61 74 69 6f 6e 30 2e 63 6f 6d 3a 38 |plication0.com:8|
|00000570| 30 38 30 2f 73 74 61 74 75 73 5c 22 2c 5c 22 68 |080/status\",\"h|
|00000580| 65 61 6c 74 68 43 68 65 63 6b 55 72 6c 5c 22 3a |ealthCheckUrl\":|
|00000590| 5c 22 68 74 74 70 3a 2f 2f 69 6e 73 74 61 6e 63 |\"http://instanc|
|000005a0| 65 30 2e 61 70 70 6c 69 63 61 74 69 6f 6e 30 2e |e0.application0.|
|000005b0| 63 6f 6d 3a 38 30 38 30 2f 68 65 61 6c 74 68 63 |com:8080/healthc|
|000005c0| 68 65 63 6b 5c 22 2c 5c 22 73 65 63 75 72 65 48 |heck\",\"secureH|
|000005d0| 65 61 6c 74 68 43 68 65 63 6b 55 72 6c 5c 22 3a |ealthCheckUrl\":|
|000005e0| 5c 22 68 74 74 70 73 3a 2f 2f 69 6e 73 74 61 6e |\"https://instan|
|000005f0| 63 65 30 2e 61 70 70 6c 69 63 61 74 69 6f 6e 30 |ce0.application0|
|00000600| 2e 63 6f 6d 3a 38 30 38 31 2f 68 65 61 6c 74 68 |.com:8081/health|
|00000610| 63 68 65 63 6b 5c 22 2c 5c 22 76 69 70 41 64 64 |check\",\"vipAdd|
|00000620| 72 65 73 73 5c 22 3a 5c 22 61 70 70 6c 69 63 61 |ress\":\"applica|
|00000630| 74 69 6f 6e 30 3a 38 30 38 30 5c 22 2c 5c 22 73 |tion0:8080\",\"s|
|00000640| 65 63 75 72 65 56 69 70 41 64 64 72 65 73 73 5c |ecureVipAddress\|
|00000650| 22 3a 5c 22 61 70 70 6c 69 63 61 74 69 6f 6e 30 |":\"application0|
|00000660| 3a 38 30 38 31 5c 22 2c 5c 22 69 73 43 6f 6f 72 |:8081\",\"isCoor|
|00000670| 64 69 6e 61 74 69 6e 67 44 69 73 63 6f 76 65 72 |dinatingDiscover|
|00000680| 79 53 65 72 76 65 72 5c 22 3a 74 72 75 65 2c 5c |yServer\":true,\|
|00000690| 22 6c 61 73 74 55 70 64 61 74 65 64 54 69 6d 65 |"lastUpdatedTime|
|000006a0| 73 74 61 6d 70 5c 22 3a 31 34 39 31 37 35 38 37 |stamp\":14917587|
|000006b0| 38 33 30 38 38 2c 5c 22 6c 61 73 74 44 69 72 74 |83088,\"lastDirt|
|000006c0| 79 54 69 6d 65 73 74 61 6d 70 5c 22 3a 31 34 39 |yTimestamp\":149|
|000006d0| 31 37 35 38 37 38 33 30 38 38 2c 5c 22 61 63 74 |1758783088,\"act|
|000006e0| 69 6f 6e 54 79 70 65 5c 22 3a 5c 22 41 44 44 45 |ionType\":\"ADDE|
|000006f0| 44 5c 22 2c 5c 22 61 73 67 4e 61 6d 65 5c 22 3a |D\",\"asgName\":|
|00000700| 5c 22 61 70 70 6c 69 63 61 74 69 6f 6e 30 41 53 |\"application0AS|
|00000710| 47 5c 22 7d 7d 7d 7d 22 2c 0a 20 20 20 20 22 68 |G\"}}}}",.    "h|
|00000720| 65 61 64 65 72 73 22 20 3a 20 5b 20 7b 0a 20 20 |eaders" : [ {.  |
|00000730| 20 20 20 20 22 6e 61 6d 65 22 20 3a 20 22 43 6f |    "name" : "Co|
|00000740| 6e 74 65 6e 74 2d 54 79 70 65 22 2c 0a 20 20 20 |ntent-Type",.   |
|00000750| 20 20 20 22 76 61 6c 75 65 73 22 20 3a 20 5b 20 |   "values" : [ |
|00000760| 22 61 70 70 6c 69 63 61 74 69 6f 6e 2f 6a 73 6f |"application/jso|
|00000770| 6e 22 20 5d 0a 20 20 20 20 7d 20 5d 0a 20 20 7d |n" ].    } ].  }|
|00000780| 2c 0a 20 20 22 74 69 6d 65 73 22 20 3a 20 7b 0a |,.  "times" : {.|
|00000790| 20 20 20 20 22 75 6e 6c 69 6d 69 74 65 64 22 20 |    "unlimited" |
|000007a0| 3a 20 74 72 75 65 0a 20 20 7d 0a 7d             |: true.  }.}    |
+--------+-------------------------------------------------+----------------+
19:26:23.995 [nioEventLoopGroup-3-1] DEBUG i.n.handler.logging.LoggingHandler - [id: 0x4716e645, /127.0.0.1:39990 => /127.0.0.1:39378] WRITE(0B)
         +-------------------------------------------------+
         |  0  1  2  3  4  5  6  7  8  9  a  b  c  d  e  f |
+--------+-------------------------------------------------+----------------+
+--------+-------------------------------------------------+----------------+
19:26:23.998 [nioEventLoopGroup-3-1] DEBUG i.n.handler.logging.LoggingHandler - [id: 0x4716e645, /127.0.0.1:39990 => /127.0.0.1:39378] FLUSH
19:26:23.999 [nioEventLoopGroup-8-1] DEBUG HttpClientInitializer --> - [id: 0x0698419b, /127.0.0.1:39990 => localhost/127.0.0.1:39378] RECEIVED(67B)
         +-------------------------------------------------+
         |  0  1  2  3  4  5  6  7  8  9  a  b  c  d  e  f |
+--------+-------------------------------------------------+----------------+
|00000000| 48 54 54 50 2f 31 2e 31 20 32 30 31 20 43 72 65 |HTTP/1.1 201 Cre|
|00000010| 61 74 65 64 0d 0a 43 6f 6e 74 65 6e 74 2d 4c 65 |ated..Content-Le|
|00000020| 6e 67 74 68 3a 20 30 0d 0a 43 6f 6e 6e 65 63 74 |ngth: 0..Connect|
|00000030| 69 6f 6e 3a 20 6b 65 65 70 2d 61 6c 69 76 65 0d |ion: keep-alive.|
|00000040| 0a 0d 0a                                        |...             |
+--------+-------------------------------------------------+----------------+
19:26:23.999 [nioEventLoopGroup-8-1] DEBUG HttpClientInitializer --> - [id: 0x0698419b, /127.0.0.1:39990 => localhost/127.0.0.1:39378] CLOSE()
19:26:24.000 [nioEventLoopGroup-8-1] DEBUG HttpClientInitializer --> - [id: 0x0698419b, /127.0.0.1:39990 :> localhost/127.0.0.1:39378] INACTIVE
19:26:24.000 [nioEventLoopGroup-8-1] DEBUG HttpClientInitializer --> - [id: 0x0698419b, /127.0.0.1:39990 :> localhost/127.0.0.1:39378] UNREGISTERED
19:26:23.999 [Test worker] DEBUG o.m.client.netty.NettyHttpClient - Received response: {
  "statusCode" : 201,
  "body" : "",
  "headers" : [ {
    "name" : "Connection",
    "values" : [ "keep-alive" ]
  }, {
    "name" : "Content-Length",
    "values" : [ "0" ]
  } ]
}
19:26:24.007 [nioEventLoopGroup-3-1] DEBUG i.n.handler.logging.LoggingHandler - [id: 0x4716e645, /127.0.0.1:39990 => /127.0.0.1:39378] FLUSH
19:26:24.008 [nioEventLoopGroup-3-1] DEBUG i.n.handler.logging.LoggingHandler - [id: 0x4716e645, /127.0.0.1:39990 :> /127.0.0.1:39378] INACTIVE
19:26:24.010 [nioEventLoopGroup-3-1] DEBUG i.n.handler.logging.LoggingHandler - [id: 0x4716e645, /127.0.0.1:39990 :> /127.0.0.1:39378] UNREGISTERED
19:26:24.052 [Test worker] DEBUG o.m.client.netty.NettyHttpClient - Sending request: {
  "method" : "PUT",
  "path" : "/expectation",
  "body" : "{\n  \"httpRequest\" : {\n    \"method\" : \"GET\",\n    \"path\" : \"/eureka/v2/apps/delta\"\n  },\n  \"httpResponse\" : {\n    \"statusCode\" : 200,\n    \"body\" : \"{\\\"applications\\\":{\\\"versions__delta\\\":1,\\\"apps__hashcode\\\":\\\"UP_2_\\\",\\\"application\\\":{\\\"name\\\":\\\"APPLICATION0\\\",\\\"instance\\\":{\\\"instanceId\\\":\\\"i-00000001\\\",\\\"hostName\\\":\\\"instance1.application0.com\\\",\\\"app\\\":\\\"APPLICATION0\\\",\\\"ipAddr\\\":\\\"20.0.0.1\\\",\\\"status\\\":\\\"UP\\\",\\\"overriddenstatus\\\":\\\"UNKNOWN\\\",\\\"port\\\":{\\\"@enabled\\\":\\\"true\\\",\\\"$\\\":\\\"8080\\\"},\\\"securePort\\\":{\\\"@enabled\\\":\\\"true\\\",\\\"$\\\":\\\"8081\\\"},\\\"countryId\\\":1,\\\"dataCenterInfo\\\":{\\\"@class\\\":\\\"com.netflix.appinfo.AmazonInfo\\\",\\\"name\\\":\\\"Amazon\\\",\\\"metadata\\\":{\\\"public-ipv4\\\":\\\"20.0.0.1\\\",\\\"accountId\\\":\\\"testAccountId\\\",\\\"local-hostname\\\":\\\"ip-10.00.1.compute.internal\\\",\\\"public-hostname\\\":\\\"instance1.application0.com\\\",\\\"instance-id\\\":\\\"i-00000001\\\",\\\"local-ipv4\\\":\\\"192.168.0.1\\\",\\\"instance-type\\\":\\\"m2.xlarge\\\",\\\"ami-id\\\":\\\"ami-00000001\\\",\\\"availability-zone\\\":\\\"us-east-1c\\\"}},\\\"leaseInfo\\\":{\\\"renewalIntervalInSecs\\\":5,\\\"durationInSecs\\\":15,\\\"registrationTimestamp\\\":1491758783445,\\\"lastRenewalTimestamp\\\":1491758783450,\\\"evictionTimestamp\\\":1491758783460,\\\"serviceUpTimestamp\\\":1491758783440},\\\"metadata\\\":{\\\"appKey0\\\":1},\\\"appGroupName\\\":\\\"APPLICATION0GROUP\\\",\\\"homePageUrl\\\":\\\"http://instance1.application0.com:8080/homepage\\\",\\\"statusPageUrl\\\":\\\"http://instance1.application0.com:8080/status\\\",\\\"healthCheckUrl\\\":\\\"http://instance1.application0.com:8080/healthcheck\\\",\\\"secureHealthCheckUrl\\\":\\\"https://instance1.application0.com:8081/healthcheck\\\",\\\"vipAddress\\\":\\\"application0:8080\\\",\\\"secureVipAddress\\\":\\\"application0:8081\\\",\\\"isCoordinatingDiscoveryServer\\\":true,\\\"lastUpdatedTimestamp\\\":1491758783345,\\\"lastDirtyTimestamp\\\":1491758783345,\\\"actionType\\\":\\\"ADDED\\\",\\\"asgName\\\":\\\"application0ASG\\\"}}}}\",\n    \"headers\" : [ {\n      \"name\" : \"Content-Type\",\n      \"values\" : [ \"application/json\" ]\n    } ]\n  },\n  \"times\" : {\n    \"unlimited\" : true\n  }\n}",
  "host" : "localhost",
  "port" : 39378
}
19:26:24.059 [nioEventLoopGroup-9-1] DEBUG HttpClientInitializer --> - [id: 0x0ae14d6f] REGISTERED
19:26:24.059 [nioEventLoopGroup-9-1] DEBUG HttpClientInitializer --> - [id: 0x0ae14d6f] CONNECT(localhost/127.0.0.1:39378, null)
19:26:24.061 [nioEventLoopGroup-9-1] DEBUG HttpClientInitializer --> - [id: 0x0ae14d6f, /127.0.0.1:39992 => localhost/127.0.0.1:39378] WRITE(129B)
         +-------------------------------------------------+
         |  0  1  2  3  4  5  6  7  8  9  a  b  c  d  e  f |
+--------+-------------------------------------------------+----------------+
|00000000| 50 55 54 20 2f 65 78 70 65 63 74 61 74 69 6f 6e |PUT /expectation|
|00000010| 20 48 54 54 50 2f 31 2e 31 0d 0a 48 6f 73 74 3a | HTTP/1.1..Host:|
|00000020| 20 6c 6f 63 61 6c 68 6f 73 74 3a 33 39 33 37 38 | localhost:39378|
|00000030| 0d 0a 41 63 63 65 70 74 2d 45 6e 63 6f 64 69 6e |..Accept-Encodin|
|00000040| 67 3a 20 67 7a 69 70 2c 64 65 66 6c 61 74 65 0d |g: gzip,deflate.|
|00000050| 0a 43 6f 6e 74 65 6e 74 2d 4c 65 6e 67 74 68 3a |.Content-Length:|
|00000060| 20 31 39 36 39 0d 0a 43 6f 6e 6e 65 63 74 69 6f | 1969..Connectio|
|00000070| 6e 3a 20 6b 65 65 70 2d 61 6c 69 76 65 0d 0a 0d |n: keep-alive...|
|00000080| 0a                                              |.               |
+--------+-------------------------------------------------+----------------+
19:26:24.062 [nioEventLoopGroup-9-1] DEBUG HttpClientInitializer --> - [id: 0x0ae14d6f, /127.0.0.1:39992 => localhost/127.0.0.1:39378] WRITE(1969B)
         +-------------------------------------------------+
         |  0  1  2  3  4  5  6  7  8  9  a  b  c  d  e  f |
+--------+-------------------------------------------------+----------------+
|00000000| 7b 0a 20 20 22 68 74 74 70 52 65 71 75 65 73 74 |{.  "httpRequest|
|00000010| 22 20 3a 20 7b 0a 20 20 20 20 22 6d 65 74 68 6f |" : {.    "metho|
|00000020| 64 22 20 3a 20 22 47 45 54 22 2c 0a 20 20 20 20 |d" : "GET",.    |
|00000030| 22 70 61 74 68 22 20 3a 20 22 2f 65 75 72 65 6b |"path" : "/eurek|
|00000040| 61 2f 76 32 2f 61 70 70 73 2f 64 65 6c 74 61 22 |a/v2/apps/delta"|
|00000050| 0a 20 20 7d 2c 0a 20 20 22 68 74 74 70 52 65 73 |.  },.  "httpRes|
|00000060| 70 6f 6e 73 65 22 20 3a 20 7b 0a 20 20 20 20 22 |ponse" : {.    "|
|00000070| 73 74 61 74 75 73 43 6f 64 65 22 20 3a 20 32 30 |statusCode" : 20|
|00000080| 30 2c 0a 20 20 20 20 22 62 6f 64 79 22 20 3a 20 |0,.    "body" : |
|00000090| 22 7b 5c 22 61 70 70 6c 69 63 61 74 69 6f 6e 73 |"{\"applications|
|000000a0| 5c 22 3a 7b 5c 22 76 65 72 73 69 6f 6e 73 5f 5f |\":{\"versions__|
|000000b0| 64 65 6c 74 61 5c 22 3a 31 2c 5c 22 61 70 70 73 |delta\":1,\"apps|
|000000c0| 5f 5f 68 61 73 68 63 6f 64 65 5c 22 3a 5c 22 55 |__hashcode\":\"U|
|000000d0| 50 5f 32 5f 5c 22 2c 5c 22 61 70 70 6c 69 63 61 |P_2_\",\"applica|
|000000e0| 74 69 6f 6e 5c 22 3a 7b 5c 22 6e 61 6d 65 5c 22 |tion\":{\"name\"|
|000000f0| 3a 5c 22 41 50 50 4c 49 43 41 54 49 4f 4e 30 5c |:\"APPLICATION0\|
|00000100| 22 2c 5c 22 69 6e 73 74 61 6e 63 65 5c 22 3a 7b |",\"instance\":{|
|00000110| 5c 22 69 6e 73 74 61 6e 63 65 49 64 5c 22 3a 5c |\"instanceId\":\|
|00000120| 22 69 2d 30 30 30 30 30 30 30 31 5c 22 2c 5c 22 |"i-00000001\",\"|
|00000130| 68 6f 73 74 4e 61 6d 65 5c 22 3a 5c 22 69 6e 73 |hostName\":\"ins|
|00000140| 74 61 6e 63 65 31 2e 61 70 70 6c 69 63 61 74 69 |tance1.applicati|
|00000150| 6f 6e 30 2e 63 6f 6d 5c 22 2c 5c 22 61 70 70 5c |on0.com\",\"app\|
|00000160| 22 3a 5c 22 41 50 50 4c 49 43 41 54 49 4f 4e 30 |":\"APPLICATION0|
|00000170| 5c 22 2c 5c 22 69 70 41 64 64 72 5c 22 3a 5c 22 |\",\"ipAddr\":\"|
|00000180| 32 30 2e 30 2e 30 2e 31 5c 22 2c 5c 22 73 74 61 |20.0.0.1\",\"sta|
|00000190| 74 75 73 5c 22 3a 5c 22 55 50 5c 22 2c 5c 22 6f |tus\":\"UP\",\"o|
|000001a0| 76 65 72 72 69 64 64 65 6e 73 74 61 74 75 73 5c |verriddenstatus\|
|000001b0| 22 3a 5c 22 55 4e 4b 4e 4f 57 4e 5c 22 2c 5c 22 |":\"UNKNOWN\",\"|
|000001c0| 70 6f 72 74 5c 22 3a 7b 5c 22 40 65 6e 61 62 6c |port\":{\"@enabl|
|000001d0| 65 64 5c 22 3a 5c 22 74 72 75 65 5c 22 2c 5c 22 |ed\":\"true\",\"|
|000001e0| 24 5c 22 3a 5c 22 38 30 38 30 5c 22 7d 2c 5c 22 |$\":\"8080\"},\"|
|000001f0| 73 65 63 75 72 65 50 6f 72 74 5c 22 3a 7b 5c 22 |securePort\":{\"|
|00000200| 40 65 6e 61 62 6c 65 64 5c 22 3a 5c 22 74 72 75 |@enabled\":\"tru|
|00000210| 65 5c 22 2c 5c 22 24 5c 22 3a 5c 22 38 30 38 31 |e\",\"$\":\"8081|
|00000220| 5c 22 7d 2c 5c 22 63 6f 75 6e 74 72 79 49 64 5c |\"},\"countryId\|
|00000230| 22 3a 31 2c 5c 22 64 61 74 61 43 65 6e 74 65 72 |":1,\"dataCenter|
|00000240| 49 6e 66 6f 5c 22 3a 7b 5c 22 40 63 6c 61 73 73 |Info\":{\"@class|
|00000250| 5c 22 3a 5c 22 63 6f 6d 2e 6e 65 74 66 6c 69 78 |\":\"com.netflix|
|00000260| 2e 61 70 70 69 6e 66 6f 2e 41 6d 61 7a 6f 6e 49 |.appinfo.AmazonI|
|00000270| 6e 66 6f 5c 22 2c 5c 22 6e 61 6d 65 5c 22 3a 5c |nfo\",\"name\":\|
|00000280| 22 41 6d 61 7a 6f 6e 5c 22 2c 5c 22 6d 65 74 61 |"Amazon\",\"meta|
|00000290| 64 61 74 61 5c 22 3a 7b 5c 22 70 75 62 6c 69 63 |data\":{\"public|
|000002a0| 2d 69 70 76 34 5c 22 3a 5c 22 32 30 2e 30 2e 30 |-ipv4\":\"20.0.0|
|000002b0| 2e 31 5c 22 2c 5c 22 61 63 63 6f 75 6e 74 49 64 |.1\",\"accountId|
|000002c0| 5c 22 3a 5c 22 74 65 73 74 41 63 63 6f 75 6e 74 |\":\"testAccount|
|000002d0| 49 64 5c 22 2c 5c 22 6c 6f 63 61 6c 2d 68 6f 73 |Id\",\"local-hos|
|000002e0| 74 6e 61 6d 65 5c 22 3a 5c 22 69 70 2d 31 30 2e |tname\":\"ip-10.|
|000002f0| 30 30 2e 31 2e 63 6f 6d 70 75 74 65 2e 69 6e 74 |00.1.compute.int|
|00000300| 65 72 6e 61 6c 5c 22 2c 5c 22 70 75 62 6c 69 63 |ernal\",\"public|
|00000310| 2d 68 6f 73 74 6e 61 6d 65 5c 22 3a 5c 22 69 6e |-hostname\":\"in|
|00000320| 73 74 61 6e 63 65 31 2e 61 70 70 6c 69 63 61 74 |stance1.applicat|
|00000330| 69 6f 6e 30 2e 63 6f 6d 5c 22 2c 5c 22 69 6e 73 |ion0.com\",\"ins|
|00000340| 74 61 6e 63 65 2d 69 64 5c 22 3a 5c 22 69 2d 30 |tance-id\":\"i-0|
|00000350| 30 30 30 30 30 30 31 5c 22 2c 5c 22 6c 6f 63 61 |0000001\",\"loca|
|00000360| 6c 2d 69 70 76 34 5c 22 3a 5c 22 31 39 32 2e 31 |l-ipv4\":\"192.1|
|00000370| 36 38 2e 30 2e 31 5c 22 2c 5c 22 69 6e 73 74 61 |68.0.1\",\"insta|
|00000380| 6e 63 65 2d 74 79 70 65 5c 22 3a 5c 22 6d 32 2e |nce-type\":\"m2.|
|00000390| 78 6c 61 72 67 65 5c 22 2c 5c 22 61 6d 69 2d 69 |xlarge\",\"ami-i|
|000003a0| 64 5c 22 3a 5c 22 61 6d 69 2d 30 30 30 30 30 30 |d\":\"ami-000000|
|000003b0| 30 31 5c 22 2c 5c 22 61 76 61 69 6c 61 62 69 6c |01\",\"availabil|
|000003c0| 69 74 79 2d 7a 6f 6e 65 5c 22 3a 5c 22 75 73 2d |ity-zone\":\"us-|
|000003d0| 65 61 73 74 2d 31 63 5c 22 7d 7d 2c 5c 22 6c 65 |east-1c\"}},\"le|
|000003e0| 61 73 65 49 6e 66 6f 5c 22 3a 7b 5c 22 72 65 6e |aseInfo\":{\"ren|
|000003f0| 65 77 61 6c 49 6e 74 65 72 76 61 6c 49 6e 53 65 |ewalIntervalInSe|
|00000400| 63 73 5c 22 3a 35 2c 5c 22 64 75 72 61 74 69 6f |cs\":5,\"duratio|
|00000410| 6e 49 6e 53 65 63 73 5c 22 3a 31 35 2c 5c 22 72 |nInSecs\":15,\"r|
|00000420| 65 67 69 73 74 72 61 74 69 6f 6e 54 69 6d 65 73 |egistrationTimes|
|00000430| 74 61 6d 70 5c 22 3a 31 34 39 31 37 35 38 37 38 |tamp\":149175878|
|00000440| 33 34 34 35 2c 5c 22 6c 61 73 74 52 65 6e 65 77 |3445,\"lastRenew|
|00000450| 61 6c 54 69 6d 65 73 74 61 6d 70 5c 22 3a 31 34 |alTimestamp\":14|
|00000460| 39 31 37 35 38 37 38 33 34 35 30 2c 5c 22 65 76 |91758783450,\"ev|
|00000470| 69 63 74 69 6f 6e 54 69 6d 65 73 74 61 6d 70 5c |ictionTimestamp\|
|00000480| 22 3a 31 34 39 31 37 35 38 37 38 33 34 36 30 2c |":1491758783460,|
|00000490| 5c 22 73 65 72 76 69 63 65 55 70 54 69 6d 65 73 |\"serviceUpTimes|
|000004a0| 74 61 6d 70 5c 22 3a 31 34 39 31 37 35 38 37 38 |tamp\":149175878|
|000004b0| 33 34 34 30 7d 2c 5c 22 6d 65 74 61 64 61 74 61 |3440},\"metadata|
|000004c0| 5c 22 3a 7b 5c 22 61 70 70 4b 65 79 30 5c 22 3a |\":{\"appKey0\":|
|000004d0| 31 7d 2c 5c 22 61 70 70 47 72 6f 75 70 4e 61 6d |1},\"appGroupNam|
|000004e0| 65 5c 22 3a 5c 22 41 50 50 4c 49 43 41 54 49 4f |e\":\"APPLICATIO|
|000004f0| 4e 30 47 52 4f 55 50 5c 22 2c 5c 22 68 6f 6d 65 |N0GROUP\",\"home|
|00000500| 50 61 67 65 55 72 6c 5c 22 3a 5c 22 68 74 74 70 |PageUrl\":\"http|
|00000510| 3a 2f 2f 69 6e 73 74 61 6e 63 65 31 2e 61 70 70 |://instance1.app|
|00000520| 6c 69 63 61 74 69 6f 6e 30 2e 63 6f 6d 3a 38 30 |lication0.com:80|
|00000530| 38 30 2f 68 6f 6d 65 70 61 67 65 5c 22 2c 5c 22 |80/homepage\",\"|
|00000540| 73 74 61 74 75 73 50 61 67 65 55 72 6c 5c 22 3a |statusPageUrl\":|
|00000550| 5c 22 68 74 74 70 3a 2f 2f 69 6e 73 74 61 6e 63 |\"http://instanc|
|00000560| 65 31 2e 61 70 70 6c 69 63 61 74 69 6f 6e 30 2e |e1.application0.|
|00000570| 63 6f 6d 3a 38 30 38 30 2f 73 74 61 74 75 73 5c |com:8080/status\|
|00000580| 22 2c 5c 22 68 65 61 6c 74 68 43 68 65 63 6b 55 |",\"healthCheckU|
|00000590| 72 6c 5c 22 3a 5c 22 68 74 74 70 3a 2f 2f 69 6e |rl\":\"http://in|
|000005a0| 73 74 61 6e 63 65 31 2e 61 70 70 6c 69 63 61 74 |stance1.applicat|
|000005b0| 69 6f 6e 30 2e 63 6f 6d 3a 38 30 38 30 2f 68 65 |ion0.com:8080/he|
|000005c0| 61 6c 74 68 63 68 65 63 6b 5c 22 2c 5c 22 73 65 |althcheck\",\"se|
|000005d0| 63 75 72 65 48 65 61 6c 74 68 43 68 65 63 6b 55 |cureHealthCheckU|
|000005e0| 72 6c 5c 22 3a 5c 22 68 74 74 70 73 3a 2f 2f 69 |rl\":\"https://i|
|000005f0| 6e 73 74 61 6e 63 65 31 2e 61 70 70 6c 69 63 61 |nstance1.applica|
|00000600| 74 69 6f 6e 30 2e 63 6f 6d 3a 38 30 38 31 2f 68 |tion0.com:8081/h|
|00000610| 65 61 6c 74 68 63 68 65 63 6b 5c 22 2c 5c 22 76 |ealthcheck\",\"v|
|00000620| 69 70 41 64 64 72 65 73 73 5c 22 3a 5c 22 61 70 |ipAddress\":\"ap|
|00000630| 70 6c 69 63 61 74 69 6f 6e 30 3a 38 30 38 30 5c |plication0:8080\|
|00000640| 22 2c 5c 22 73 65 63 75 72 65 56 69 70 41 64 64 |",\"secureVipAdd|
|00000650| 72 65 73 73 5c 22 3a 5c 22 61 70 70 6c 69 63 61 |ress\":\"applica|
|00000660| 74 69 6f 6e 30 3a 38 30 38 31 5c 22 2c 5c 22 69 |tion0:8081\",\"i|
|00000670| 73 43 6f 6f 72 64 69 6e 61 74 69 6e 67 44 69 73 |sCoordinatingDis|
|00000680| 63 6f 76 65 72 79 53 65 72 76 65 72 5c 22 3a 74 |coveryServer\":t|
|00000690| 72 75 65 2c 5c 22 6c 61 73 74 55 70 64 61 74 65 |rue,\"lastUpdate|
|000006a0| 64 54 69 6d 65 73 74 61 6d 70 5c 22 3a 31 34 39 |dTimestamp\":149|
|000006b0| 31 37 35 38 37 38 33 33 34 35 2c 5c 22 6c 61 73 |1758783345,\"las|
|000006c0| 74 44 69 72 74 79 54 69 6d 65 73 74 61 6d 70 5c |tDirtyTimestamp\|
|000006d0| 22 3a 31 34 39 31 37 35 38 37 38 33 33 34 35 2c |":1491758783345,|
|000006e0| 5c 22 61 63 74 69 6f 6e 54 79 70 65 5c 22 3a 5c |\"actionType\":\|
|000006f0| 22 41 44 44 45 44 5c 22 2c 5c 22 61 73 67 4e 61 |"ADDED\",\"asgNa|
|00000700| 6d 65 5c 22 3a 5c 22 61 70 70 6c 69 63 61 74 69 |me\":\"applicati|
|00000710| 6f 6e 30 41 53 47 5c 22 7d 7d 7d 7d 22 2c 0a 20 |on0ASG\"}}}}",. |
|00000720| 20 20 20 22 68 65 61 64 65 72 73 22 20 3a 20 5b |   "headers" : [|
|00000730| 20 7b 0a 20 20 20 20 20 20 22 6e 61 6d 65 22 20 | {.      "name" |
|00000740| 3a 20 22 43 6f 6e 74 65 6e 74 2d 54 79 70 65 22 |: "Content-Type"|
|00000750| 2c 0a 20 20 20 20 20 20 22 76 61 6c 75 65 73 22 |,.      "values"|
|00000760| 20 3a 20 5b 20 22 61 70 70 6c 69 63 61 74 69 6f | : [ "applicatio|
|00000770| 6e 2f 6a 73 6f 6e 22 20 5d 0a 20 20 20 20 7d 20 |n/json" ].    } |
|00000780| 5d 0a 20 20 7d 2c 0a 20 20 22 74 69 6d 65 73 22 |].  },.  "times"|
|00000790| 20 3a 20 7b 0a 20 20 20 20 22 75 6e 6c 69 6d 69 | : {.    "unlimi|
|000007a0| 74 65 64 22 20 3a 20 74 72 75 65 0a 20 20 7d 0a |ted" : true.  }.|
|000007b0| 7d                                              |}               |
+--------+-------------------------------------------------+----------------+
19:26:24.064 [nioEventLoopGroup-9-1] DEBUG HttpClientInitializer --> - [id: 0x0ae14d6f, /127.0.0.1:39992 => localhost/127.0.0.1:39378] FLUSH
19:26:24.069 [nioEventLoopGroup-9-1] DEBUG HttpClientInitializer --> - [id: 0x0ae14d6f, /127.0.0.1:39992 => localhost/127.0.0.1:39378] ACTIVE
19:26:24.079 [nioEventLoopGroup-3-2] DEBUG i.n.handler.logging.LoggingHandler - [id: 0x746de969, /127.0.0.1:39992 => /127.0.0.1:39378] RECEIVED(1969B)
         +-------------------------------------------------+
         |  0  1  2  3  4  5  6  7  8  9  a  b  c  d  e  f |
+--------+-------------------------------------------------+----------------+
|00000000| 7b 0a 20 20 22 68 74 74 70 52 65 71 75 65 73 74 |{.  "httpRequest|
|00000010| 22 20 3a 20 7b 0a 20 20 20 20 22 6d 65 74 68 6f |" : {.    "metho|
|00000020| 64 22 20 3a 20 22 47 45 54 22 2c 0a 20 20 20 20 |d" : "GET",.    |
|00000030| 22 70 61 74 68 22 20 3a 20 22 2f 65 75 72 65 6b |"path" : "/eurek|
|00000040| 61 2f 76 32 2f 61 70 70 73 2f 64 65 6c 74 61 22 |a/v2/apps/delta"|
|00000050| 0a 20 20 7d 2c 0a 20 20 22 68 74 74 70 52 65 73 |.  },.  "httpRes|
|00000060| 70 6f 6e 73 65 22 20 3a 20 7b 0a 20 20 20 20 22 |ponse" : {.    "|
|00000070| 73 74 61 74 75 73 43 6f 64 65 22 20 3a 20 32 30 |statusCode" : 20|
|00000080| 30 2c 0a 20 20 20 20 22 62 6f 64 79 22 20 3a 20 |0,.    "body" : |
|00000090| 22 7b 5c 22 61 70 70 6c 69 63 61 74 69 6f 6e 73 |"{\"applications|
|000000a0| 5c 22 3a 7b 5c 22 76 65 72 73 69 6f 6e 73 5f 5f |\":{\"versions__|
|000000b0| 64 65 6c 74 61 5c 22 3a 31 2c 5c 22 61 70 70 73 |delta\":1,\"apps|
|000000c0| 5f 5f 68 61 73 68 63 6f 64 65 5c 22 3a 5c 22 55 |__hashcode\":\"U|
|000000d0| 50 5f 32 5f 5c 22 2c 5c 22 61 70 70 6c 69 63 61 |P_2_\",\"applica|
|000000e0| 74 69 6f 6e 5c 22 3a 7b 5c 22 6e 61 6d 65 5c 22 |tion\":{\"name\"|
|000000f0| 3a 5c 22 41 50 50 4c 49 43 41 54 49 4f 4e 30 5c |:\"APPLICATION0\|
|00000100| 22 2c 5c 22 69 6e 73 74 61 6e 63 65 5c 22 3a 7b |",\"instance\":{|
|00000110| 5c 22 69 6e 73 74 61 6e 63 65 49 64 5c 22 3a 5c |\"instanceId\":\|
|00000120| 22 69 2d 30 30 30 30 30 30 30 31 5c 22 2c 5c 22 |"i-00000001\",\"|
|00000130| 68 6f 73 74 4e 61 6d 65 5c 22 3a 5c 22 69 6e 73 |hostName\":\"ins|
|00000140| 74 61 6e 63 65 31 2e 61 70 70 6c 69 63 61 74 69 |tance1.applicati|
|00000150| 6f 6e 30 2e 63 6f 6d 5c 22 2c 5c 22 61 70 70 5c |on0.com\",\"app\|
|00000160| 22 3a 5c 22 41 50 50 4c 49 43 41 54 49 4f 4e 30 |":\"APPLICATION0|
|00000170| 5c 22 2c 5c 22 69 70 41 64 64 72 5c 22 3a 5c 22 |\",\"ipAddr\":\"|
|00000180| 32 30 2e 30 2e 30 2e 31 5c 22 2c 5c 22 73 74 61 |20.0.0.1\",\"sta|
|00000190| 74 75 73 5c 22 3a 5c 22 55 50 5c 22 2c 5c 22 6f |tus\":\"UP\",\"o|
|000001a0| 76 65 72 72 69 64 64 65 6e 73 74 61 74 75 73 5c |verriddenstatus\|
|000001b0| 22 3a 5c 22 55 4e 4b 4e 4f 57 4e 5c 22 2c 5c 22 |":\"UNKNOWN\",\"|
|000001c0| 70 6f 72 74 5c 22 3a 7b 5c 22 40 65 6e 61 62 6c |port\":{\"@enabl|
|000001d0| 65 64 5c 22 3a 5c 22 74 72 75 65 5c 22 2c 5c 22 |ed\":\"true\",\"|
|000001e0| 24 5c 22 3a 5c 22 38 30 38 30 5c 22 7d 2c 5c 22 |$\":\"8080\"},\"|
|000001f0| 73 65 63 75 72 65 50 6f 72 74 5c 22 3a 7b 5c 22 |securePort\":{\"|
|00000200| 40 65 6e 61 62 6c 65 64 5c 22 3a 5c 22 74 72 75 |@enabled\":\"tru|
|00000210| 65 5c 22 2c 5c 22 24 5c 22 3a 5c 22 38 30 38 31 |e\",\"$\":\"8081|
|00000220| 5c 22 7d 2c 5c 22 63 6f 75 6e 74 72 79 49 64 5c |\"},\"countryId\|
|00000230| 22 3a 31 2c 5c 22 64 61 74 61 43 65 6e 74 65 72 |":1,\"dataCenter|
|00000240| 49 6e 66 6f 5c 22 3a 7b 5c 22 40 63 6c 61 73 73 |Info\":{\"@class|
|00000250| 5c 22 3a 5c 22 63 6f 6d 2e 6e 65 74 66 6c 69 78 |\":\"com.netflix|
|00000260| 2e 61 70 70 69 6e 66 6f 2e 41 6d 61 7a 6f 6e 49 |.appinfo.AmazonI|
|00000270| 6e 66 6f 5c 22 2c 5c 22 6e 61 6d 65 5c 22 3a 5c |nfo\",\"name\":\|
|00000280| 22 41 6d 61 7a 6f 6e 5c 22 2c 5c 22 6d 65 74 61 |"Amazon\",\"meta|
|00000290| 64 61 74 61 5c 22 3a 7b 5c 22 70 75 62 6c 69 63 |data\":{\"public|
|000002a0| 2d 69 70 76 34 5c 22 3a 5c 22 32 30 2e 30 2e 30 |-ipv4\":\"20.0.0|
|000002b0| 2e 31 5c 22 2c 5c 22 61 63 63 6f 75 6e 74 49 64 |.1\",\"accountId|
|000002c0| 5c 22 3a 5c 22 74 65 73 74 41 63 63 6f 75 6e 74 |\":\"testAccount|
|000002d0| 49 64 5c 22 2c 5c 22 6c 6f 63 61 6c 2d 68 6f 73 |Id\",\"local-hos|
|000002e0| 74 6e 61 6d 65 5c 22 3a 5c 22 69 70 2d 31 30 2e |tname\":\"ip-10.|
|000002f0| 30 30 2e 31 2e 63 6f 6d 70 75 74 65 2e 69 6e 74 |00.1.compute.int|
|00000300| 65 72 6e 61 6c 5c 22 2c 5c 22 70 75 62 6c 69 63 |ernal\",\"public|
|00000310| 2d 68 6f 73 74 6e 61 6d 65 5c 22 3a 5c 22 69 6e |-hostname\":\"in|
|00000320| 73 74 61 6e 63 65 31 2e 61 70 70 6c 69 63 61 74 |stance1.applicat|
|00000330| 69 6f 6e 30 2e 63 6f 6d 5c 22 2c 5c 22 69 6e 73 |ion0.com\",\"ins|
|00000340| 74 61 6e 63 65 2d 69 64 5c 22 3a 5c 22 69 2d 30 |tance-id\":\"i-0|
|00000350| 30 30 30 30 30 30 31 5c 22 2c 5c 22 6c 6f 63 61 |0000001\",\"loca|
|00000360| 6c 2d 69 70 76 34 5c 22 3a 5c 22 31 39 32 2e 31 |l-ipv4\":\"192.1|
|00000370| 36 38 2e 30 2e 31 5c 22 2c 5c 22 69 6e 73 74 61 |68.0.1\",\"insta|
|00000380| 6e 63 65 2d 74 79 70 65 5c 22 3a 5c 22 6d 32 2e |nce-type\":\"m2.|
|00000390| 78 6c 61 72 67 65 5c 22 2c 5c 22 61 6d 69 2d 69 |xlarge\",\"ami-i|
|000003a0| 64 5c 22 3a 5c 22 61 6d 69 2d 30 30 30 30 30 30 |d\":\"ami-000000|
|000003b0| 30 31 5c 22 2c 5c 22 61 76 61 69 6c 61 62 69 6c |01\",\"availabil|
|000003c0| 69 74 79 2d 7a 6f 6e 65 5c 22 3a 5c 22 75 73 2d |ity-zone\":\"us-|
|000003d0| 65 61 73 74 2d 31 63 5c 22 7d 7d 2c 5c 22 6c 65 |east-1c\"}},\"le|
|000003e0| 61 73 65 49 6e 66 6f 5c 22 3a 7b 5c 22 72 65 6e |aseInfo\":{\"ren|
|000003f0| 65 77 61 6c 49 6e 74 65 72 76 61 6c 49 6e 53 65 |ewalIntervalInSe|
|00000400| 63 73 5c 22 3a 35 2c 5c 22 64 75 72 61 74 69 6f |cs\":5,\"duratio|
|00000410| 6e 49 6e 53 65 63 73 5c 22 3a 31 35 2c 5c 22 72 |nInSecs\":15,\"r|
|00000420| 65 67 69 73 74 72 61 74 69 6f 6e 54 69 6d 65 73 |egistrationTimes|
|00000430| 74 61 6d 70 5c 22 3a 31 34 39 31 37 35 38 37 38 |tamp\":149175878|
|00000440| 33 34 34 35 2c 5c 22 6c 61 73 74 52 65 6e 65 77 |3445,\"lastRenew|
|00000450| 61 6c 54 69 6d 65 73 74 61 6d 70 5c 22 3a 31 34 |alTimestamp\":14|
|00000460| 39 31 37 35 38 37 38 33 34 35 30 2c 5c 22 65 76 |91758783450,\"ev|
|00000470| 69 63 74 69 6f 6e 54 69 6d 65 73 74 61 6d 70 5c |ictionTimestamp\|
|00000480| 22 3a 31 34 39 31 37 35 38 37 38 33 34 36 30 2c |":1491758783460,|
|00000490| 5c 22 73 65 72 76 69 63 65 55 70 54 69 6d 65 73 |\"serviceUpTimes|
|000004a0| 74 61 6d 70 5c 22 3a 31 34 39 31 37 35 38 37 38 |tamp\":149175878|
|000004b0| 33 34 34 30 7d 2c 5c 22 6d 65 74 61 64 61 74 61 |3440},\"metadata|
|000004c0| 5c 22 3a 7b 5c 22 61 70 70 4b 65 79 30 5c 22 3a |\":{\"appKey0\":|
|000004d0| 31 7d 2c 5c 22 61 70 70 47 72 6f 75 70 4e 61 6d |1},\"appGroupNam|
|000004e0| 65 5c 22 3a 5c 22 41 50 50 4c 49 43 41 54 49 4f |e\":\"APPLICATIO|
|000004f0| 4e 30 47 52 4f 55 50 5c 22 2c 5c 22 68 6f 6d 65 |N0GROUP\",\"home|
|00000500| 50 61 67 65 55 72 6c 5c 22 3a 5c 22 68 74 74 70 |PageUrl\":\"http|
|00000510| 3a 2f 2f 69 6e 73 74 61 6e 63 65 31 2e 61 70 70 |://instance1.app|
|00000520| 6c 69 63 61 74 69 6f 6e 30 2e 63 6f 6d 3a 38 30 |lication0.com:80|
|00000530| 38 30 2f 68 6f 6d 65 70 61 67 65 5c 22 2c 5c 22 |80/homepage\",\"|
|00000540| 73 74 61 74 75 73 50 61 67 65 55 72 6c 5c 22 3a |statusPageUrl\":|
|00000550| 5c 22 68 74 74 70 3a 2f 2f 69 6e 73 74 61 6e 63 |\"http://instanc|
|00000560| 65 31 2e 61 70 70 6c 69 63 61 74 69 6f 6e 30 2e |e1.application0.|
|00000570| 63 6f 6d 3a 38 30 38 30 2f 73 74 61 74 75 73 5c |com:8080/status\|
|00000580| 22 2c 5c 22 68 65 61 6c 74 68 43 68 65 63 6b 55 |",\"healthCheckU|
|00000590| 72 6c 5c 22 3a 5c 22 68 74 74 70 3a 2f 2f 69 6e |rl\":\"http://in|
|000005a0| 73 74 61 6e 63 65 31 2e 61 70 70 6c 69 63 61 74 |stance1.applicat|
|000005b0| 69 6f 6e 30 2e 63 6f 6d 3a 38 30 38 30 2f 68 65 |ion0.com:8080/he|
|000005c0| 61 6c 74 68 63 68 65 63 6b 5c 22 2c 5c 22 73 65 |althcheck\",\"se|
|000005d0| 63 75 72 65 48 65 61 6c 74 68 43 68 65 63 6b 55 |cureHealthCheckU|
|000005e0| 72 6c 5c 22 3a 5c 22 68 74 74 70 73 3a 2f 2f 69 |rl\":\"https://i|
|000005f0| 6e 73 74 61 6e 63 65 31 2e 61 70 70 6c 69 63 61 |nstance1.applica|
|00000600| 74 69 6f 6e 30 2e 63 6f 6d 3a 38 30 38 31 2f 68 |tion0.com:8081/h|
|00000610| 65 61 6c 74 68 63 68 65 63 6b 5c 22 2c 5c 22 76 |ealthcheck\",\"v|
|00000620| 69 70 41 64 64 72 65 73 73 5c 22 3a 5c 22 61 70 |ipAddress\":\"ap|
|00000630| 70 6c 69 63 61 74 69 6f 6e 30 3a 38 30 38 30 5c |plication0:8080\|
|00000640| 22 2c 5c 22 73 65 63 75 72 65 56 69 70 41 64 64 |",\"secureVipAdd|
|00000650| 72 65 73 73 5c 22 3a 5c 22 61 70 70 6c 69 63 61 |ress\":\"applica|
|00000660| 74 69 6f 6e 30 3a 38 30 38 31 5c 22 2c 5c 22 69 |tion0:8081\",\"i|
|00000670| 73 43 6f 6f 72 64 69 6e 61 74 69 6e 67 44 69 73 |sCoordinatingDis|
|00000680| 63 6f 76 65 72 79 53 65 72 76 65 72 5c 22 3a 74 |coveryServer\":t|
|00000690| 72 75 65 2c 5c 22 6c 61 73 74 55 70 64 61 74 65 |rue,\"lastUpdate|
|000006a0| 64 54 69 6d 65 73 74 61 6d 70 5c 22 3a 31 34 39 |dTimestamp\":149|
|000006b0| 31 37 35 38 37 38 33 33 34 35 2c 5c 22 6c 61 73 |1758783345,\"las|
|000006c0| 74 44 69 72 74 79 54 69 6d 65 73 74 61 6d 70 5c |tDirtyTimestamp\|
|000006d0| 22 3a 31 34 39 31 37 35 38 37 38 33 33 34 35 2c |":1491758783345,|
|000006e0| 5c 22 61 63 74 69 6f 6e 54 79 70 65 5c 22 3a 5c |\"actionType\":\|
|000006f0| 22 41 44 44 45 44 5c 22 2c 5c 22 61 73 67 4e 61 |"ADDED\",\"asgNa|
|00000700| 6d 65 5c 22 3a 5c 22 61 70 70 6c 69 63 61 74 69 |me\":\"applicati|
|00000710| 6f 6e 30 41 53 47 5c 22 7d 7d 7d 7d 22 2c 0a 20 |on0ASG\"}}}}",. |
|00000720| 20 20 20 22 68 65 61 64 65 72 73 22 20 3a 20 5b |   "headers" : [|
|00000730| 20 7b 0a 20 20 20 20 20 20 22 6e 61 6d 65 22 20 | {.      "name" |
|00000740| 3a 20 22 43 6f 6e 74 65 6e 74 2d 54 79 70 65 22 |: "Content-Type"|
|00000750| 2c 0a 20 20 20 20 20 20 22 76 61 6c 75 65 73 22 |,.      "values"|
|00000760| 20 3a 20 5b 20 22 61 70 70 6c 69 63 61 74 69 6f | : [ "applicatio|
|00000770| 6e 2f 6a 73 6f 6e 22 20 5d 0a 20 20 20 20 7d 20 |n/json" ].    } |
|00000780| 5d 0a 20 20 7d 2c 0a 20 20 22 74 69 6d 65 73 22 |].  },.  "times"|
|00000790| 20 3a 20 7b 0a 20 20 20 20 22 75 6e 6c 69 6d 69 | : {.    "unlimi|
|000007a0| 74 65 64 22 20 3a 20 74 72 75 65 0a 20 20 7d 0a |ted" : true.  }.|
|000007b0| 7d                                              |}               |
+--------+-------------------------------------------------+----------------+
19:26:24.104 [nioEventLoopGroup-3-2] DEBUG i.n.handler.logging.LoggingHandler - [id: 0x746de969, /127.0.0.1:39992 => /127.0.0.1:39378] WRITE(0B)
         +-------------------------------------------------+
         |  0  1  2  3  4  5  6  7  8  9  a  b  c  d  e  f |
+--------+-------------------------------------------------+----------------+
+--------+-------------------------------------------------+----------------+
19:26:24.105 [nioEventLoopGroup-3-2] DEBUG i.n.handler.logging.LoggingHandler - [id: 0x746de969, /127.0.0.1:39992 => /127.0.0.1:39378] FLUSH
19:26:24.106 [nioEventLoopGroup-9-1] DEBUG HttpClientInitializer --> - [id: 0x0ae14d6f, /127.0.0.1:39992 => localhost/127.0.0.1:39378] RECEIVED(67B)
         +-------------------------------------------------+
         |  0  1  2  3  4  5  6  7  8  9  a  b  c  d  e  f |
+--------+-------------------------------------------------+----------------+
|00000000| 48 54 54 50 2f 31 2e 31 20 32 30 31 20 43 72 65 |HTTP/1.1 201 Cre|
|00000010| 61 74 65 64 0d 0a 43 6f 6e 74 65 6e 74 2d 4c 65 |ated..Content-Le|
|00000020| 6e 67 74 68 3a 20 30 0d 0a 43 6f 6e 6e 65 63 74 |ngth: 0..Connect|
|00000030| 69 6f 6e 3a 20 6b 65 65 70 2d 61 6c 69 76 65 0d |ion: keep-alive.|
|00000040| 0a 0d 0a                                        |...             |
+--------+-------------------------------------------------+----------------+
19:26:24.107 [nioEventLoopGroup-9-1] DEBUG HttpClientInitializer --> - [id: 0x0ae14d6f, /127.0.0.1:39992 => localhost/127.0.0.1:39378] CLOSE()
19:26:24.107 [nioEventLoopGroup-9-1] DEBUG HttpClientInitializer --> - [id: 0x0ae14d6f, /127.0.0.1:39992 :> localhost/127.0.0.1:39378] INACTIVE
19:26:24.107 [nioEventLoopGroup-9-1] DEBUG HttpClientInitializer --> - [id: 0x0ae14d6f, /127.0.0.1:39992 :> localhost/127.0.0.1:39378] UNREGISTERED
19:26:24.108 [nioEventLoopGroup-3-2] DEBUG i.n.handler.logging.LoggingHandler - [id: 0x746de969, /127.0.0.1:39992 => /127.0.0.1:39378] FLUSH
19:26:24.109 [nioEventLoopGroup-3-2] DEBUG i.n.handler.logging.LoggingHandler - [id: 0x746de969, /127.0.0.1:39992 :> /127.0.0.1:39378] INACTIVE
19:26:24.109 [nioEventLoopGroup-3-2] DEBUG i.n.handler.logging.LoggingHandler - [id: 0x746de969, /127.0.0.1:39992 :> /127.0.0.1:39378] UNREGISTERED
19:26:24.107 [Test worker] DEBUG o.m.client.netty.NettyHttpClient - Received response: {
  "statusCode" : 201,
  "body" : "",
  "headers" : [ {
    "name" : "Connection",
    "values" : [ "keep-alive" ]
  }, {
    "name" : "Content-Length",
    "values" : [ "0" ]
  } ]
}
19:26:24.156 [Test worker] WARN  c.n.c.sources.URLConfigurationSource - No URLs will be polled as dynamic configuration sources.
19:26:24.157 [Test worker] INFO  c.n.c.sources.URLConfigurationSource - To enable URLs as dynamic configuration sources, define System property archaius.configurationSource.additionalUrls or make config.properties available on classpath.
19:26:24.211 [Test worker] INFO  c.n.config.DynamicPropertyFactory - DynamicPropertyFactory is initialized with configuration sources: com.netflix.config.ConcurrentCompositeConfiguration@4f1524c6
19:26:24.215 [Test worker] WARN  c.n.d.internal.util.Archaius1Utils - Cannot find the properties specified : eureka-client. This may be okay if there are other environment specific properties or the configuration is installed with a different mechanism.
19:26:24.222 [Test worker] INFO  c.n.a.p.EurekaConfigBasedInstanceInfoProvider - Setting initial instance status as: STARTING
19:26:24.227 [Test worker] WARN  c.n.d.internal.util.Archaius1Utils - Cannot find the properties specified : eureka-client. This may be okay if there are other environment specific properties or the configuration is installed with a different mechanism.
19:26:24.470 [Test worker] INFO  c.netflix.discovery.DiscoveryClient - Initializing Eureka in region us-east-1
19:26:24.774 [Test worker] INFO  c.n.d.p.DiscoveryJerseyProvider - Using JSON encoding codec LegacyJacksonJson
19:26:24.775 [Test worker] INFO  c.n.d.p.DiscoveryJerseyProvider - Using JSON decoding codec LegacyJacksonJson
19:26:24.781 [Test worker] INFO  c.n.d.p.DiscoveryJerseyProvider - Using XML encoding codec XStreamXml
19:26:24.782 [Test worker] INFO  c.n.d.p.DiscoveryJerseyProvider - Using XML decoding codec XStreamXml
19:26:25.146 [Test worker] INFO  c.n.d.s.r.aws.ConfigClusterResolver - Resolving eureka endpoints via configuration
19:26:25.148 [Test worker] DEBUG c.n.discovery.endpoint.EndpointUtils - The availability zone for the given region us-east-1 are [defaultZone]
19:26:25.152 [Test worker] DEBUG c.n.d.s.r.aws.ConfigClusterResolver - Config resolved to [AwsEndpoint{ serviceUrl='http://localhost:39444/eureka/v2/', region='us-east-1', zone='defaultZone'}]
19:26:25.154 [Test worker] DEBUG c.n.d.s.r.a.ZoneAffinityClusterResolver - Local zone=defaultZone; resolved to: [AwsEndpoint{ serviceUrl='http://localhost:39444/eureka/v2/', region='us-east-1', zone='defaultZone'}]
19:26:25.174 [Test worker] INFO  c.netflix.discovery.DiscoveryClient - Disable delta property : false
19:26:25.175 [Test worker] INFO  c.netflix.discovery.DiscoveryClient - Single vip registry refresh property : null
19:26:25.175 [Test worker] INFO  c.netflix.discovery.DiscoveryClient - Force full registry fetch : false
19:26:25.175 [Test worker] INFO  c.netflix.discovery.DiscoveryClient - Application is null : false
19:26:25.175 [Test worker] INFO  c.netflix.discovery.DiscoveryClient - Registered Applications size is zero : true
19:26:25.175 [Test worker] INFO  c.netflix.discovery.DiscoveryClient - Application version is -1: true
19:26:25.175 [Test worker] INFO  c.netflix.discovery.DiscoveryClient - Getting all instance registry info from the eureka server
19:26:25.177 [Test worker] DEBUG c.n.d.s.t.d.SessionedEurekaHttpClient - Ending a session and starting anew
19:26:25.185 [Test worker] DEBUG c.n.d.s.t.j.AbstractJerseyEurekaHttpClient - Created client for url: http://localhost:39444/eureka/v2/
19:26:25.342 [nioEventLoopGroup-5-2] DEBUG i.n.handler.logging.LoggingHandler - [id: 0x33b318df, /127.0.0.1:43428 => /127.0.0.1:39444] RECEIVED(0B)
         +-------------------------------------------------+
         |  0  1  2  3  4  5  6  7  8  9  a  b  c  d  e  f |
+--------+-------------------------------------------------+----------------+
+--------+-------------------------------------------------+----------------+
19:26:25.359 [nioEventLoopGroup-5-2] DEBUG i.n.handler.logging.LoggingHandler - [id: 0x33b318df, /127.0.0.1:43428 => /127.0.0.1:39444] WRITE(0B)
         +-------------------------------------------------+
         |  0  1  2  3  4  5  6  7  8  9  a  b  c  d  e  f |
+--------+-------------------------------------------------+----------------+
+--------+-------------------------------------------------+----------------+
19:26:25.366 [nioEventLoopGroup-5-2] DEBUG i.n.handler.logging.LoggingHandler - [id: 0x33b318df, /127.0.0.1:43428 => /127.0.0.1:39444] FLUSH
19:26:25.396 [Test worker] DEBUG c.n.d.s.t.j.AbstractJerseyEurekaHttpClient - Jersey HTTP GET http://localhost:39444/eureka/v2//apps/?; statusCode=302
19:26:25.607 [Test worker] DEBUG c.n.d.s.t.j.AbstractJerseyEurekaHttpClient - Created client for url: http://localhost:39378/eureka/v2/
19:26:25.616 [nioEventLoopGroup-3-3] DEBUG i.n.handler.logging.LoggingHandler - [id: 0xbb937431, /127.0.0.1:39996 => /127.0.0.1:39378] RECEIVED(0B)
         +-------------------------------------------------+
         |  0  1  2  3  4  5  6  7  8  9  a  b  c  d  e  f |
+--------+-------------------------------------------------+----------------+
+--------+-------------------------------------------------+----------------+
19:26:25.623 [nioEventLoopGroup-3-3] DEBUG i.n.handler.logging.LoggingHandler - [id: 0xbb937431, /127.0.0.1:39996 => /127.0.0.1:39378] WRITE(1505B)
         +-------------------------------------------------+
         |  0  1  2  3  4  5  6  7  8  9  a  b  c  d  e  f |
+--------+-------------------------------------------------+----------------+
|00000000| 7b 22 61 70 70 6c 69 63 61 74 69 6f 6e 73 22 3a |{"applications":|
|00000010| 7b 22 76 65 72 73 69 6f 6e 73 5f 5f 64 65 6c 74 |{"versions__delt|
|00000020| 61 22 3a 31 2c 22 61 70 70 73 5f 5f 68 61 73 68 |a":1,"apps__hash|
|00000030| 63 6f 64 65 22 3a 22 55 50 5f 31 5f 22 2c 22 61 |code":"UP_1_","a|
|00000040| 70 70 6c 69 63 61 74 69 6f 6e 22 3a 7b 22 6e 61 |pplication":{"na|
|00000050| 6d 65 22 3a 22 41 50 50 4c 49 43 41 54 49 4f 4e |me":"APPLICATION|
|00000060| 30 22 2c 22 69 6e 73 74 61 6e 63 65 22 3a 7b 22 |0","instance":{"|
|00000070| 69 6e 73 74 61 6e 63 65 49 64 22 3a 22 69 2d 30 |instanceId":"i-0|
|00000080| 30 30 30 30 30 30 30 22 2c 22 68 6f 73 74 4e 61 |0000000","hostNa|
|00000090| 6d 65 22 3a 22 69 6e 73 74 61 6e 63 65 30 2e 61 |me":"instance0.a|
|000000a0| 70 70 6c 69 63 61 74 69 6f 6e 30 2e 63 6f 6d 22 |pplication0.com"|
|000000b0| 2c 22 61 70 70 22 3a 22 41 50 50 4c 49 43 41 54 |,"app":"APPLICAT|
|000000c0| 49 4f 4e 30 22 2c 22 69 70 41 64 64 72 22 3a 22 |ION0","ipAddr":"|
|000000d0| 32 30 2e 30 2e 30 2e 30 22 2c 22 73 74 61 74 75 |20.0.0.0","statu|
|000000e0| 73 22 3a 22 55 50 22 2c 22 6f 76 65 72 72 69 64 |s":"UP","overrid|
|000000f0| 64 65 6e 73 74 61 74 75 73 22 3a 22 55 4e 4b 4e |denstatus":"UNKN|
|00000100| 4f 57 4e 22 2c 22 70 6f 72 74 22 3a 7b 22 40 65 |OWN","port":{"@e|
|00000110| 6e 61 62 6c 65 64 22 3a 22 74 72 75 65 22 2c 22 |nabled":"true","|
|00000120| 24 22 3a 22 38 30 38 30 22 7d 2c 22 73 65 63 75 |$":"8080"},"secu|
|00000130| 72 65 50 6f 72 74 22 3a 7b 22 40 65 6e 61 62 6c |rePort":{"@enabl|
|00000140| 65 64 22 3a 22 74 72 75 65 22 2c 22 24 22 3a 22 |ed":"true","$":"|
|00000150| 38 30 38 31 22 7d 2c 22 63 6f 75 6e 74 72 79 49 |8081"},"countryI|
|00000160| 64 22 3a 31 2c 22 64 61 74 61 43 65 6e 74 65 72 |d":1,"dataCenter|
|00000170| 49 6e 66 6f 22 3a 7b 22 40 63 6c 61 73 73 22 3a |Info":{"@class":|
|00000180| 22 63 6f 6d 2e 6e 65 74 66 6c 69 78 2e 61 70 70 |"com.netflix.app|
|00000190| 69 6e 66 6f 2e 41 6d 61 7a 6f 6e 49 6e 66 6f 22 |info.AmazonInfo"|
|000001a0| 2c 22 6e 61 6d 65 22 3a 22 41 6d 61 7a 6f 6e 22 |,"name":"Amazon"|
|000001b0| 2c 22 6d 65 74 61 64 61 74 61 22 3a 7b 22 70 75 |,"metadata":{"pu|
|000001c0| 62 6c 69 63 2d 69 70 76 34 22 3a 22 32 30 2e 30 |blic-ipv4":"20.0|
|000001d0| 2e 30 2e 30 22 2c 22 61 63 63 6f 75 6e 74 49 64 |.0.0","accountId|
|000001e0| 22 3a 22 74 65 73 74 41 63 63 6f 75 6e 74 49 64 |":"testAccountId|
|000001f0| 22 2c 22 6c 6f 63 61 6c 2d 68 6f 73 74 6e 61 6d |","local-hostnam|
|00000200| 65 22 3a 22 69 70 2d 31 30 2e 30 30 2e 30 2e 63 |e":"ip-10.00.0.c|
|00000210| 6f 6d 70 75 74 65 2e 69 6e 74 65 72 6e 61 6c 22 |ompute.internal"|
|00000220| 2c 22 70 75 62 6c 69 63 2d 68 6f 73 74 6e 61 6d |,"public-hostnam|
|00000230| 65 22 3a 22 69 6e 73 74 61 6e 63 65 30 2e 61 70 |e":"instance0.ap|
|00000240| 70 6c 69 63 61 74 69 6f 6e 30 2e 63 6f 6d 22 2c |plication0.com",|
|00000250| 22 69 6e 73 74 61 6e 63 65 2d 69 64 22 3a 22 69 |"instance-id":"i|
|00000260| 2d 30 30 30 30 30 30 30 30 22 2c 22 6c 6f 63 61 |-00000000","loca|
|00000270| 6c 2d 69 70 76 34 22 3a 22 31 39 32 2e 31 36 38 |l-ipv4":"192.168|
|00000280| 2e 30 2e 30 22 2c 22 69 6e 73 74 61 6e 63 65 2d |.0.0","instance-|
|00000290| 74 79 70 65 22 3a 22 6d 32 2e 78 6c 61 72 67 65 |type":"m2.xlarge|
|000002a0| 22 2c 22 61 6d 69 2d 69 64 22 3a 22 61 6d 69 2d |","ami-id":"ami-|
|000002b0| 30 30 30 30 30 30 30 30 22 2c 22 61 76 61 69 6c |00000000","avail|
|000002c0| 61 62 69 6c 69 74 79 2d 7a 6f 6e 65 22 3a 22 75 |ability-zone":"u|
|000002d0| 73 2d 65 61 73 74 2d 31 63 22 7d 7d 2c 22 6c 65 |s-east-1c"}},"le|
|000002e0| 61 73 65 49 6e 66 6f 22 3a 7b 22 72 65 6e 65 77 |aseInfo":{"renew|
|000002f0| 61 6c 49 6e 74 65 72 76 61 6c 49 6e 53 65 63 73 |alIntervalInSecs|
|00000300| 22 3a 35 2c 22 64 75 72 61 74 69 6f 6e 49 6e 53 |":5,"durationInS|
|00000310| 65 63 73 22 3a 31 35 2c 22 72 65 67 69 73 74 72 |ecs":15,"registr|
|00000320| 61 74 69 6f 6e 54 69 6d 65 73 74 61 6d 70 22 3a |ationTimestamp":|
|00000330| 31 34 39 31 37 35 38 37 38 33 31 38 38 2c 22 6c |1491758783188,"l|
|00000340| 61 73 74 52 65 6e 65 77 61 6c 54 69 6d 65 73 74 |astRenewalTimest|
|00000350| 61 6d 70 22 3a 31 34 39 31 37 35 38 37 38 33 31 |amp":14917587831|
|00000360| 39 33 2c 22 65 76 69 63 74 69 6f 6e 54 69 6d 65 |93,"evictionTime|
|00000370| 73 74 61 6d 70 22 3a 31 34 39 31 37 35 38 37 38 |stamp":149175878|
|00000380| 33 32 30 33 2c 22 73 65 72 76 69 63 65 55 70 54 |3203,"serviceUpT|
|00000390| 69 6d 65 73 74 61 6d 70 22 3a 31 34 39 31 37 35 |imestamp":149175|
|000003a0| 38 37 38 33 31 38 33 7d 2c 22 6d 65 74 61 64 61 |8783183},"metada|
|000003b0| 74 61 22 3a 7b 22 61 70 70 4b 65 79 30 22 3a 30 |ta":{"appKey0":0|
|000003c0| 7d 2c 22 61 70 70 47 72 6f 75 70 4e 61 6d 65 22 |},"appGroupName"|
|000003d0| 3a 22 41 50 50 4c 49 43 41 54 49 4f 4e 30 47 52 |:"APPLICATION0GR|
|000003e0| 4f 55 50 22 2c 22 68 6f 6d 65 50 61 67 65 55 72 |OUP","homePageUr|
|000003f0| 6c 22 3a 22 68 74 74 70 3a 2f 2f 69 6e 73 74 61 |l":"http://insta|
|00000400| 6e 63 65 30 2e 61 70 70 6c 69 63 61 74 69 6f 6e |nce0.application|
|00000410| 30 2e 63 6f 6d 3a 38 30 38 30 2f 68 6f 6d 65 70 |0.com:8080/homep|
|00000420| 61 67 65 22 2c 22 73 74 61 74 75 73 50 61 67 65 |age","statusPage|
|00000430| 55 72 6c 22 3a 22 68 74 74 70 3a 2f 2f 69 6e 73 |Url":"http://ins|
|00000440| 74 61 6e 63 65 30 2e 61 70 70 6c 69 63 61 74 69 |tance0.applicati|
|00000450| 6f 6e 30 2e 63 6f 6d 3a 38 30 38 30 2f 73 74 61 |on0.com:8080/sta|
|00000460| 74 75 73 22 2c 22 68 65 61 6c 74 68 43 68 65 63 |tus","healthChec|
|00000470| 6b 55 72 6c 22 3a 22 68 74 74 70 3a 2f 2f 69 6e |kUrl":"http://in|
|00000480| 73 74 61 6e 63 65 30 2e 61 70 70 6c 69 63 61 74 |stance0.applicat|
|00000490| 69 6f 6e 30 2e 63 6f 6d 3a 38 30 38 30 2f 68 65 |ion0.com:8080/he|
|000004a0| 61 6c 74 68 63 68 65 63 6b 22 2c 22 73 65 63 75 |althcheck","secu|
|000004b0| 72 65 48 65 61 6c 74 68 43 68 65 63 6b 55 72 6c |reHealthCheckUrl|
|000004c0| 22 3a 22 68 74 74 70 73 3a 2f 2f 69 6e 73 74 61 |":"https://insta|
|000004d0| 6e 63 65 30 2e 61 70 70 6c 69 63 61 74 69 6f 6e |nce0.application|
|000004e0| 30 2e 63 6f 6d 3a 38 30 38 31 2f 68 65 61 6c 74 |0.com:8081/healt|
|000004f0| 68 63 68 65 63 6b 22 2c 22 76 69 70 41 64 64 72 |hcheck","vipAddr|
|00000500| 65 73 73 22 3a 22 61 70 70 6c 69 63 61 74 69 6f |ess":"applicatio|
|00000510| 6e 30 3a 38 30 38 30 22 2c 22 73 65 63 75 72 65 |n0:8080","secure|
|00000520| 56 69 70 41 64 64 72 65 73 73 22 3a 22 61 70 70 |VipAddress":"app|
|00000530| 6c 69 63 61 74 69 6f 6e 30 3a 38 30 38 31 22 2c |lication0:8081",|
|00000540| 22 69 73 43 6f 6f 72 64 69 6e 61 74 69 6e 67 44 |"isCoordinatingD|
|00000550| 69 73 63 6f 76 65 72 79 53 65 72 76 65 72 22 3a |iscoveryServer":|
|00000560| 74 72 75 65 2c 22 6c 61 73 74 55 70 64 61 74 65 |true,"lastUpdate|
|00000570| 64 54 69 6d 65 73 74 61 6d 70 22 3a 31 34 39 31 |dTimestamp":1491|
|00000580| 37 35 38 37 38 33 30 38 38 2c 22 6c 61 73 74 44 |758783088,"lastD|
|00000590| 69 72 74 79 54 69 6d 65 73 74 61 6d 70 22 3a 31 |irtyTimestamp":1|
|000005a0| 34 39 31 37 35 38 37 38 33 30 38 38 2c 22 61 63 |491758783088,"ac|
|000005b0| 74 69 6f 6e 54 79 70 65 22 3a 22 41 44 44 45 44 |tionType":"ADDED|
|000005c0| 22 2c 22 61 73 67 4e 61 6d 65 22 3a 22 61 70 70 |","asgName":"app|
|000005d0| 6c 69 63 61 74 69 6f 6e 30 41 53 47 22 7d 7d 7d |lication0ASG"}}}|
|000005e0| 7d                                              |}               |
+--------+-------------------------------------------------+----------------+
19:26:25.625 [nioEventLoopGroup-3-3] DEBUG i.n.handler.logging.LoggingHandler - [id: 0xbb937431, /127.0.0.1:39996 => /127.0.0.1:39378] FLUSH
19:26:25.671 [Test worker] DEBUG c.n.d.s.t.j.AbstractJerseyEurekaHttpClient - Jersey HTTP GET http://localhost:39378/eureka/v2//apps/?; statusCode=200
19:26:25.671 [Test worker] INFO  c.n.d.s.t.d.RedirectingEurekaHttpClient - Pinning to endpoint http://localhost:39378/eureka/v2/, after 1 redirect(s)
19:26:25.671 [Test worker] INFO  c.netflix.discovery.DiscoveryClient - The response status is 200
19:26:25.672 [Test worker] DEBUG c.netflix.discovery.DiscoveryClient - Got full registry with apps hashcode UP_1_
19:26:25.673 [Test worker] DEBUG c.netflix.discovery.DiscoveryClient - The total number of all instances in the client now is 1
19:26:25.686 [Test worker] INFO  c.netflix.discovery.DiscoveryClient - Not registering with Eureka server per configuration
19:26:25.695 [Test worker] INFO  c.netflix.discovery.DiscoveryClient - Discovery Client initialized at timestamp 1491758785695 with initial instances count: 1
19:26:26.691 [nioEventLoopGroup-3-3] DEBUG i.n.handler.logging.LoggingHandler - [id: 0xbb937431, /127.0.0.1:39996 => /127.0.0.1:39378] RECEIVED(0B)
         +-------------------------------------------------+
         |  0  1  2  3  4  5  6  7  8  9  a  b  c  d  e  f |
+--------+-------------------------------------------------+----------------+
+--------+-------------------------------------------------+----------------+
19:26:26.702 [nioEventLoopGroup-3-3] DEBUG o.m.matchers.HttpRequestMatcher - 

Matcher:

[{
  "method" : "GET",
  "path" : "/eureka/v2/apps/"
}]

did not match request:

[{
  "method" : "GET",
  "path" : "/eureka/v2/apps/delta",
  "headers" : [ {
    "name" : "Accept",
    "values" : [ "application/json" ]
  }, {
    "name" : "DiscoveryIdentity-Name",
    "values" : [ "DefaultClient" ]
  }, {
    "name" : "DiscoveryIdentity-Version",
    "values" : [ "1.4" ]
  }, {
    "name" : "DiscoveryIdentity-Id",
    "values" : [ "192.168.1.15" ]
  }, {
    "name" : "Accept-Encoding",
    "values" : [ "gzip" ]
  }, {
    "name" : "Host",
    "values" : [ "localhost:39378" ]
  }, {
    "name" : "Connection",
    "values" : [ "Keep-Alive" ]
  }, {
    "name" : "User-Agent",
    "values" : [ "Java-EurekaClient/v<version_unknown>" ]
  }, {
    "name" : "Content-Length",
    "values" : [ "0" ]
  } ]
}]

because:

methodMatches = true
pathMatches = false
queryStringParametersMatch = true
bodyMatches = true
headersMatch = true
cookiesMatch = true
19:26:26.728 [nioEventLoopGroup-3-3] DEBUG i.n.handler.logging.LoggingHandler - [id: 0xbb937431, /127.0.0.1:39996 => /127.0.0.1:39378] WRITE(1505B)
         +-------------------------------------------------+
         |  0  1  2  3  4  5  6  7  8  9  a  b  c  d  e  f |
+--------+-------------------------------------------------+----------------+
|00000000| 7b 22 61 70 70 6c 69 63 61 74 69 6f 6e 73 22 3a |{"applications":|
|00000010| 7b 22 76 65 72 73 69 6f 6e 73 5f 5f 64 65 6c 74 |{"versions__delt|
|00000020| 61 22 3a 31 2c 22 61 70 70 73 5f 5f 68 61 73 68 |a":1,"apps__hash|
|00000030| 63 6f 64 65 22 3a 22 55 50 5f 32 5f 22 2c 22 61 |code":"UP_2_","a|
|00000040| 70 70 6c 69 63 61 74 69 6f 6e 22 3a 7b 22 6e 61 |pplication":{"na|
|00000050| 6d 65 22 3a 22 41 50 50 4c 49 43 41 54 49 4f 4e |me":"APPLICATION|
|00000060| 30 22 2c 22 69 6e 73 74 61 6e 63 65 22 3a 7b 22 |0","instance":{"|
|00000070| 69 6e 73 74 61 6e 63 65 49 64 22 3a 22 69 2d 30 |instanceId":"i-0|
|00000080| 30 30 30 30 30 30 31 22 2c 22 68 6f 73 74 4e 61 |0000001","hostNa|
|00000090| 6d 65 22 3a 22 69 6e 73 74 61 6e 63 65 31 2e 61 |me":"instance1.a|
|000000a0| 70 70 6c 69 63 61 74 69 6f 6e 30 2e 63 6f 6d 22 |pplication0.com"|
|000000b0| 2c 22 61 70 70 22 3a 22 41 50 50 4c 49 43 41 54 |,"app":"APPLICAT|
|000000c0| 49 4f 4e 30 22 2c 22 69 70 41 64 64 72 22 3a 22 |ION0","ipAddr":"|
|000000d0| 32 30 2e 30 2e 30 2e 31 22 2c 22 73 74 61 74 75 |20.0.0.1","statu|
|000000e0| 73 22 3a 22 55 50 22 2c 22 6f 76 65 72 72 69 64 |s":"UP","overrid|
|000000f0| 64 65 6e 73 74 61 74 75 73 22 3a 22 55 4e 4b 4e |denstatus":"UNKN|
|00000100| 4f 57 4e 22 2c 22 70 6f 72 74 22 3a 7b 22 40 65 |OWN","port":{"@e|
|00000110| 6e 61 62 6c 65 64 22 3a 22 74 72 75 65 22 2c 22 |nabled":"true","|
|00000120| 24 22 3a 22 38 30 38 30 22 7d 2c 22 73 65 63 75 |$":"8080"},"secu|
|00000130| 72 65 50 6f 72 74 22 3a 7b 22 40 65 6e 61 62 6c |rePort":{"@enabl|
|00000140| 65 64 22 3a 22 74 72 75 65 22 2c 22 24 22 3a 22 |ed":"true","$":"|
|00000150| 38 30 38 31 22 7d 2c 22 63 6f 75 6e 74 72 79 49 |8081"},"countryI|
|00000160| 64 22 3a 31 2c 22 64 61 74 61 43 65 6e 74 65 72 |d":1,"dataCenter|
|00000170| 49 6e 66 6f 22 3a 7b 22 40 63 6c 61 73 73 22 3a |Info":{"@class":|
|00000180| 22 63 6f 6d 2e 6e 65 74 66 6c 69 78 2e 61 70 70 |"com.netflix.app|
|00000190| 69 6e 66 6f 2e 41 6d 61 7a 6f 6e 49 6e 66 6f 22 |info.AmazonInfo"|
|000001a0| 2c 22 6e 61 6d 65 22 3a 22 41 6d 61 7a 6f 6e 22 |,"name":"Amazon"|
|000001b0| 2c 22 6d 65 74 61 64 61 74 61 22 3a 7b 22 70 75 |,"metadata":{"pu|
|000001c0| 62 6c 69 63 2d 69 70 76 34 22 3a 22 32 30 2e 30 |blic-ipv4":"20.0|
|000001d0| 2e 30 2e 31 22 2c 22 61 63 63 6f 75 6e 74 49 64 |.0.1","accountId|
|000001e0| 22 3a 22 74 65 73 74 41 63 63 6f 75 6e 74 49 64 |":"testAccountId|
|000001f0| 22 2c 22 6c 6f 63 61 6c 2d 68 6f 73 74 6e 61 6d |","local-hostnam|
|00000200| 65 22 3a 22 69 70 2d 31 30 2e 30 30 2e 31 2e 63 |e":"ip-10.00.1.c|
|00000210| 6f 6d 70 75 74 65 2e 69 6e 74 65 72 6e 61 6c 22 |ompute.internal"|
|00000220| 2c 22 70 75 62 6c 69 63 2d 68 6f 73 74 6e 61 6d |,"public-hostnam|
|00000230| 65 22 3a 22 69 6e 73 74 61 6e 63 65 31 2e 61 70 |e":"instance1.ap|
|00000240| 70 6c 69 63 61 74 69 6f 6e 30 2e 63 6f 6d 22 2c |plication0.com",|
|00000250| 22 69 6e 73 74 61 6e 63 65 2d 69 64 22 3a 22 69 |"instance-id":"i|
|00000260| 2d 30 30 30 30 30 30 30 31 22 2c 22 6c 6f 63 61 |-00000001","loca|
|00000270| 6c 2d 69 70 76 34 22 3a 22 31 39 32 2e 31 36 38 |l-ipv4":"192.168|
|00000280| 2e 30 2e 31 22 2c 22 69 6e 73 74 61 6e 63 65 2d |.0.1","instance-|
|00000290| 74 79 70 65 22 3a 22 6d 32 2e 78 6c 61 72 67 65 |type":"m2.xlarge|
|000002a0| 22 2c 22 61 6d 69 2d 69 64 22 3a 22 61 6d 69 2d |","ami-id":"ami-|
|000002b0| 30 30 30 30 30 30 30 31 22 2c 22 61 76 61 69 6c |00000001","avail|
|000002c0| 61 62 69 6c 69 74 79 2d 7a 6f 6e 65 22 3a 22 75 |ability-zone":"u|
|000002d0| 73 2d 65 61 73 74 2d 31 63 22 7d 7d 2c 22 6c 65 |s-east-1c"}},"le|
|000002e0| 61 73 65 49 6e 66 6f 22 3a 7b 22 72 65 6e 65 77 |aseInfo":{"renew|
|000002f0| 61 6c 49 6e 74 65 72 76 61 6c 49 6e 53 65 63 73 |alIntervalInSecs|
|00000300| 22 3a 35 2c 22 64 75 72 61 74 69 6f 6e 49 6e 53 |":5,"durationInS|
|00000310| 65 63 73 22 3a 31 35 2c 22 72 65 67 69 73 74 72 |ecs":15,"registr|
|00000320| 61 74 69 6f 6e 54 69 6d 65 73 74 61 6d 70 22 3a |ationTimestamp":|
|00000330| 31 34 39 31 37 35 38 37 38 33 34 34 35 2c 22 6c |1491758783445,"l|
|00000340| 61 73 74 52 65 6e 65 77 61 6c 54 69 6d 65 73 74 |astRenewalTimest|
|00000350| 61 6d 70 22 3a 31 34 39 31 37 35 38 37 38 33 34 |amp":14917587834|
|00000360| 35 30 2c 22 65 76 69 63 74 69 6f 6e 54 69 6d 65 |50,"evictionTime|
|00000370| 73 74 61 6d 70 22 3a 31 34 39 31 37 35 38 37 38 |stamp":149175878|
|00000380| 33 34 36 30 2c 22 73 65 72 76 69 63 65 55 70 54 |3460,"serviceUpT|
|00000390| 69 6d 65 73 74 61 6d 70 22 3a 31 34 39 31 37 35 |imestamp":149175|
|000003a0| 38 37 38 33 34 34 30 7d 2c 22 6d 65 74 61 64 61 |8783440},"metada|
|000003b0| 74 61 22 3a 7b 22 61 70 70 4b 65 79 30 22 3a 31 |ta":{"appKey0":1|
|000003c0| 7d 2c 22 61 70 70 47 72 6f 75 70 4e 61 6d 65 22 |},"appGroupName"|
|000003d0| 3a 22 41 50 50 4c 49 43 41 54 49 4f 4e 30 47 52 |:"APPLICATION0GR|
|000003e0| 4f 55 50 22 2c 22 68 6f 6d 65 50 61 67 65 55 72 |OUP","homePageUr|
|000003f0| 6c 22 3a 22 68 74 74 70 3a 2f 2f 69 6e 73 74 61 |l":"http://insta|
|00000400| 6e 63 65 31 2e 61 70 70 6c 69 63 61 74 69 6f 6e |nce1.application|
|00000410| 30 2e 63 6f 6d 3a 38 30 38 30 2f 68 6f 6d 65 70 |0.com:8080/homep|
|00000420| 61 67 65 22 2c 22 73 74 61 74 75 73 50 61 67 65 |age","statusPage|
|00000430| 55 72 6c 22 3a 22 68 74 74 70 3a 2f 2f 69 6e 73 |Url":"http://ins|
|00000440| 74 61 6e 63 65 31 2e 61 70 70 6c 69 63 61 74 69 |tance1.applicati|
|00000450| 6f 6e 30 2e 63 6f 6d 3a 38 30 38 30 2f 73 74 61 |on0.com:8080/sta|
|00000460| 74 75 73 22 2c 22 68 65 61 6c 74 68 43 68 65 63 |tus","healthChec|
|00000470| 6b 55 72 6c 22 3a 22 68 74 74 70 3a 2f 2f 69 6e |kUrl":"http://in|
|00000480| 73 74 61 6e 63 65 31 2e 61 70 70 6c 69 63 61 74 |stance1.applicat|
|00000490| 69 6f 6e 30 2e 63 6f 6d 3a 38 30 38 30 2f 68 65 |ion0.com:8080/he|
|000004a0| 61 6c 74 68 63 68 65 63 6b 22 2c 22 73 65 63 75 |althcheck","secu|
|000004b0| 72 65 48 65 61 6c 74 68 43 68 65 63 6b 55 72 6c |reHealthCheckUrl|
|000004c0| 22 3a 22 68 74 74 70 73 3a 2f 2f 69 6e 73 74 61 |":"https://insta|
|000004d0| 6e 63 65 31 2e 61 70 70 6c 69 63 61 74 69 6f 6e |nce1.application|
|000004e0| 30 2e 63 6f 6d 3a 38 30 38 31 2f 68 65 61 6c 74 |0.com:8081/healt|
|000004f0| 68 63 68 65 63 6b 22 2c 22 76 69 70 41 64 64 72 |hcheck","vipAddr|
|00000500| 65 73 73 22 3a 22 61 70 70 6c 69 63 61 74 69 6f |ess":"applicatio|
|00000510| 6e 30 3a 38 30 38 30 22 2c 22 73 65 63 75 72 65 |n0:8080","secure|
|00000520| 56 69 70 41 64 64 72 65 73 73 22 3a 22 61 70 70 |VipAddress":"app|
|00000530| 6c 69 63 61 74 69 6f 6e 30 3a 38 30 38 31 22 2c |lication0:8081",|
|00000540| 22 69 73 43 6f 6f 72 64 69 6e 61 74 69 6e 67 44 |"isCoordinatingD|
|00000550| 69 73 63 6f 76 65 72 79 53 65 72 76 65 72 22 3a |iscoveryServer":|
|00000560| 74 72 75 65 2c 22 6c 61 73 74 55 70 64 61 74 65 |true,"lastUpdate|
|00000570| 64 54 69 6d 65 73 74 61 6d 70 22 3a 31 34 39 31 |dTimestamp":1491|
|00000580| 37 35 38 37 38 33 33 34 35 2c 22 6c 61 73 74 44 |758783345,"lastD|
|00000590| 69 72 74 79 54 69 6d 65 73 74 61 6d 70 22 3a 31 |irtyTimestamp":1|
|000005a0| 34 39 31 37 35 38 37 38 33 33 34 35 2c 22 61 63 |491758783345,"ac|
|000005b0| 74 69 6f 6e 54 79 70 65 22 3a 22 41 44 44 45 44 |tionType":"ADDED|
|000005c0| 22 2c 22 61 73 67 4e 61 6d 65 22 3a 22 61 70 70 |","asgName":"app|
|000005d0| 6c 69 63 61 74 69 6f 6e 30 41 53 47 22 7d 7d 7d |lication0ASG"}}}|
|000005e0| 7d                                              |}               |
+--------+-------------------------------------------------+----------------+
19:26:26.731 [nioEventLoopGroup-3-3] DEBUG i.n.handler.logging.LoggingHandler - [id: 0xbb937431, /127.0.0.1:39996 => /127.0.0.1:39378] FLUSH
19:26:26.734 [DiscoveryClient-CacheRefreshExecutor-0] DEBUG c.n.d.s.t.j.AbstractJerseyEurekaHttpClient - Jersey HTTP GET http://localhost:39378/eureka/v2//apps/delta?; statusCode=200
19:26:26.734 [DiscoveryClient-CacheRefreshExecutor-0] DEBUG c.netflix.discovery.DiscoveryClient - Got delta update with apps hashcode UP_2_
19:26:26.734 [DiscoveryClient-CacheRefreshExecutor-0] DEBUG c.netflix.discovery.DiscoveryClient - Added instance i-00000001 to the existing apps in region null
19:26:26.735 [DiscoveryClient-CacheRefreshExecutor-0] DEBUG c.netflix.discovery.DiscoveryClient - The total number of instances fetched by the delta processor : 1
19:26:26.736 [DiscoveryClient-CacheRefreshExecutor-0] DEBUG c.netflix.discovery.DiscoveryClient - The total number of all instances in the client now is 2
19:26:26.740 [DiscoveryClient-CacheRefreshExecutor-0] DEBUG c.netflix.discovery.DiscoveryClient - Completed cache refresh task for discovery. All Apps hash code is Local region apps hashcode: UP_2_, is fetching remote regions? false 
19:26:26.823 [Test worker] DEBUG o.m.client.netty.NettyHttpClient - Sending request: {
  "method" : "PUT",
  "path" : "/verify",
  "body" : "{\n  \"httpRequest\" : {\n    \"method\" : \"GET\",\n    \"path\" : \"/eureka/v2/apps/\"\n  },\n  \"times\" : {\n    \"count\" : 1,\n    \"exact\" : true\n  }\n}",
  "host" : "localhost",
  "port" : 39444
}
19:26:26.830 [nioEventLoopGroup-10-1] DEBUG HttpClientInitializer --> - [id: 0x515ccd59] REGISTERED
19:26:26.831 [nioEventLoopGroup-10-1] DEBUG HttpClientInitializer --> - [id: 0x515ccd59] CONNECT(localhost/127.0.0.1:39444, null)
19:26:26.832 [nioEventLoopGroup-10-1] DEBUG HttpClientInitializer --> - [id: 0x515ccd59, /127.0.0.1:43434 => localhost/127.0.0.1:39444] WRITE(123B)
         +-------------------------------------------------+
         |  0  1  2  3  4  5  6  7  8  9  a  b  c  d  e  f |
+--------+-------------------------------------------------+----------------+
|00000000| 50 55 54 20 2f 76 65 72 69 66 79 20 48 54 54 50 |PUT /verify HTTP|
|00000010| 2f 31 2e 31 0d 0a 48 6f 73 74 3a 20 6c 6f 63 61 |/1.1..Host: loca|
|00000020| 6c 68 6f 73 74 3a 33 39 34 34 34 0d 0a 41 63 63 |lhost:39444..Acc|
|00000030| 65 70 74 2d 45 6e 63 6f 64 69 6e 67 3a 20 67 7a |ept-Encoding: gz|
|00000040| 69 70 2c 64 65 66 6c 61 74 65 0d 0a 43 6f 6e 74 |ip,deflate..Cont|
|00000050| 65 6e 74 2d 4c 65 6e 67 74 68 3a 20 31 33 36 0d |ent-Length: 136.|
|00000060| 0a 43 6f 6e 6e 65 63 74 69 6f 6e 3a 20 6b 65 65 |.Connection: kee|
|00000070| 70 2d 61 6c 69 76 65 0d 0a 0d 0a                |p-alive....     |
+--------+-------------------------------------------------+----------------+
19:26:26.834 [nioEventLoopGroup-10-1] DEBUG HttpClientInitializer --> - [id: 0x515ccd59, /127.0.0.1:43434 => localhost/127.0.0.1:39444] WRITE(136B)
         +-------------------------------------------------+
         |  0  1  2  3  4  5  6  7  8  9  a  b  c  d  e  f |
+--------+-------------------------------------------------+----------------+
|00000000| 7b 0a 20 20 22 68 74 74 70 52 65 71 75 65 73 74 |{.  "httpRequest|
|00000010| 22 20 3a 20 7b 0a 20 20 20 20 22 6d 65 74 68 6f |" : {.    "metho|
|00000020| 64 22 20 3a 20 22 47 45 54 22 2c 0a 20 20 20 20 |d" : "GET",.    |
|00000030| 22 70 61 74 68 22 20 3a 20 22 2f 65 75 72 65 6b |"path" : "/eurek|
|00000040| 61 2f 76 32 2f 61 70 70 73 2f 22 0a 20 20 7d 2c |a/v2/apps/".  },|
|00000050| 0a 20 20 22 74 69 6d 65 73 22 20 3a 20 7b 0a 20 |.  "times" : {. |
|00000060| 20 20 20 22 63 6f 75 6e 74 22 20 3a 20 31 2c 0a |   "count" : 1,.|
|00000070| 20 20 20 20 22 65 78 61 63 74 22 20 3a 20 74 72 |    "exact" : tr|
|00000080| 75 65 0a 20 20 7d 0a 7d                         |ue.  }.}        |
+--------+-------------------------------------------------+----------------+
19:26:26.836 [nioEventLoopGroup-10-1] DEBUG HttpClientInitializer --> - [id: 0x515ccd59, /127.0.0.1:43434 => localhost/127.0.0.1:39444] FLUSH
19:26:26.836 [nioEventLoopGroup-10-1] DEBUG HttpClientInitializer --> - [id: 0x515ccd59, /127.0.0.1:43434 => localhost/127.0.0.1:39444] ACTIVE
19:26:26.841 [nioEventLoopGroup-5-3] DEBUG i.n.handler.logging.LoggingHandler - [id: 0x423df4eb, /127.0.0.1:43434 => /127.0.0.1:39444] RECEIVED(136B)
         +-------------------------------------------------+
         |  0  1  2  3  4  5  6  7  8  9  a  b  c  d  e  f |
+--------+-------------------------------------------------+----------------+
|00000000| 7b 0a 20 20 22 68 74 74 70 52 65 71 75 65 73 74 |{.  "httpRequest|
|00000010| 22 20 3a 20 7b 0a 20 20 20 20 22 6d 65 74 68 6f |" : {.    "metho|
|00000020| 64 22 20 3a 20 22 47 45 54 22 2c 0a 20 20 20 20 |d" : "GET",.    |
|00000030| 22 70 61 74 68 22 20 3a 20 22 2f 65 75 72 65 6b |"path" : "/eurek|
|00000040| 61 2f 76 32 2f 61 70 70 73 2f 22 0a 20 20 7d 2c |a/v2/apps/".  },|
|00000050| 0a 20 20 22 74 69 6d 65 73 22 20 3a 20 7b 0a 20 |.  "times" : {. |
|00000060| 20 20 20 22 63 6f 75 6e 74 22 20 3a 20 31 2c 0a |   "count" : 1,.|
|00000070| 20 20 20 20 22 65 78 61 63 74 22 20 3a 20 74 72 |    "exact" : tr|
|00000080| 75 65 0a 20 20 7d 0a 7d                         |ue.  }.}        |
+--------+-------------------------------------------------+----------------+
19:26:26.875 [nioEventLoopGroup-5-3] DEBUG i.n.handler.logging.LoggingHandler - [id: 0x423df4eb, /127.0.0.1:43434 => /127.0.0.1:39444] WRITE(0B)
         +-------------------------------------------------+
         |  0  1  2  3  4  5  6  7  8  9  a  b  c  d  e  f |
+--------+-------------------------------------------------+----------------+
+--------+-------------------------------------------------+----------------+
19:26:26.875 [nioEventLoopGroup-5-3] DEBUG i.n.handler.logging.LoggingHandler - [id: 0x423df4eb, /127.0.0.1:43434 => /127.0.0.1:39444] FLUSH
19:26:26.875 [nioEventLoopGroup-10-1] DEBUG HttpClientInitializer --> - [id: 0x515ccd59, /127.0.0.1:43434 => localhost/127.0.0.1:39444] RECEIVED(68B)
         +-------------------------------------------------+
         |  0  1  2  3  4  5  6  7  8  9  a  b  c  d  e  f |
+--------+-------------------------------------------------+----------------+
|00000000| 48 54 54 50 2f 31 2e 31 20 32 30 32 20 41 63 63 |HTTP/1.1 202 Acc|
|00000010| 65 70 74 65 64 0d 0a 43 6f 6e 74 65 6e 74 2d 4c |epted..Content-L|
|00000020| 65 6e 67 74 68 3a 20 30 0d 0a 43 6f 6e 6e 65 63 |ength: 0..Connec|
|00000030| 74 69 6f 6e 3a 20 6b 65 65 70 2d 61 6c 69 76 65 |tion: keep-alive|
|00000040| 0d 0a 0d 0a                                     |....            |
+--------+-------------------------------------------------+----------------+
19:26:26.876 [nioEventLoopGroup-10-1] DEBUG HttpClientInitializer --> - [id: 0x515ccd59, /127.0.0.1:43434 => localhost/127.0.0.1:39444] CLOSE()
19:26:26.876 [nioEventLoopGroup-10-1] DEBUG HttpClientInitializer --> - [id: 0x515ccd59, /127.0.0.1:43434 :> localhost/127.0.0.1:39444] INACTIVE
19:26:26.876 [nioEventLoopGroup-5-3] DEBUG i.n.handler.logging.LoggingHandler - [id: 0x423df4eb, /127.0.0.1:43434 => /127.0.0.1:39444] FLUSH
19:26:26.876 [nioEventLoopGroup-10-1] DEBUG HttpClientInitializer --> - [id: 0x515ccd59, /127.0.0.1:43434 :> localhost/127.0.0.1:39444] UNREGISTERED
19:26:26.877 [nioEventLoopGroup-5-3] DEBUG i.n.handler.logging.LoggingHandler - [id: 0x423df4eb, /127.0.0.1:43434 :> /127.0.0.1:39444] INACTIVE
19:26:26.877 [nioEventLoopGroup-5-3] DEBUG i.n.handler.logging.LoggingHandler - [id: 0x423df4eb, /127.0.0.1:43434 :> /127.0.0.1:39444] UNREGISTERED
19:26:26.876 [Test worker] DEBUG o.m.client.netty.NettyHttpClient - Received response: {
  "statusCode" : 202,
  "body" : "",
  "headers" : [ {
    "name" : "Connection",
    "values" : [ "keep-alive" ]
  }, {
    "name" : "Content-Length",
    "values" : [ "0" ]
  } ]
}
19:26:26.884 [Test worker] DEBUG o.m.client.netty.NettyHttpClient - Sending request: {
  "method" : "PUT",
  "path" : "/verify",
  "body" : "{\n  \"httpRequest\" : {\n    \"method\" : \"GET\",\n    \"path\" : \"/eureka/v2/apps/delta\"\n  },\n  \"times\" : {\n    \"exact\" : true\n  }\n}",
  "host" : "localhost",
  "port" : 39444
}
19:26:26.895 [nioEventLoopGroup-11-1] DEBUG HttpClientInitializer --> - [id: 0xef04c24e] REGISTERED
19:26:26.896 [nioEventLoopGroup-11-1] DEBUG HttpClientInitializer --> - [id: 0xef04c24e] CONNECT(localhost/127.0.0.1:39444, null)
19:26:26.899 [nioEventLoopGroup-11-1] DEBUG HttpClientInitializer --> - [id: 0xef04c24e, /127.0.0.1:43436 => localhost/127.0.0.1:39444] WRITE(247B)
         +-------------------------------------------------+
         |  0  1  2  3  4  5  6  7  8  9  a  b  c  d  e  f |
+--------+-------------------------------------------------+----------------+
|00000000| 50 55 54 20 2f 76 65 72 69 66 79 20 48 54 54 50 |PUT /verify HTTP|
|00000010| 2f 31 2e 31 0d 0a 48 6f 73 74 3a 20 6c 6f 63 61 |/1.1..Host: loca|
|00000020| 6c 68 6f 73 74 3a 33 39 34 34 34 0d 0a 41 63 63 |lhost:39444..Acc|
|00000030| 65 70 74 2d 45 6e 63 6f 64 69 6e 67 3a 20 67 7a |ept-Encoding: gz|
|00000040| 69 70 2c 64 65 66 6c 61 74 65 0d 0a 43 6f 6e 74 |ip,deflate..Cont|
|00000050| 65 6e 74 2d 4c 65 6e 67 74 68 3a 20 31 32 34 0d |ent-Length: 124.|
|00000060| 0a 43 6f 6e 6e 65 63 74 69 6f 6e 3a 20 6b 65 65 |.Connection: kee|
|00000070| 70 2d 61 6c 69 76 65 0d 0a 0d 0a 7b 0a 20 20 22 |p-alive....{.  "|
|00000080| 68 74 74 70 52 65 71 75 65 73 74 22 20 3a 20 7b |httpRequest" : {|
|00000090| 0a 20 20 20 20 22 6d 65 74 68 6f 64 22 20 3a 20 |.    "method" : |
|000000a0| 22 47 45 54 22 2c 0a 20 20 20 20 22 70 61 74 68 |"GET",.    "path|
|000000b0| 22 20 3a 20 22 2f 65 75 72 65 6b 61 2f 76 32 2f |" : "/eureka/v2/|
|000000c0| 61 70 70 73 2f 64 65 6c 74 61 22 0a 20 20 7d 2c |apps/delta".  },|
|000000d0| 0a 20 20 22 74 69 6d 65 73 22 20 3a 20 7b 0a 20 |.  "times" : {. |
|000000e0| 20 20 20 22 65 78 61 63 74 22 20 3a 20 74 72 75 |   "exact" : tru|
|000000f0| 65 0a 20 20 7d 0a 7d                            |e.  }.}         |
+--------+-------------------------------------------------+----------------+
19:26:26.901 [nioEventLoopGroup-11-1] DEBUG HttpClientInitializer --> - [id: 0xef04c24e, /127.0.0.1:43436 => localhost/127.0.0.1:39444] FLUSH
19:26:26.902 [nioEventLoopGroup-11-1] DEBUG HttpClientInitializer --> - [id: 0xef04c24e, /127.0.0.1:43436 => localhost/127.0.0.1:39444] ACTIVE
19:26:26.906 [nioEventLoopGroup-5-4] DEBUG i.n.handler.logging.LoggingHandler - [id: 0xe726b308, /127.0.0.1:43436 => /127.0.0.1:39444] RECEIVED(124B)
         +-------------------------------------------------+
         |  0  1  2  3  4  5  6  7  8  9  a  b  c  d  e  f |
+--------+-------------------------------------------------+----------------+
|00000000| 7b 0a 20 20 22 68 74 74 70 52 65 71 75 65 73 74 |{.  "httpRequest|
|00000010| 22 20 3a 20 7b 0a 20 20 20 20 22 6d 65 74 68 6f |" : {.    "metho|
|00000020| 64 22 20 3a 20 22 47 45 54 22 2c 0a 20 20 20 20 |d" : "GET",.    |
|00000030| 22 70 61 74 68 22 20 3a 20 22 2f 65 75 72 65 6b |"path" : "/eurek|
|00000040| 61 2f 76 32 2f 61 70 70 73 2f 64 65 6c 74 61 22 |a/v2/apps/delta"|
|00000050| 0a 20 20 7d 2c 0a 20 20 22 74 69 6d 65 73 22 20 |.  },.  "times" |
|00000060| 3a 20 7b 0a 20 20 20 20 22 65 78 61 63 74 22 20 |: {.    "exact" |
|00000070| 3a 20 74 72 75 65 0a 20 20 7d 0a 7d             |: true.  }.}    |
+--------+-------------------------------------------------+----------------+
19:26:26.922 [nioEventLoopGroup-5-4] DEBUG o.m.matchers.HttpRequestMatcher - 

Matcher:

[{
  "method" : "GET",
  "path" : "/eureka/v2/apps/delta"
}]

did not match request:

[{
  "method" : "GET",
  "path" : "/eureka/v2/apps/",
  "headers" : [ {
    "name" : "Accept",
    "values" : [ "application/json" ]
  }, {
    "name" : "DiscoveryIdentity-Name",
    "values" : [ "DefaultClient" ]
  }, {
    "name" : "DiscoveryIdentity-Version",
    "values" : [ "1.4" ]
  }, {
    "name" : "DiscoveryIdentity-Id",
    "values" : [ "192.168.1.15" ]
  }, {
    "name" : "Accept-Encoding",
    "values" : [ "gzip" ]
  }, {
    "name" : "Host",
    "values" : [ "localhost:39444" ]
  }, {
    "name" : "User-Agent",
    "values" : [ "Java-EurekaClient/v<version_unknown>" ]
  }, {
    "name" : "Content-Length",
    "values" : [ "0" ]
  } ]
}]

because:

methodMatches = true
pathMatches = false
queryStringParametersMatch = true
bodyMatches = true
headersMatch = true
cookiesMatch = true
19:26:26.925 [nioEventLoopGroup-5-4] DEBUG i.n.handler.logging.LoggingHandler - [id: 0xe726b308, /127.0.0.1:43436 => /127.0.0.1:39444] WRITE(0B)
         +-------------------------------------------------+
         |  0  1  2  3  4  5  6  7  8  9  a  b  c  d  e  f |
+--------+-------------------------------------------------+----------------+
+--------+-------------------------------------------------+----------------+
19:26:26.925 [nioEventLoopGroup-5-4] DEBUG i.n.handler.logging.LoggingHandler - [id: 0xe726b308, /127.0.0.1:43436 => /127.0.0.1:39444] FLUSH
19:26:26.926 [nioEventLoopGroup-11-1] DEBUG HttpClientInitializer --> - [id: 0xef04c24e, /127.0.0.1:43436 => localhost/127.0.0.1:39444] RECEIVED(68B)
         +-------------------------------------------------+
         |  0  1  2  3  4  5  6  7  8  9  a  b  c  d  e  f |
+--------+-------------------------------------------------+----------------+
|00000000| 48 54 54 50 2f 31 2e 31 20 32 30 32 20 41 63 63 |HTTP/1.1 202 Acc|
|00000010| 65 70 74 65 64 0d 0a 43 6f 6e 74 65 6e 74 2d 4c |epted..Content-L|
|00000020| 65 6e 67 74 68 3a 20 30 0d 0a 43 6f 6e 6e 65 63 |ength: 0..Connec|
|00000030| 74 69 6f 6e 3a 20 6b 65 65 70 2d 61 6c 69 76 65 |tion: keep-alive|
|00000040| 0d 0a 0d 0a                                     |....            |
+--------+-------------------------------------------------+----------------+
19:26:26.926 [nioEventLoopGroup-11-1] DEBUG HttpClientInitializer --> - [id: 0xef04c24e, /127.0.0.1:43436 => localhost/127.0.0.1:39444] CLOSE()
19:26:26.927 [nioEventLoopGroup-11-1] DEBUG HttpClientInitializer --> - [id: 0xef04c24e, /127.0.0.1:43436 :> localhost/127.0.0.1:39444] INACTIVE
19:26:26.927 [nioEventLoopGroup-11-1] DEBUG HttpClientInitializer --> - [id: 0xef04c24e, /127.0.0.1:43436 :> localhost/127.0.0.1:39444] UNREGISTERED
19:26:26.927 [nioEventLoopGroup-5-4] DEBUG i.n.handler.logging.LoggingHandler - [id: 0xe726b308, /127.0.0.1:43436 => /127.0.0.1:39444] FLUSH
19:26:26.928 [nioEventLoopGroup-5-4] DEBUG i.n.handler.logging.LoggingHandler - [id: 0xe726b308, /127.0.0.1:43436 :> /127.0.0.1:39444] INACTIVE
19:26:26.928 [nioEventLoopGroup-5-4] DEBUG i.n.handler.logging.LoggingHandler - [id: 0xe726b308, /127.0.0.1:43436 :> /127.0.0.1:39444] UNREGISTERED
19:26:26.926 [Test worker] DEBUG o.m.client.netty.NettyHttpClient - Received response: {
  "statusCode" : 202,
  "body" : "",
  "headers" : [ {
    "name" : "Connection",
    "values" : [ "keep-alive" ]
  }, {
    "name" : "Content-Length",
    "values" : [ "0" ]
  } ]
}
19:26:26.951 [Test worker] DEBUG o.m.client.netty.NettyHttpClient - Sending request: {
  "method" : "PUT",
  "path" : "/verify",
  "body" : "{\n  \"httpRequest\" : {\n    \"method\" : \"GET\",\n    \"path\" : \"/eureka/v2/apps/\"\n  },\n  \"times\" : {\n    \"count\" : 1,\n    \"exact\" : true\n  }\n}",
  "host" : "localhost",
  "port" : 39378
}
19:26:26.961 [nioEventLoopGroup-12-1] DEBUG HttpClientInitializer --> - [id: 0xb0a85664] REGISTERED
19:26:26.962 [nioEventLoopGroup-12-1] DEBUG HttpClientInitializer --> - [id: 0xb0a85664] CONNECT(localhost/127.0.0.1:39378, null)
19:26:26.963 [nioEventLoopGroup-12-1] DEBUG HttpClientInitializer --> - [id: 0xb0a85664, /127.0.0.1:40004 => localhost/127.0.0.1:39378] WRITE(123B)
         +-------------------------------------------------+
         |  0  1  2  3  4  5  6  7  8  9  a  b  c  d  e  f |
+--------+-------------------------------------------------+----------------+
|00000000| 50 55 54 20 2f 76 65 72 69 66 79 20 48 54 54 50 |PUT /verify HTTP|
|00000010| 2f 31 2e 31 0d 0a 48 6f 73 74 3a 20 6c 6f 63 61 |/1.1..Host: loca|
|00000020| 6c 68 6f 73 74 3a 33 39 33 37 38 0d 0a 41 63 63 |lhost:39378..Acc|
|00000030| 65 70 74 2d 45 6e 63 6f 64 69 6e 67 3a 20 67 7a |ept-Encoding: gz|
|00000040| 69 70 2c 64 65 66 6c 61 74 65 0d 0a 43 6f 6e 74 |ip,deflate..Cont|
|00000050| 65 6e 74 2d 4c 65 6e 67 74 68 3a 20 31 33 36 0d |ent-Length: 136.|
|00000060| 0a 43 6f 6e 6e 65 63 74 69 6f 6e 3a 20 6b 65 65 |.Connection: kee|
|00000070| 70 2d 61 6c 69 76 65 0d 0a 0d 0a                |p-alive....     |
+--------+-------------------------------------------------+----------------+
19:26:26.963 [nioEventLoopGroup-12-1] DEBUG HttpClientInitializer --> - [id: 0xb0a85664, /127.0.0.1:40004 => localhost/127.0.0.1:39378] WRITE(136B)
         +-------------------------------------------------+
         |  0  1  2  3  4  5  6  7  8  9  a  b  c  d  e  f |
+--------+-------------------------------------------------+----------------+
|00000000| 7b 0a 20 20 22 68 74 74 70 52 65 71 75 65 73 74 |{.  "httpRequest|
|00000010| 22 20 3a 20 7b 0a 20 20 20 20 22 6d 65 74 68 6f |" : {.    "metho|
|00000020| 64 22 20 3a 20 22 47 45 54 22 2c 0a 20 20 20 20 |d" : "GET",.    |
|00000030| 22 70 61 74 68 22 20 3a 20 22 2f 65 75 72 65 6b |"path" : "/eurek|
|00000040| 61 2f 76 32 2f 61 70 70 73 2f 22 0a 20 20 7d 2c |a/v2/apps/".  },|
|00000050| 0a 20 20 22 74 69 6d 65 73 22 20 3a 20 7b 0a 20 |.  "times" : {. |
|00000060| 20 20 20 22 63 6f 75 6e 74 22 20 3a 20 31 2c 0a |   "count" : 1,.|
|00000070| 20 20 20 20 22 65 78 61 63 74 22 20 3a 20 74 72 |    "exact" : tr|
|00000080| 75 65 0a 20 20 7d 0a 7d                         |ue.  }.}        |
+--------+-------------------------------------------------+----------------+
19:26:26.963 [nioEventLoopGroup-12-1] DEBUG HttpClientInitializer --> - [id: 0xb0a85664, /127.0.0.1:40004 => localhost/127.0.0.1:39378] FLUSH
19:26:26.963 [nioEventLoopGroup-12-1] DEBUG HttpClientInitializer --> - [id: 0xb0a85664, /127.0.0.1:40004 => localhost/127.0.0.1:39378] ACTIVE
19:26:26.968 [nioEventLoopGroup-3-4] DEBUG i.n.handler.logging.LoggingHandler - [id: 0xaf129458, /127.0.0.1:40004 => /127.0.0.1:39378] RECEIVED(136B)
         +-------------------------------------------------+
         |  0  1  2  3  4  5  6  7  8  9  a  b  c  d  e  f |
+--------+-------------------------------------------------+----------------+
|00000000| 7b 0a 20 20 22 68 74 74 70 52 65 71 75 65 73 74 |{.  "httpRequest|
|00000010| 22 20 3a 20 7b 0a 20 20 20 20 22 6d 65 74 68 6f |" : {.    "metho|
|00000020| 64 22 20 3a 20 22 47 45 54 22 2c 0a 20 20 20 20 |d" : "GET",.    |
|00000030| 22 70 61 74 68 22 20 3a 20 22 2f 65 75 72 65 6b |"path" : "/eurek|
|00000040| 61 2f 76 32 2f 61 70 70 73 2f 22 0a 20 20 7d 2c |a/v2/apps/".  },|
|00000050| 0a 20 20 22 74 69 6d 65 73 22 20 3a 20 7b 0a 20 |.  "times" : {. |
|00000060| 20 20 20 22 63 6f 75 6e 74 22 20 3a 20 31 2c 0a |   "count" : 1,.|
|00000070| 20 20 20 20 22 65 78 61 63 74 22 20 3a 20 74 72 |    "exact" : tr|
|00000080| 75 65 0a 20 20 7d 0a 7d                         |ue.  }.}        |
+--------+-------------------------------------------------+----------------+
19:26:26.979 [nioEventLoopGroup-3-4] DEBUG o.m.matchers.HttpRequestMatcher - 

Matcher:

[{
  "method" : "GET",
  "path" : "/eureka/v2/apps/"
}]

did not match request:

[{
  "method" : "GET",
  "path" : "/eureka/v2/apps/delta",
  "headers" : [ {
    "name" : "Accept",
    "values" : [ "application/json" ]
  }, {
    "name" : "DiscoveryIdentity-Name",
    "values" : [ "DefaultClient" ]
  }, {
    "name" : "DiscoveryIdentity-Version",
    "values" : [ "1.4" ]
  }, {
    "name" : "DiscoveryIdentity-Id",
    "values" : [ "192.168.1.15" ]
  }, {
    "name" : "Accept-Encoding",
    "values" : [ "gzip" ]
  }, {
    "name" : "Host",
    "values" : [ "localhost:39378" ]
  }, {
    "name" : "User-Agent",
    "values" : [ "Java-EurekaClient/v<version_unknown>" ]
  }, {
    "name" : "Content-Length",
    "values" : [ "0" ]
  } ]
}]

because:

methodMatches = true
pathMatches = false
queryStringParametersMatch = true
bodyMatches = true
headersMatch = true
cookiesMatch = true
19:26:26.986 [nioEventLoopGroup-3-4] DEBUG i.n.handler.logging.LoggingHandler - [id: 0xaf129458, /127.0.0.1:40004 => /127.0.0.1:39378] WRITE(0B)
         +-------------------------------------------------+
         |  0  1  2  3  4  5  6  7  8  9  a  b  c  d  e  f |
+--------+-------------------------------------------------+----------------+
+--------+-------------------------------------------------+----------------+
19:26:26.987 [nioEventLoopGroup-3-4] DEBUG i.n.handler.logging.LoggingHandler - [id: 0xaf129458, /127.0.0.1:40004 => /127.0.0.1:39378] FLUSH
19:26:26.988 [nioEventLoopGroup-12-1] DEBUG HttpClientInitializer --> - [id: 0xb0a85664, /127.0.0.1:40004 => localhost/127.0.0.1:39378] RECEIVED(68B)
         +-------------------------------------------------+
         |  0  1  2  3  4  5  6  7  8  9  a  b  c  d  e  f |
+--------+-------------------------------------------------+----------------+
|00000000| 48 54 54 50 2f 31 2e 31 20 32 30 32 20 41 63 63 |HTTP/1.1 202 Acc|
|00000010| 65 70 74 65 64 0d 0a 43 6f 6e 74 65 6e 74 2d 4c |epted..Content-L|
|00000020| 65 6e 67 74 68 3a 20 30 0d 0a 43 6f 6e 6e 65 63 |ength: 0..Connec|
|00000030| 74 69 6f 6e 3a 20 6b 65 65 70 2d 61 6c 69 76 65 |tion: keep-alive|
|00000040| 0d 0a 0d 0a                                     |....            |
+--------+-------------------------------------------------+----------------+
19:26:26.988 [nioEventLoopGroup-12-1] DEBUG HttpClientInitializer --> - [id: 0xb0a85664, /127.0.0.1:40004 => localhost/127.0.0.1:39378] CLOSE()
19:26:26.989 [nioEventLoopGroup-12-1] DEBUG HttpClientInitializer --> - [id: 0xb0a85664, /127.0.0.1:40004 :> localhost/127.0.0.1:39378] INACTIVE
19:26:26.989 [nioEventLoopGroup-3-4] DEBUG i.n.handler.logging.LoggingHandler - [id: 0xaf129458, /127.0.0.1:40004 => /127.0.0.1:39378] FLUSH
19:26:26.989 [nioEventLoopGroup-12-1] DEBUG HttpClientInitializer --> - [id: 0xb0a85664, /127.0.0.1:40004 :> localhost/127.0.0.1:39378] UNREGISTERED
19:26:26.990 [nioEventLoopGroup-3-4] DEBUG i.n.handler.logging.LoggingHandler - [id: 0xaf129458, /127.0.0.1:40004 :> /127.0.0.1:39378] INACTIVE
19:26:26.990 [nioEventLoopGroup-3-4] DEBUG i.n.handler.logging.LoggingHandler - [id: 0xaf129458, /127.0.0.1:40004 :> /127.0.0.1:39378] UNREGISTERED
19:26:26.988 [Test worker] DEBUG o.m.client.netty.NettyHttpClient - Received response: {
  "statusCode" : 202,
  "body" : "",
  "headers" : [ {
    "name" : "Connection",
    "values" : [ "keep-alive" ]
  }, {
    "name" : "Content-Length",
    "values" : [ "0" ]
  } ]
}
19:26:26.997 [Test worker] DEBUG o.m.client.netty.NettyHttpClient - Sending request: {
  "method" : "PUT",
  "path" : "/verify",
  "body" : "{\n  \"httpRequest\" : {\n    \"method\" : \"GET\",\n    \"path\" : \"/eureka/v2/apps/delta\"\n  },\n  \"times\" : {\n    \"count\" : 1,\n    \"exact\" : false\n  }\n}",
  "host" : "localhost",
  "port" : 39378
}
19:26:27.002 [nioEventLoopGroup-13-1] DEBUG HttpClientInitializer --> - [id: 0x350b5bbe] REGISTERED
19:26:27.003 [nioEventLoopGroup-13-1] DEBUG HttpClientInitializer --> - [id: 0x350b5bbe] CONNECT(localhost/127.0.0.1:39378, null)
19:26:27.004 [nioEventLoopGroup-13-1] DEBUG HttpClientInitializer --> - [id: 0x350b5bbe, /127.0.0.1:40006 => localhost/127.0.0.1:39378] WRITE(123B)
         +-------------------------------------------------+
         |  0  1  2  3  4  5  6  7  8  9  a  b  c  d  e  f |
+--------+-------------------------------------------------+----------------+
|00000000| 50 55 54 20 2f 76 65 72 69 66 79 20 48 54 54 50 |PUT /verify HTTP|
|00000010| 2f 31 2e 31 0d 0a 48 6f 73 74 3a 20 6c 6f 63 61 |/1.1..Host: loca|
|00000020| 6c 68 6f 73 74 3a 33 39 33 37 38 0d 0a 41 63 63 |lhost:39378..Acc|
|00000030| 65 70 74 2d 45 6e 63 6f 64 69 6e 67 3a 20 67 7a |ept-Encoding: gz|
|00000040| 69 70 2c 64 65 66 6c 61 74 65 0d 0a 43 6f 6e 74 |ip,deflate..Cont|
|00000050| 65 6e 74 2d 4c 65 6e 67 74 68 3a 20 31 34 32 0d |ent-Length: 142.|
|00000060| 0a 43 6f 6e 6e 65 63 74 69 6f 6e 3a 20 6b 65 65 |.Connection: kee|
|00000070| 70 2d 61 6c 69 76 65 0d 0a 0d 0a                |p-alive....     |
+--------+-------------------------------------------------+----------------+
19:26:27.004 [nioEventLoopGroup-13-1] DEBUG HttpClientInitializer --> - [id: 0x350b5bbe, /127.0.0.1:40006 => localhost/127.0.0.1:39378] WRITE(142B)
         +-------------------------------------------------+
         |  0  1  2  3  4  5  6  7  8  9  a  b  c  d  e  f |
+--------+-------------------------------------------------+----------------+
|00000000| 7b 0a 20 20 22 68 74 74 70 52 65 71 75 65 73 74 |{.  "httpRequest|
|00000010| 22 20 3a 20 7b 0a 20 20 20 20 22 6d 65 74 68 6f |" : {.    "metho|
|00000020| 64 22 20 3a 20 22 47 45 54 22 2c 0a 20 20 20 20 |d" : "GET",.    |
|00000030| 22 70 61 74 68 22 20 3a 20 22 2f 65 75 72 65 6b |"path" : "/eurek|
|00000040| 61 2f 76 32 2f 61 70 70 73 2f 64 65 6c 74 61 22 |a/v2/apps/delta"|
|00000050| 0a 20 20 7d 2c 0a 20 20 22 74 69 6d 65 73 22 20 |.  },.  "times" |
|00000060| 3a 20 7b 0a 20 20 20 20 22 63 6f 75 6e 74 22 20 |: {.    "count" |
|00000070| 3a 20 31 2c 0a 20 20 20 20 22 65 78 61 63 74 22 |: 1,.    "exact"|
|00000080| 20 3a 20 66 61 6c 73 65 0a 20 20 7d 0a 7d       | : false.  }.}  |
+--------+-------------------------------------------------+----------------+
19:26:27.004 [nioEventLoopGroup-13-1] DEBUG HttpClientInitializer --> - [id: 0x350b5bbe, /127.0.0.1:40006 => localhost/127.0.0.1:39378] FLUSH
19:26:27.005 [nioEventLoopGroup-13-1] DEBUG HttpClientInitializer --> - [id: 0x350b5bbe, /127.0.0.1:40006 => localhost/127.0.0.1:39378] ACTIVE
19:26:27.007 [nioEventLoopGroup-3-5] DEBUG i.n.handler.logging.LoggingHandler - [id: 0xaf9aebb3, /127.0.0.1:40006 => /127.0.0.1:39378] RECEIVED(142B)
         +-------------------------------------------------+
         |  0  1  2  3  4  5  6  7  8  9  a  b  c  d  e  f |
+--------+-------------------------------------------------+----------------+
|00000000| 7b 0a 20 20 22 68 74 74 70 52 65 71 75 65 73 74 |{.  "httpRequest|
|00000010| 22 20 3a 20 7b 0a 20 20 20 20 22 6d 65 74 68 6f |" : {.    "metho|
|00000020| 64 22 20 3a 20 22 47 45 54 22 2c 0a 20 20 20 20 |d" : "GET",.    |
|00000030| 22 70 61 74 68 22 20 3a 20 22 2f 65 75 72 65 6b |"path" : "/eurek|
|00000040| 61 2f 76 32 2f 61 70 70 73 2f 64 65 6c 74 61 22 |a/v2/apps/delta"|
|00000050| 0a 20 20 7d 2c 0a 20 20 22 74 69 6d 65 73 22 20 |.  },.  "times" |
|00000060| 3a 20 7b 0a 20 20 20 20 22 63 6f 75 6e 74 22 20 |: {.    "count" |
|00000070| 3a 20 31 2c 0a 20 20 20 20 22 65 78 61 63 74 22 |: 1,.    "exact"|
|00000080| 20 3a 20 66 61 6c 73 65 0a 20 20 7d 0a 7d       | : false.  }.}  |
+--------+-------------------------------------------------+----------------+
19:26:27.020 [nioEventLoopGroup-3-5] DEBUG o.m.matchers.HttpRequestMatcher - 

Matcher:

[{
  "method" : "GET",
  "path" : "/eureka/v2/apps/delta"
}]

did not match request:

[{
  "method" : "GET",
  "path" : "/eureka/v2/apps/",
  "headers" : [ {
    "name" : "Accept",
    "values" : [ "application/json" ]
  }, {
    "name" : "DiscoveryIdentity-Name",
    "values" : [ "DefaultClient" ]
  }, {
    "name" : "DiscoveryIdentity-Version",
    "values" : [ "1.4" ]
  }, {
    "name" : "DiscoveryIdentity-Id",
    "values" : [ "192.168.1.15" ]
  }, {
    "name" : "Accept-Encoding",
    "values" : [ "gzip" ]
  }, {
    "name" : "Host",
    "values" : [ "localhost:39378" ]
  }, {
    "name" : "User-Agent",
    "values" : [ "Java-EurekaClient/v<version_unknown>" ]
  }, {
    "name" : "Content-Length",
    "values" : [ "0" ]
  } ]
}]

because:

methodMatches = true
pathMatches = false
queryStringParametersMatch = true
bodyMatches = true
headersMatch = true
cookiesMatch = true
19:26:27.020 [nioEventLoopGroup-3-5] DEBUG i.n.handler.logging.LoggingHandler - [id: 0xaf9aebb3, /127.0.0.1:40006 => /127.0.0.1:39378] WRITE(0B)
         +-------------------------------------------------+
         |  0  1  2  3  4  5  6  7  8  9  a  b  c  d  e  f |
+--------+-------------------------------------------------+----------------+
+--------+-------------------------------------------------+----------------+
19:26:27.021 [nioEventLoopGroup-3-5] DEBUG i.n.handler.logging.LoggingHandler - [id: 0xaf9aebb3, /127.0.0.1:40006 => /127.0.0.1:39378] FLUSH
19:26:27.021 [nioEventLoopGroup-13-1] DEBUG HttpClientInitializer --> - [id: 0x350b5bbe, /127.0.0.1:40006 => localhost/127.0.0.1:39378] RECEIVED(68B)
         +-------------------------------------------------+
         |  0  1  2  3  4  5  6  7  8  9  a  b  c  d  e  f |
+--------+-------------------------------------------------+----------------+
|00000000| 48 54 54 50 2f 31 2e 31 20 32 30 32 20 41 63 63 |HTTP/1.1 202 Acc|
|00000010| 65 70 74 65 64 0d 0a 43 6f 6e 74 65 6e 74 2d 4c |epted..Content-L|
|00000020| 65 6e 67 74 68 3a 20 30 0d 0a 43 6f 6e 6e 65 63 |ength: 0..Connec|
|00000030| 74 69 6f 6e 3a 20 6b 65 65 70 2d 61 6c 69 76 65 |tion: keep-alive|
|00000040| 0d 0a 0d 0a                                     |....            |
+--------+-------------------------------------------------+----------------+
19:26:27.022 [Test worker] DEBUG o.m.client.netty.NettyHttpClient - Received response: {
  "statusCode" : 202,
  "body" : "",
  "headers" : [ {
    "name" : "Connection",
    "values" : [ "keep-alive" ]
  }, {
    "name" : "Content-Length",
    "values" : [ "0" ]
  } ]
}
19:26:27.026 [nioEventLoopGroup-13-1] DEBUG HttpClientInitializer --> - [id: 0x350b5bbe, /127.0.0.1:40006 => localhost/127.0.0.1:39378] CLOSE()
19:26:27.027 [nioEventLoopGroup-13-1] DEBUG HttpClientInitializer --> - [id: 0x350b5bbe, /127.0.0.1:40006 :> localhost/127.0.0.1:39378] INACTIVE
19:26:27.027 [nioEventLoopGroup-13-1] DEBUG HttpClientInitializer --> - [id: 0x350b5bbe, /127.0.0.1:40006 :> localhost/127.0.0.1:39378] UNREGISTERED
19:26:27.027 [nioEventLoopGroup-3-5] DEBUG i.n.handler.logging.LoggingHandler - [id: 0xaf9aebb3, /127.0.0.1:40006 => /127.0.0.1:39378] FLUSH
19:26:27.027 [nioEventLoopGroup-3-5] DEBUG i.n.handler.logging.LoggingHandler - [id: 0xaf9aebb3, /127.0.0.1:40006 :> /127.0.0.1:39378] INACTIVE
19:26:27.027 [nioEventLoopGroup-3-5] DEBUG i.n.handler.logging.LoggingHandler - [id: 0xaf9aebb3, /127.0.0.1:40006 :> /127.0.0.1:39378] UNREGISTERED
19:26:27.042 [Test worker] DEBUG o.m.client.netty.NettyHttpClient - Sending request: {
  "method" : "PUT",
  "path" : "/reset",
  "host" : "localhost",
  "port" : 39444
}
19:26:27.049 [nioEventLoopGroup-14-1] DEBUG HttpClientInitializer --> - [id: 0xc9728a3b] REGISTERED
19:26:27.050 [nioEventLoopGroup-14-1] DEBUG HttpClientInitializer --> - [id: 0xc9728a3b] CONNECT(localhost/127.0.0.1:39444, null)
19:26:27.051 [nioEventLoopGroup-14-1] DEBUG HttpClientInitializer --> - [id: 0xc9728a3b, /127.0.0.1:43442 => localhost/127.0.0.1:39444] WRITE(120B)
         +-------------------------------------------------+
         |  0  1  2  3  4  5  6  7  8  9  a  b  c  d  e  f |
+--------+-------------------------------------------------+----------------+
|00000000| 50 55 54 20 2f 72 65 73 65 74 20 48 54 54 50 2f |PUT /reset HTTP/|
|00000010| 31 2e 31 0d 0a 48 6f 73 74 3a 20 6c 6f 63 61 6c |1.1..Host: local|
|00000020| 68 6f 73 74 3a 33 39 34 34 34 0d 0a 41 63 63 65 |host:39444..Acce|
|00000030| 70 74 2d 45 6e 63 6f 64 69 6e 67 3a 20 67 7a 69 |pt-Encoding: gzi|
|00000040| 70 2c 64 65 66 6c 61 74 65 0d 0a 43 6f 6e 74 65 |p,deflate..Conte|
|00000050| 6e 74 2d 4c 65 6e 67 74 68 3a 20 30 0d 0a 43 6f |nt-Length: 0..Co|
|00000060| 6e 6e 65 63 74 69 6f 6e 3a 20 6b 65 65 70 2d 61 |nnection: keep-a|
|00000070| 6c 69 76 65 0d 0a 0d 0a                         |live....        |
+--------+-------------------------------------------------+----------------+
19:26:27.052 [nioEventLoopGroup-14-1] DEBUG HttpClientInitializer --> - [id: 0xc9728a3b, /127.0.0.1:43442 => localhost/127.0.0.1:39444] FLUSH
19:26:27.052 [nioEventLoopGroup-14-1] DEBUG HttpClientInitializer --> - [id: 0xc9728a3b, /127.0.0.1:43442 => localhost/127.0.0.1:39444] ACTIVE
19:26:27.056 [nioEventLoopGroup-5-5] DEBUG i.n.handler.logging.LoggingHandler - [id: 0xb0d803b7, /127.0.0.1:43442 => /127.0.0.1:39444] RECEIVED(0B)
         +-------------------------------------------------+
         |  0  1  2  3  4  5  6  7  8  9  a  b  c  d  e  f |
+--------+-------------------------------------------------+----------------+
+--------+-------------------------------------------------+----------------+
19:26:27.057 [nioEventLoopGroup-5-5] DEBUG i.n.handler.logging.LoggingHandler - [id: 0xb0d803b7, /127.0.0.1:43442 => /127.0.0.1:39444] WRITE(0B)
         +-------------------------------------------------+
         |  0  1  2  3  4  5  6  7  8  9  a  b  c  d  e  f |
+--------+-------------------------------------------------+----------------+
+--------+-------------------------------------------------+----------------+
19:26:27.057 [nioEventLoopGroup-5-5] DEBUG i.n.handler.logging.LoggingHandler - [id: 0xb0d803b7, /127.0.0.1:43442 => /127.0.0.1:39444] FLUSH
19:26:27.058 [nioEventLoopGroup-14-1] DEBUG HttpClientInitializer --> - [id: 0xc9728a3b, /127.0.0.1:43442 => localhost/127.0.0.1:39444] RECEIVED(68B)
         +-------------------------------------------------+
         |  0  1  2  3  4  5  6  7  8  9  a  b  c  d  e  f |
+--------+-------------------------------------------------+----------------+
|00000000| 48 54 54 50 2f 31 2e 31 20 32 30 32 20 41 63 63 |HTTP/1.1 202 Acc|
|00000010| 65 70 74 65 64 0d 0a 43 6f 6e 74 65 6e 74 2d 4c |epted..Content-L|
|00000020| 65 6e 67 74 68 3a 20 30 0d 0a 43 6f 6e 6e 65 63 |ength: 0..Connec|
|00000030| 74 69 6f 6e 3a 20 6b 65 65 70 2d 61 6c 69 76 65 |tion: keep-alive|
|00000040| 0d 0a 0d 0a                                     |....            |
+--------+-------------------------------------------------+----------------+
19:26:27.058 [nioEventLoopGroup-14-1] DEBUG HttpClientInitializer --> - [id: 0xc9728a3b, /127.0.0.1:43442 => localhost/127.0.0.1:39444] CLOSE()
19:26:27.059 [nioEventLoopGroup-14-1] DEBUG HttpClientInitializer --> - [id: 0xc9728a3b, /127.0.0.1:43442 :> localhost/127.0.0.1:39444] INACTIVE
19:26:27.059 [nioEventLoopGroup-14-1] DEBUG HttpClientInitializer --> - [id: 0xc9728a3b, /127.0.0.1:43442 :> localhost/127.0.0.1:39444] UNREGISTERED
19:26:27.059 [Test worker] DEBUG o.m.client.netty.NettyHttpClient - Received response: {
  "statusCode" : 202,
  "body" : "",
  "headers" : [ {
    "name" : "Connection",
    "values" : [ "keep-alive" ]
  }, {
    "name" : "Content-Length",
    "values" : [ "0" ]
  } ]
}
19:26:27.063 [nioEventLoopGroup-5-5] DEBUG i.n.handler.logging.LoggingHandler - [id: 0xb0d803b7, /127.0.0.1:43442 => /127.0.0.1:39444] FLUSH
19:26:27.063 [nioEventLoopGroup-5-5] DEBUG i.n.handler.logging.LoggingHandler - [id: 0xb0d803b7, /127.0.0.1:43442 :> /127.0.0.1:39444] INACTIVE
19:26:27.063 [nioEventLoopGroup-5-5] DEBUG i.n.handler.logging.LoggingHandler - [id: 0xb0d803b7, /127.0.0.1:43442 :> /127.0.0.1:39444] UNREGISTERED
19:26:27.070 [Test worker] DEBUG o.m.client.netty.NettyHttpClient - Sending request: {
  "method" : "PUT",
  "path" : "/reset",
  "host" : "localhost",
  "port" : 39378
}
19:26:27.084 [nioEventLoopGroup-15-1] DEBUG HttpClientInitializer --> - [id: 0x521dadf2] REGISTERED
19:26:27.084 [nioEventLoopGroup-15-1] DEBUG HttpClientInitializer --> - [id: 0x521dadf2] CONNECT(localhost/127.0.0.1:39378, null)
19:26:27.086 [nioEventLoopGroup-15-1] DEBUG HttpClientInitializer --> - [id: 0x521dadf2, /127.0.0.1:40010 => localhost/127.0.0.1:39378] WRITE(120B)
         +-------------------------------------------------+
         |  0  1  2  3  4  5  6  7  8  9  a  b  c  d  e  f |
+--------+-------------------------------------------------+----------------+
|00000000| 50 55 54 20 2f 72 65 73 65 74 20 48 54 54 50 2f |PUT /reset HTTP/|
|00000010| 31 2e 31 0d 0a 48 6f 73 74 3a 20 6c 6f 63 61 6c |1.1..Host: local|
|00000020| 68 6f 73 74 3a 33 39 33 37 38 0d 0a 41 63 63 65 |host:39378..Acce|
|00000030| 70 74 2d 45 6e 63 6f 64 69 6e 67 3a 20 67 7a 69 |pt-Encoding: gzi|
|00000040| 70 2c 64 65 66 6c 61 74 65 0d 0a 43 6f 6e 74 65 |p,deflate..Conte|
|00000050| 6e 74 2d 4c 65 6e 67 74 68 3a 20 30 0d 0a 43 6f |nt-Length: 0..Co|
|00000060| 6e 6e 65 63 74 69 6f 6e 3a 20 6b 65 65 70 2d 61 |nnection: keep-a|
|00000070| 6c 69 76 65 0d 0a 0d 0a                         |live....        |
+--------+-------------------------------------------------+----------------+
19:26:27.088 [nioEventLoopGroup-15-1] DEBUG HttpClientInitializer --> - [id: 0x521dadf2, /127.0.0.1:40010 => localhost/127.0.0.1:39378] FLUSH
19:26:27.088 [nioEventLoopGroup-15-1] DEBUG HttpClientInitializer --> - [id: 0x521dadf2, /127.0.0.1:40010 => localhost/127.0.0.1:39378] ACTIVE
19:26:27.092 [nioEventLoopGroup-3-6] DEBUG i.n.handler.logging.LoggingHandler - [id: 0xa595622d, /127.0.0.1:40010 => /127.0.0.1:39378] RECEIVED(0B)
         +-------------------------------------------------+
         |  0  1  2  3  4  5  6  7  8  9  a  b  c  d  e  f |
+--------+-------------------------------------------------+----------------+
+--------+-------------------------------------------------+----------------+
19:26:27.094 [nioEventLoopGroup-3-6] DEBUG i.n.handler.logging.LoggingHandler - [id: 0xa595622d, /127.0.0.1:40010 => /127.0.0.1:39378] WRITE(0B)
         +-------------------------------------------------+
         |  0  1  2  3  4  5  6  7  8  9  a  b  c  d  e  f |
+--------+-------------------------------------------------+----------------+
+--------+-------------------------------------------------+----------------+
19:26:27.094 [nioEventLoopGroup-3-6] DEBUG i.n.handler.logging.LoggingHandler - [id: 0xa595622d, /127.0.0.1:40010 => /127.0.0.1:39378] FLUSH
19:26:27.095 [nioEventLoopGroup-15-1] DEBUG HttpClientInitializer --> - [id: 0x521dadf2, /127.0.0.1:40010 => localhost/127.0.0.1:39378] RECEIVED(68B)
         +-------------------------------------------------+
         |  0  1  2  3  4  5  6  7  8  9  a  b  c  d  e  f |
+--------+-------------------------------------------------+----------------+
|00000000| 48 54 54 50 2f 31 2e 31 20 32 30 32 20 41 63 63 |HTTP/1.1 202 Acc|
|00000010| 65 70 74 65 64 0d 0a 43 6f 6e 74 65 6e 74 2d 4c |epted..Content-L|
|00000020| 65 6e 67 74 68 3a 20 30 0d 0a 43 6f 6e 6e 65 63 |ength: 0..Connec|
|00000030| 74 69 6f 6e 3a 20 6b 65 65 70 2d 61 6c 69 76 65 |tion: keep-alive|
|00000040| 0d 0a 0d 0a                                     |....            |
+--------+-------------------------------------------------+----------------+
19:26:27.096 [Test worker] DEBUG o.m.client.netty.NettyHttpClient - Received response: {
  "statusCode" : 202,
  "body" : "",
  "headers" : [ {
    "name" : "Connection",
    "values" : [ "keep-alive" ]
  }, {
    "name" : "Content-Length",
    "values" : [ "0" ]
  } ]
}
19:26:27.100 [nioEventLoopGroup-15-1] DEBUG HttpClientInitializer --> - [id: 0x521dadf2, /127.0.0.1:40010 => localhost/127.0.0.1:39378] CLOSE()
19:26:27.103 [Test worker] DEBUG o.m.client.netty.NettyHttpClient - Sending request: {
  "method" : "PUT",
  "path" : "/stop",
  "host" : "localhost",
  "port" : 39444
}
19:26:27.113 [nioEventLoopGroup-3-6] DEBUG i.n.handler.logging.LoggingHandler - [id: 0xa595622d, /127.0.0.1:40010 => /127.0.0.1:39378] FLUSH
19:26:27.114 [nioEventLoopGroup-16-1] DEBUG HttpClientInitializer --> - [id: 0xd3a19bc6] REGISTERED
19:26:27.115 [nioEventLoopGroup-15-1] DEBUG HttpClientInitializer --> - [id: 0x521dadf2, /127.0.0.1:40010 :> localhost/127.0.0.1:39378] INACTIVE
19:26:27.115 [nioEventLoopGroup-3-6] DEBUG i.n.handler.logging.LoggingHandler - [id: 0xa595622d, /127.0.0.1:40010 :> /127.0.0.1:39378] INACTIVE
19:26:27.127 [nioEventLoopGroup-15-1] DEBUG HttpClientInitializer --> - [id: 0x521dadf2, /127.0.0.1:40010 :> localhost/127.0.0.1:39378] UNREGISTERED
19:26:27.127 [nioEventLoopGroup-3-6] DEBUG i.n.handler.logging.LoggingHandler - [id: 0xa595622d, /127.0.0.1:40010 :> /127.0.0.1:39378] UNREGISTERED
19:26:27.128 [nioEventLoopGroup-16-1] DEBUG HttpClientInitializer --> - [id: 0xd3a19bc6] CONNECT(localhost/127.0.0.1:39444, null)
19:26:27.129 [nioEventLoopGroup-16-1] DEBUG HttpClientInitializer --> - [id: 0xd3a19bc6, /127.0.0.1:43446 => localhost/127.0.0.1:39444] WRITE(119B)
         +-------------------------------------------------+
         |  0  1  2  3  4  5  6  7  8  9  a  b  c  d  e  f |
+--------+-------------------------------------------------+----------------+
|00000000| 50 55 54 20 2f 73 74 6f 70 20 48 54 54 50 2f 31 |PUT /stop HTTP/1|
|00000010| 2e 31 0d 0a 48 6f 73 74 3a 20 6c 6f 63 61 6c 68 |.1..Host: localh|
|00000020| 6f 73 74 3a 33 39 34 34 34 0d 0a 41 63 63 65 70 |ost:39444..Accep|
|00000030| 74 2d 45 6e 63 6f 64 69 6e 67 3a 20 67 7a 69 70 |t-Encoding: gzip|
|00000040| 2c 64 65 66 6c 61 74 65 0d 0a 43 6f 6e 74 65 6e |,deflate..Conten|
|00000050| 74 2d 4c 65 6e 67 74 68 3a 20 30 0d 0a 43 6f 6e |t-Length: 0..Con|
|00000060| 6e 65 63 74 69 6f 6e 3a 20 6b 65 65 70 2d 61 6c |nection: keep-al|
|00000070| 69 76 65 0d 0a 0d 0a                            |ive....         |
+--------+-------------------------------------------------+----------------+
19:26:27.130 [nioEventLoopGroup-16-1] DEBUG HttpClientInitializer --> - [id: 0xd3a19bc6, /127.0.0.1:43446 => localhost/127.0.0.1:39444] FLUSH
19:26:27.130 [nioEventLoopGroup-16-1] DEBUG HttpClientInitializer --> - [id: 0xd3a19bc6, /127.0.0.1:43446 => localhost/127.0.0.1:39444] ACTIVE
19:26:27.145 [nioEventLoopGroup-5-6] DEBUG i.n.handler.logging.LoggingHandler - [id: 0x607b4cd0, /127.0.0.1:43446 => /127.0.0.1:39444] RECEIVED(0B)
         +-------------------------------------------------+
         |  0  1  2  3  4  5  6  7  8  9  a  b  c  d  e  f |
+--------+-------------------------------------------------+----------------+
+--------+-------------------------------------------------+----------------+
19:26:27.146 [nioEventLoopGroup-5-6] DEBUG i.n.handler.logging.LoggingHandler - [id: 0x607b4cd0, /127.0.0.1:43446 => /127.0.0.1:39444] WRITE(0B)
         +-------------------------------------------------+
         |  0  1  2  3  4  5  6  7  8  9  a  b  c  d  e  f |
+--------+-------------------------------------------------+----------------+
+--------+-------------------------------------------------+----------------+
19:26:27.146 [nioEventLoopGroup-5-6] DEBUG i.n.handler.logging.LoggingHandler - [id: 0x607b4cd0, /127.0.0.1:43446 => /127.0.0.1:39444] FLUSH
19:26:27.147 [nioEventLoopGroup-5-6] DEBUG i.n.handler.logging.LoggingHandler - [id: 0x607b4cd0, /127.0.0.1:43446 => /127.0.0.1:39444] CLOSE()
19:26:27.147 [nioEventLoopGroup-16-1] DEBUG HttpClientInitializer --> - [id: 0xd3a19bc6, /127.0.0.1:43446 => localhost/127.0.0.1:39444] RECEIVED(68B)
         +-------------------------------------------------+
         |  0  1  2  3  4  5  6  7  8  9  a  b  c  d  e  f |
+--------+-------------------------------------------------+----------------+
|00000000| 48 54 54 50 2f 31 2e 31 20 32 30 32 20 41 63 63 |HTTP/1.1 202 Acc|
|00000010| 65 70 74 65 64 0d 0a 43 6f 6e 74 65 6e 74 2d 4c |epted..Content-L|
|00000020| 65 6e 67 74 68 3a 20 30 0d 0a 43 6f 6e 6e 65 63 |ength: 0..Connec|
|00000030| 74 69 6f 6e 3a 20 6b 65 65 70 2d 61 6c 69 76 65 |tion: keep-alive|
|00000040| 0d 0a 0d 0a                                     |....            |
+--------+-------------------------------------------------+----------------+
19:26:27.147 [nioEventLoopGroup-16-1] DEBUG HttpClientInitializer --> - [id: 0xd3a19bc6, /127.0.0.1:43446 => localhost/127.0.0.1:39444] CLOSE()
19:26:27.148 [nioEventLoopGroup-16-1] DEBUG HttpClientInitializer --> - [id: 0xd3a19bc6, /127.0.0.1:43446 :> localhost/127.0.0.1:39444] INACTIVE
19:26:27.148 [nioEventLoopGroup-16-1] DEBUG HttpClientInitializer --> - [id: 0xd3a19bc6, /127.0.0.1:43446 :> localhost/127.0.0.1:39444] UNREGISTERED
19:26:27.148 [Test worker] DEBUG o.m.client.netty.NettyHttpClient - Received response: {
  "statusCode" : 202,
  "body" : "",
  "headers" : [ {
    "name" : "Connection",
    "values" : [ "keep-alive" ]
  }, {
    "name" : "Content-Length",
    "values" : [ "0" ]
  } ]
}
19:26:27.171 [nioEventLoopGroup-5-1] DEBUG io.netty.buffer.PoolThreadCache - Freed 2 thread-local buffer(s) from thread: nioEventLoopGroup-5-1
19:26:27.171 [nioEventLoopGroup-5-2] DEBUG i.n.handler.logging.LoggingHandler - [id: 0x33b318df, /127.0.0.1:43428 :> /127.0.0.1:39444] INACTIVE
19:26:27.171 [nioEventLoopGroup-5-4] DEBUG io.netty.buffer.PoolThreadCache - Freed 2 thread-local buffer(s) from thread: nioEventLoopGroup-5-4
19:26:27.171 [nioEventLoopGroup-5-3] DEBUG io.netty.buffer.PoolThreadCache - Freed 2 thread-local buffer(s) from thread: nioEventLoopGroup-5-3
19:26:27.171 [nioEventLoopGroup-5-5] DEBUG io.netty.buffer.PoolThreadCache - Freed 2 thread-local buffer(s) from thread: nioEventLoopGroup-5-5
19:26:27.183 [Test worker] DEBUG o.m.client.netty.NettyHttpClient - Sending request: {
  "method" : "PUT",
  "path" : "/stop",
  "host" : "localhost",
  "port" : 39378
}
19:26:27.190 [nioEventLoopGroup-5-2] DEBUG i.n.handler.logging.LoggingHandler - [id: 0x33b318df, /127.0.0.1:43428 :> /127.0.0.1:39444] UNREGISTERED
19:26:27.193 [nioEventLoopGroup-17-1] DEBUG HttpClientInitializer --> - [id: 0xc1a73697] REGISTERED
19:26:27.194 [nioEventLoopGroup-17-1] DEBUG HttpClientInitializer --> - [id: 0xc1a73697] CONNECT(localhost/127.0.0.1:39378, null)
19:26:27.196 [nioEventLoopGroup-17-1] DEBUG HttpClientInitializer --> - [id: 0xc1a73697, /127.0.0.1:40014 => localhost/127.0.0.1:39378] WRITE(119B)
         +-------------------------------------------------+
         |  0  1  2  3  4  5  6  7  8  9  a  b  c  d  e  f |
+--------+-------------------------------------------------+----------------+
|00000000| 50 55 54 20 2f 73 74 6f 70 20 48 54 54 50 2f 31 |PUT /stop HTTP/1|
|00000010| 2e 31 0d 0a 48 6f 73 74 3a 20 6c 6f 63 61 6c 68 |.1..Host: localh|
|00000020| 6f 73 74 3a 33 39 33 37 38 0d 0a 41 63 63 65 70 |ost:39378..Accep|
|00000030| 74 2d 45 6e 63 6f 64 69 6e 67 3a 20 67 7a 69 70 |t-Encoding: gzip|
|00000040| 2c 64 65 66 6c 61 74 65 0d 0a 43 6f 6e 74 65 6e |,deflate..Conten|
|00000050| 74 2d 4c 65 6e 67 74 68 3a 20 30 0d 0a 43 6f 6e |t-Length: 0..Con|
|00000060| 6e 65 63 74 69 6f 6e 3a 20 6b 65 65 70 2d 61 6c |nection: keep-al|
|00000070| 69 76 65 0d 0a 0d 0a                            |ive....         |
+--------+-------------------------------------------------+----------------+
19:26:27.196 [nioEventLoopGroup-17-1] DEBUG HttpClientInitializer --> - [id: 0xc1a73697, /127.0.0.1:40014 => localhost/127.0.0.1:39378] FLUSH
19:26:27.196 [nioEventLoopGroup-17-1] DEBUG HttpClientInitializer --> - [id: 0xc1a73697, /127.0.0.1:40014 => localhost/127.0.0.1:39378] ACTIVE
19:26:27.203 [nioEventLoopGroup-3-7] DEBUG i.n.handler.logging.LoggingHandler - [id: 0x8a60ea9a, /127.0.0.1:40014 => /127.0.0.1:39378] RECEIVED(0B)
         +-------------------------------------------------+
         |  0  1  2  3  4  5  6  7  8  9  a  b  c  d  e  f |
+--------+-------------------------------------------------+----------------+
+--------+-------------------------------------------------+----------------+
19:26:27.203 [nioEventLoopGroup-3-7] DEBUG i.n.handler.logging.LoggingHandler - [id: 0x8a60ea9a, /127.0.0.1:40014 => /127.0.0.1:39378] WRITE(0B)
         +-------------------------------------------------+
         |  0  1  2  3  4  5  6  7  8  9  a  b  c  d  e  f |
+--------+-------------------------------------------------+----------------+
+--------+-------------------------------------------------+----------------+
19:26:27.204 [nioEventLoopGroup-3-7] DEBUG i.n.handler.logging.LoggingHandler - [id: 0x8a60ea9a, /127.0.0.1:40014 => /127.0.0.1:39378] FLUSH
19:26:27.204 [nioEventLoopGroup-17-1] DEBUG HttpClientInitializer --> - [id: 0xc1a73697, /127.0.0.1:40014 => localhost/127.0.0.1:39378] RECEIVED(68B)
         +-------------------------------------------------+
         |  0  1  2  3  4  5  6  7  8  9  a  b  c  d  e  f |
+--------+-------------------------------------------------+----------------+
|00000000| 48 54 54 50 2f 31 2e 31 20 32 30 32 20 41 63 63 |HTTP/1.1 202 Acc|
|00000010| 65 70 74 65 64 0d 0a 43 6f 6e 74 65 6e 74 2d 4c |epted..Content-L|
|00000020| 65 6e 67 74 68 3a 20 30 0d 0a 43 6f 6e 6e 65 63 |ength: 0..Connec|
|00000030| 74 69 6f 6e 3a 20 6b 65 65 70 2d 61 6c 69 76 65 |tion: keep-alive|
|00000040| 0d 0a 0d 0a                                     |....            |
+--------+-------------------------------------------------+----------------+
19:26:27.205 [nioEventLoopGroup-17-1] DEBUG HttpClientInitializer --> - [id: 0xc1a73697, /127.0.0.1:40014 => localhost/127.0.0.1:39378] CLOSE()
19:26:27.205 [nioEventLoopGroup-17-1] DEBUG HttpClientInitializer --> - [id: 0xc1a73697, /127.0.0.1:40014 :> localhost/127.0.0.1:39378] INACTIVE
19:26:27.205 [nioEventLoopGroup-17-1] DEBUG HttpClientInitializer --> - [id: 0xc1a73697, /127.0.0.1:40014 :> localhost/127.0.0.1:39378] UNREGISTERED
19:26:27.206 [nioEventLoopGroup-3-7] DEBUG i.n.handler.logging.LoggingHandler - [id: 0x8a60ea9a, /127.0.0.1:40014 => /127.0.0.1:39378] CLOSE()
19:26:27.205 [Test worker] DEBUG o.m.client.netty.NettyHttpClient - Received response: {
  "statusCode" : 202,
  "body" : "",
  "headers" : [ {
    "name" : "Connection",
    "values" : [ "keep-alive" ]
  }, {
    "name" : "Content-Length",
    "values" : [ "0" ]
  } ]
}
19:26:27.214 [nioEventLoopGroup-3-5] DEBUG io.netty.buffer.PoolThreadCache - Freed 2 thread-local buffer(s) from thread: nioEventLoopGroup-3-5
19:26:27.214 [nioEventLoopGroup-3-2] DEBUG io.netty.buffer.PoolThreadCache - Freed 5 thread-local buffer(s) from thread: nioEventLoopGroup-3-2
19:26:27.214 [nioEventLoopGroup-3-4] DEBUG io.netty.buffer.PoolThreadCache - Freed 2 thread-local buffer(s) from thread: nioEventLoopGroup-3-4
19:26:27.215 [nioEventLoopGroup-3-1] DEBUG io.netty.buffer.PoolThreadCache - Freed 5 thread-local buffer(s) from thread: nioEventLoopGroup-3-1
19:26:27.215 [nioEventLoopGroup-3-3] DEBUG i.n.handler.logging.LoggingHandler - [id: 0xbb937431, /127.0.0.1:39996 :> /127.0.0.1:39378] INACTIVE
19:26:27.215 [nioEventLoopGroup-3-6] DEBUG io.netty.buffer.PoolThreadCache - Freed 2 thread-local buffer(s) from thread: nioEventLoopGroup-3-6
19:26:27.215 [nioEventLoopGroup-3-3] DEBUG i.n.handler.logging.LoggingHandler - [id: 0xbb937431, /127.0.0.1:39996 :> /127.0.0.1:39378] UNREGISTERED
19:26:27.217 [Test worker] INFO  c.netflix.discovery.DiscoveryClient - Shutting down DiscoveryClient ...
19:26:27.238 [Test worker] INFO  c.netflix.discovery.DiscoveryClient - Completed shut down of DiscoveryClient
19:26:27.677 [nioEventLoopGroup-5-6] DEBUG i.n.handler.logging.LoggingHandler - [id: 0x607b4cd0, /127.0.0.1:43446 :> /127.0.0.1:39444] FLUSH
19:26:27.677 [nioEventLoopGroup-5-6] DEBUG i.n.handler.logging.LoggingHandler - [id: 0x607b4cd0, /127.0.0.1:43446 :> /127.0.0.1:39444] INACTIVE
19:26:27.677 [nioEventLoopGroup-5-6] DEBUG i.n.handler.logging.LoggingHandler - [id: 0x607b4cd0, /127.0.0.1:43446 :> /127.0.0.1:39444] UNREGISTERED
19:26:27.677 [nioEventLoopGroup-5-6] DEBUG io.netty.buffer.PoolThreadCache - Freed 2 thread-local buffer(s) from thread: nioEventLoopGroup-5-6
19:26:27.720 [nioEventLoopGroup-3-7] DEBUG i.n.handler.logging.LoggingHandler - [id: 0x8a60ea9a, /127.0.0.1:40014 :> /127.0.0.1:39378] FLUSH
19:26:27.720 [nioEventLoopGroup-3-7] DEBUG i.n.handler.logging.LoggingHandler - [id: 0x8a60ea9a, /127.0.0.1:40014 :> /127.0.0.1:39378] INACTIVE
19:26:27.720 [nioEventLoopGroup-3-7] DEBUG i.n.handler.logging.LoggingHandler - [id: 0x8a60ea9a, /127.0.0.1:40014 :> /127.0.0.1:39378] UNREGISTERED
19:26:27.721 [nioEventLoopGroup-3-7] DEBUG io.netty.buffer.PoolThreadCache - Freed 2 thread-local buffer(s) from thread: nioEventLoopGroup-3-7
19:26:27.945 [Thread-6] INFO  org.mockserver.mockserver.MockServer - MockServer starting up on port: 39695
19:26:27.948 [Thread-7] INFO  org.mockserver.mockserver.MockServer - MockServer starting up on port: 45983
19:26:27.969 [Test worker] DEBUG o.m.client.netty.NettyHttpClient - Sending request: {
  "method" : "PUT",
  "path" : "/expectation",
  "body" : "{\n  \"httpRequest\" : {\n    \"method\" : \"GET\",\n    \"path\" : \"/eureka/v2/apps/\"\n  },\n  \"httpResponse\" : {\n    \"statusCode\" : 302,\n    \"body\" : \"\",\n    \"headers\" : [ {\n      \"name\" : \"Location\",\n      \"values\" : [ \"http://localhost:39695/eureka/v2/apps/\" ]\n    } ]\n  },\n  \"times\" : {\n    \"unlimited\" : true\n  }\n}",
  "host" : "localhost",
  "port" : 45983
}
19:26:27.973 [nioEventLoopGroup-22-1] DEBUG HttpClientInitializer --> - [id: 0xd5a466cf] REGISTERED
19:26:27.974 [nioEventLoopGroup-22-1] DEBUG HttpClientInitializer --> - [id: 0xd5a466cf] CONNECT(localhost/127.0.0.1:45983, null)
19:26:27.978 [nioEventLoopGroup-22-1] DEBUG HttpClientInitializer --> - [id: 0xd5a466cf, /127.0.0.1:60736 => localhost/127.0.0.1:45983] WRITE(128B)
         +-------------------------------------------------+
         |  0  1  2  3  4  5  6  7  8  9  a  b  c  d  e  f |
+--------+-------------------------------------------------+----------------+
|00000000| 50 55 54 20 2f 65 78 70 65 63 74 61 74 69 6f 6e |PUT /expectation|
|00000010| 20 48 54 54 50 2f 31 2e 31 0d 0a 48 6f 73 74 3a | HTTP/1.1..Host:|
|00000020| 20 6c 6f 63 61 6c 68 6f 73 74 3a 34 35 39 38 33 | localhost:45983|
|00000030| 0d 0a 41 63 63 65 70 74 2d 45 6e 63 6f 64 69 6e |..Accept-Encodin|
|00000040| 67 3a 20 67 7a 69 70 2c 64 65 66 6c 61 74 65 0d |g: gzip,deflate.|
|00000050| 0a 43 6f 6e 74 65 6e 74 2d 4c 65 6e 67 74 68 3a |.Content-Length:|
|00000060| 20 33 30 37 0d 0a 43 6f 6e 6e 65 63 74 69 6f 6e | 307..Connection|
|00000070| 3a 20 6b 65 65 70 2d 61 6c 69 76 65 0d 0a 0d 0a |: keep-alive....|
+--------+-------------------------------------------------+----------------+
19:26:27.979 [nioEventLoopGroup-22-1] DEBUG HttpClientInitializer --> - [id: 0xd5a466cf, /127.0.0.1:60736 => localhost/127.0.0.1:45983] WRITE(307B)
         +-------------------------------------------------+
         |  0  1  2  3  4  5  6  7  8  9  a  b  c  d  e  f |
+--------+-------------------------------------------------+----------------+
|00000000| 7b 0a 20 20 22 68 74 74 70 52 65 71 75 65 73 74 |{.  "httpRequest|
|00000010| 22 20 3a 20 7b 0a 20 20 20 20 22 6d 65 74 68 6f |" : {.    "metho|
|00000020| 64 22 20 3a 20 22 47 45 54 22 2c 0a 20 20 20 20 |d" : "GET",.    |
|00000030| 22 70 61 74 68 22 20 3a 20 22 2f 65 75 72 65 6b |"path" : "/eurek|
|00000040| 61 2f 76 32 2f 61 70 70 73 2f 22 0a 20 20 7d 2c |a/v2/apps/".  },|
|00000050| 0a 20 20 22 68 74 74 70 52 65 73 70 6f 6e 73 65 |.  "httpResponse|
|00000060| 22 20 3a 20 7b 0a 20 20 20 20 22 73 74 61 74 75 |" : {.    "statu|
|00000070| 73 43 6f 64 65 22 20 3a 20 33 30 32 2c 0a 20 20 |sCode" : 302,.  |
|00000080| 20 20 22 62 6f 64 79 22 20 3a 20 22 22 2c 0a 20 |  "body" : "",. |
|00000090| 20 20 20 22 68 65 61 64 65 72 73 22 20 3a 20 5b |   "headers" : [|
|000000a0| 20 7b 0a 20 20 20 20 20 20 22 6e 61 6d 65 22 20 | {.      "name" |
|000000b0| 3a 20 22 4c 6f 63 61 74 69 6f 6e 22 2c 0a 20 20 |: "Location",.  |
|000000c0| 20 20 20 20 22 76 61 6c 75 65 73 22 20 3a 20 5b |    "values" : [|
|000000d0| 20 22 68 74 74 70 3a 2f 2f 6c 6f 63 61 6c 68 6f | "http://localho|
|000000e0| 73 74 3a 33 39 36 39 35 2f 65 75 72 65 6b 61 2f |st:39695/eureka/|
|000000f0| 76 32 2f 61 70 70 73 2f 22 20 5d 0a 20 20 20 20 |v2/apps/" ].    |
|00000100| 7d 20 5d 0a 20 20 7d 2c 0a 20 20 22 74 69 6d 65 |} ].  },.  "time|
|00000110| 73 22 20 3a 20 7b 0a 20 20 20 20 22 75 6e 6c 69 |s" : {.    "unli|
|00000120| 6d 69 74 65 64 22 20 3a 20 74 72 75 65 0a 20 20 |mited" : true.  |
|00000130| 7d 0a 7d                                        |}.}             |
+--------+-------------------------------------------------+----------------+
19:26:27.982 [nioEventLoopGroup-22-1] DEBUG HttpClientInitializer --> - [id: 0xd5a466cf, /127.0.0.1:60736 => localhost/127.0.0.1:45983] FLUSH
19:26:27.982 [nioEventLoopGroup-22-1] DEBUG HttpClientInitializer --> - [id: 0xd5a466cf, /127.0.0.1:60736 => localhost/127.0.0.1:45983] ACTIVE
19:26:27.989 [nioEventLoopGroup-21-1] DEBUG i.n.handler.logging.LoggingHandler - [id: 0x99bee1bb, /127.0.0.1:60736 => /127.0.0.1:45983] RECEIVED(307B)
         +-------------------------------------------------+
         |  0  1  2  3  4  5  6  7  8  9  a  b  c  d  e  f |
+--------+-------------------------------------------------+----------------+
|00000000| 7b 0a 20 20 22 68 74 74 70 52 65 71 75 65 73 74 |{.  "httpRequest|
|00000010| 22 20 3a 20 7b 0a 20 20 20 20 22 6d 65 74 68 6f |" : {.    "metho|
|00000020| 64 22 20 3a 20 22 47 45 54 22 2c 0a 20 20 20 20 |d" : "GET",.    |
|00000030| 22 70 61 74 68 22 20 3a 20 22 2f 65 75 72 65 6b |"path" : "/eurek|
|00000040| 61 2f 76 32 2f 61 70 70 73 2f 22 0a 20 20 7d 2c |a/v2/apps/".  },|
|00000050| 0a 20 20 22 68 74 74 70 52 65 73 70 6f 6e 73 65 |.  "httpResponse|
|00000060| 22 20 3a 20 7b 0a 20 20 20 20 22 73 74 61 74 75 |" : {.    "statu|
|00000070| 73 43 6f 64 65 22 20 3a 20 33 30 32 2c 0a 20 20 |sCode" : 302,.  |
|00000080| 20 20 22 62 6f 64 79 22 20 3a 20 22 22 2c 0a 20 |  "body" : "",. |
|00000090| 20 20 20 22 68 65 61 64 65 72 73 22 20 3a 20 5b |   "headers" : [|
|000000a0| 20 7b 0a 20 20 20 20 20 20 22 6e 61 6d 65 22 20 | {.      "name" |
|000000b0| 3a 20 22 4c 6f 63 61 74 69 6f 6e 22 2c 0a 20 20 |: "Location",.  |
|000000c0| 20 20 20 20 22 76 61 6c 75 65 73 22 20 3a 20 5b |    "values" : [|
|000000d0| 20 22 68 74 74 70 3a 2f 2f 6c 6f 63 61 6c 68 6f | "http://localho|
|000000e0| 73 74 3a 33 39 36 39 35 2f 65 75 72 65 6b 61 2f |st:39695/eureka/|
|000000f0| 76 32 2f 61 70 70 73 2f 22 20 5d 0a 20 20 20 20 |v2/apps/" ].    |
|00000100| 7d 20 5d 0a 20 20 7d 2c 0a 20 20 22 74 69 6d 65 |} ].  },.  "time|
|00000110| 73 22 20 3a 20 7b 0a 20 20 20 20 22 75 6e 6c 69 |s" : {.    "unli|
|00000120| 6d 69 74 65 64 22 20 3a 20 74 72 75 65 0a 20 20 |mited" : true.  |
|00000130| 7d 0a 7d                                        |}.}             |
+--------+-------------------------------------------------+----------------+
19:26:28.001 [nioEventLoopGroup-21-1] DEBUG i.n.handler.logging.LoggingHandler - [id: 0x99bee1bb, /127.0.0.1:60736 => /127.0.0.1:45983] WRITE(0B)
         +-------------------------------------------------+
         |  0  1  2  3  4  5  6  7  8  9  a  b  c  d  e  f |
+--------+-------------------------------------------------+----------------+
+--------+-------------------------------------------------+----------------+
19:26:28.008 [nioEventLoopGroup-21-1] DEBUG i.n.handler.logging.LoggingHandler - [id: 0x99bee1bb, /127.0.0.1:60736 => /127.0.0.1:45983] FLUSH
19:26:28.008 [nioEventLoopGroup-22-1] DEBUG HttpClientInitializer --> - [id: 0xd5a466cf, /127.0.0.1:60736 => localhost/127.0.0.1:45983] RECEIVED(67B)
         +-------------------------------------------------+
         |  0  1  2  3  4  5  6  7  8  9  a  b  c  d  e  f |
+--------+-------------------------------------------------+----------------+
|00000000| 48 54 54 50 2f 31 2e 31 20 32 30 31 20 43 72 65 |HTTP/1.1 201 Cre|
|00000010| 61 74 65 64 0d 0a 43 6f 6e 74 65 6e 74 2d 4c 65 |ated..Content-Le|
|00000020| 6e 67 74 68 3a 20 30 0d 0a 43 6f 6e 6e 65 63 74 |ngth: 0..Connect|
|00000030| 69 6f 6e 3a 20 6b 65 65 70 2d 61 6c 69 76 65 0d |ion: keep-alive.|
|00000040| 0a 0d 0a                                        |...             |
+--------+-------------------------------------------------+----------------+
19:26:28.009 [nioEventLoopGroup-22-1] DEBUG HttpClientInitializer --> - [id: 0xd5a466cf, /127.0.0.1:60736 => localhost/127.0.0.1:45983] CLOSE()
19:26:28.009 [nioEventLoopGroup-22-1] DEBUG HttpClientInitializer --> - [id: 0xd5a466cf, /127.0.0.1:60736 :> localhost/127.0.0.1:45983] INACTIVE
19:26:28.009 [nioEventLoopGroup-22-1] DEBUG HttpClientInitializer --> - [id: 0xd5a466cf, /127.0.0.1:60736 :> localhost/127.0.0.1:45983] UNREGISTERED
19:26:28.010 [Test worker] DEBUG o.m.client.netty.NettyHttpClient - Received response: {
  "statusCode" : 201,
  "body" : "",
  "headers" : [ {
    "name" : "Connection",
    "values" : [ "keep-alive" ]
  }, {
    "name" : "Content-Length",
    "values" : [ "0" ]
  } ]
}
19:26:28.020 [nioEventLoopGroup-21-1] DEBUG i.n.handler.logging.LoggingHandler - [id: 0x99bee1bb, /127.0.0.1:60736 => /127.0.0.1:45983] FLUSH
19:26:28.022 [nioEventLoopGroup-21-1] DEBUG i.n.handler.logging.LoggingHandler - [id: 0x99bee1bb, /127.0.0.1:60736 :> /127.0.0.1:45983] INACTIVE
19:26:28.023 [nioEventLoopGroup-21-1] DEBUG i.n.handler.logging.LoggingHandler - [id: 0x99bee1bb, /127.0.0.1:60736 :> /127.0.0.1:45983] UNREGISTERED
19:26:28.037 [Test worker] DEBUG o.m.client.netty.NettyHttpClient - Sending request: {
  "method" : "PUT",
  "path" : "/expectation",
  "body" : "{\n  \"httpRequest\" : {\n    \"method\" : \"GET\",\n    \"path\" : \"/eureka/v2/apps/\"\n  },\n  \"httpResponse\" : {\n    \"statusCode\" : 200,\n    \"body\" : \"{\\\"applications\\\":{\\\"versions__delta\\\":1,\\\"apps__hashcode\\\":\\\"UP_1_\\\",\\\"application\\\":{\\\"name\\\":\\\"APPLICATION0\\\",\\\"instance\\\":{\\\"instanceId\\\":\\\"i-00000000\\\",\\\"hostName\\\":\\\"instance0.application0.com\\\",\\\"app\\\":\\\"APPLICATION0\\\",\\\"ipAddr\\\":\\\"20.0.0.0\\\",\\\"status\\\":\\\"UP\\\",\\\"overriddenstatus\\\":\\\"UNKNOWN\\\",\\\"port\\\":{\\\"@enabled\\\":\\\"true\\\",\\\"$\\\":\\\"8080\\\"},\\\"securePort\\\":{\\\"@enabled\\\":\\\"true\\\",\\\"$\\\":\\\"8081\\\"},\\\"countryId\\\":1,\\\"dataCenterInfo\\\":{\\\"@class\\\":\\\"com.netflix.appinfo.AmazonInfo\\\",\\\"name\\\":\\\"Amazon\\\",\\\"metadata\\\":{\\\"public-ipv4\\\":\\\"20.0.0.0\\\",\\\"accountId\\\":\\\"testAccountId\\\",\\\"local-hostname\\\":\\\"ip-10.00.0.compute.internal\\\",\\\"public-hostname\\\":\\\"instance0.application0.com\\\",\\\"instance-id\\\":\\\"i-00000000\\\",\\\"local-ipv4\\\":\\\"192.168.0.0\\\",\\\"instance-type\\\":\\\"m2.xlarge\\\",\\\"ami-id\\\":\\\"ami-00000000\\\",\\\"availability-zone\\\":\\\"us-east-1c\\\"}},\\\"leaseInfo\\\":{\\\"renewalIntervalInSecs\\\":5,\\\"durationInSecs\\\":15,\\\"registrationTimestamp\\\":1491758787951,\\\"lastRenewalTimestamp\\\":1491758787956,\\\"evictionTimestamp\\\":1491758787966,\\\"serviceUpTimestamp\\\":1491758787946},\\\"metadata\\\":{\\\"appKey0\\\":0},\\\"appGroupName\\\":\\\"APPLICATION0GROUP\\\",\\\"homePageUrl\\\":\\\"http://instance0.application0.com:8080/homepage\\\",\\\"statusPageUrl\\\":\\\"http://instance0.application0.com:8080/status\\\",\\\"healthCheckUrl\\\":\\\"http://instance0.application0.com:8080/healthcheck\\\",\\\"secureHealthCheckUrl\\\":\\\"https://instance0.application0.com:8081/healthcheck\\\",\\\"vipAddress\\\":\\\"application0:8080\\\",\\\"secureVipAddress\\\":\\\"application0:8081\\\",\\\"isCoordinatingDiscoveryServer\\\":true,\\\"lastUpdatedTimestamp\\\":1491758787851,\\\"lastDirtyTimestamp\\\":1491758787851,\\\"actionType\\\":\\\"ADDED\\\",\\\"asgName\\\":\\\"application0ASG\\\"}}}}\",\n    \"headers\" : [ {\n      \"name\" : \"Content-Type\",\n      \"values\" : [ \"application/json\" ]\n    } ]\n  },\n  \"times\" : {\n    \"remainingTimes\" : 1,\n    \"unlimited\" : false\n  }\n}",
  "host" : "localhost",
  "port" : 39695
}
19:26:28.061 [nioEventLoopGroup-23-1] DEBUG HttpClientInitializer --> - [id: 0x58716f6c] REGISTERED
19:26:28.061 [nioEventLoopGroup-23-1] DEBUG HttpClientInitializer --> - [id: 0x58716f6c] CONNECT(localhost/127.0.0.1:39695, null)
19:26:28.062 [nioEventLoopGroup-23-1] DEBUG HttpClientInitializer --> - [id: 0x58716f6c, /127.0.0.1:53546 => localhost/127.0.0.1:39695] WRITE(129B)
         +-------------------------------------------------+
         |  0  1  2  3  4  5  6  7  8  9  a  b  c  d  e  f |
+--------+-------------------------------------------------+----------------+
|00000000| 50 55 54 20 2f 65 78 70 65 63 74 61 74 69 6f 6e |PUT /expectation|
|00000010| 20 48 54 54 50 2f 31 2e 31 0d 0a 48 6f 73 74 3a | HTTP/1.1..Host:|
|00000020| 20 6c 6f 63 61 6c 68 6f 73 74 3a 33 39 36 39 35 | localhost:39695|
|00000030| 0d 0a 41 63 63 65 70 74 2d 45 6e 63 6f 64 69 6e |..Accept-Encodin|
|00000040| 67 3a 20 67 7a 69 70 2c 64 65 66 6c 61 74 65 0d |g: gzip,deflate.|
|00000050| 0a 43 6f 6e 74 65 6e 74 2d 4c 65 6e 67 74 68 3a |.Content-Length:|
|00000060| 20 31 39 39 31 0d 0a 43 6f 6e 6e 65 63 74 69 6f | 1991..Connectio|
|00000070| 6e 3a 20 6b 65 65 70 2d 61 6c 69 76 65 0d 0a 0d |n: keep-alive...|
|00000080| 0a                                              |.               |
+--------+-------------------------------------------------+----------------+
19:26:28.065 [nioEventLoopGroup-23-1] DEBUG HttpClientInitializer --> - [id: 0x58716f6c, /127.0.0.1:53546 => localhost/127.0.0.1:39695] WRITE(1991B)
         +-------------------------------------------------+
         |  0  1  2  3  4  5  6  7  8  9  a  b  c  d  e  f |
+--------+-------------------------------------------------+----------------+
|00000000| 7b 0a 20 20 22 68 74 74 70 52 65 71 75 65 73 74 |{.  "httpRequest|
|00000010| 22 20 3a 20 7b 0a 20 20 20 20 22 6d 65 74 68 6f |" : {.    "metho|
|00000020| 64 22 20 3a 20 22 47 45 54 22 2c 0a 20 20 20 20 |d" : "GET",.    |
|00000030| 22 70 61 74 68 22 20 3a 20 22 2f 65 75 72 65 6b |"path" : "/eurek|
|00000040| 61 2f 76 32 2f 61 70 70 73 2f 22 0a 20 20 7d 2c |a/v2/apps/".  },|
|00000050| 0a 20 20 22 68 74 74 70 52 65 73 70 6f 6e 73 65 |.  "httpResponse|
|00000060| 22 20 3a 20 7b 0a 20 20 20 20 22 73 74 61 74 75 |" : {.    "statu|
|00000070| 73 43 6f 64 65 22 20 3a 20 32 30 30 2c 0a 20 20 |sCode" : 200,.  |
|00000080| 20 20 22 62 6f 64 79 22 20 3a 20 22 7b 5c 22 61 |  "body" : "{\"a|
|00000090| 70 70 6c 69 63 61 74 69 6f 6e 73 5c 22 3a 7b 5c |pplications\":{\|
|000000a0| 22 76 65 72 73 69 6f 6e 73 5f 5f 64 65 6c 74 61 |"versions__delta|
|000000b0| 5c 22 3a 31 2c 5c 22 61 70 70 73 5f 5f 68 61 73 |\":1,\"apps__has|
|000000c0| 68 63 6f 64 65 5c 22 3a 5c 22 55 50 5f 31 5f 5c |hcode\":\"UP_1_\|
|000000d0| 22 2c 5c 22 61 70 70 6c 69 63 61 74 69 6f 6e 5c |",\"application\|
|000000e0| 22 3a 7b 5c 22 6e 61 6d 65 5c 22 3a 5c 22 41 50 |":{\"name\":\"AP|
|000000f0| 50 4c 49 43 41 54 49 4f 4e 30 5c 22 2c 5c 22 69 |PLICATION0\",\"i|
|00000100| 6e 73 74 61 6e 63 65 5c 22 3a 7b 5c 22 69 6e 73 |nstance\":{\"ins|
|00000110| 74 61 6e 63 65 49 64 5c 22 3a 5c 22 69 2d 30 30 |tanceId\":\"i-00|
|00000120| 30 30 30 30 30 30 5c 22 2c 5c 22 68 6f 73 74 4e |000000\",\"hostN|
|00000130| 61 6d 65 5c 22 3a 5c 22 69 6e 73 74 61 6e 63 65 |ame\":\"instance|
|00000140| 30 2e 61 70 70 6c 69 63 61 74 69 6f 6e 30 2e 63 |0.application0.c|
|00000150| 6f 6d 5c 22 2c 5c 22 61 70 70 5c 22 3a 5c 22 41 |om\",\"app\":\"A|
|00000160| 50 50 4c 49 43 41 54 49 4f 4e 30 5c 22 2c 5c 22 |PPLICATION0\",\"|
|00000170| 69 70 41 64 64 72 5c 22 3a 5c 22 32 30 2e 30 2e |ipAddr\":\"20.0.|
|00000180| 30 2e 30 5c 22 2c 5c 22 73 74 61 74 75 73 5c 22 |0.0\",\"status\"|
|00000190| 3a 5c 22 55 50 5c 22 2c 5c 22 6f 76 65 72 72 69 |:\"UP\",\"overri|
|000001a0| 64 64 65 6e 73 74 61 74 75 73 5c 22 3a 5c 22 55 |ddenstatus\":\"U|
|000001b0| 4e 4b 4e 4f 57 4e 5c 22 2c 5c 22 70 6f 72 74 5c |NKNOWN\",\"port\|
|000001c0| 22 3a 7b 5c 22 40 65 6e 61 62 6c 65 64 5c 22 3a |":{\"@enabled\":|
|000001d0| 5c 22 74 72 75 65 5c 22 2c 5c 22 24 5c 22 3a 5c |\"true\",\"$\":\|
|000001e0| 22 38 30 38 30 5c 22 7d 2c 5c 22 73 65 63 75 72 |"8080\"},\"secur|
|000001f0| 65 50 6f 72 74 5c 22 3a 7b 5c 22 40 65 6e 61 62 |ePort\":{\"@enab|
|00000200| 6c 65 64 5c 22 3a 5c 22 74 72 75 65 5c 22 2c 5c |led\":\"true\",\|
|00000210| 22 24 5c 22 3a 5c 22 38 30 38 31 5c 22 7d 2c 5c |"$\":\"8081\"},\|
|00000220| 22 63 6f 75 6e 74 72 79 49 64 5c 22 3a 31 2c 5c |"countryId\":1,\|
|00000230| 22 64 61 74 61 43 65 6e 74 65 72 49 6e 66 6f 5c |"dataCenterInfo\|
|00000240| 22 3a 7b 5c 22 40 63 6c 61 73 73 5c 22 3a 5c 22 |":{\"@class\":\"|
|00000250| 63 6f 6d 2e 6e 65 74 66 6c 69 78 2e 61 70 70 69 |com.netflix.appi|
|00000260| 6e 66 6f 2e 41 6d 61 7a 6f 6e 49 6e 66 6f 5c 22 |nfo.AmazonInfo\"|
|00000270| 2c 5c 22 6e 61 6d 65 5c 22 3a 5c 22 41 6d 61 7a |,\"name\":\"Amaz|
|00000280| 6f 6e 5c 22 2c 5c 22 6d 65 74 61 64 61 74 61 5c |on\",\"metadata\|
|00000290| 22 3a 7b 5c 22 70 75 62 6c 69 63 2d 69 70 76 34 |":{\"public-ipv4|
|000002a0| 5c 22 3a 5c 22 32 30 2e 30 2e 30 2e 30 5c 22 2c |\":\"20.0.0.0\",|
|000002b0| 5c 22 61 63 63 6f 75 6e 74 49 64 5c 22 3a 5c 22 |\"accountId\":\"|
|000002c0| 74 65 73 74 41 63 63 6f 75 6e 74 49 64 5c 22 2c |testAccountId\",|
|000002d0| 5c 22 6c 6f 63 61 6c 2d 68 6f 73 74 6e 61 6d 65 |\"local-hostname|
|000002e0| 5c 22 3a 5c 22 69 70 2d 31 30 2e 30 30 2e 30 2e |\":\"ip-10.00.0.|
|000002f0| 63 6f 6d 70 75 74 65 2e 69 6e 74 65 72 6e 61 6c |compute.internal|
|00000300| 5c 22 2c 5c 22 70 75 62 6c 69 63 2d 68 6f 73 74 |\",\"public-host|
|00000310| 6e 61 6d 65 5c 22 3a 5c 22 69 6e 73 74 61 6e 63 |name\":\"instanc|
|00000320| 65 30 2e 61 70 70 6c 69 63 61 74 69 6f 6e 30 2e |e0.application0.|
|00000330| 63 6f 6d 5c 22 2c 5c 22 69 6e 73 74 61 6e 63 65 |com\",\"instance|
|00000340| 2d 69 64 5c 22 3a 5c 22 69 2d 30 30 30 30 30 30 |-id\":\"i-000000|
|00000350| 30 30 5c 22 2c 5c 22 6c 6f 63 61 6c 2d 69 70 76 |00\",\"local-ipv|
|00000360| 34 5c 22 3a 5c 22 31 39 32 2e 31 36 38 2e 30 2e |4\":\"192.168.0.|
|00000370| 30 5c 22 2c 5c 22 69 6e 73 74 61 6e 63 65 2d 74 |0\",\"instance-t|
|00000380| 79 70 65 5c 22 3a 5c 22 6d 32 2e 78 6c 61 72 67 |ype\":\"m2.xlarg|
|00000390| 65 5c 22 2c 5c 22 61 6d 69 2d 69 64 5c 22 3a 5c |e\",\"ami-id\":\|
|000003a0| 22 61 6d 69 2d 30 30 30 30 30 30 30 30 5c 22 2c |"ami-00000000\",|
|000003b0| 5c 22 61 76 61 69 6c 61 62 69 6c 69 74 79 2d 7a |\"availability-z|
|000003c0| 6f 6e 65 5c 22 3a 5c 22 75 73 2d 65 61 73 74 2d |one\":\"us-east-|
|000003d0| 31 63 5c 22 7d 7d 2c 5c 22 6c 65 61 73 65 49 6e |1c\"}},\"leaseIn|
|000003e0| 66 6f 5c 22 3a 7b 5c 22 72 65 6e 65 77 61 6c 49 |fo\":{\"renewalI|
|000003f0| 6e 74 65 72 76 61 6c 49 6e 53 65 63 73 5c 22 3a |ntervalInSecs\":|
|00000400| 35 2c 5c 22 64 75 72 61 74 69 6f 6e 49 6e 53 65 |5,\"durationInSe|
|00000410| 63 73 5c 22 3a 31 35 2c 5c 22 72 65 67 69 73 74 |cs\":15,\"regist|
|00000420| 72 61 74 69 6f 6e 54 69 6d 65 73 74 61 6d 70 5c |rationTimestamp\|
|00000430| 22 3a 31 34 39 31 37 35 38 37 38 37 39 35 31 2c |":1491758787951,|
|00000440| 5c 22 6c 61 73 74 52 65 6e 65 77 61 6c 54 69 6d |\"lastRenewalTim|
|00000450| 65 73 74 61 6d 70 5c 22 3a 31 34 39 31 37 35 38 |estamp\":1491758|
|00000460| 37 38 37 39 35 36 2c 5c 22 65 76 69 63 74 69 6f |787956,\"evictio|
|00000470| 6e 54 69 6d 65 73 74 61 6d 70 5c 22 3a 31 34 39 |nTimestamp\":149|
|00000480| 31 37 35 38 37 38 37 39 36 36 2c 5c 22 73 65 72 |1758787966,\"ser|
|00000490| 76 69 63 65 55 70 54 69 6d 65 73 74 61 6d 70 5c |viceUpTimestamp\|
|000004a0| 22 3a 31 34 39 31 37 35 38 37 38 37 39 34 36 7d |":1491758787946}|
|000004b0| 2c 5c 22 6d 65 74 61 64 61 74 61 5c 22 3a 7b 5c |,\"metadata\":{\|
|000004c0| 22 61 70 70 4b 65 79 30 5c 22 3a 30 7d 2c 5c 22 |"appKey0\":0},\"|
|000004d0| 61 70 70 47 72 6f 75 70 4e 61 6d 65 5c 22 3a 5c |appGroupName\":\|
|000004e0| 22 41 50 50 4c 49 43 41 54 49 4f 4e 30 47 52 4f |"APPLICATION0GRO|
|000004f0| 55 50 5c 22 2c 5c 22 68 6f 6d 65 50 61 67 65 55 |UP\",\"homePageU|
|00000500| 72 6c 5c 22 3a 5c 22 68 74 74 70 3a 2f 2f 69 6e |rl\":\"http://in|
|00000510| 73 74 61 6e 63 65 30 2e 61 70 70 6c 69 63 61 74 |stance0.applicat|
|00000520| 69 6f 6e 30 2e 63 6f 6d 3a 38 30 38 30 2f 68 6f |ion0.com:8080/ho|
|00000530| 6d 65 70 61 67 65 5c 22 2c 5c 22 73 74 61 74 75 |mepage\",\"statu|
|00000540| 73 50 61 67 65 55 72 6c 5c 22 3a 5c 22 68 74 74 |sPageUrl\":\"htt|
|00000550| 70 3a 2f 2f 69 6e 73 74 61 6e 63 65 30 2e 61 70 |p://instance0.ap|
|00000560| 70 6c 69 63 61 74 69 6f 6e 30 2e 63 6f 6d 3a 38 |plication0.com:8|
|00000570| 30 38 30 2f 73 74 61 74 75 73 5c 22 2c 5c 22 68 |080/status\",\"h|
|00000580| 65 61 6c 74 68 43 68 65 63 6b 55 72 6c 5c 22 3a |ealthCheckUrl\":|
|00000590| 5c 22 68 74 74 70 3a 2f 2f 69 6e 73 74 61 6e 63 |\"http://instanc|
|000005a0| 65 30 2e 61 70 70 6c 69 63 61 74 69 6f 6e 30 2e |e0.application0.|
|000005b0| 63 6f 6d 3a 38 30 38 30 2f 68 65 61 6c 74 68 63 |com:8080/healthc|
|000005c0| 68 65 63 6b 5c 22 2c 5c 22 73 65 63 75 72 65 48 |heck\",\"secureH|
|000005d0| 65 61 6c 74 68 43 68 65 63 6b 55 72 6c 5c 22 3a |ealthCheckUrl\":|
|000005e0| 5c 22 68 74 74 70 73 3a 2f 2f 69 6e 73 74 61 6e |\"https://instan|
|000005f0| 63 65 30 2e 61 70 70 6c 69 63 61 74 69 6f 6e 30 |ce0.application0|
|00000600| 2e 63 6f 6d 3a 38 30 38 31 2f 68 65 61 6c 74 68 |.com:8081/health|
|00000610| 63 68 65 63 6b 5c 22 2c 5c 22 76 69 70 41 64 64 |check\",\"vipAdd|
|00000620| 72 65 73 73 5c 22 3a 5c 22 61 70 70 6c 69 63 61 |ress\":\"applica|
|00000630| 74 69 6f 6e 30 3a 38 30 38 30 5c 22 2c 5c 22 73 |tion0:8080\",\"s|
|00000640| 65 63 75 72 65 56 69 70 41 64 64 72 65 73 73 5c |ecureVipAddress\|
|00000650| 22 3a 5c 22 61 70 70 6c 69 63 61 74 69 6f 6e 30 |":\"application0|
|00000660| 3a 38 30 38 31 5c 22 2c 5c 22 69 73 43 6f 6f 72 |:8081\",\"isCoor|
|00000670| 64 69 6e 61 74 69 6e 67 44 69 73 63 6f 76 65 72 |dinatingDiscover|
|00000680| 79 53 65 72 76 65 72 5c 22 3a 74 72 75 65 2c 5c |yServer\":true,\|
|00000690| 22 6c 61 73 74 55 70 64 61 74 65 64 54 69 6d 65 |"lastUpdatedTime|
|000006a0| 73 74 61 6d 70 5c 22 3a 31 34 39 31 37 35 38 37 |stamp\":14917587|
|000006b0| 38 37 38 35 31 2c 5c 22 6c 61 73 74 44 69 72 74 |87851,\"lastDirt|
|000006c0| 79 54 69 6d 65 73 74 61 6d 70 5c 22 3a 31 34 39 |yTimestamp\":149|
|000006d0| 31 37 35 38 37 38 37 38 35 31 2c 5c 22 61 63 74 |1758787851,\"act|
|000006e0| 69 6f 6e 54 79 70 65 5c 22 3a 5c 22 41 44 44 45 |ionType\":\"ADDE|
|000006f0| 44 5c 22 2c 5c 22 61 73 67 4e 61 6d 65 5c 22 3a |D\",\"asgName\":|
|00000700| 5c 22 61 70 70 6c 69 63 61 74 69 6f 6e 30 41 53 |\"application0AS|
|00000710| 47 5c 22 7d 7d 7d 7d 22 2c 0a 20 20 20 20 22 68 |G\"}}}}",.    "h|
|00000720| 65 61 64 65 72 73 22 20 3a 20 5b 20 7b 0a 20 20 |eaders" : [ {.  |
|00000730| 20 20 20 20 22 6e 61 6d 65 22 20 3a 20 22 43 6f |    "name" : "Co|
|00000740| 6e 74 65 6e 74 2d 54 79 70 65 22 2c 0a 20 20 20 |ntent-Type",.   |
|00000750| 20 20 20 22 76 61 6c 75 65 73 22 20 3a 20 5b 20 |   "values" : [ |
|00000760| 22 61 70 70 6c 69 63 61 74 69 6f 6e 2f 6a 73 6f |"application/jso|
|00000770| 6e 22 20 5d 0a 20 20 20 20 7d 20 5d 0a 20 20 7d |n" ].    } ].  }|
|00000780| 2c 0a 20 20 22 74 69 6d 65 73 22 20 3a 20 7b 0a |,.  "times" : {.|
|00000790| 20 20 20 20 22 72 65 6d 61 69 6e 69 6e 67 54 69 |    "remainingTi|
|000007a0| 6d 65 73 22 20 3a 20 31 2c 0a 20 20 20 20 22 75 |mes" : 1,.    "u|
|000007b0| 6e 6c 69 6d 69 74 65 64 22 20 3a 20 66 61 6c 73 |nlimited" : fals|
|000007c0| 65 0a 20 20 7d 0a 7d                            |e.  }.}         |
+--------+-------------------------------------------------+----------------+
19:26:28.079 [nioEventLoopGroup-23-1] DEBUG HttpClientInitializer --> - [id: 0x58716f6c, /127.0.0.1:53546 => localhost/127.0.0.1:39695] FLUSH
19:26:28.080 [nioEventLoopGroup-23-1] DEBUG HttpClientInitializer --> - [id: 0x58716f6c, /127.0.0.1:53546 => localhost/127.0.0.1:39695] ACTIVE
19:26:28.096 [nioEventLoopGroup-19-1] DEBUG i.n.handler.logging.LoggingHandler - [id: 0xf885ee5e, /127.0.0.1:53546 => /127.0.0.1:39695] RECEIVED(1991B)
         +-------------------------------------------------+
         |  0  1  2  3  4  5  6  7  8  9  a  b  c  d  e  f |
+--------+-------------------------------------------------+----------------+
|00000000| 7b 0a 20 20 22 68 74 74 70 52 65 71 75 65 73 74 |{.  "httpRequest|
|00000010| 22 20 3a 20 7b 0a 20 20 20 20 22 6d 65 74 68 6f |" : {.    "metho|
|00000020| 64 22 20 3a 20 22 47 45 54 22 2c 0a 20 20 20 20 |d" : "GET",.    |
|00000030| 22 70 61 74 68 22 20 3a 20 22 2f 65 75 72 65 6b |"path" : "/eurek|
|00000040| 61 2f 76 32 2f 61 70 70 73 2f 22 0a 20 20 7d 2c |a/v2/apps/".  },|
|00000050| 0a 20 20 22 68 74 74 70 52 65 73 70 6f 6e 73 65 |.  "httpResponse|
|00000060| 22 20 3a 20 7b 0a 20 20 20 20 22 73 74 61 74 75 |" : {.    "statu|
|00000070| 73 43 6f 64 65 22 20 3a 20 32 30 30 2c 0a 20 20 |sCode" : 200,.  |
|00000080| 20 20 22 62 6f 64 79 22 20 3a 20 22 7b 5c 22 61 |  "body" : "{\"a|
|00000090| 70 70 6c 69 63 61 74 69 6f 6e 73 5c 22 3a 7b 5c |pplications\":{\|
|000000a0| 22 76 65 72 73 69 6f 6e 73 5f 5f 64 65 6c 74 61 |"versions__delta|
|000000b0| 5c 22 3a 31 2c 5c 22 61 70 70 73 5f 5f 68 61 73 |\":1,\"apps__has|
|000000c0| 68 63 6f 64 65 5c 22 3a 5c 22 55 50 5f 31 5f 5c |hcode\":\"UP_1_\|
|000000d0| 22 2c 5c 22 61 70 70 6c 69 63 61 74 69 6f 6e 5c |",\"application\|
|000000e0| 22 3a 7b 5c 22 6e 61 6d 65 5c 22 3a 5c 22 41 50 |":{\"name\":\"AP|
|000000f0| 50 4c 49 43 41 54 49 4f 4e 30 5c 22 2c 5c 22 69 |PLICATION0\",\"i|
|00000100| 6e 73 74 61 6e 63 65 5c 22 3a 7b 5c 22 69 6e 73 |nstance\":{\"ins|
|00000110| 74 61 6e 63 65 49 64 5c 22 3a 5c 22 69 2d 30 30 |tanceId\":\"i-00|
|00000120| 30 30 30 30 30 30 5c 22 2c 5c 22 68 6f 73 74 4e |000000\",\"hostN|
|00000130| 61 6d 65 5c 22 3a 5c 22 69 6e 73 74 61 6e 63 65 |ame\":\"instance|
|00000140| 30 2e 61 70 70 6c 69 63 61 74 69 6f 6e 30 2e 63 |0.application0.c|
|00000150| 6f 6d 5c 22 2c 5c 22 61 70 70 5c 22 3a 5c 22 41 |om\",\"app\":\"A|
|00000160| 50 50 4c 49 43 41 54 49 4f 4e 30 5c 22 2c 5c 22 |PPLICATION0\",\"|
|00000170| 69 70 41 64 64 72 5c 22 3a 5c 22 32 30 2e 30 2e |ipAddr\":\"20.0.|
|00000180| 30 2e 30 5c 22 2c 5c 22 73 74 61 74 75 73 5c 22 |0.0\",\"status\"|
|00000190| 3a 5c 22 55 50 5c 22 2c 5c 22 6f 76 65 72 72 69 |:\"UP\",\"overri|
|000001a0| 64 64 65 6e 73 74 61 74 75 73 5c 22 3a 5c 22 55 |ddenstatus\":\"U|
|000001b0| 4e 4b 4e 4f 57 4e 5c 22 2c 5c 22 70 6f 72 74 5c |NKNOWN\",\"port\|
|000001c0| 22 3a 7b 5c 22 40 65 6e 61 62 6c 65 64 5c 22 3a |":{\"@enabled\":|
|000001d0| 5c 22 74 72 75 65 5c 22 2c 5c 22 24 5c 22 3a 5c |\"true\",\"$\":\|
|000001e0| 22 38 30 38 30 5c 22 7d 2c 5c 22 73 65 63 75 72 |"8080\"},\"secur|
|000001f0| 65 50 6f 72 74 5c 22 3a 7b 5c 22 40 65 6e 61 62 |ePort\":{\"@enab|
|00000200| 6c 65 64 5c 22 3a 5c 22 74 72 75 65 5c 22 2c 5c |led\":\"true\",\|
|00000210| 22 24 5c 22 3a 5c 22 38 30 38 31 5c 22 7d 2c 5c |"$\":\"8081\"},\|
|00000220| 22 63 6f 75 6e 74 72 79 49 64 5c 22 3a 31 2c 5c |"countryId\":1,\|
|00000230| 22 64 61 74 61 43 65 6e 74 65 72 49 6e 66 6f 5c |"dataCenterInfo\|
|00000240| 22 3a 7b 5c 22 40 63 6c 61 73 73 5c 22 3a 5c 22 |":{\"@class\":\"|
|00000250| 63 6f 6d 2e 6e 65 74 66 6c 69 78 2e 61 70 70 69 |com.netflix.appi|
|00000260| 6e 66 6f 2e 41 6d 61 7a 6f 6e 49 6e 66 6f 5c 22 |nfo.AmazonInfo\"|
|00000270| 2c 5c 22 6e 61 6d 65 5c 22 3a 5c 22 41 6d 61 7a |,\"name\":\"Amaz|
|00000280| 6f 6e 5c 22 2c 5c 22 6d 65 74 61 64 61 74 61 5c |on\",\"metadata\|
|00000290| 22 3a 7b 5c 22 70 75 62 6c 69 63 2d 69 70 76 34 |":{\"public-ipv4|
|000002a0| 5c 22 3a 5c 22 32 30 2e 30 2e 30 2e 30 5c 22 2c |\":\"20.0.0.0\",|
|000002b0| 5c 22 61 63 63 6f 75 6e 74 49 64 5c 22 3a 5c 22 |\"accountId\":\"|
|000002c0| 74 65 73 74 41 63 63 6f 75 6e 74 49 64 5c 22 2c |testAccountId\",|
|000002d0| 5c 22 6c 6f 63 61 6c 2d 68 6f 73 74 6e 61 6d 65 |\"local-hostname|
|000002e0| 5c 22 3a 5c 22 69 70 2d 31 30 2e 30 30 2e 30 2e |\":\"ip-10.00.0.|
|000002f0| 63 6f 6d 70 75 74 65 2e 69 6e 74 65 72 6e 61 6c |compute.internal|
|00000300| 5c 22 2c 5c 22 70 75 62 6c 69 63 2d 68 6f 73 74 |\",\"public-host|
|00000310| 6e 61 6d 65 5c 22 3a 5c 22 69 6e 73 74 61 6e 63 |name\":\"instanc|
|00000320| 65 30 2e 61 70 70 6c 69 63 61 74 69 6f 6e 30 2e |e0.application0.|
|00000330| 63 6f 6d 5c 22 2c 5c 22 69 6e 73 74 61 6e 63 65 |com\",\"instance|
|00000340| 2d 69 64 5c 22 3a 5c 22 69 2d 30 30 30 30 30 30 |-id\":\"i-000000|
|00000350| 30 30 5c 22 2c 5c 22 6c 6f 63 61 6c 2d 69 70 76 |00\",\"local-ipv|
|00000360| 34 5c 22 3a 5c 22 31 39 32 2e 31 36 38 2e 30 2e |4\":\"192.168.0.|
|00000370| 30 5c 22 2c 5c 22 69 6e 73 74 61 6e 63 65 2d 74 |0\",\"instance-t|
|00000380| 79 70 65 5c 22 3a 5c 22 6d 32 2e 78 6c 61 72 67 |ype\":\"m2.xlarg|
|00000390| 65 5c 22 2c 5c 22 61 6d 69 2d 69 64 5c 22 3a 5c |e\",\"ami-id\":\|
|000003a0| 22 61 6d 69 2d 30 30 30 30 30 30 30 30 5c 22 2c |"ami-00000000\",|
|000003b0| 5c 22 61 76 61 69 6c 61 62 69 6c 69 74 79 2d 7a |\"availability-z|
|000003c0| 6f 6e 65 5c 22 3a 5c 22 75 73 2d 65 61 73 74 2d |one\":\"us-east-|
|000003d0| 31 63 5c 22 7d 7d 2c 5c 22 6c 65 61 73 65 49 6e |1c\"}},\"leaseIn|
|000003e0| 66 6f 5c 22 3a 7b 5c 22 72 65 6e 65 77 61 6c 49 |fo\":{\"renewalI|
|000003f0| 6e 74 65 72 76 61 6c 49 6e 53 65 63 73 5c 22 3a |ntervalInSecs\":|
|00000400| 35 2c 5c 22 64 75 72 61 74 69 6f 6e 49 6e 53 65 |5,\"durationInSe|
|00000410| 63 73 5c 22 3a 31 35 2c 5c 22 72 65 67 69 73 74 |cs\":15,\"regist|
|00000420| 72 61 74 69 6f 6e 54 69 6d 65 73 74 61 6d 70 5c |rationTimestamp\|
|00000430| 22 3a 31 34 39 31 37 35 38 37 38 37 39 35 31 2c |":1491758787951,|
|00000440| 5c 22 6c 61 73 74 52 65 6e 65 77 61 6c 54 69 6d |\"lastRenewalTim|
|00000450| 65 73 74 61 6d 70 5c 22 3a 31 34 39 31 37 35 38 |estamp\":1491758|
|00000460| 37 38 37 39 35 36 2c 5c 22 65 76 69 63 74 69 6f |787956,\"evictio|
|00000470| 6e 54 69 6d 65 73 74 61 6d 70 5c 22 3a 31 34 39 |nTimestamp\":149|
|00000480| 31 37 35 38 37 38 37 39 36 36 2c 5c 22 73 65 72 |1758787966,\"ser|
|00000490| 76 69 63 65 55 70 54 69 6d 65 73 74 61 6d 70 5c |viceUpTimestamp\|
|000004a0| 22 3a 31 34 39 31 37 35 38 37 38 37 39 34 36 7d |":1491758787946}|
|000004b0| 2c 5c 22 6d 65 74 61 64 61 74 61 5c 22 3a 7b 5c |,\"metadata\":{\|
|000004c0| 22 61 70 70 4b 65 79 30 5c 22 3a 30 7d 2c 5c 22 |"appKey0\":0},\"|
|000004d0| 61 70 70 47 72 6f 75 70 4e 61 6d 65 5c 22 3a 5c |appGroupName\":\|
|000004e0| 22 41 50 50 4c 49 43 41 54 49 4f 4e 30 47 52 4f |"APPLICATION0GRO|
|000004f0| 55 50 5c 22 2c 5c 22 68 6f 6d 65 50 61 67 65 55 |UP\",\"homePageU|
|00000500| 72 6c 5c 22 3a 5c 22 68 74 74 70 3a 2f 2f 69 6e |rl\":\"http://in|
|00000510| 73 74 61 6e 63 65 30 2e 61 70 70 6c 69 63 61 74 |stance0.applicat|
|00000520| 69 6f 6e 30 2e 63 6f 6d 3a 38 30 38 30 2f 68 6f |ion0.com:8080/ho|
|00000530| 6d 65 70 61 67 65 5c 22 2c 5c 22 73 74 61 74 75 |mepage\",\"statu|
|00000540| 73 50 61 67 65 55 72 6c 5c 22 3a 5c 22 68 74 74 |sPageUrl\":\"htt|
|00000550| 70 3a 2f 2f 69 6e 73 74 61 6e 63 65 30 2e 61 70 |p://instance0.ap|
|00000560| 70 6c 69 63 61 74 69 6f 6e 30 2e 63 6f 6d 3a 38 |plication0.com:8|
|00000570| 30 38 30 2f 73 74 61 74 75 73 5c 22 2c 5c 22 68 |080/status\",\"h|
|00000580| 65 61 6c 74 68 43 68 65 63 6b 55 72 6c 5c 22 3a |ealthCheckUrl\":|
|00000590| 5c 22 68 74 74 70 3a 2f 2f 69 6e 73 74 61 6e 63 |\"http://instanc|
|000005a0| 65 30 2e 61 70 70 6c 69 63 61 74 69 6f 6e 30 2e |e0.application0.|
|000005b0| 63 6f 6d 3a 38 30 38 30 2f 68 65 61 6c 74 68 63 |com:8080/healthc|
|000005c0| 68 65 63 6b 5c 22 2c 5c 22 73 65 63 75 72 65 48 |heck\",\"secureH|
|000005d0| 65 61 6c 74 68 43 68 65 63 6b 55 72 6c 5c 22 3a |ealthCheckUrl\":|
|000005e0| 5c 22 68 74 74 70 73 3a 2f 2f 69 6e 73 74 61 6e |\"https://instan|
|000005f0| 63 65 30 2e 61 70 70 6c 69 63 61 74 69 6f 6e 30 |ce0.application0|
|00000600| 2e 63 6f 6d 3a 38 30 38 31 2f 68 65 61 6c 74 68 |.com:8081/health|
|00000610| 63 68 65 63 6b 5c 22 2c 5c 22 76 69 70 41 64 64 |check\",\"vipAdd|
|00000620| 72 65 73 73 5c 22 3a 5c 22 61 70 70 6c 69 63 61 |ress\":\"applica|
|00000630| 74 69 6f 6e 30 3a 38 30 38 30 5c 22 2c 5c 22 73 |tion0:8080\",\"s|
|00000640| 65 63 75 72 65 56 69 70 41 64 64 72 65 73 73 5c |ecureVipAddress\|
|00000650| 22 3a 5c 22 61 70 70 6c 69 63 61 74 69 6f 6e 30 |":\"application0|
|00000660| 3a 38 30 38 31 5c 22 2c 5c 22 69 73 43 6f 6f 72 |:8081\",\"isCoor|
|00000670| 64 69 6e 61 74 69 6e 67 44 69 73 63 6f 76 65 72 |dinatingDiscover|
|00000680| 79 53 65 72 76 65 72 5c 22 3a 74 72 75 65 2c 5c |yServer\":true,\|
|00000690| 22 6c 61 73 74 55 70 64 61 74 65 64 54 69 6d 65 |"lastUpdatedTime|
|000006a0| 73 74 61 6d 70 5c 22 3a 31 34 39 31 37 35 38 37 |stamp\":14917587|
|000006b0| 38 37 38 35 31 2c 5c 22 6c 61 73 74 44 69 72 74 |87851,\"lastDirt|
|000006c0| 79 54 69 6d 65 73 74 61 6d 70 5c 22 3a 31 34 39 |yTimestamp\":149|
|000006d0| 31 37 35 38 37 38 37 38 35 31 2c 5c 22 61 63 74 |1758787851,\"act|
|000006e0| 69 6f 6e 54 79 70 65 5c 22 3a 5c 22 41 44 44 45 |ionType\":\"ADDE|
|000006f0| 44 5c 22 2c 5c 22 61 73 67 4e 61 6d 65 5c 22 3a |D\",\"asgName\":|
|00000700| 5c 22 61 70 70 6c 69 63 61 74 69 6f 6e 30 41 53 |\"application0AS|
|00000710| 47 5c 22 7d 7d 7d 7d 22 2c 0a 20 20 20 20 22 68 |G\"}}}}",.    "h|
|00000720| 65 61 64 65 72 73 22 20 3a 20 5b 20 7b 0a 20 20 |eaders" : [ {.  |
|00000730| 20 20 20 20 22 6e 61 6d 65 22 20 3a 20 22 43 6f |    "name" : "Co|
|00000740| 6e 74 65 6e 74 2d 54 79 70 65 22 2c 0a 20 20 20 |ntent-Type",.   |
|00000750| 20 20 20 22 76 61 6c 75 65 73 22 20 3a 20 5b 20 |   "values" : [ |
|00000760| 22 61 70 70 6c 69 63 61 74 69 6f 6e 2f 6a 73 6f |"application/jso|
|00000770| 6e 22 20 5d 0a 20 20 20 20 7d 20 5d 0a 20 20 7d |n" ].    } ].  }|
|00000780| 2c 0a 20 20 22 74 69 6d 65 73 22 20 3a 20 7b 0a |,.  "times" : {.|
|00000790| 20 20 20 20 22 72 65 6d 61 69 6e 69 6e 67 54 69 |    "remainingTi|
|000007a0| 6d 65 73 22 20 3a 20 31 2c 0a 20 20 20 20 22 75 |mes" : 1,.    "u|
|000007b0| 6e 6c 69 6d 69 74 65 64 22 20 3a 20 66 61 6c 73 |nlimited" : fals|
|000007c0| 65 0a 20 20 7d 0a 7d                            |e.  }.}         |
+--------+-------------------------------------------------+----------------+
19:26:28.152 [nioEventLoopGroup-19-1] DEBUG i.n.handler.logging.LoggingHandler - [id: 0xf885ee5e, /127.0.0.1:53546 => /127.0.0.1:39695] WRITE(0B)
         +-------------------------------------------------+
         |  0  1  2  3  4  5  6  7  8  9  a  b  c  d  e  f |
+--------+-------------------------------------------------+----------------+
+--------+-------------------------------------------------+----------------+
19:26:28.155 [nioEventLoopGroup-19-1] DEBUG i.n.handler.logging.LoggingHandler - [id: 0xf885ee5e, /127.0.0.1:53546 => /127.0.0.1:39695] FLUSH
19:26:28.155 [nioEventLoopGroup-23-1] DEBUG HttpClientInitializer --> - [id: 0x58716f6c, /127.0.0.1:53546 => localhost/127.0.0.1:39695] RECEIVED(67B)
         +-------------------------------------------------+
         |  0  1  2  3  4  5  6  7  8  9  a  b  c  d  e  f |
+--------+-------------------------------------------------+----------------+
|00000000| 48 54 54 50 2f 31 2e 31 20 32 30 31 20 43 72 65 |HTTP/1.1 201 Cre|
|00000010| 61 74 65 64 0d 0a 43 6f 6e 74 65 6e 74 2d 4c 65 |ated..Content-Le|
|00000020| 6e 67 74 68 3a 20 30 0d 0a 43 6f 6e 6e 65 63 74 |ngth: 0..Connect|
|00000030| 69 6f 6e 3a 20 6b 65 65 70 2d 61 6c 69 76 65 0d |ion: keep-alive.|
|00000040| 0a 0d 0a                                        |...             |
+--------+-------------------------------------------------+----------------+
19:26:28.156 [nioEventLoopGroup-23-1] DEBUG HttpClientInitializer --> - [id: 0x58716f6c, /127.0.0.1:53546 => localhost/127.0.0.1:39695] CLOSE()
19:26:28.156 [nioEventLoopGroup-23-1] DEBUG HttpClientInitializer --> - [id: 0x58716f6c, /127.0.0.1:53546 :> localhost/127.0.0.1:39695] INACTIVE
19:26:28.156 [nioEventLoopGroup-23-1] DEBUG HttpClientInitializer --> - [id: 0x58716f6c, /127.0.0.1:53546 :> localhost/127.0.0.1:39695] UNREGISTERED
19:26:28.157 [nioEventLoopGroup-19-1] DEBUG i.n.handler.logging.LoggingHandler - [id: 0xf885ee5e, /127.0.0.1:53546 => /127.0.0.1:39695] FLUSH
19:26:28.158 [nioEventLoopGroup-19-1] DEBUG i.n.handler.logging.LoggingHandler - [id: 0xf885ee5e, /127.0.0.1:53546 :> /127.0.0.1:39695] INACTIVE
19:26:28.156 [Test worker] DEBUG o.m.client.netty.NettyHttpClient - Received response: {
  "statusCode" : 201,
  "body" : "",
  "headers" : [ {
    "name" : "Connection",
    "values" : [ "keep-alive" ]
  }, {
    "name" : "Content-Length",
    "values" : [ "0" ]
  } ]
}
19:26:28.163 [nioEventLoopGroup-19-1] DEBUG i.n.handler.logging.LoggingHandler - [id: 0xf885ee5e, /127.0.0.1:53546 :> /127.0.0.1:39695] UNREGISTERED
19:26:28.191 [nioEventLoopGroup-5-2] DEBUG io.netty.buffer.PoolThreadCache - Freed 2 thread-local buffer(s) from thread: nioEventLoopGroup-5-2
19:26:28.205 [Test worker] DEBUG o.m.client.netty.NettyHttpClient - Sending request: {
  "method" : "PUT",
  "path" : "/expectation",
  "body" : "{\n  \"httpRequest\" : {\n    \"method\" : \"GET\",\n    \"path\" : \"/eureka/v2/apps/delta\"\n  },\n  \"httpResponse\" : {\n    \"statusCode\" : 500,\n    \"body\" : \"\"\n  },\n  \"times\" : {\n    \"remainingTimes\" : 1,\n    \"unlimited\" : false\n  }\n}",
  "host" : "localhost",
  "port" : 39695
}
19:26:28.216 [nioEventLoopGroup-3-3] DEBUG io.netty.buffer.PoolThreadCache - Freed 3 thread-local buffer(s) from thread: nioEventLoopGroup-3-3
19:26:28.220 [nioEventLoopGroup-24-1] DEBUG HttpClientInitializer --> - [id: 0xd0c6d6b1] REGISTERED
19:26:28.220 [nioEventLoopGroup-24-1] DEBUG HttpClientInitializer --> - [id: 0xd0c6d6b1] CONNECT(localhost/127.0.0.1:39695, null)
19:26:28.227 [nioEventLoopGroup-24-1] DEBUG HttpClientInitializer --> - [id: 0xd0c6d6b1, /127.0.0.1:53548 => localhost/127.0.0.1:39695] WRITE(128B)
         +-------------------------------------------------+
         |  0  1  2  3  4  5  6  7  8  9  a  b  c  d  e  f |
+--------+-------------------------------------------------+----------------+
|00000000| 50 55 54 20 2f 65 78 70 65 63 74 61 74 69 6f 6e |PUT /expectation|
|00000010| 20 48 54 54 50 2f 31 2e 31 0d 0a 48 6f 73 74 3a | HTTP/1.1..Host:|
|00000020| 20 6c 6f 63 61 6c 68 6f 73 74 3a 33 39 36 39 35 | localhost:39695|
|00000030| 0d 0a 41 63 63 65 70 74 2d 45 6e 63 6f 64 69 6e |..Accept-Encodin|
|00000040| 67 3a 20 67 7a 69 70 2c 64 65 66 6c 61 74 65 0d |g: gzip,deflate.|
|00000050| 0a 43 6f 6e 74 65 6e 74 2d 4c 65 6e 67 74 68 3a |.Content-Length:|
|00000060| 20 32 32 31 0d 0a 43 6f 6e 6e 65 63 74 69 6f 6e | 221..Connection|
|00000070| 3a 20 6b 65 65 70 2d 61 6c 69 76 65 0d 0a 0d 0a |: keep-alive....|
+--------+-------------------------------------------------+----------------+
19:26:28.228 [nioEventLoopGroup-24-1] DEBUG HttpClientInitializer --> - [id: 0xd0c6d6b1, /127.0.0.1:53548 => localhost/127.0.0.1:39695] WRITE(221B)
         +-------------------------------------------------+
         |  0  1  2  3  4  5  6  7  8  9  a  b  c  d  e  f |
+--------+-------------------------------------------------+----------------+
|00000000| 7b 0a 20 20 22 68 74 74 70 52 65 71 75 65 73 74 |{.  "httpRequest|
|00000010| 22 20 3a 20 7b 0a 20 20 20 20 22 6d 65 74 68 6f |" : {.    "metho|
|00000020| 64 22 20 3a 20 22 47 45 54 22 2c 0a 20 20 20 20 |d" : "GET",.    |
|00000030| 22 70 61 74 68 22 20 3a 20 22 2f 65 75 72 65 6b |"path" : "/eurek|
|00000040| 61 2f 76 32 2f 61 70 70 73 2f 64 65 6c 74 61 22 |a/v2/apps/delta"|
|00000050| 0a 20 20 7d 2c 0a 20 20 22 68 74 74 70 52 65 73 |.  },.  "httpRes|
|00000060| 70 6f 6e 73 65 22 20 3a 20 7b 0a 20 20 20 20 22 |ponse" : {.    "|
|00000070| 73 74 61 74 75 73 43 6f 64 65 22 20 3a 20 35 30 |statusCode" : 50|
|00000080| 30 2c 0a 20 20 20 20 22 62 6f 64 79 22 20 3a 20 |0,.    "body" : |
|00000090| 22 22 0a 20 20 7d 2c 0a 20 20 22 74 69 6d 65 73 |"".  },.  "times|
|000000a0| 22 20 3a 20 7b 0a 20 20 20 20 22 72 65 6d 61 69 |" : {.    "remai|
|000000b0| 6e 69 6e 67 54 69 6d 65 73 22 20 3a 20 31 2c 0a |ningTimes" : 1,.|
|000000c0| 20 20 20 20 22 75 6e 6c 69 6d 69 74 65 64 22 20 |    "unlimited" |
|000000d0| 3a 20 66 61 6c 73 65 0a 20 20 7d 0a 7d          |: false.  }.}   |
+--------+-------------------------------------------------+----------------+
19:26:28.228 [nioEventLoopGroup-24-1] DEBUG HttpClientInitializer --> - [id: 0xd0c6d6b1, /127.0.0.1:53548 => localhost/127.0.0.1:39695] FLUSH
19:26:28.228 [nioEventLoopGroup-24-1] DEBUG HttpClientInitializer --> - [id: 0xd0c6d6b1, /127.0.0.1:53548 => localhost/127.0.0.1:39695] ACTIVE
19:26:28.238 [nioEventLoopGroup-19-2] DEBUG i.n.handler.logging.LoggingHandler - [id: 0x3cea4cf9, /127.0.0.1:53548 => /127.0.0.1:39695] RECEIVED(221B)
         +-------------------------------------------------+
         |  0  1  2  3  4  5  6  7  8  9  a  b  c  d  e  f |
+--------+-------------------------------------------------+----------------+
|00000000| 7b 0a 20 20 22 68 74 74 70 52 65 71 75 65 73 74 |{.  "httpRequest|
|00000010| 22 20 3a 20 7b 0a 20 20 20 20 22 6d 65 74 68 6f |" : {.    "metho|
|00000020| 64 22 20 3a 20 22 47 45 54 22 2c 0a 20 20 20 20 |d" : "GET",.    |
|00000030| 22 70 61 74 68 22 20 3a 20 22 2f 65 75 72 65 6b |"path" : "/eurek|
|00000040| 61 2f 76 32 2f 61 70 70 73 2f 64 65 6c 74 61 22 |a/v2/apps/delta"|
|00000050| 0a 20 20 7d 2c 0a 20 20 22 68 74 74 70 52 65 73 |.  },.  "httpRes|
|00000060| 70 6f 6e 73 65 22 20 3a 20 7b 0a 20 20 20 20 22 |ponse" : {.    "|
|00000070| 73 74 61 74 75 73 43 6f 64 65 22 20 3a 20 35 30 |statusCode" : 50|
|00000080| 30 2c 0a 20 20 20 20 22 62 6f 64 79 22 20 3a 20 |0,.    "body" : |
|00000090| 22 22 0a 20 20 7d 2c 0a 20 20 22 74 69 6d 65 73 |"".  },.  "times|
|000000a0| 22 20 3a 20 7b 0a 20 20 20 20 22 72 65 6d 61 69 |" : {.    "remai|
|000000b0| 6e 69 6e 67 54 69 6d 65 73 22 20 3a 20 31 2c 0a |ningTimes" : 1,.|
|000000c0| 20 20 20 20 22 75 6e 6c 69 6d 69 74 65 64 22 20 |    "unlimited" |
|000000d0| 3a 20 66 61 6c 73 65 0a 20 20 7d 0a 7d          |: false.  }.}   |
+--------+-------------------------------------------------+----------------+
19:26:28.263 [nioEventLoopGroup-19-2] DEBUG i.n.handler.logging.LoggingHandler - [id: 0x3cea4cf9, /127.0.0.1:53548 => /127.0.0.1:39695] WRITE(0B)
         +-------------------------------------------------+
         |  0  1  2  3  4  5  6  7  8  9  a  b  c  d  e  f |
+--------+-------------------------------------------------+----------------+
+--------+-------------------------------------------------+----------------+
19:26:28.263 [nioEventLoopGroup-19-2] DEBUG i.n.handler.logging.LoggingHandler - [id: 0x3cea4cf9, /127.0.0.1:53548 => /127.0.0.1:39695] FLUSH
19:26:28.263 [nioEventLoopGroup-24-1] DEBUG HttpClientInitializer --> - [id: 0xd0c6d6b1, /127.0.0.1:53548 => localhost/127.0.0.1:39695] RECEIVED(67B)
         +-------------------------------------------------+
         |  0  1  2  3  4  5  6  7  8  9  a  b  c  d  e  f |
+--------+-------------------------------------------------+----------------+
|00000000| 48 54 54 50 2f 31 2e 31 20 32 30 31 20 43 72 65 |HTTP/1.1 201 Cre|
|00000010| 61 74 65 64 0d 0a 43 6f 6e 74 65 6e 74 2d 4c 65 |ated..Content-Le|
|00000020| 6e 67 74 68 3a 20 30 0d 0a 43 6f 6e 6e 65 63 74 |ngth: 0..Connect|
|00000030| 69 6f 6e 3a 20 6b 65 65 70 2d 61 6c 69 76 65 0d |ion: keep-alive.|
|00000040| 0a 0d 0a                                        |...             |
+--------+-------------------------------------------------+----------------+
19:26:28.264 [nioEventLoopGroup-24-1] DEBUG HttpClientInitializer --> - [id: 0xd0c6d6b1, /127.0.0.1:53548 => localhost/127.0.0.1:39695] CLOSE()
19:26:28.264 [nioEventLoopGroup-24-1] DEBUG HttpClientInitializer --> - [id: 0xd0c6d6b1, /127.0.0.1:53548 :> localhost/127.0.0.1:39695] INACTIVE
19:26:28.264 [nioEventLoopGroup-24-1] DEBUG HttpClientInitializer --> - [id: 0xd0c6d6b1, /127.0.0.1:53548 :> localhost/127.0.0.1:39695] UNREGISTERED
19:26:28.265 [nioEventLoopGroup-19-2] DEBUG i.n.handler.logging.LoggingHandler - [id: 0x3cea4cf9, /127.0.0.1:53548 => /127.0.0.1:39695] FLUSH
19:26:28.265 [nioEventLoopGroup-19-2] DEBUG i.n.handler.logging.LoggingHandler - [id: 0x3cea4cf9, /127.0.0.1:53548 :> /127.0.0.1:39695] INACTIVE
19:26:28.265 [nioEventLoopGroup-19-2] DEBUG i.n.handler.logging.LoggingHandler - [id: 0x3cea4cf9, /127.0.0.1:53548 :> /127.0.0.1:39695] UNREGISTERED
19:26:28.264 [Test worker] DEBUG o.m.client.netty.NettyHttpClient - Received response: {
  "statusCode" : 201,
  "body" : "",
  "headers" : [ {
    "name" : "Connection",
    "values" : [ "keep-alive" ]
  }, {
    "name" : "Content-Length",
    "values" : [ "0" ]
  } ]
}
19:26:28.278 [Test worker] DEBUG o.m.client.netty.NettyHttpClient - Sending request: {
  "method" : "PUT",
  "path" : "/expectation",
  "body" : "{\n  \"httpRequest\" : {\n    \"method\" : \"GET\",\n    \"path\" : \"/eureka/v2/apps/delta\"\n  },\n  \"httpResponse\" : {\n    \"statusCode\" : 200,\n    \"body\" : \"{\\\"applications\\\":{\\\"versions__delta\\\":1,\\\"apps__hashcode\\\":\\\"UP_2_\\\",\\\"application\\\":{\\\"name\\\":\\\"APPLICATION0\\\",\\\"instance\\\":[{\\\"instanceId\\\":\\\"i-00000000\\\",\\\"hostName\\\":\\\"instance0.application0.com\\\",\\\"app\\\":\\\"APPLICATION0\\\",\\\"ipAddr\\\":\\\"20.0.0.0\\\",\\\"status\\\":\\\"UP\\\",\\\"overriddenstatus\\\":\\\"UNKNOWN\\\",\\\"port\\\":{\\\"@enabled\\\":\\\"true\\\",\\\"$\\\":\\\"8080\\\"},\\\"securePort\\\":{\\\"@enabled\\\":\\\"true\\\",\\\"$\\\":\\\"8081\\\"},\\\"countryId\\\":1,\\\"dataCenterInfo\\\":{\\\"@class\\\":\\\"com.netflix.appinfo.AmazonInfo\\\",\\\"name\\\":\\\"Amazon\\\",\\\"metadata\\\":{\\\"public-ipv4\\\":\\\"20.0.0.0\\\",\\\"accountId\\\":\\\"testAccountId\\\",\\\"local-hostname\\\":\\\"ip-10.00.0.compute.internal\\\",\\\"public-hostname\\\":\\\"instance0.application0.com\\\",\\\"instance-id\\\":\\\"i-00000000\\\",\\\"local-ipv4\\\":\\\"192.168.0.0\\\",\\\"instance-type\\\":\\\"m2.xlarge\\\",\\\"ami-id\\\":\\\"ami-00000000\\\",\\\"availability-zone\\\":\\\"us-east-1c\\\"}},\\\"leaseInfo\\\":{\\\"renewalIntervalInSecs\\\":5,\\\"durationInSecs\\\":15,\\\"registrationTimestamp\\\":1491758787951,\\\"lastRenewalTimestamp\\\":1491758787956,\\\"evictionTimestamp\\\":1491758787966,\\\"serviceUpTimestamp\\\":1491758787946},\\\"metadata\\\":{\\\"appKey0\\\":0},\\\"appGroupName\\\":\\\"APPLICATION0GROUP\\\",\\\"homePageUrl\\\":\\\"http://instance0.application0.com:8080/homepage\\\",\\\"statusPageUrl\\\":\\\"http://instance0.application0.com:8080/status\\\",\\\"healthCheckUrl\\\":\\\"http://instance0.application0.com:8080/healthcheck\\\",\\\"secureHealthCheckUrl\\\":\\\"https://instance0.application0.com:8081/healthcheck\\\",\\\"vipAddress\\\":\\\"application0:8080\\\",\\\"secureVipAddress\\\":\\\"application0:8081\\\",\\\"isCoordinatingDiscoveryServer\\\":true,\\\"lastUpdatedTimestamp\\\":1491758787851,\\\"lastDirtyTimestamp\\\":1491758787851,\\\"actionType\\\":\\\"ADDED\\\",\\\"asgName\\\":\\\"application0ASG\\\"},{\\\"instanceId\\\":\\\"i-00000001\\\",\\\"hostName\\\":\\\"instance1.application0.com\\\",\\\"app\\\":\\\"APPLICATION0\\\",\\\"ipAddr\\\":\\\"20.0.0.1\\\",\\\"status\\\":\\\"UP\\\",\\\"overriddenstatus\\\":\\\"UNKNOWN\\\",\\\"port\\\":{\\\"@enabled\\\":\\\"true\\\",\\\"$\\\":\\\"8080\\\"},\\\"securePort\\\":{\\\"@enabled\\\":\\\"true\\\",\\\"$\\\":\\\"8081\\\"},\\\"countryId\\\":1,\\\"dataCenterInfo\\\":{\\\"@class\\\":\\\"com.netflix.appinfo.AmazonInfo\\\",\\\"name\\\":\\\"Amazon\\\",\\\"metadata\\\":{\\\"public-ipv4\\\":\\\"20.0.0.1\\\",\\\"accountId\\\":\\\"testAccountId\\\",\\\"local-hostname\\\":\\\"ip-10.00.1.compute.internal\\\",\\\"public-hostname\\\":\\\"instance1.application0.com\\\",\\\"instance-id\\\":\\\"i-00000001\\\",\\\"local-ipv4\\\":\\\"192.168.0.1\\\",\\\"instance-type\\\":\\\"m2.xlarge\\\",\\\"ami-id\\\":\\\"ami-00000001\\\",\\\"availability-zone\\\":\\\"us-east-1c\\\"}},\\\"leaseInfo\\\":{\\\"renewalIntervalInSecs\\\":5,\\\"durationInSecs\\\":15,\\\"registrationTimestamp\\\":1491758787956,\\\"lastRenewalTimestamp\\\":1491758787961,\\\"evictionTimestamp\\\":1491758787971,\\\"serviceUpTimestamp\\\":1491758787951},\\\"metadata\\\":{\\\"appKey0\\\":1},\\\"appGroupName\\\":\\\"APPLICATION0GROUP\\\",\\\"homePageUrl\\\":\\\"http://instance1.application0.com:8080/homepage\\\",\\\"statusPageUrl\\\":\\\"http://instance1.application0.com:8080/status\\\",\\\"healthCheckUrl\\\":\\\"http://instance1.application0.com:8080/healthcheck\\\",\\\"secureHealthCheckUrl\\\":\\\"https://instance1.application0.com:8081/healthcheck\\\",\\\"vipAddress\\\":\\\"application0:8080\\\",\\\"secureVipAddress\\\":\\\"application0:8081\\\",\\\"isCoordinatingDiscoveryServer\\\":true,\\\"lastUpdatedTimestamp\\\":1491758787856,\\\"lastDirtyTimestamp\\\":1491758787856,\\\"actionType\\\":\\\"ADDED\\\",\\\"asgName\\\":\\\"application0ASG\\\"}]}}}\",\n    \"headers\" : [ {\n      \"name\" : \"Content-Type\",\n      \"values\" : [ \"application/json\" ]\n    } ]\n  },\n  \"times\" : {\n    \"unlimited\" : true\n  }\n}",
  "host" : "localhost",
  "port" : 45983
}
19:26:28.285 [nioEventLoopGroup-25-1] DEBUG HttpClientInitializer --> - [id: 0xd2c4f618] REGISTERED
19:26:28.286 [nioEventLoopGroup-25-1] DEBUG HttpClientInitializer --> - [id: 0xd2c4f618] CONNECT(localhost/127.0.0.1:45983, null)
19:26:28.287 [nioEventLoopGroup-25-1] DEBUG HttpClientInitializer --> - [id: 0xd2c4f618, /127.0.0.1:60742 => localhost/127.0.0.1:45983] WRITE(129B)
         +-------------------------------------------------+
         |  0  1  2  3  4  5  6  7  8  9  a  b  c  d  e  f |
+--------+-------------------------------------------------+----------------+
|00000000| 50 55 54 20 2f 65 78 70 65 63 74 61 74 69 6f 6e |PUT /expectation|
|00000010| 20 48 54 54 50 2f 31 2e 31 0d 0a 48 6f 73 74 3a | HTTP/1.1..Host:|
|00000020| 20 6c 6f 63 61 6c 68 6f 73 74 3a 34 35 39 38 33 | localhost:45983|
|00000030| 0d 0a 41 63 63 65 70 74 2d 45 6e 63 6f 64 69 6e |..Accept-Encodin|
|00000040| 67 3a 20 67 7a 69 70 2c 64 65 66 6c 61 74 65 0d |g: gzip,deflate.|
|00000050| 0a 43 6f 6e 74 65 6e 74 2d 4c 65 6e 67 74 68 3a |.Content-Length:|
|00000060| 20 33 35 31 38 0d 0a 43 6f 6e 6e 65 63 74 69 6f | 3518..Connectio|
|00000070| 6e 3a 20 6b 65 65 70 2d 61 6c 69 76 65 0d 0a 0d |n: keep-alive...|
|00000080| 0a                                              |.               |
+--------+-------------------------------------------------+----------------+
19:26:28.290 [nioEventLoopGroup-25-1] DEBUG HttpClientInitializer --> - [id: 0xd2c4f618, /127.0.0.1:60742 => localhost/127.0.0.1:45983] WRITE(3518B)
         +-------------------------------------------------+
         |  0  1  2  3  4  5  6  7  8  9  a  b  c  d  e  f |
+--------+-------------------------------------------------+----------------+
|00000000| 7b 0a 20 20 22 68 74 74 70 52 65 71 75 65 73 74 |{.  "httpRequest|
|00000010| 22 20 3a 20 7b 0a 20 20 20 20 22 6d 65 74 68 6f |" : {.    "metho|
|00000020| 64 22 20 3a 20 22 47 45 54 22 2c 0a 20 20 20 20 |d" : "GET",.    |
|00000030| 22 70 61 74 68 22 20 3a 20 22 2f 65 75 72 65 6b |"path" : "/eurek|
|00000040| 61 2f 76 32 2f 61 70 70 73 2f 64 65 6c 74 61 22 |a/v2/apps/delta"|
|00000050| 0a 20 20 7d 2c 0a 20 20 22 68 74 74 70 52 65 73 |.  },.  "httpRes|
|00000060| 70 6f 6e 73 65 22 20 3a 20 7b 0a 20 20 20 20 22 |ponse" : {.    "|
|00000070| 73 74 61 74 75 73 43 6f 64 65 22 20 3a 20 32 30 |statusCode" : 20|
|00000080| 30 2c 0a 20 20 20 20 22 62 6f 64 79 22 20 3a 20 |0,.    "body" : |
|00000090| 22 7b 5c 22 61 70 70 6c 69 63 61 74 69 6f 6e 73 |"{\"applications|
|000000a0| 5c 22 3a 7b 5c 22 76 65 72 73 69 6f 6e 73 5f 5f |\":{\"versions__|
|000000b0| 64 65 6c 74 61 5c 22 3a 31 2c 5c 22 61 70 70 73 |delta\":1,\"apps|
|000000c0| 5f 5f 68 61 73 68 63 6f 64 65 5c 22 3a 5c 22 55 |__hashcode\":\"U|
|000000d0| 50 5f 32 5f 5c 22 2c 5c 22 61 70 70 6c 69 63 61 |P_2_\",\"applica|
|000000e0| 74 69 6f 6e 5c 22 3a 7b 5c 22 6e 61 6d 65 5c 22 |tion\":{\"name\"|
|000000f0| 3a 5c 22 41 50 50 4c 49 43 41 54 49 4f 4e 30 5c |:\"APPLICATION0\|
|00000100| 22 2c 5c 22 69 6e 73 74 61 6e 63 65 5c 22 3a 5b |",\"instance\":[|
|00000110| 7b 5c 22 69 6e 73 74 61 6e 63 65 49 64 5c 22 3a |{\"instanceId\":|
|00000120| 5c 22 69 2d 30 30 30 30 30 30 30 30 5c 22 2c 5c |\"i-00000000\",\|
|00000130| 22 68 6f 73 74 4e 61 6d 65 5c 22 3a 5c 22 69 6e |"hostName\":\"in|
|00000140| 73 74 61 6e 63 65 30 2e 61 70 70 6c 69 63 61 74 |stance0.applicat|
|00000150| 69 6f 6e 30 2e 63 6f 6d 5c 22 2c 5c 22 61 70 70 |ion0.com\",\"app|
|00000160| 5c 22 3a 5c 22 41 50 50 4c 49 43 41 54 49 4f 4e |\":\"APPLICATION|
|00000170| 30 5c 22 2c 5c 22 69 70 41 64 64 72 5c 22 3a 5c |0\",\"ipAddr\":\|
|00000180| 22 32 30 2e 30 2e 30 2e 30 5c 22 2c 5c 22 73 74 |"20.0.0.0\",\"st|
|00000190| 61 74 75 73 5c 22 3a 5c 22 55 50 5c 22 2c 5c 22 |atus\":\"UP\",\"|
|000001a0| 6f 76 65 72 72 69 64 64 65 6e 73 74 61 74 75 73 |overriddenstatus|
|000001b0| 5c 22 3a 5c 22 55 4e 4b 4e 4f 57 4e 5c 22 2c 5c |\":\"UNKNOWN\",\|
|000001c0| 22 70 6f 72 74 5c 22 3a 7b 5c 22 40 65 6e 61 62 |"port\":{\"@enab|
|000001d0| 6c 65 64 5c 22 3a 5c 22 74 72 75 65 5c 22 2c 5c |led\":\"true\",\|
|000001e0| 22 24 5c 22 3a 5c 22 38 30 38 30 5c 22 7d 2c 5c |"$\":\"8080\"},\|
|000001f0| 22 73 65 63 75 72 65 50 6f 72 74 5c 22 3a 7b 5c |"securePort\":{\|
|00000200| 22 40 65 6e 61 62 6c 65 64 5c 22 3a 5c 22 74 72 |"@enabled\":\"tr|
|00000210| 75 65 5c 22 2c 5c 22 24 5c 22 3a 5c 22 38 30 38 |ue\",\"$\":\"808|
|00000220| 31 5c 22 7d 2c 5c 22 63 6f 75 6e 74 72 79 49 64 |1\"},\"countryId|
|00000230| 5c 22 3a 31 2c 5c 22 64 61 74 61 43 65 6e 74 65 |\":1,\"dataCente|
|00000240| 72 49 6e 66 6f 5c 22 3a 7b 5c 22 40 63 6c 61 73 |rInfo\":{\"@clas|
|00000250| 73 5c 22 3a 5c 22 63 6f 6d 2e 6e 65 74 66 6c 69 |s\":\"com.netfli|
|00000260| 78 2e 61 70 70 69 6e 66 6f 2e 41 6d 61 7a 6f 6e |x.appinfo.Amazon|
|00000270| 49 6e 66 6f 5c 22 2c 5c 22 6e 61 6d 65 5c 22 3a |Info\",\"name\":|
|00000280| 5c 22 41 6d 61 7a 6f 6e 5c 22 2c 5c 22 6d 65 74 |\"Amazon\",\"met|
|00000290| 61 64 61 74 61 5c 22 3a 7b 5c 22 70 75 62 6c 69 |adata\":{\"publi|
|000002a0| 63 2d 69 70 76 34 5c 22 3a 5c 22 32 30 2e 30 2e |c-ipv4\":\"20.0.|
|000002b0| 30 2e 30 5c 22 2c 5c 22 61 63 63 6f 75 6e 74 49 |0.0\",\"accountI|
|000002c0| 64 5c 22 3a 5c 22 74 65 73 74 41 63 63 6f 75 6e |d\":\"testAccoun|
|000002d0| 74 49 64 5c 22 2c 5c 22 6c 6f 63 61 6c 2d 68 6f |tId\",\"local-ho|
|000002e0| 73 74 6e 61 6d 65 5c 22 3a 5c 22 69 70 2d 31 30 |stname\":\"ip-10|
|000002f0| 2e 30 30 2e 30 2e 63 6f 6d 70 75 74 65 2e 69 6e |.00.0.compute.in|
|00000300| 74 65 72 6e 61 6c 5c 22 2c 5c 22 70 75 62 6c 69 |ternal\",\"publi|
|00000310| 63 2d 68 6f 73 74 6e 61 6d 65 5c 22 3a 5c 22 69 |c-hostname\":\"i|
|00000320| 6e 73 74 61 6e 63 65 30 2e 61 70 70 6c 69 63 61 |nstance0.applica|
|00000330| 74 69 6f 6e 30 2e 63 6f 6d 5c 22 2c 5c 22 69 6e |tion0.com\",\"in|
|00000340| 73 74 61 6e 63 65 2d 69 64 5c 22 3a 5c 22 69 2d |stance-id\":\"i-|
|00000350| 30 30 30 30 30 30 30 30 5c 22 2c 5c 22 6c 6f 63 |00000000\",\"loc|
|00000360| 61 6c 2d 69 70 76 34 5c 22 3a 5c 22 31 39 32 2e |al-ipv4\":\"192.|
|00000370| 31 36 38 2e 30 2e 30 5c 22 2c 5c 22 69 6e 73 74 |168.0.0\",\"inst|
|00000380| 61 6e 63 65 2d 74 79 70 65 5c 22 3a 5c 22 6d 32 |ance-type\":\"m2|
|00000390| 2e 78 6c 61 72 67 65 5c 22 2c 5c 22 61 6d 69 2d |.xlarge\",\"ami-|
|000003a0| 69 64 5c 22 3a 5c 22 61 6d 69 2d 30 30 30 30 30 |id\":\"ami-00000|
|000003b0| 30 30 30 5c 22 2c 5c 22 61 76 61 69 6c 61 62 69 |000\",\"availabi|
|000003c0| 6c 69 74 79 2d 7a 6f 6e 65 5c 22 3a 5c 22 75 73 |lity-zone\":\"us|
|000003d0| 2d 65 61 73 74 2d 31 63 5c 22 7d 7d 2c 5c 22 6c |-east-1c\"}},\"l|
|000003e0| 65 61 73 65 49 6e 66 6f 5c 22 3a 7b 5c 22 72 65 |easeInfo\":{\"re|
|000003f0| 6e 65 77 61 6c 49 6e 74 65 72 76 61 6c 49 6e 53 |newalIntervalInS|
|00000400| 65 63 73 5c 22 3a 35 2c 5c 22 64 75 72 61 74 69 |ecs\":5,\"durati|
|00000410| 6f 6e 49 6e 53 65 63 73 5c 22 3a 31 35 2c 5c 22 |onInSecs\":15,\"|
|00000420| 72 65 67 69 73 74 72 61 74 69 6f 6e 54 69 6d 65 |registrationTime|
|00000430| 73 74 61 6d 70 5c 22 3a 31 34 39 31 37 35 38 37 |stamp\":14917587|
|00000440| 38 37 39 35 31 2c 5c 22 6c 61 73 74 52 65 6e 65 |87951,\"lastRene|
|00000450| 77 61 6c 54 69 6d 65 73 74 61 6d 70 5c 22 3a 31 |walTimestamp\":1|
|00000460| 34 39 31 37 35 38 37 38 37 39 35 36 2c 5c 22 65 |491758787956,\"e|
|00000470| 76 69 63 74 69 6f 6e 54 69 6d 65 73 74 61 6d 70 |victionTimestamp|
|00000480| 5c 22 3a 31 34 39 31 37 35 38 37 38 37 39 36 36 |\":1491758787966|
|00000490| 2c 5c 22 73 65 72 76 69 63 65 55 70 54 69 6d 65 |,\"serviceUpTime|
|000004a0| 73 74 61 6d 70 5c 22 3a 31 34 39 31 37 35 38 37 |stamp\":14917587|
|000004b0| 38 37 39 34 36 7d 2c 5c 22 6d 65 74 61 64 61 74 |87946},\"metadat|
|000004c0| 61 5c 22 3a 7b 5c 22 61 70 70 4b 65 79 30 5c 22 |a\":{\"appKey0\"|
|000004d0| 3a 30 7d 2c 5c 22 61 70 70 47 72 6f 75 70 4e 61 |:0},\"appGroupNa|
|000004e0| 6d 65 5c 22 3a 5c 22 41 50 50 4c 49 43 41 54 49 |me\":\"APPLICATI|
|000004f0| 4f 4e 30 47 52 4f 55 50 5c 22 2c 5c 22 68 6f 6d |ON0GROUP\",\"hom|
|00000500| 65 50 61 67 65 55 72 6c 5c 22 3a 5c 22 68 74 74 |ePageUrl\":\"htt|
|00000510| 70 3a 2f 2f 69 6e 73 74 61 6e 63 65 30 2e 61 70 |p://instance0.ap|
|00000520| 70 6c 69 63 61 74 69 6f 6e 30 2e 63 6f 6d 3a 38 |plication0.com:8|
|00000530| 30 38 30 2f 68 6f 6d 65 70 61 67 65 5c 22 2c 5c |080/homepage\",\|
|00000540| 22 73 74 61 74 75 73 50 61 67 65 55 72 6c 5c 22 |"statusPageUrl\"|
|00000550| 3a 5c 22 68 74 74 70 3a 2f 2f 69 6e 73 74 61 6e |:\"http://instan|
|00000560| 63 65 30 2e 61 70 70 6c 69 63 61 74 69 6f 6e 30 |ce0.application0|
|00000570| 2e 63 6f 6d 3a 38 30 38 30 2f 73 74 61 74 75 73 |.com:8080/status|
|00000580| 5c 22 2c 5c 22 68 65 61 6c 74 68 43 68 65 63 6b |\",\"healthCheck|
|00000590| 55 72 6c 5c 22 3a 5c 22 68 74 74 70 3a 2f 2f 69 |Url\":\"http://i|
|000005a0| 6e 73 74 61 6e 63 65 30 2e 61 70 70 6c 69 63 61 |nstance0.applica|
|000005b0| 74 69 6f 6e 30 2e 63 6f 6d 3a 38 30 38 30 2f 68 |tion0.com:8080/h|
|000005c0| 65 61 6c 74 68 63 68 65 63 6b 5c 22 2c 5c 22 73 |ealthcheck\",\"s|
|000005d0| 65 63 75 72 65 48 65 61 6c 74 68 43 68 65 63 6b |ecureHealthCheck|
|000005e0| 55 72 6c 5c 22 3a 5c 22 68 74 74 70 73 3a 2f 2f |Url\":\"https://|
|000005f0| 69 6e 73 74 61 6e 63 65 30 2e 61 70 70 6c 69 63 |instance0.applic|
|00000600| 61 74 69 6f 6e 30 2e 63 6f 6d 3a 38 30 38 31 2f |ation0.com:8081/|
|00000610| 68 65 61 6c 74 68 63 68 65 63 6b 5c 22 2c 5c 22 |healthcheck\",\"|
|00000620| 76 69 70 41 64 64 72 65 73 73 5c 22 3a 5c 22 61 |vipAddress\":\"a|
|00000630| 70 70 6c 69 63 61 74 69 6f 6e 30 3a 38 30 38 30 |pplication0:8080|
|00000640| 5c 22 2c 5c 22 73 65 63 75 72 65 56 69 70 41 64 |\",\"secureVipAd|
|00000650| 64 72 65 73 73 5c 22 3a 5c 22 61 70 70 6c 69 63 |dress\":\"applic|
|00000660| 61 74 69 6f 6e 30 3a 38 30 38 31 5c 22 2c 5c 22 |ation0:8081\",\"|
|00000670| 69 73 43 6f 6f 72 64 69 6e 61 74 69 6e 67 44 69 |isCoordinatingDi|
|00000680| 73 63 6f 76 65 72 79 53 65 72 76 65 72 5c 22 3a |scoveryServer\":|
|00000690| 74 72 75 65 2c 5c 22 6c 61 73 74 55 70 64 61 74 |true,\"lastUpdat|
|000006a0| 65 64 54 69 6d 65 73 74 61 6d 70 5c 22 3a 31 34 |edTimestamp\":14|
|000006b0| 39 31 37 35 38 37 38 37 38 35 31 2c 5c 22 6c 61 |91758787851,\"la|
|000006c0| 73 74 44 69 72 74 79 54 69 6d 65 73 74 61 6d 70 |stDirtyTimestamp|
|000006d0| 5c 22 3a 31 34 39 31 37 35 38 37 38 37 38 35 31 |\":1491758787851|
|000006e0| 2c 5c 22 61 63 74 69 6f 6e 54 79 70 65 5c 22 3a |,\"actionType\":|
|000006f0| 5c 22 41 44 44 45 44 5c 22 2c 5c 22 61 73 67 4e |\"ADDED\",\"asgN|
|00000700| 61 6d 65 5c 22 3a 5c 22 61 70 70 6c 69 63 61 74 |ame\":\"applicat|
|00000710| 69 6f 6e 30 41 53 47 5c 22 7d 2c 7b 5c 22 69 6e |ion0ASG\"},{\"in|
|00000720| 73 74 61 6e 63 65 49 64 5c 22 3a 5c 22 69 2d 30 |stanceId\":\"i-0|
|00000730| 30 30 30 30 30 30 31 5c 22 2c 5c 22 68 6f 73 74 |0000001\",\"host|
|00000740| 4e 61 6d 65 5c 22 3a 5c 22 69 6e 73 74 61 6e 63 |Name\":\"instanc|
|00000750| 65 31 2e 61 70 70 6c 69 63 61 74 69 6f 6e 30 2e |e1.application0.|
|00000760| 63 6f 6d 5c 22 2c 5c 22 61 70 70 5c 22 3a 5c 22 |com\",\"app\":\"|
|00000770| 41 50 50 4c 49 43 41 54 49 4f 4e 30 5c 22 2c 5c |APPLICATION0\",\|
|00000780| 22 69 70 41 64 64 72 5c 22 3a 5c 22 32 30 2e 30 |"ipAddr\":\"20.0|
|00000790| 2e 30 2e 31 5c 22 2c 5c 22 73 74 61 74 75 73 5c |.0.1\",\"status\|
|000007a0| 22 3a 5c 22 55 50 5c 22 2c 5c 22 6f 76 65 72 72 |":\"UP\",\"overr|
|000007b0| 69 64 64 65 6e 73 74 61 74 75 73 5c 22 3a 5c 22 |iddenstatus\":\"|
|000007c0| 55 4e 4b 4e 4f 57 4e 5c 22 2c 5c 22 70 6f 72 74 |UNKNOWN\",\"port|
|000007d0| 5c 22 3a 7b 5c 22 40 65 6e 61 62 6c 65 64 5c 22 |\":{\"@enabled\"|
|000007e0| 3a 5c 22 74 72 75 65 5c 22 2c 5c 22 24 5c 22 3a |:\"true\",\"$\":|
|000007f0| 5c 22 38 30 38 30 5c 22 7d 2c 5c 22 73 65 63 75 |\"8080\"},\"secu|
|00000800| 72 65 50 6f 72 74 5c 22 3a 7b 5c 22 40 65 6e 61 |rePort\":{\"@ena|
|00000810| 62 6c 65 64 5c 22 3a 5c 22 74 72 75 65 5c 22 2c |bled\":\"true\",|
|00000820| 5c 22 24 5c 22 3a 5c 22 38 30 38 31 5c 22 7d 2c |\"$\":\"8081\"},|
|00000830| 5c 22 63 6f 75 6e 74 72 79 49 64 5c 22 3a 31 2c |\"countryId\":1,|
|00000840| 5c 22 64 61 74 61 43 65 6e 74 65 72 49 6e 66 6f |\"dataCenterInfo|
|00000850| 5c 22 3a 7b 5c 22 40 63 6c 61 73 73 5c 22 3a 5c |\":{\"@class\":\|
|00000860| 22 63 6f 6d 2e 6e 65 74 66 6c 69 78 2e 61 70 70 |"com.netflix.app|
|00000870| 69 6e 66 6f 2e 41 6d 61 7a 6f 6e 49 6e 66 6f 5c |info.AmazonInfo\|
|00000880| 22 2c 5c 22 6e 61 6d 65 5c 22 3a 5c 22 41 6d 61 |",\"name\":\"Ama|
|00000890| 7a 6f 6e 5c 22 2c 5c 22 6d 65 74 61 64 61 74 61 |zon\",\"metadata|
|000008a0| 5c 22 3a 7b 5c 22 70 75 62 6c 69 63 2d 69 70 76 |\":{\"public-ipv|
|000008b0| 34 5c 22 3a 5c 22 32 30 2e 30 2e 30 2e 31 5c 22 |4\":\"20.0.0.1\"|
|000008c0| 2c 5c 22 61 63 63 6f 75 6e 74 49 64 5c 22 3a 5c |,\"accountId\":\|
|000008d0| 22 74 65 73 74 41 63 63 6f 75 6e 74 49 64 5c 22 |"testAccountId\"|
|000008e0| 2c 5c 22 6c 6f 63 61 6c 2d 68 6f 73 74 6e 61 6d |,\"local-hostnam|
|000008f0| 65 5c 22 3a 5c 22 69 70 2d 31 30 2e 30 30 2e 31 |e\":\"ip-10.00.1|
|00000900| 2e 63 6f 6d 70 75 74 65 2e 69 6e 74 65 72 6e 61 |.compute.interna|
|00000910| 6c 5c 22 2c 5c 22 70 75 62 6c 69 63 2d 68 6f 73 |l\",\"public-hos|
|00000920| 74 6e 61 6d 65 5c 22 3a 5c 22 69 6e 73 74 61 6e |tname\":\"instan|
|00000930| 63 65 31 2e 61 70 70 6c 69 63 61 74 69 6f 6e 30 |ce1.application0|
|00000940| 2e 63 6f 6d 5c 22 2c 5c 22 69 6e 73 74 61 6e 63 |.com\",\"instanc|
|00000950| 65 2d 69 64 5c 22 3a 5c 22 69 2d 30 30 30 30 30 |e-id\":\"i-00000|
|00000960| 30 30 31 5c 22 2c 5c 22 6c 6f 63 61 6c 2d 69 70 |001\",\"local-ip|
|00000970| 76 34 5c 22 3a 5c 22 31 39 32 2e 31 36 38 2e 30 |v4\":\"192.168.0|
|00000980| 2e 31 5c 22 2c 5c 22 69 6e 73 74 61 6e 63 65 2d |.1\",\"instance-|
|00000990| 74 79 70 65 5c 22 3a 5c 22 6d 32 2e 78 6c 61 72 |type\":\"m2.xlar|
|000009a0| 67 65 5c 22 2c 5c 22 61 6d 69 2d 69 64 5c 22 3a |ge\",\"ami-id\":|
|000009b0| 5c 22 61 6d 69 2d 30 30 30 30 30 30 30 31 5c 22 |\"ami-00000001\"|
|000009c0| 2c 5c 22 61 76 61 69 6c 61 62 69 6c 69 74 79 2d |,\"availability-|
|000009d0| 7a 6f 6e 65 5c 22 3a 5c 22 75 73 2d 65 61 73 74 |zone\":\"us-east|
|000009e0| 2d 31 63 5c 22 7d 7d 2c 5c 22 6c 65 61 73 65 49 |-1c\"}},\"leaseI|
|000009f0| 6e 66 6f 5c 22 3a 7b 5c 22 72 65 6e 65 77 61 6c |nfo\":{\"renewal|
|00000a00| 49 6e 74 65 72 76 61 6c 49 6e 53 65 63 73 5c 22 |IntervalInSecs\"|
|00000a10| 3a 35 2c 5c 22 64 75 72 61 74 69 6f 6e 49 6e 53 |:5,\"durationInS|
|00000a20| 65 63 73 5c 22 3a 31 35 2c 5c 22 72 65 67 69 73 |ecs\":15,\"regis|
|00000a30| 74 72 61 74 69 6f 6e 54 69 6d 65 73 74 61 6d 70 |trationTimestamp|
|00000a40| 5c 22 3a 31 34 39 31 37 35 38 37 38 37 39 35 36 |\":1491758787956|
|00000a50| 2c 5c 22 6c 61 73 74 52 65 6e 65 77 61 6c 54 69 |,\"lastRenewalTi|
|00000a60| 6d 65 73 74 61 6d 70 5c 22 3a 31 34 39 31 37 35 |mestamp\":149175|
|00000a70| 38 37 38 37 39 36 31 2c 5c 22 65 76 69 63 74 69 |8787961,\"evicti|
|00000a80| 6f 6e 54 69 6d 65 73 74 61 6d 70 5c 22 3a 31 34 |onTimestamp\":14|
|00000a90| 39 31 37 35 38 37 38 37 39 37 31 2c 5c 22 73 65 |91758787971,\"se|
|00000aa0| 72 76 69 63 65 55 70 54 69 6d 65 73 74 61 6d 70 |rviceUpTimestamp|
|00000ab0| 5c 22 3a 31 34 39 31 37 35 38 37 38 37 39 35 31 |\":1491758787951|
|00000ac0| 7d 2c 5c 22 6d 65 74 61 64 61 74 61 5c 22 3a 7b |},\"metadata\":{|
|00000ad0| 5c 22 61 70 70 4b 65 79 30 5c 22 3a 31 7d 2c 5c |\"appKey0\":1},\|
|00000ae0| 22 61 70 70 47 72 6f 75 70 4e 61 6d 65 5c 22 3a |"appGroupName\":|
|00000af0| 5c 22 41 50 50 4c 49 43 41 54 49 4f 4e 30 47 52 |\"APPLICATION0GR|
|00000b00| 4f 55 50 5c 22 2c 5c 22 68 6f 6d 65 50 61 67 65 |OUP\",\"homePage|
|00000b10| 55 72 6c 5c 22 3a 5c 22 68 74 74 70 3a 2f 2f 69 |Url\":\"http://i|
|00000b20| 6e 73 74 61 6e 63 65 31 2e 61 70 70 6c 69 63 61 |nstance1.applica|
|00000b30| 74 69 6f 6e 30 2e 63 6f 6d 3a 38 30 38 30 2f 68 |tion0.com:8080/h|
|00000b40| 6f 6d 65 70 61 67 65 5c 22 2c 5c 22 73 74 61 74 |omepage\",\"stat|
|00000b50| 75 73 50 61 67 65 55 72 6c 5c 22 3a 5c 22 68 74 |usPageUrl\":\"ht|
|00000b60| 74 70 3a 2f 2f 69 6e 73 74 61 6e 63 65 31 2e 61 |tp://instance1.a|
|00000b70| 70 70 6c 69 63 61 74 69 6f 6e 30 2e 63 6f 6d 3a |pplication0.com:|
|00000b80| 38 30 38 30 2f 73 74 61 74 75 73 5c 22 2c 5c 22 |8080/status\",\"|
|00000b90| 68 65 61 6c 74 68 43 68 65 63 6b 55 72 6c 5c 22 |healthCheckUrl\"|
|00000ba0| 3a 5c 22 68 74 74 70 3a 2f 2f 69 6e 73 74 61 6e |:\"http://instan|
|00000bb0| 63 65 31 2e 61 70 70 6c 69 63 61 74 69 6f 6e 30 |ce1.application0|
|00000bc0| 2e 63 6f 6d 3a 38 30 38 30 2f 68 65 61 6c 74 68 |.com:8080/health|
|00000bd0| 63 68 65 63 6b 5c 22 2c 5c 22 73 65 63 75 72 65 |check\",\"secure|
|00000be0| 48 65 61 6c 74 68 43 68 65 63 6b 55 72 6c 5c 22 |HealthCheckUrl\"|
|00000bf0| 3a 5c 22 68 74 74 70 73 3a 2f 2f 69 6e 73 74 61 |:\"https://insta|
|00000c00| 6e 63 65 31 2e 61 70 70 6c 69 63 61 74 69 6f 6e |nce1.application|
|00000c10| 30 2e 63 6f 6d 3a 38 30 38 31 2f 68 65 61 6c 74 |0.com:8081/healt|
|00000c20| 68 63 68 65 63 6b 5c 22 2c 5c 22 76 69 70 41 64 |hcheck\",\"vipAd|
|00000c30| 64 72 65 73 73 5c 22 3a 5c 22 61 70 70 6c 69 63 |dress\":\"applic|
|00000c40| 61 74 69 6f 6e 30 3a 38 30 38 30 5c 22 2c 5c 22 |ation0:8080\",\"|
|00000c50| 73 65 63 75 72 65 56 69 70 41 64 64 72 65 73 73 |secureVipAddress|
|00000c60| 5c 22 3a 5c 22 61 70 70 6c 69 63 61 74 69 6f 6e |\":\"application|
|00000c70| 30 3a 38 30 38 31 5c 22 2c 5c 22 69 73 43 6f 6f |0:8081\",\"isCoo|
|00000c80| 72 64 69 6e 61 74 69 6e 67 44 69 73 63 6f 76 65 |rdinatingDiscove|
|00000c90| 72 79 53 65 72 76 65 72 5c 22 3a 74 72 75 65 2c |ryServer\":true,|
|00000ca0| 5c 22 6c 61 73 74 55 70 64 61 74 65 64 54 69 6d |\"lastUpdatedTim|
|00000cb0| 65 73 74 61 6d 70 5c 22 3a 31 34 39 31 37 35 38 |estamp\":1491758|
|00000cc0| 37 38 37 38 35 36 2c 5c 22 6c 61 73 74 44 69 72 |787856,\"lastDir|
|00000cd0| 74 79 54 69 6d 65 73 74 61 6d 70 5c 22 3a 31 34 |tyTimestamp\":14|
|00000ce0| 39 31 37 35 38 37 38 37 38 35 36 2c 5c 22 61 63 |91758787856,\"ac|
|00000cf0| 74 69 6f 6e 54 79 70 65 5c 22 3a 5c 22 41 44 44 |tionType\":\"ADD|
|00000d00| 45 44 5c 22 2c 5c 22 61 73 67 4e 61 6d 65 5c 22 |ED\",\"asgName\"|
|00000d10| 3a 5c 22 61 70 70 6c 69 63 61 74 69 6f 6e 30 41 |:\"application0A|
|00000d20| 53 47 5c 22 7d 5d 7d 7d 7d 22 2c 0a 20 20 20 20 |SG\"}]}}}",.    |
|00000d30| 22 68 65 61 64 65 72 73 22 20 3a 20 5b 20 7b 0a |"headers" : [ {.|
|00000d40| 20 20 20 20 20 20 22 6e 61 6d 65 22 20 3a 20 22 |      "name" : "|
|00000d50| 43 6f 6e 74 65 6e 74 2d 54 79 70 65 22 2c 0a 20 |Content-Type",. |
|00000d60| 20 20 20 20 20 22 76 61 6c 75 65 73 22 20 3a 20 |     "values" : |
|00000d70| 5b 20 22 61 70 70 6c 69 63 61 74 69 6f 6e 2f 6a |[ "application/j|
|00000d80| 73 6f 6e 22 20 5d 0a 20 20 20 20 7d 20 5d 0a 20 |son" ].    } ]. |
|00000d90| 20 7d 2c 0a 20 20 22 74 69 6d 65 73 22 20 3a 20 | },.  "times" : |
|00000da0| 7b 0a 20 20 20 20 22 75 6e 6c 69 6d 69 74 65 64 |{.    "unlimited|
|00000db0| 22 20 3a 20 74 72 75 65 0a 20 20 7d 0a 7d       |" : true.  }.}  |
+--------+-------------------------------------------------+----------------+
19:26:28.290 [nioEventLoopGroup-25-1] DEBUG HttpClientInitializer --> - [id: 0xd2c4f618, /127.0.0.1:60742 => localhost/127.0.0.1:45983] FLUSH
19:26:28.291 [nioEventLoopGroup-25-1] DEBUG HttpClientInitializer --> - [id: 0xd2c4f618, /127.0.0.1:60742 => localhost/127.0.0.1:45983] ACTIVE
19:26:28.295 [nioEventLoopGroup-21-2] DEBUG i.n.handler.logging.LoggingHandler - [id: 0x3c758aba, /127.0.0.1:60742 => /127.0.0.1:45983] RECEIVED(3518B)
         +-------------------------------------------------+
         |  0  1  2  3  4  5  6  7  8  9  a  b  c  d  e  f |
+--------+-------------------------------------------------+----------------+
|00000000| 7b 0a 20 20 22 68 74 74 70 52 65 71 75 65 73 74 |{.  "httpRequest|
|00000010| 22 20 3a 20 7b 0a 20 20 20 20 22 6d 65 74 68 6f |" : {.    "metho|
|00000020| 64 22 20 3a 20 22 47 45 54 22 2c 0a 20 20 20 20 |d" : "GET",.    |
|00000030| 22 70 61 74 68 22 20 3a 20 22 2f 65 75 72 65 6b |"path" : "/eurek|
|00000040| 61 2f 76 32 2f 61 70 70 73 2f 64 65 6c 74 61 22 |a/v2/apps/delta"|
|00000050| 0a 20 20 7d 2c 0a 20 20 22 68 74 74 70 52 65 73 |.  },.  "httpRes|
|00000060| 70 6f 6e 73 65 22 20 3a 20 7b 0a 20 20 20 20 22 |ponse" : {.    "|
|00000070| 73 74 61 74 75 73 43 6f 64 65 22 20 3a 20 32 30 |statusCode" : 20|
|00000080| 30 2c 0a 20 20 20 20 22 62 6f 64 79 22 20 3a 20 |0,.    "body" : |
|00000090| 22 7b 5c 22 61 70 70 6c 69 63 61 74 69 6f 6e 73 |"{\"applications|
|000000a0| 5c 22 3a 7b 5c 22 76 65 72 73 69 6f 6e 73 5f 5f |\":{\"versions__|
|000000b0| 64 65 6c 74 61 5c 22 3a 31 2c 5c 22 61 70 70 73 |delta\":1,\"apps|
|000000c0| 5f 5f 68 61 73 68 63 6f 64 65 5c 22 3a 5c 22 55 |__hashcode\":\"U|
|000000d0| 50 5f 32 5f 5c 22 2c 5c 22 61 70 70 6c 69 63 61 |P_2_\",\"applica|
|000000e0| 74 69 6f 6e 5c 22 3a 7b 5c 22 6e 61 6d 65 5c 22 |tion\":{\"name\"|
|000000f0| 3a 5c 22 41 50 50 4c 49 43 41 54 49 4f 4e 30 5c |:\"APPLICATION0\|
|00000100| 22 2c 5c 22 69 6e 73 74 61 6e 63 65 5c 22 3a 5b |",\"instance\":[|
|00000110| 7b 5c 22 69 6e 73 74 61 6e 63 65 49 64 5c 22 3a |{\"instanceId\":|
|00000120| 5c 22 69 2d 30 30 30 30 30 30 30 30 5c 22 2c 5c |\"i-00000000\",\|
|00000130| 22 68 6f 73 74 4e 61 6d 65 5c 22 3a 5c 22 69 6e |"hostName\":\"in|
|00000140| 73 74 61 6e 63 65 30 2e 61 70 70 6c 69 63 61 74 |stance0.applicat|
|00000150| 69 6f 6e 30 2e 63 6f 6d 5c 22 2c 5c 22 61 70 70 |ion0.com\",\"app|
|00000160| 5c 22 3a 5c 22 41 50 50 4c 49 43 41 54 49 4f 4e |\":\"APPLICATION|
|00000170| 30 5c 22 2c 5c 22 69 70 41 64 64 72 5c 22 3a 5c |0\",\"ipAddr\":\|
|00000180| 22 32 30 2e 30 2e 30 2e 30 5c 22 2c 5c 22 73 74 |"20.0.0.0\",\"st|
|00000190| 61 74 75 73 5c 22 3a 5c 22 55 50 5c 22 2c 5c 22 |atus\":\"UP\",\"|
|000001a0| 6f 76 65 72 72 69 64 64 65 6e 73 74 61 74 75 73 |overriddenstatus|
|000001b0| 5c 22 3a 5c 22 55 4e 4b 4e 4f 57 4e 5c 22 2c 5c |\":\"UNKNOWN\",\|
|000001c0| 22 70 6f 72 74 5c 22 3a 7b 5c 22 40 65 6e 61 62 |"port\":{\"@enab|
|000001d0| 6c 65 64 5c 22 3a 5c 22 74 72 75 65 5c 22 2c 5c |led\":\"true\",\|
|000001e0| 22 24 5c 22 3a 5c 22 38 30 38 30 5c 22 7d 2c 5c |"$\":\"8080\"},\|
|000001f0| 22 73 65 63 75 72 65 50 6f 72 74 5c 22 3a 7b 5c |"securePort\":{\|
|00000200| 22 40 65 6e 61 62 6c 65 64 5c 22 3a 5c 22 74 72 |"@enabled\":\"tr|
|00000210| 75 65 5c 22 2c 5c 22 24 5c 22 3a 5c 22 38 30 38 |ue\",\"$\":\"808|
|00000220| 31 5c 22 7d 2c 5c 22 63 6f 75 6e 74 72 79 49 64 |1\"},\"countryId|
|00000230| 5c 22 3a 31 2c 5c 22 64 61 74 61 43 65 6e 74 65 |\":1,\"dataCente|
|00000240| 72 49 6e 66 6f 5c 22 3a 7b 5c 22 40 63 6c 61 73 |rInfo\":{\"@clas|
|00000250| 73 5c 22 3a 5c 22 63 6f 6d 2e 6e 65 74 66 6c 69 |s\":\"com.netfli|
|00000260| 78 2e 61 70 70 69 6e 66 6f 2e 41 6d 61 7a 6f 6e |x.appinfo.Amazon|
|00000270| 49 6e 66 6f 5c 22 2c 5c 22 6e 61 6d 65 5c 22 3a |Info\",\"name\":|
|00000280| 5c 22 41 6d 61 7a 6f 6e 5c 22 2c 5c 22 6d 65 74 |\"Amazon\",\"met|
|00000290| 61 64 61 74 61 5c 22 3a 7b 5c 22 70 75 62 6c 69 |adata\":{\"publi|
|000002a0| 63 2d 69 70 76 34 5c 22 3a 5c 22 32 30 2e 30 2e |c-ipv4\":\"20.0.|
|000002b0| 30 2e 30 5c 22 2c 5c 22 61 63 63 6f 75 6e 74 49 |0.0\",\"accountI|
|000002c0| 64 5c 22 3a 5c 22 74 65 73 74 41 63 63 6f 75 6e |d\":\"testAccoun|
|000002d0| 74 49 64 5c 22 2c 5c 22 6c 6f 63 61 6c 2d 68 6f |tId\",\"local-ho|
|000002e0| 73 74 6e 61 6d 65 5c 22 3a 5c 22 69 70 2d 31 30 |stname\":\"ip-10|
|000002f0| 2e 30 30 2e 30 2e 63 6f 6d 70 75 74 65 2e 69 6e |.00.0.compute.in|
|00000300| 74 65 72 6e 61 6c 5c 22 2c 5c 22 70 75 62 6c 69 |ternal\",\"publi|
|00000310| 63 2d 68 6f 73 74 6e 61 6d 65 5c 22 3a 5c 22 69 |c-hostname\":\"i|
|00000320| 6e 73 74 61 6e 63 65 30 2e 61 70 70 6c 69 63 61 |nstance0.applica|
|00000330| 74 69 6f 6e 30 2e 63 6f 6d 5c 22 2c 5c 22 69 6e |tion0.com\",\"in|
|00000340| 73 74 61 6e 63 65 2d 69 64 5c 22 3a 5c 22 69 2d |stance-id\":\"i-|
|00000350| 30 30 30 30 30 30 30 30 5c 22 2c 5c 22 6c 6f 63 |00000000\",\"loc|
|00000360| 61 6c 2d 69 70 76 34 5c 22 3a 5c 22 31 39 32 2e |al-ipv4\":\"192.|
|00000370| 31 36 38 2e 30 2e 30 5c 22 2c 5c 22 69 6e 73 74 |168.0.0\",\"inst|
|00000380| 61 6e 63 65 2d 74 79 70 65 5c 22 3a 5c 22 6d 32 |ance-type\":\"m2|
|00000390| 2e 78 6c 61 72 67 65 5c 22 2c 5c 22 61 6d 69 2d |.xlarge\",\"ami-|
|000003a0| 69 64 5c 22 3a 5c 22 61 6d 69 2d 30 30 30 30 30 |id\":\"ami-00000|
|000003b0| 30 30 30 5c 22 2c 5c 22 61 76 61 69 6c 61 62 69 |000\",\"availabi|
|000003c0| 6c 69 74 79 2d 7a 6f 6e 65 5c 22 3a 5c 22 75 73 |lity-zone\":\"us|
|000003d0| 2d 65 61 73 74 2d 31 63 5c 22 7d 7d 2c 5c 22 6c |-east-1c\"}},\"l|
|000003e0| 65 61 73 65 49 6e 66 6f 5c 22 3a 7b 5c 22 72 65 |easeInfo\":{\"re|
|000003f0| 6e 65 77 61 6c 49 6e 74 65 72 76 61 6c 49 6e 53 |newalIntervalInS|
|00000400| 65 63 73 5c 22 3a 35 2c 5c 22 64 75 72 61 74 69 |ecs\":5,\"durati|
|00000410| 6f 6e 49 6e 53 65 63 73 5c 22 3a 31 35 2c 5c 22 |onInSecs\":15,\"|
|00000420| 72 65 67 69 73 74 72 61 74 69 6f 6e 54 69 6d 65 |registrationTime|
|00000430| 73 74 61 6d 70 5c 22 3a 31 34 39 31 37 35 38 37 |stamp\":14917587|
|00000440| 38 37 39 35 31 2c 5c 22 6c 61 73 74 52 65 6e 65 |87951,\"lastRene|
|00000450| 77 61 6c 54 69 6d 65 73 74 61 6d 70 5c 22 3a 31 |walTimestamp\":1|
|00000460| 34 39 31 37 35 38 37 38 37 39 35 36 2c 5c 22 65 |491758787956,\"e|
|00000470| 76 69 63 74 69 6f 6e 54 69 6d 65 73 74 61 6d 70 |victionTimestamp|
|00000480| 5c 22 3a 31 34 39 31 37 35 38 37 38 37 39 36 36 |\":1491758787966|
|00000490| 2c 5c 22 73 65 72 76 69 63 65 55 70 54 69 6d 65 |,\"serviceUpTime|
|000004a0| 73 74 61 6d 70 5c 22 3a 31 34 39 31 37 35 38 37 |stamp\":14917587|
|000004b0| 38 37 39 34 36 7d 2c 5c 22 6d 65 74 61 64 61 74 |87946},\"metadat|
|000004c0| 61 5c 22 3a 7b 5c 22 61 70 70 4b 65 79 30 5c 22 |a\":{\"appKey0\"|
|000004d0| 3a 30 7d 2c 5c 22 61 70 70 47 72 6f 75 70 4e 61 |:0},\"appGroupNa|
|000004e0| 6d 65 5c 22 3a 5c 22 41 50 50 4c 49 43 41 54 49 |me\":\"APPLICATI|
|000004f0| 4f 4e 30 47 52 4f 55 50 5c 22 2c 5c 22 68 6f 6d |ON0GROUP\",\"hom|
|00000500| 65 50 61 67 65 55 72 6c 5c 22 3a 5c 22 68 74 74 |ePageUrl\":\"htt|
|00000510| 70 3a 2f 2f 69 6e 73 74 61 6e 63 65 30 2e 61 70 |p://instance0.ap|
|00000520| 70 6c 69 63 61 74 69 6f 6e 30 2e 63 6f 6d 3a 38 |plication0.com:8|
|00000530| 30 38 30 2f 68 6f 6d 65 70 61 67 65 5c 22 2c 5c |080/homepage\",\|
|00000540| 22 73 74 61 74 75 73 50 61 67 65 55 72 6c 5c 22 |"statusPageUrl\"|
|00000550| 3a 5c 22 68 74 74 70 3a 2f 2f 69 6e 73 74 61 6e |:\"http://instan|
|00000560| 63 65 30 2e 61 70 70 6c 69 63 61 74 69 6f 6e 30 |ce0.application0|
|00000570| 2e 63 6f 6d 3a 38 30 38 30 2f 73 74 61 74 75 73 |.com:8080/status|
|00000580| 5c 22 2c 5c 22 68 65 61 6c 74 68 43 68 65 63 6b |\",\"healthCheck|
|00000590| 55 72 6c 5c 22 3a 5c 22 68 74 74 70 3a 2f 2f 69 |Url\":\"http://i|
|000005a0| 6e 73 74 61 6e 63 65 30 2e 61 70 70 6c 69 63 61 |nstance0.applica|
|000005b0| 74 69 6f 6e 30 2e 63 6f 6d 3a 38 30 38 30 2f 68 |tion0.com:8080/h|
|000005c0| 65 61 6c 74 68 63 68 65 63 6b 5c 22 2c 5c 22 73 |ealthcheck\",\"s|
|000005d0| 65 63 75 72 65 48 65 61 6c 74 68 43 68 65 63 6b |ecureHealthCheck|
|000005e0| 55 72 6c 5c 22 3a 5c 22 68 74 74 70 73 3a 2f 2f |Url\":\"https://|
|000005f0| 69 6e 73 74 61 6e 63 65 30 2e 61 70 70 6c 69 63 |instance0.applic|
|00000600| 61 74 69 6f 6e 30 2e 63 6f 6d 3a 38 30 38 31 2f |ation0.com:8081/|
|00000610| 68 65 61 6c 74 68 63 68 65 63 6b 5c 22 2c 5c 22 |healthcheck\",\"|
|00000620| 76 69 70 41 64 64 72 65 73 73 5c 22 3a 5c 22 61 |vipAddress\":\"a|
|00000630| 70 70 6c 69 63 61 74 69 6f 6e 30 3a 38 30 38 30 |pplication0:8080|
|00000640| 5c 22 2c 5c 22 73 65 63 75 72 65 56 69 70 41 64 |\",\"secureVipAd|
|00000650| 64 72 65 73 73 5c 22 3a 5c 22 61 70 70 6c 69 63 |dress\":\"applic|
|00000660| 61 74 69 6f 6e 30 3a 38 30 38 31 5c 22 2c 5c 22 |ation0:8081\",\"|
|00000670| 69 73 43 6f 6f 72 64 69 6e 61 74 69 6e 67 44 69 |isCoordinatingDi|
|00000680| 73 63 6f 76 65 72 79 53 65 72 76 65 72 5c 22 3a |scoveryServer\":|
|00000690| 74 72 75 65 2c 5c 22 6c 61 73 74 55 70 64 61 74 |true,\"lastUpdat|
|000006a0| 65 64 54 69 6d 65 73 74 61 6d 70 5c 22 3a 31 34 |edTimestamp\":14|
|000006b0| 39 31 37 35 38 37 38 37 38 35 31 2c 5c 22 6c 61 |91758787851,\"la|
|000006c0| 73 74 44 69 72 74 79 54 69 6d 65 73 74 61 6d 70 |stDirtyTimestamp|
|000006d0| 5c 22 3a 31 34 39 31 37 35 38 37 38 37 38 35 31 |\":1491758787851|
|000006e0| 2c 5c 22 61 63 74 69 6f 6e 54 79 70 65 5c 22 3a |,\"actionType\":|
|000006f0| 5c 22 41 44 44 45 44 5c 22 2c 5c 22 61 73 67 4e |\"ADDED\",\"asgN|
|00000700| 61 6d 65 5c 22 3a 5c 22 61 70 70 6c 69 63 61 74 |ame\":\"applicat|
|00000710| 69 6f 6e 30 41 53 47 5c 22 7d 2c 7b 5c 22 69 6e |ion0ASG\"},{\"in|
|00000720| 73 74 61 6e 63 65 49 64 5c 22 3a 5c 22 69 2d 30 |stanceId\":\"i-0|
|00000730| 30 30 30 30 30 30 31 5c 22 2c 5c 22 68 6f 73 74 |0000001\",\"host|
|00000740| 4e 61 6d 65 5c 22 3a 5c 22 69 6e 73 74 61 6e 63 |Name\":\"instanc|
|00000750| 65 31 2e 61 70 70 6c 69 63 61 74 69 6f 6e 30 2e |e1.application0.|
|00000760| 63 6f 6d 5c 22 2c 5c 22 61 70 70 5c 22 3a 5c 22 |com\",\"app\":\"|
|00000770| 41 50 50 4c 49 43 41 54 49 4f 4e 30 5c 22 2c 5c |APPLICATION0\",\|
|00000780| 22 69 70 41 64 64 72 5c 22 3a 5c 22 32 30 2e 30 |"ipAddr\":\"20.0|
|00000790| 2e 30 2e 31 5c 22 2c 5c 22 73 74 61 74 75 73 5c |.0.1\",\"status\|
|000007a0| 22 3a 5c 22 55 50 5c 22 2c 5c 22 6f 76 65 72 72 |":\"UP\",\"overr|
|000007b0| 69 64 64 65 6e 73 74 61 74 75 73 5c 22 3a 5c 22 |iddenstatus\":\"|
|000007c0| 55 4e 4b 4e 4f 57 4e 5c 22 2c 5c 22 70 6f 72 74 |UNKNOWN\",\"port|
|000007d0| 5c 22 3a 7b 5c 22 40 65 6e 61 62 6c 65 64 5c 22 |\":{\"@enabled\"|
|000007e0| 3a 5c 22 74 72 75 65 5c 22 2c 5c 22 24 5c 22 3a |:\"true\",\"$\":|
|000007f0| 5c 22 38 30 38 30 5c 22 7d 2c 5c 22 73 65 63 75 |\"8080\"},\"secu|
|00000800| 72 65 50 6f 72 74 5c 22 3a 7b 5c 22 40 65 6e 61 |rePort\":{\"@ena|
|00000810| 62 6c 65 64 5c 22 3a 5c 22 74 72 75 65 5c 22 2c |bled\":\"true\",|
|00000820| 5c 22 24 5c 22 3a 5c 22 38 30 38 31 5c 22 7d 2c |\"$\":\"8081\"},|
|00000830| 5c 22 63 6f 75 6e 74 72 79 49 64 5c 22 3a 31 2c |\"countryId\":1,|
|00000840| 5c 22 64 61 74 61 43 65 6e 74 65 72 49 6e 66 6f |\"dataCenterInfo|
|00000850| 5c 22 3a 7b 5c 22 40 63 6c 61 73 73 5c 22 3a 5c |\":{\"@class\":\|
|00000860| 22 63 6f 6d 2e 6e 65 74 66 6c 69 78 2e 61 70 70 |"com.netflix.app|
|00000870| 69 6e 66 6f 2e 41 6d 61 7a 6f 6e 49 6e 66 6f 5c |info.AmazonInfo\|
|00000880| 22 2c 5c 22 6e 61 6d 65 5c 22 3a 5c 22 41 6d 61 |",\"name\":\"Ama|
|00000890| 7a 6f 6e 5c 22 2c 5c 22 6d 65 74 61 64 61 74 61 |zon\",\"metadata|
|000008a0| 5c 22 3a 7b 5c 22 70 75 62 6c 69 63 2d 69 70 76 |\":{\"public-ipv|
|000008b0| 34 5c 22 3a 5c 22 32 30 2e 30 2e 30 2e 31 5c 22 |4\":\"20.0.0.1\"|
|000008c0| 2c 5c 22 61 63 63 6f 75 6e 74 49 64 5c 22 3a 5c |,\"accountId\":\|
|000008d0| 22 74 65 73 74 41 63 63 6f 75 6e 74 49 64 5c 22 |"testAccountId\"|
|000008e0| 2c 5c 22 6c 6f 63 61 6c 2d 68 6f 73 74 6e 61 6d |,\"local-hostnam|
|000008f0| 65 5c 22 3a 5c 22 69 70 2d 31 30 2e 30 30 2e 31 |e\":\"ip-10.00.1|
|00000900| 2e 63 6f 6d 70 75 74 65 2e 69 6e 74 65 72 6e 61 |.compute.interna|
|00000910| 6c 5c 22 2c 5c 22 70 75 62 6c 69 63 2d 68 6f 73 |l\",\"public-hos|
|00000920| 74 6e 61 6d 65 5c 22 3a 5c 22 69 6e 73 74 61 6e |tname\":\"instan|
|00000930| 63 65 31 2e 61 70 70 6c 69 63 61 74 69 6f 6e 30 |ce1.application0|
|00000940| 2e 63 6f 6d 5c 22 2c 5c 22 69 6e 73 74 61 6e 63 |.com\",\"instanc|
|00000950| 65 2d 69 64 5c 22 3a 5c 22 69 2d 30 30 30 30 30 |e-id\":\"i-00000|
|00000960| 30 30 31 5c 22 2c 5c 22 6c 6f 63 61 6c 2d 69 70 |001\",\"local-ip|
|00000970| 76 34 5c 22 3a 5c 22 31 39 32 2e 31 36 38 2e 30 |v4\":\"192.168.0|
|00000980| 2e 31 5c 22 2c 5c 22 69 6e 73 74 61 6e 63 65 2d |.1\",\"instance-|
|00000990| 74 79 70 65 5c 22 3a 5c 22 6d 32 2e 78 6c 61 72 |type\":\"m2.xlar|
|000009a0| 67 65 5c 22 2c 5c 22 61 6d 69 2d 69 64 5c 22 3a |ge\",\"ami-id\":|
|000009b0| 5c 22 61 6d 69 2d 30 30 30 30 30 30 30 31 5c 22 |\"ami-00000001\"|
|000009c0| 2c 5c 22 61 76 61 69 6c 61 62 69 6c 69 74 79 2d |,\"availability-|
|000009d0| 7a 6f 6e 65 5c 22 3a 5c 22 75 73 2d 65 61 73 74 |zone\":\"us-east|
|000009e0| 2d 31 63 5c 22 7d 7d 2c 5c 22 6c 65 61 73 65 49 |-1c\"}},\"leaseI|
|000009f0| 6e 66 6f 5c 22 3a 7b 5c 22 72 65 6e 65 77 61 6c |nfo\":{\"renewal|
|00000a00| 49 6e 74 65 72 76 61 6c 49 6e 53 65 63 73 5c 22 |IntervalInSecs\"|
|00000a10| 3a 35 2c 5c 22 64 75 72 61 74 69 6f 6e 49 6e 53 |:5,\"durationInS|
|00000a20| 65 63 73 5c 22 3a 31 35 2c 5c 22 72 65 67 69 73 |ecs\":15,\"regis|
|00000a30| 74 72 61 74 69 6f 6e 54 69 6d 65 73 74 61 6d 70 |trationTimestamp|
|00000a40| 5c 22 3a 31 34 39 31 37 35 38 37 38 37 39 35 36 |\":1491758787956|
|00000a50| 2c 5c 22 6c 61 73 74 52 65 6e 65 77 61 6c 54 69 |,\"lastRenewalTi|
|00000a60| 6d 65 73 74 61 6d 70 5c 22 3a 31 34 39 31 37 35 |mestamp\":149175|
|00000a70| 38 37 38 37 39 36 31 2c 5c 22 65 76 69 63 74 69 |8787961,\"evicti|
|00000a80| 6f 6e 54 69 6d 65 73 74 61 6d 70 5c 22 3a 31 34 |onTimestamp\":14|
|00000a90| 39 31 37 35 38 37 38 37 39 37 31 2c 5c 22 73 65 |91758787971,\"se|
|00000aa0| 72 76 69 63 65 55 70 54 69 6d 65 73 74 61 6d 70 |rviceUpTimestamp|
|00000ab0| 5c 22 3a 31 34 39 31 37 35 38 37 38 37 39 35 31 |\":1491758787951|
|00000ac0| 7d 2c 5c 22 6d 65 74 61 64 61 74 61 5c 22 3a 7b |},\"metadata\":{|
|00000ad0| 5c 22 61 70 70 4b 65 79 30 5c 22 3a 31 7d 2c 5c |\"appKey0\":1},\|
|00000ae0| 22 61 70 70 47 72 6f 75 70 4e 61 6d 65 5c 22 3a |"appGroupName\":|
|00000af0| 5c 22 41 50 50 4c 49 43 41 54 49 4f 4e 30 47 52 |\"APPLICATION0GR|
|00000b00| 4f 55 50 5c 22 2c 5c 22 68 6f 6d 65 50 61 67 65 |OUP\",\"homePage|
|00000b10| 55 72 6c 5c 22 3a 5c 22 68 74 74 70 3a 2f 2f 69 |Url\":\"http://i|
|00000b20| 6e 73 74 61 6e 63 65 31 2e 61 70 70 6c 69 63 61 |nstance1.applica|
|00000b30| 74 69 6f 6e 30 2e 63 6f 6d 3a 38 30 38 30 2f 68 |tion0.com:8080/h|
|00000b40| 6f 6d 65 70 61 67 65 5c 22 2c 5c 22 73 74 61 74 |omepage\",\"stat|
|00000b50| 75 73 50 61 67 65 55 72 6c 5c 22 3a 5c 22 68 74 |usPageUrl\":\"ht|
|00000b60| 74 70 3a 2f 2f 69 6e 73 74 61 6e 63 65 31 2e 61 |tp://instance1.a|
|00000b70| 70 70 6c 69 63 61 74 69 6f 6e 30 2e 63 6f 6d 3a |pplication0.com:|
|00000b80| 38 30 38 30 2f 73 74 61 74 75 73 5c 22 2c 5c 22 |8080/status\",\"|
|00000b90| 68 65 61 6c 74 68 43 68 65 63 6b 55 72 6c 5c 22 |healthCheckUrl\"|
|00000ba0| 3a 5c 22 68 74 74 70 3a 2f 2f 69 6e 73 74 61 6e |:\"http://instan|
|00000bb0| 63 65 31 2e 61 70 70 6c 69 63 61 74 69 6f 6e 30 |ce1.application0|
|00000bc0| 2e 63 6f 6d 3a 38 30 38 30 2f 68 65 61 6c 74 68 |.com:8080/health|
|00000bd0| 63 68 65 63 6b 5c 22 2c 5c 22 73 65 63 75 72 65 |check\",\"secure|
|00000be0| 48 65 61 6c 74 68 43 68 65 63 6b 55 72 6c 5c 22 |HealthCheckUrl\"|
|00000bf0| 3a 5c 22 68 74 74 70 73 3a 2f 2f 69 6e 73 74 61 |:\"https://insta|
|00000c00| 6e 63 65 31 2e 61 70 70 6c 69 63 61 74 69 6f 6e |nce1.application|
|00000c10| 30 2e 63 6f 6d 3a 38 30 38 31 2f 68 65 61 6c 74 |0.com:8081/healt|
|00000c20| 68 63 68 65 63 6b 5c 22 2c 5c 22 76 69 70 41 64 |hcheck\",\"vipAd|
|00000c30| 64 72 65 73 73 5c 22 3a 5c 22 61 70 70 6c 69 63 |dress\":\"applic|
|00000c40| 61 74 69 6f 6e 30 3a 38 30 38 30 5c 22 2c 5c 22 |ation0:8080\",\"|
|00000c50| 73 65 63 75 72 65 56 69 70 41 64 64 72 65 73 73 |secureVipAddress|
|00000c60| 5c 22 3a 5c 22 61 70 70 6c 69 63 61 74 69 6f 6e |\":\"application|
|00000c70| 30 3a 38 30 38 31 5c 22 2c 5c 22 69 73 43 6f 6f |0:8081\",\"isCoo|
|00000c80| 72 64 69 6e 61 74 69 6e 67 44 69 73 63 6f 76 65 |rdinatingDiscove|
|00000c90| 72 79 53 65 72 76 65 72 5c 22 3a 74 72 75 65 2c |ryServer\":true,|
|00000ca0| 5c 22 6c 61 73 74 55 70 64 61 74 65 64 54 69 6d |\"lastUpdatedTim|
|00000cb0| 65 73 74 61 6d 70 5c 22 3a 31 34 39 31 37 35 38 |estamp\":1491758|
|00000cc0| 37 38 37 38 35 36 2c 5c 22 6c 61 73 74 44 69 72 |787856,\"lastDir|
|00000cd0| 74 79 54 69 6d 65 73 74 61 6d 70 5c 22 3a 31 34 |tyTimestamp\":14|
|00000ce0| 39 31 37 35 38 37 38 37 38 35 36 2c 5c 22 61 63 |91758787856,\"ac|
|00000cf0| 74 69 6f 6e 54 79 70 65 5c 22 3a 5c 22 41 44 44 |tionType\":\"ADD|
|00000d00| 45 44 5c 22 2c 5c 22 61 73 67 4e 61 6d 65 5c 22 |ED\",\"asgName\"|
|00000d10| 3a 5c 22 61 70 70 6c 69 63 61 74 69 6f 6e 30 41 |:\"application0A|
|00000d20| 53 47 5c 22 7d 5d 7d 7d 7d 22 2c 0a 20 20 20 20 |SG\"}]}}}",.    |
|00000d30| 22 68 65 61 64 65 72 73 22 20 3a 20 5b 20 7b 0a |"headers" : [ {.|
|00000d40| 20 20 20 20 20 20 22 6e 61 6d 65 22 20 3a 20 22 |      "name" : "|
|00000d50| 43 6f 6e 74 65 6e 74 2d 54 79 70 65 22 2c 0a 20 |Content-Type",. |
|00000d60| 20 20 20 20 20 22 76 61 6c 75 65 73 22 20 3a 20 |     "values" : |
|00000d70| 5b 20 22 61 70 70 6c 69 63 61 74 69 6f 6e 2f 6a |[ "application/j|
|00000d80| 73 6f 6e 22 20 5d 0a 20 20 20 20 7d 20 5d 0a 20 |son" ].    } ]. |
|00000d90| 20 7d 2c 0a 20 20 22 74 69 6d 65 73 22 20 3a 20 | },.  "times" : |
|00000da0| 7b 0a 20 20 20 20 22 75 6e 6c 69 6d 69 74 65 64 |{.    "unlimited|
|00000db0| 22 20 3a 20 74 72 75 65 0a 20 20 7d 0a 7d       |" : true.  }.}  |
+--------+-------------------------------------------------+----------------+
19:26:28.311 [nioEventLoopGroup-21-2] DEBUG i.n.handler.logging.LoggingHandler - [id: 0x3c758aba, /127.0.0.1:60742 => /127.0.0.1:45983] WRITE(0B)
         +-------------------------------------------------+
         |  0  1  2  3  4  5  6  7  8  9  a  b  c  d  e  f |
+--------+-------------------------------------------------+----------------+
+--------+-------------------------------------------------+----------------+
19:26:28.312 [nioEventLoopGroup-21-2] DEBUG i.n.handler.logging.LoggingHandler - [id: 0x3c758aba, /127.0.0.1:60742 => /127.0.0.1:45983] FLUSH
19:26:28.312 [nioEventLoopGroup-25-1] DEBUG HttpClientInitializer --> - [id: 0xd2c4f618, /127.0.0.1:60742 => localhost/127.0.0.1:45983] RECEIVED(67B)
         +-------------------------------------------------+
         |  0  1  2  3  4  5  6  7  8  9  a  b  c  d  e  f |
+--------+-------------------------------------------------+----------------+
|00000000| 48 54 54 50 2f 31 2e 31 20 32 30 31 20 43 72 65 |HTTP/1.1 201 Cre|
|00000010| 61 74 65 64 0d 0a 43 6f 6e 74 65 6e 74 2d 4c 65 |ated..Content-Le|
|00000020| 6e 67 74 68 3a 20 30 0d 0a 43 6f 6e 6e 65 63 74 |ngth: 0..Connect|
|00000030| 69 6f 6e 3a 20 6b 65 65 70 2d 61 6c 69 76 65 0d |ion: keep-alive.|
|00000040| 0a 0d 0a                                        |...             |
+--------+-------------------------------------------------+----------------+
19:26:28.313 [nioEventLoopGroup-25-1] DEBUG HttpClientInitializer --> - [id: 0xd2c4f618, /127.0.0.1:60742 => localhost/127.0.0.1:45983] CLOSE()
19:26:28.313 [nioEventLoopGroup-25-1] DEBUG HttpClientInitializer --> - [id: 0xd2c4f618, /127.0.0.1:60742 :> localhost/127.0.0.1:45983] INACTIVE
19:26:28.313 [nioEventLoopGroup-25-1] DEBUG HttpClientInitializer --> - [id: 0xd2c4f618, /127.0.0.1:60742 :> localhost/127.0.0.1:45983] UNREGISTERED
19:26:28.313 [Test worker] DEBUG o.m.client.netty.NettyHttpClient - Received response: {
  "statusCode" : 201,
  "body" : "",
  "headers" : [ {
    "name" : "Connection",
    "values" : [ "keep-alive" ]
  }, {
    "name" : "Content-Length",
    "values" : [ "0" ]
  } ]
}
19:26:28.316 [nioEventLoopGroup-21-2] DEBUG i.n.handler.logging.LoggingHandler - [id: 0x3c758aba, /127.0.0.1:60742 => /127.0.0.1:45983] FLUSH
19:26:28.316 [nioEventLoopGroup-21-2] DEBUG i.n.handler.logging.LoggingHandler - [id: 0x3c758aba, /127.0.0.1:60742 :> /127.0.0.1:45983] INACTIVE
19:26:28.316 [nioEventLoopGroup-21-2] DEBUG i.n.handler.logging.LoggingHandler - [id: 0x3c758aba, /127.0.0.1:60742 :> /127.0.0.1:45983] UNREGISTERED
19:26:28.322 [Test worker] WARN  c.n.d.internal.util.Archaius1Utils - Cannot find the properties specified : eureka-client. This may be okay if there are other environment specific properties or the configuration is installed with a different mechanism.
19:26:28.323 [Test worker] INFO  c.n.a.p.EurekaConfigBasedInstanceInfoProvider - Setting initial instance status as: STARTING
19:26:28.324 [Test worker] WARN  c.n.d.internal.util.Archaius1Utils - Cannot find the properties specified : eureka-client. This may be okay if there are other environment specific properties or the configuration is installed with a different mechanism.
19:26:28.329 [Test worker] INFO  c.netflix.discovery.DiscoveryClient - Initializing Eureka in region us-east-1
19:26:28.343 [Test worker] INFO  c.n.d.p.DiscoveryJerseyProvider - Using JSON encoding codec LegacyJacksonJson
19:26:28.343 [Test worker] INFO  c.n.d.p.DiscoveryJerseyProvider - Using JSON decoding codec LegacyJacksonJson
19:26:28.343 [Test worker] INFO  c.n.d.p.DiscoveryJerseyProvider - Using XML encoding codec XStreamXml
19:26:28.343 [Test worker] INFO  c.n.d.p.DiscoveryJerseyProvider - Using XML decoding codec XStreamXml
19:26:28.499 [Test worker] INFO  c.n.d.s.r.aws.ConfigClusterResolver - Resolving eureka endpoints via configuration
19:26:28.500 [Test worker] DEBUG c.n.discovery.endpoint.EndpointUtils - The availability zone for the given region us-east-1 are [defaultZone]
19:26:28.500 [Test worker] DEBUG c.n.d.s.r.aws.ConfigClusterResolver - Config resolved to [AwsEndpoint{ serviceUrl='http://localhost:45983/eureka/v2/', region='us-east-1', zone='defaultZone'}]
19:26:28.500 [Test worker] DEBUG c.n.d.s.r.a.ZoneAffinityClusterResolver - Local zone=defaultZone; resolved to: [AwsEndpoint{ serviceUrl='http://localhost:45983/eureka/v2/', region='us-east-1', zone='defaultZone'}]
19:26:28.501 [Test worker] INFO  c.netflix.discovery.DiscoveryClient - Disable delta property : false
19:26:28.501 [Test worker] INFO  c.netflix.discovery.DiscoveryClient - Single vip registry refresh property : null
19:26:28.501 [Test worker] INFO  c.netflix.discovery.DiscoveryClient - Force full registry fetch : false
19:26:28.501 [Test worker] INFO  c.netflix.discovery.DiscoveryClient - Application is null : false
19:26:28.501 [Test worker] INFO  c.netflix.discovery.DiscoveryClient - Registered Applications size is zero : true
19:26:28.501 [Test worker] INFO  c.netflix.discovery.DiscoveryClient - Application version is -1: true
19:26:28.501 [Test worker] INFO  c.netflix.discovery.DiscoveryClient - Getting all instance registry info from the eureka server
19:26:28.501 [Test worker] DEBUG c.n.d.s.t.d.SessionedEurekaHttpClient - Ending a session and starting anew
19:26:28.511 [Test worker] DEBUG c.n.d.s.t.j.AbstractJerseyEurekaHttpClient - Created client for url: http://localhost:45983/eureka/v2/
19:26:28.524 [nioEventLoopGroup-21-3] DEBUG i.n.handler.logging.LoggingHandler - [id: 0x759740b0, /127.0.0.1:60744 => /127.0.0.1:45983] RECEIVED(0B)
         +-------------------------------------------------+
         |  0  1  2  3  4  5  6  7  8  9  a  b  c  d  e  f |
+--------+-------------------------------------------------+----------------+
+--------+-------------------------------------------------+----------------+
19:26:28.525 [nioEventLoopGroup-21-3] DEBUG i.n.handler.logging.LoggingHandler - [id: 0x759740b0, /127.0.0.1:60744 => /127.0.0.1:45983] WRITE(0B)
         +-------------------------------------------------+
         |  0  1  2  3  4  5  6  7  8  9  a  b  c  d  e  f |
+--------+-------------------------------------------------+----------------+
+--------+-------------------------------------------------+----------------+
19:26:28.528 [nioEventLoopGroup-21-3] DEBUG i.n.handler.logging.LoggingHandler - [id: 0x759740b0, /127.0.0.1:60744 => /127.0.0.1:45983] FLUSH
19:26:28.529 [Test worker] DEBUG c.n.d.s.t.j.AbstractJerseyEurekaHttpClient - Jersey HTTP GET http://localhost:45983/eureka/v2//apps/?; statusCode=302
19:26:28.530 [Test worker] DEBUG c.n.d.s.t.j.AbstractJerseyEurekaHttpClient - Created client for url: http://localhost:39695/eureka/v2/
19:26:28.538 [nioEventLoopGroup-19-3] DEBUG i.n.handler.logging.LoggingHandler - [id: 0x4ebe833d, /127.0.0.1:53554 => /127.0.0.1:39695] RECEIVED(0B)
         +-------------------------------------------------+
         |  0  1  2  3  4  5  6  7  8  9  a  b  c  d  e  f |
+--------+-------------------------------------------------+----------------+
+--------+-------------------------------------------------+----------------+
19:26:28.543 [nioEventLoopGroup-19-3] DEBUG i.n.handler.logging.LoggingHandler - [id: 0x4ebe833d, /127.0.0.1:53554 => /127.0.0.1:39695] WRITE(1505B)
         +-------------------------------------------------+
         |  0  1  2  3  4  5  6  7  8  9  a  b  c  d  e  f |
+--------+-------------------------------------------------+----------------+
|00000000| 7b 22 61 70 70 6c 69 63 61 74 69 6f 6e 73 22 3a |{"applications":|
|00000010| 7b 22 76 65 72 73 69 6f 6e 73 5f 5f 64 65 6c 74 |{"versions__delt|
|00000020| 61 22 3a 31 2c 22 61 70 70 73 5f 5f 68 61 73 68 |a":1,"apps__hash|
|00000030| 63 6f 64 65 22 3a 22 55 50 5f 31 5f 22 2c 22 61 |code":"UP_1_","a|
|00000040| 70 70 6c 69 63 61 74 69 6f 6e 22 3a 7b 22 6e 61 |pplication":{"na|
|00000050| 6d 65 22 3a 22 41 50 50 4c 49 43 41 54 49 4f 4e |me":"APPLICATION|
|00000060| 30 22 2c 22 69 6e 73 74 61 6e 63 65 22 3a 7b 22 |0","instance":{"|
|00000070| 69 6e 73 74 61 6e 63 65 49 64 22 3a 22 69 2d 30 |instanceId":"i-0|
|00000080| 30 30 30 30 30 30 30 22 2c 22 68 6f 73 74 4e 61 |0000000","hostNa|
|00000090| 6d 65 22 3a 22 69 6e 73 74 61 6e 63 65 30 2e 61 |me":"instance0.a|
|000000a0| 70 70 6c 69 63 61 74 69 6f 6e 30 2e 63 6f 6d 22 |pplication0.com"|
|000000b0| 2c 22 61 70 70 22 3a 22 41 50 50 4c 49 43 41 54 |,"app":"APPLICAT|
|000000c0| 49 4f 4e 30 22 2c 22 69 70 41 64 64 72 22 3a 22 |ION0","ipAddr":"|
|000000d0| 32 30 2e 30 2e 30 2e 30 22 2c 22 73 74 61 74 75 |20.0.0.0","statu|
|000000e0| 73 22 3a 22 55 50 22 2c 22 6f 76 65 72 72 69 64 |s":"UP","overrid|
|000000f0| 64 65 6e 73 74 61 74 75 73 22 3a 22 55 4e 4b 4e |denstatus":"UNKN|
|00000100| 4f 57 4e 22 2c 22 70 6f 72 74 22 3a 7b 22 40 65 |OWN","port":{"@e|
|00000110| 6e 61 62 6c 65 64 22 3a 22 74 72 75 65 22 2c 22 |nabled":"true","|
|00000120| 24 22 3a 22 38 30 38 30 22 7d 2c 22 73 65 63 75 |$":"8080"},"secu|
|00000130| 72 65 50 6f 72 74 22 3a 7b 22 40 65 6e 61 62 6c |rePort":{"@enabl|
|00000140| 65 64 22 3a 22 74 72 75 65 22 2c 22 24 22 3a 22 |ed":"true","$":"|
|00000150| 38 30 38 31 22 7d 2c 22 63 6f 75 6e 74 72 79 49 |8081"},"countryI|
|00000160| 64 22 3a 31 2c 22 64 61 74 61 43 65 6e 74 65 72 |d":1,"dataCenter|
|00000170| 49 6e 66 6f 22 3a 7b 22 40 63 6c 61 73 73 22 3a |Info":{"@class":|
|00000180| 22 63 6f 6d 2e 6e 65 74 66 6c 69 78 2e 61 70 70 |"com.netflix.app|
|00000190| 69 6e 66 6f 2e 41 6d 61 7a 6f 6e 49 6e 66 6f 22 |info.AmazonInfo"|
|000001a0| 2c 22 6e 61 6d 65 22 3a 22 41 6d 61 7a 6f 6e 22 |,"name":"Amazon"|
|000001b0| 2c 22 6d 65 74 61 64 61 74 61 22 3a 7b 22 70 75 |,"metadata":{"pu|
|000001c0| 62 6c 69 63 2d 69 70 76 34 22 3a 22 32 30 2e 30 |blic-ipv4":"20.0|
|000001d0| 2e 30 2e 30 22 2c 22 61 63 63 6f 75 6e 74 49 64 |.0.0","accountId|
|000001e0| 22 3a 22 74 65 73 74 41 63 63 6f 75 6e 74 49 64 |":"testAccountId|
|000001f0| 22 2c 22 6c 6f 63 61 6c 2d 68 6f 73 74 6e 61 6d |","local-hostnam|
|00000200| 65 22 3a 22 69 70 2d 31 30 2e 30 30 2e 30 2e 63 |e":"ip-10.00.0.c|
|00000210| 6f 6d 70 75 74 65 2e 69 6e 74 65 72 6e 61 6c 22 |ompute.internal"|
|00000220| 2c 22 70 75 62 6c 69 63 2d 68 6f 73 74 6e 61 6d |,"public-hostnam|
|00000230| 65 22 3a 22 69 6e 73 74 61 6e 63 65 30 2e 61 70 |e":"instance0.ap|
|00000240| 70 6c 69 63 61 74 69 6f 6e 30 2e 63 6f 6d 22 2c |plication0.com",|
|00000250| 22 69 6e 73 74 61 6e 63 65 2d 69 64 22 3a 22 69 |"instance-id":"i|
|00000260| 2d 30 30 30 30 30 30 30 30 22 2c 22 6c 6f 63 61 |-00000000","loca|
|00000270| 6c 2d 69 70 76 34 22 3a 22 31 39 32 2e 31 36 38 |l-ipv4":"192.168|
|00000280| 2e 30 2e 30 22 2c 22 69 6e 73 74 61 6e 63 65 2d |.0.0","instance-|
|00000290| 74 79 70 65 22 3a 22 6d 32 2e 78 6c 61 72 67 65 |type":"m2.xlarge|
|000002a0| 22 2c 22 61 6d 69 2d 69 64 22 3a 22 61 6d 69 2d |","ami-id":"ami-|
|000002b0| 30 30 30 30 30 30 30 30 22 2c 22 61 76 61 69 6c |00000000","avail|
|000002c0| 61 62 69 6c 69 74 79 2d 7a 6f 6e 65 22 3a 22 75 |ability-zone":"u|
|000002d0| 73 2d 65 61 73 74 2d 31 63 22 7d 7d 2c 22 6c 65 |s-east-1c"}},"le|
|000002e0| 61 73 65 49 6e 66 6f 22 3a 7b 22 72 65 6e 65 77 |aseInfo":{"renew|
|000002f0| 61 6c 49 6e 74 65 72 76 61 6c 49 6e 53 65 63 73 |alIntervalInSecs|
|00000300| 22 3a 35 2c 22 64 75 72 61 74 69 6f 6e 49 6e 53 |":5,"durationInS|
|00000310| 65 63 73 22 3a 31 35 2c 22 72 65 67 69 73 74 72 |ecs":15,"registr|
|00000320| 61 74 69 6f 6e 54 69 6d 65 73 74 61 6d 70 22 3a |ationTimestamp":|
|00000330| 31 34 39 31 37 35 38 37 38 37 39 35 31 2c 22 6c |1491758787951,"l|
|00000340| 61 73 74 52 65 6e 65 77 61 6c 54 69 6d 65 73 74 |astRenewalTimest|
|00000350| 61 6d 70 22 3a 31 34 39 31 37 35 38 37 38 37 39 |amp":14917587879|
|00000360| 35 36 2c 22 65 76 69 63 74 69 6f 6e 54 69 6d 65 |56,"evictionTime|
|00000370| 73 74 61 6d 70 22 3a 31 34 39 31 37 35 38 37 38 |stamp":149175878|
|00000380| 37 39 36 36 2c 22 73 65 72 76 69 63 65 55 70 54 |7966,"serviceUpT|
|00000390| 69 6d 65 73 74 61 6d 70 22 3a 31 34 39 31 37 35 |imestamp":149175|
|000003a0| 38 37 38 37 39 34 36 7d 2c 22 6d 65 74 61 64 61 |8787946},"metada|
|000003b0| 74 61 22 3a 7b 22 61 70 70 4b 65 79 30 22 3a 30 |ta":{"appKey0":0|
|000003c0| 7d 2c 22 61 70 70 47 72 6f 75 70 4e 61 6d 65 22 |},"appGroupName"|
|000003d0| 3a 22 41 50 50 4c 49 43 41 54 49 4f 4e 30 47 52 |:"APPLICATION0GR|
|000003e0| 4f 55 50 22 2c 22 68 6f 6d 65 50 61 67 65 55 72 |OUP","homePageUr|
|000003f0| 6c 22 3a 22 68 74 74 70 3a 2f 2f 69 6e 73 74 61 |l":"http://insta|
|00000400| 6e 63 65 30 2e 61 70 70 6c 69 63 61 74 69 6f 6e |nce0.application|
|00000410| 30 2e 63 6f 6d 3a 38 30 38 30 2f 68 6f 6d 65 70 |0.com:8080/homep|
|00000420| 61 67 65 22 2c 22 73 74 61 74 75 73 50 61 67 65 |age","statusPage|
|00000430| 55 72 6c 22 3a 22 68 74 74 70 3a 2f 2f 69 6e 73 |Url":"http://ins|
|00000440| 74 61 6e 63 65 30 2e 61 70 70 6c 69 63 61 74 69 |tance0.applicati|
|00000450| 6f 6e 30 2e 63 6f 6d 3a 38 30 38 30 2f 73 74 61 |on0.com:8080/sta|
|00000460| 74 75 73 22 2c 22 68 65 61 6c 74 68 43 68 65 63 |tus","healthChec|
|00000470| 6b 55 72 6c 22 3a 22 68 74 74 70 3a 2f 2f 69 6e |kUrl":"http://in|
|00000480| 73 74 61 6e 63 65 30 2e 61 70 70 6c 69 63 61 74 |stance0.applicat|
|00000490| 69 6f 6e 30 2e 63 6f 6d 3a 38 30 38 30 2f 68 65 |ion0.com:8080/he|
|000004a0| 61 6c 74 68 63 68 65 63 6b 22 2c 22 73 65 63 75 |althcheck","secu|
|000004b0| 72 65 48 65 61 6c 74 68 43 68 65 63 6b 55 72 6c |reHealthCheckUrl|
|000004c0| 22 3a 22 68 74 74 70 73 3a 2f 2f 69 6e 73 74 61 |":"https://insta|
|000004d0| 6e 63 65 30 2e 61 70 70 6c 69 63 61 74 69 6f 6e |nce0.application|
|000004e0| 30 2e 63 6f 6d 3a 38 30 38 31 2f 68 65 61 6c 74 |0.com:8081/healt|
|000004f0| 68 63 68 65 63 6b 22 2c 22 76 69 70 41 64 64 72 |hcheck","vipAddr|
|00000500| 65 73 73 22 3a 22 61 70 70 6c 69 63 61 74 69 6f |ess":"applicatio|
|00000510| 6e 30 3a 38 30 38 30 22 2c 22 73 65 63 75 72 65 |n0:8080","secure|
|00000520| 56 69 70 41 64 64 72 65 73 73 22 3a 22 61 70 70 |VipAddress":"app|
|00000530| 6c 69 63 61 74 69 6f 6e 30 3a 38 30 38 31 22 2c |lication0:8081",|
|00000540| 22 69 73 43 6f 6f 72 64 69 6e 61 74 69 6e 67 44 |"isCoordinatingD|
|00000550| 69 73 63 6f 76 65 72 79 53 65 72 76 65 72 22 3a |iscoveryServer":|
|00000560| 74 72 75 65 2c 22 6c 61 73 74 55 70 64 61 74 65 |true,"lastUpdate|
|00000570| 64 54 69 6d 65 73 74 61 6d 70 22 3a 31 34 39 31 |dTimestamp":1491|
|00000580| 37 35 38 37 38 37 38 35 31 2c 22 6c 61 73 74 44 |758787851,"lastD|
|00000590| 69 72 74 79 54 69 6d 65 73 74 61 6d 70 22 3a 31 |irtyTimestamp":1|
|000005a0| 34 39 31 37 35 38 37 38 37 38 35 31 2c 22 61 63 |491758787851,"ac|
|000005b0| 74 69 6f 6e 54 79 70 65 22 3a 22 41 44 44 45 44 |tionType":"ADDED|
|000005c0| 22 2c 22 61 73 67 4e 61 6d 65 22 3a 22 61 70 70 |","asgName":"app|
|000005d0| 6c 69 63 61 74 69 6f 6e 30 41 53 47 22 7d 7d 7d |lication0ASG"}}}|
|000005e0| 7d                                              |}               |
+--------+-------------------------------------------------+----------------+
19:26:28.547 [nioEventLoopGroup-19-3] DEBUG i.n.handler.logging.LoggingHandler - [id: 0x4ebe833d, /127.0.0.1:53554 => /127.0.0.1:39695] FLUSH
19:26:28.549 [Test worker] DEBUG c.n.d.s.t.j.AbstractJerseyEurekaHttpClient - Jersey HTTP GET http://localhost:39695/eureka/v2//apps/?; statusCode=200
19:26:28.549 [Test worker] INFO  c.n.d.s.t.d.RedirectingEurekaHttpClient - Pinning to endpoint http://localhost:39695/eureka/v2/, after 1 redirect(s)
19:26:28.549 [Test worker] INFO  c.netflix.discovery.DiscoveryClient - The response status is 200
19:26:28.550 [Test worker] DEBUG c.netflix.discovery.DiscoveryClient - Got full registry with apps hashcode UP_1_
19:26:28.550 [Test worker] DEBUG c.netflix.discovery.DiscoveryClient - The total number of all instances in the client now is 1
19:26:28.557 [Test worker] INFO  c.netflix.discovery.DiscoveryClient - Not registering with Eureka server per configuration
19:26:28.558 [Test worker] INFO  c.netflix.discovery.DiscoveryClient - Discovery Client initialized at timestamp 1491758788558 with initial instances count: 1
19:26:29.555 [nioEventLoopGroup-19-3] DEBUG i.n.handler.logging.LoggingHandler - [id: 0x4ebe833d, /127.0.0.1:53554 => /127.0.0.1:39695] RECEIVED(0B)
         +-------------------------------------------------+
         |  0  1  2  3  4  5  6  7  8  9  a  b  c  d  e  f |
+--------+-------------------------------------------------+----------------+
+--------+-------------------------------------------------+----------------+
19:26:29.557 [nioEventLoopGroup-19-3] DEBUG i.n.handler.logging.LoggingHandler - [id: 0x4ebe833d, /127.0.0.1:53554 => /127.0.0.1:39695] WRITE(0B)
         +-------------------------------------------------+
         |  0  1  2  3  4  5  6  7  8  9  a  b  c  d  e  f |
+--------+-------------------------------------------------+----------------+
+--------+-------------------------------------------------+----------------+
19:26:29.558 [nioEventLoopGroup-19-3] DEBUG i.n.handler.logging.LoggingHandler - [id: 0x4ebe833d, /127.0.0.1:53554 => /127.0.0.1:39695] FLUSH
19:26:29.558 [DiscoveryClient-CacheRefreshExecutor-0] DEBUG c.n.d.s.t.j.AbstractJerseyEurekaHttpClient - Jersey HTTP GET http://localhost:39695/eureka/v2//apps/delta?; statusCode=500
19:26:29.559 [DiscoveryClient-CacheRefreshExecutor-0] WARN  c.n.d.s.t.d.RetryableEurekaHttpClient - Request execution failure with status code 500; retrying on another server if available
19:26:29.559 [DiscoveryClient-CacheRefreshExecutor-0] DEBUG c.n.d.s.t.j.AbstractJerseyEurekaHttpClient - Created client for url: http://localhost:45983/eureka/v2/
19:26:29.563 [nioEventLoopGroup-21-3] DEBUG i.n.handler.logging.LoggingHandler - [id: 0x759740b0, /127.0.0.1:60744 => /127.0.0.1:45983] RECEIVED(0B)
         +-------------------------------------------------+
         |  0  1  2  3  4  5  6  7  8  9  a  b  c  d  e  f |
+--------+-------------------------------------------------+----------------+
+--------+-------------------------------------------------+----------------+
19:26:29.567 [nioEventLoopGroup-21-3] DEBUG o.m.matchers.HttpRequestMatcher - 

Matcher:

[{
  "method" : "GET",
  "path" : "/eureka/v2/apps/"
}]

did not match request:

[{
  "method" : "GET",
  "path" : "/eureka/v2/apps/delta",
  "headers" : [ {
    "name" : "Accept",
    "values" : [ "application/json" ]
  }, {
    "name" : "DiscoveryIdentity-Name",
    "values" : [ "DefaultClient" ]
  }, {
    "name" : "DiscoveryIdentity-Version",
    "values" : [ "1.4" ]
  }, {
    "name" : "DiscoveryIdentity-Id",
    "values" : [ "192.168.1.15" ]
  }, {
    "name" : "Accept-Encoding",
    "values" : [ "gzip" ]
  }, {
    "name" : "Host",
    "values" : [ "localhost:45983" ]
  }, {
    "name" : "Connection",
    "values" : [ "Keep-Alive" ]
  }, {
    "name" : "User-Agent",
    "values" : [ "Java-EurekaClient/v<version_unknown>" ]
  }, {
    "name" : "Content-Length",
    "values" : [ "0" ]
  } ]
}]

because:

methodMatches = true
pathMatches = false
queryStringParametersMatch = true
bodyMatches = true
headersMatch = true
cookiesMatch = true
19:26:29.572 [nioEventLoopGroup-21-3] DEBUG i.n.handler.logging.LoggingHandler - [id: 0x759740b0, /127.0.0.1:60744 => /127.0.0.1:45983] WRITE(2900B)
         +-------------------------------------------------+
         |  0  1  2  3  4  5  6  7  8  9  a  b  c  d  e  f |
+--------+-------------------------------------------------+----------------+
|00000000| 7b 22 61 70 70 6c 69 63 61 74 69 6f 6e 73 22 3a |{"applications":|
|00000010| 7b 22 76 65 72 73 69 6f 6e 73 5f 5f 64 65 6c 74 |{"versions__delt|
|00000020| 61 22 3a 31 2c 22 61 70 70 73 5f 5f 68 61 73 68 |a":1,"apps__hash|
|00000030| 63 6f 64 65 22 3a 22 55 50 5f 32 5f 22 2c 22 61 |code":"UP_2_","a|
|00000040| 70 70 6c 69 63 61 74 69 6f 6e 22 3a 7b 22 6e 61 |pplication":{"na|
|00000050| 6d 65 22 3a 22 41 50 50 4c 49 43 41 54 49 4f 4e |me":"APPLICATION|
|00000060| 30 22 2c 22 69 6e 73 74 61 6e 63 65 22 3a 5b 7b |0","instance":[{|
|00000070| 22 69 6e 73 74 61 6e 63 65 49 64 22 3a 22 69 2d |"instanceId":"i-|
|00000080| 30 30 30 30 30 30 30 30 22 2c 22 68 6f 73 74 4e |00000000","hostN|
|00000090| 61 6d 65 22 3a 22 69 6e 73 74 61 6e 63 65 30 2e |ame":"instance0.|
|000000a0| 61 70 70 6c 69 63 61 74 69 6f 6e 30 2e 63 6f 6d |application0.com|
|000000b0| 22 2c 22 61 70 70 22 3a 22 41 50 50 4c 49 43 41 |","app":"APPLICA|
|000000c0| 54 49 4f 4e 30 22 2c 22 69 70 41 64 64 72 22 3a |TION0","ipAddr":|
|000000d0| 22 32 30 2e 30 2e 30 2e 30 22 2c 22 73 74 61 74 |"20.0.0.0","stat|
|000000e0| 75 73 22 3a 22 55 50 22 2c 22 6f 76 65 72 72 69 |us":"UP","overri|
|000000f0| 64 64 65 6e 73 74 61 74 75 73 22 3a 22 55 4e 4b |ddenstatus":"UNK|
|00000100| 4e 4f 57 4e 22 2c 22 70 6f 72 74 22 3a 7b 22 40 |NOWN","port":{"@|
|00000110| 65 6e 61 62 6c 65 64 22 3a 22 74 72 75 65 22 2c |enabled":"true",|
|00000120| 22 24 22 3a 22 38 30 38 30 22 7d 2c 22 73 65 63 |"$":"8080"},"sec|
|00000130| 75 72 65 50 6f 72 74 22 3a 7b 22 40 65 6e 61 62 |urePort":{"@enab|
|00000140| 6c 65 64 22 3a 22 74 72 75 65 22 2c 22 24 22 3a |led":"true","$":|
|00000150| 22 38 30 38 31 22 7d 2c 22 63 6f 75 6e 74 72 79 |"8081"},"country|
|00000160| 49 64 22 3a 31 2c 22 64 61 74 61 43 65 6e 74 65 |Id":1,"dataCente|
|00000170| 72 49 6e 66 6f 22 3a 7b 22 40 63 6c 61 73 73 22 |rInfo":{"@class"|
|00000180| 3a 22 63 6f 6d 2e 6e 65 74 66 6c 69 78 2e 61 70 |:"com.netflix.ap|
|00000190| 70 69 6e 66 6f 2e 41 6d 61 7a 6f 6e 49 6e 66 6f |pinfo.AmazonInfo|
|000001a0| 22 2c 22 6e 61 6d 65 22 3a 22 41 6d 61 7a 6f 6e |","name":"Amazon|
|000001b0| 22 2c 22 6d 65 74 61 64 61 74 61 22 3a 7b 22 70 |","metadata":{"p|
|000001c0| 75 62 6c 69 63 2d 69 70 76 34 22 3a 22 32 30 2e |ublic-ipv4":"20.|
|000001d0| 30 2e 30 2e 30 22 2c 22 61 63 63 6f 75 6e 74 49 |0.0.0","accountI|
|000001e0| 64 22 3a 22 74 65 73 74 41 63 63 6f 75 6e 74 49 |d":"testAccountI|
|000001f0| 64 22 2c 22 6c 6f 63 61 6c 2d 68 6f 73 74 6e 61 |d","local-hostna|
|00000200| 6d 65 22 3a 22 69 70 2d 31 30 2e 30 30 2e 30 2e |me":"ip-10.00.0.|
|00000210| 63 6f 6d 70 75 74 65 2e 69 6e 74 65 72 6e 61 6c |compute.internal|
|00000220| 22 2c 22 70 75 62 6c 69 63 2d 68 6f 73 74 6e 61 |","public-hostna|
|00000230| 6d 65 22 3a 22 69 6e 73 74 61 6e 63 65 30 2e 61 |me":"instance0.a|
|00000240| 70 70 6c 69 63 61 74 69 6f 6e 30 2e 63 6f 6d 22 |pplication0.com"|
|00000250| 2c 22 69 6e 73 74 61 6e 63 65 2d 69 64 22 3a 22 |,"instance-id":"|
|00000260| 69 2d 30 30 30 30 30 30 30 30 22 2c 22 6c 6f 63 |i-00000000","loc|
|00000270| 61 6c 2d 69 70 76 34 22 3a 22 31 39 32 2e 31 36 |al-ipv4":"192.16|
|00000280| 38 2e 30 2e 30 22 2c 22 69 6e 73 74 61 6e 63 65 |8.0.0","instance|
|00000290| 2d 74 79 70 65 22 3a 22 6d 32 2e 78 6c 61 72 67 |-type":"m2.xlarg|
|000002a0| 65 22 2c 22 61 6d 69 2d 69 64 22 3a 22 61 6d 69 |e","ami-id":"ami|
|000002b0| 2d 30 30 30 30 30 30 30 30 22 2c 22 61 76 61 69 |-00000000","avai|
|000002c0| 6c 61 62 69 6c 69 74 79 2d 7a 6f 6e 65 22 3a 22 |lability-zone":"|
|000002d0| 75 73 2d 65 61 73 74 2d 31 63 22 7d 7d 2c 22 6c |us-east-1c"}},"l|
|000002e0| 65 61 73 65 49 6e 66 6f 22 3a 7b 22 72 65 6e 65 |easeInfo":{"rene|
|000002f0| 77 61 6c 49 6e 74 65 72 76 61 6c 49 6e 53 65 63 |walIntervalInSec|
|00000300| 73 22 3a 35 2c 22 64 75 72 61 74 69 6f 6e 49 6e |s":5,"durationIn|
|00000310| 53 65 63 73 22 3a 31 35 2c 22 72 65 67 69 73 74 |Secs":15,"regist|
|00000320| 72 61 74 69 6f 6e 54 69 6d 65 73 74 61 6d 70 22 |rationTimestamp"|
|00000330| 3a 31 34 39 31 37 35 38 37 38 37 39 35 31 2c 22 |:1491758787951,"|
|00000340| 6c 61 73 74 52 65 6e 65 77 61 6c 54 69 6d 65 73 |lastRenewalTimes|
|00000350| 74 61 6d 70 22 3a 31 34 39 31 37 35 38 37 38 37 |tamp":1491758787|
|00000360| 39 35 36 2c 22 65 76 69 63 74 69 6f 6e 54 69 6d |956,"evictionTim|
|00000370| 65 73 74 61 6d 70 22 3a 31 34 39 31 37 35 38 37 |estamp":14917587|
|00000380| 38 37 39 36 36 2c 22 73 65 72 76 69 63 65 55 70 |87966,"serviceUp|
|00000390| 54 69 6d 65 73 74 61 6d 70 22 3a 31 34 39 31 37 |Timestamp":14917|
|000003a0| 35 38 37 38 37 39 34 36 7d 2c 22 6d 65 74 61 64 |58787946},"metad|
|000003b0| 61 74 61 22 3a 7b 22 61 70 70 4b 65 79 30 22 3a |ata":{"appKey0":|
|000003c0| 30 7d 2c 22 61 70 70 47 72 6f 75 70 4e 61 6d 65 |0},"appGroupName|
|000003d0| 22 3a 22 41 50 50 4c 49 43 41 54 49 4f 4e 30 47 |":"APPLICATION0G|
|000003e0| 52 4f 55 50 22 2c 22 68 6f 6d 65 50 61 67 65 55 |ROUP","homePageU|
|000003f0| 72 6c 22 3a 22 68 74 74 70 3a 2f 2f 69 6e 73 74 |rl":"http://inst|
|00000400| 61 6e 63 65 30 2e 61 70 70 6c 69 63 61 74 69 6f |ance0.applicatio|
|00000410| 6e 30 2e 63 6f 6d 3a 38 30 38 30 2f 68 6f 6d 65 |n0.com:8080/home|
|00000420| 70 61 67 65 22 2c 22 73 74 61 74 75 73 50 61 67 |page","statusPag|
|00000430| 65 55 72 6c 22 3a 22 68 74 74 70 3a 2f 2f 69 6e |eUrl":"http://in|
|00000440| 73 74 61 6e 63 65 30 2e 61 70 70 6c 69 63 61 74 |stance0.applicat|
|00000450| 69 6f 6e 30 2e 63 6f 6d 3a 38 30 38 30 2f 73 74 |ion0.com:8080/st|
|00000460| 61 74 75 73 22 2c 22 68 65 61 6c 74 68 43 68 65 |atus","healthChe|
|00000470| 63 6b 55 72 6c 22 3a 22 68 74 74 70 3a 2f 2f 69 |ckUrl":"http://i|
|00000480| 6e 73 74 61 6e 63 65 30 2e 61 70 70 6c 69 63 61 |nstance0.applica|
|00000490| 74 69 6f 6e 30 2e 63 6f 6d 3a 38 30 38 30 2f 68 |tion0.com:8080/h|
|000004a0| 65 61 6c 74 68 63 68 65 63 6b 22 2c 22 73 65 63 |ealthcheck","sec|
|000004b0| 75 72 65 48 65 61 6c 74 68 43 68 65 63 6b 55 72 |ureHealthCheckUr|
|000004c0| 6c 22 3a 22 68 74 74 70 73 3a 2f 2f 69 6e 73 74 |l":"https://inst|
|000004d0| 61 6e 63 65 30 2e 61 70 70 6c 69 63 61 74 69 6f |ance0.applicatio|
|000004e0| 6e 30 2e 63 6f 6d 3a 38 30 38 31 2f 68 65 61 6c |n0.com:8081/heal|
|000004f0| 74 68 63 68 65 63 6b 22 2c 22 76 69 70 41 64 64 |thcheck","vipAdd|
|00000500| 72 65 73 73 22 3a 22 61 70 70 6c 69 63 61 74 69 |ress":"applicati|
|00000510| 6f 6e 30 3a 38 30 38 30 22 2c 22 73 65 63 75 72 |on0:8080","secur|
|00000520| 65 56 69 70 41 64 64 72 65 73 73 22 3a 22 61 70 |eVipAddress":"ap|
|00000530| 70 6c 69 63 61 74 69 6f 6e 30 3a 38 30 38 31 22 |plication0:8081"|
|00000540| 2c 22 69 73 43 6f 6f 72 64 69 6e 61 74 69 6e 67 |,"isCoordinating|
|00000550| 44 69 73 63 6f 76 65 72 79 53 65 72 76 65 72 22 |DiscoveryServer"|
|00000560| 3a 74 72 75 65 2c 22 6c 61 73 74 55 70 64 61 74 |:true,"lastUpdat|
|00000570| 65 64 54 69 6d 65 73 74 61 6d 70 22 3a 31 34 39 |edTimestamp":149|
|00000580| 31 37 35 38 37 38 37 38 35 31 2c 22 6c 61 73 74 |1758787851,"last|
|00000590| 44 69 72 74 79 54 69 6d 65 73 74 61 6d 70 22 3a |DirtyTimestamp":|
|000005a0| 31 34 39 31 37 35 38 37 38 37 38 35 31 2c 22 61 |1491758787851,"a|
|000005b0| 63 74 69 6f 6e 54 79 70 65 22 3a 22 41 44 44 45 |ctionType":"ADDE|
|000005c0| 44 22 2c 22 61 73 67 4e 61 6d 65 22 3a 22 61 70 |D","asgName":"ap|
|000005d0| 70 6c 69 63 61 74 69 6f 6e 30 41 53 47 22 7d 2c |plication0ASG"},|
|000005e0| 7b 22 69 6e 73 74 61 6e 63 65 49 64 22 3a 22 69 |{"instanceId":"i|
|000005f0| 2d 30 30 30 30 30 30 30 31 22 2c 22 68 6f 73 74 |-00000001","host|
|00000600| 4e 61 6d 65 22 3a 22 69 6e 73 74 61 6e 63 65 31 |Name":"instance1|
|00000610| 2e 61 70 70 6c 69 63 61 74 69 6f 6e 30 2e 63 6f |.application0.co|
|00000620| 6d 22 2c 22 61 70 70 22 3a 22 41 50 50 4c 49 43 |m","app":"APPLIC|
|00000630| 41 54 49 4f 4e 30 22 2c 22 69 70 41 64 64 72 22 |ATION0","ipAddr"|
|00000640| 3a 22 32 30 2e 30 2e 30 2e 31 22 2c 22 73 74 61 |:"20.0.0.1","sta|
|00000650| 74 75 73 22 3a 22 55 50 22 2c 22 6f 76 65 72 72 |tus":"UP","overr|
|00000660| 69 64 64 65 6e 73 74 61 74 75 73 22 3a 22 55 4e |iddenstatus":"UN|
|00000670| 4b 4e 4f 57 4e 22 2c 22 70 6f 72 74 22 3a 7b 22 |KNOWN","port":{"|
|00000680| 40 65 6e 61 62 6c 65 64 22 3a 22 74 72 75 65 22 |@enabled":"true"|
|00000690| 2c 22 24 22 3a 22 38 30 38 30 22 7d 2c 22 73 65 |,"$":"8080"},"se|
|000006a0| 63 75 72 65 50 6f 72 74 22 3a 7b 22 40 65 6e 61 |curePort":{"@ena|
|000006b0| 62 6c 65 64 22 3a 22 74 72 75 65 22 2c 22 24 22 |bled":"true","$"|
|000006c0| 3a 22 38 30 38 31 22 7d 2c 22 63 6f 75 6e 74 72 |:"8081"},"countr|
|000006d0| 79 49 64 22 3a 31 2c 22 64 61 74 61 43 65 6e 74 |yId":1,"dataCent|
|000006e0| 65 72 49 6e 66 6f 22 3a 7b 22 40 63 6c 61 73 73 |erInfo":{"@class|
|000006f0| 22 3a 22 63 6f 6d 2e 6e 65 74 66 6c 69 78 2e 61 |":"com.netflix.a|
|00000700| 70 70 69 6e 66 6f 2e 41 6d 61 7a 6f 6e 49 6e 66 |ppinfo.AmazonInf|
|00000710| 6f 22 2c 22 6e 61 6d 65 22 3a 22 41 6d 61 7a 6f |o","name":"Amazo|
|00000720| 6e 22 2c 22 6d 65 74 61 64 61 74 61 22 3a 7b 22 |n","metadata":{"|
|00000730| 70 75 62 6c 69 63 2d 69 70 76 34 22 3a 22 32 30 |public-ipv4":"20|
|00000740| 2e 30 2e 30 2e 31 22 2c 22 61 63 63 6f 75 6e 74 |.0.0.1","account|
|00000750| 49 64 22 3a 22 74 65 73 74 41 63 63 6f 75 6e 74 |Id":"testAccount|
|00000760| 49 64 22 2c 22 6c 6f 63 61 6c 2d 68 6f 73 74 6e |Id","local-hostn|
|00000770| 61 6d 65 22 3a 22 69 70 2d 31 30 2e 30 30 2e 31 |ame":"ip-10.00.1|
|00000780| 2e 63 6f 6d 70 75 74 65 2e 69 6e 74 65 72 6e 61 |.compute.interna|
|00000790| 6c 22 2c 22 70 75 62 6c 69 63 2d 68 6f 73 74 6e |l","public-hostn|
|000007a0| 61 6d 65 22 3a 22 69 6e 73 74 61 6e 63 65 31 2e |ame":"instance1.|
|000007b0| 61 70 70 6c 69 63 61 74 69 6f 6e 30 2e 63 6f 6d |application0.com|
|000007c0| 22 2c 22 69 6e 73 74 61 6e 63 65 2d 69 64 22 3a |","instance-id":|
|000007d0| 22 69 2d 30 30 30 30 30 30 30 31 22 2c 22 6c 6f |"i-00000001","lo|
|000007e0| 63 61 6c 2d 69 70 76 34 22 3a 22 31 39 32 2e 31 |cal-ipv4":"192.1|
|000007f0| 36 38 2e 30 2e 31 22 2c 22 69 6e 73 74 61 6e 63 |68.0.1","instanc|
|00000800| 65 2d 74 79 70 65 22 3a 22 6d 32 2e 78 6c 61 72 |e-type":"m2.xlar|
|00000810| 67 65 22 2c 22 61 6d 69 2d 69 64 22 3a 22 61 6d |ge","ami-id":"am|
|00000820| 69 2d 30 30 30 30 30 30 30 31 22 2c 22 61 76 61 |i-00000001","ava|
|00000830| 69 6c 61 62 69 6c 69 74 79 2d 7a 6f 6e 65 22 3a |ilability-zone":|
|00000840| 22 75 73 2d 65 61 73 74 2d 31 63 22 7d 7d 2c 22 |"us-east-1c"}},"|
|00000850| 6c 65 61 73 65 49 6e 66 6f 22 3a 7b 22 72 65 6e |leaseInfo":{"ren|
|00000860| 65 77 61 6c 49 6e 74 65 72 76 61 6c 49 6e 53 65 |ewalIntervalInSe|
|00000870| 63 73 22 3a 35 2c 22 64 75 72 61 74 69 6f 6e 49 |cs":5,"durationI|
|00000880| 6e 53 65 63 73 22 3a 31 35 2c 22 72 65 67 69 73 |nSecs":15,"regis|
|00000890| 74 72 61 74 69 6f 6e 54 69 6d 65 73 74 61 6d 70 |trationTimestamp|
|000008a0| 22 3a 31 34 39 31 37 35 38 37 38 37 39 35 36 2c |":1491758787956,|
|000008b0| 22 6c 61 73 74 52 65 6e 65 77 61 6c 54 69 6d 65 |"lastRenewalTime|
|000008c0| 73 74 61 6d 70 22 3a 31 34 39 31 37 35 38 37 38 |stamp":149175878|
|000008d0| 37 39 36 31 2c 22 65 76 69 63 74 69 6f 6e 54 69 |7961,"evictionTi|
|000008e0| 6d 65 73 74 61 6d 70 22 3a 31 34 39 31 37 35 38 |mestamp":1491758|
|000008f0| 37 38 37 39 37 31 2c 22 73 65 72 76 69 63 65 55 |787971,"serviceU|
|00000900| 70 54 69 6d 65 73 74 61 6d 70 22 3a 31 34 39 31 |pTimestamp":1491|
|00000910| 37 35 38 37 38 37 39 35 31 7d 2c 22 6d 65 74 61 |758787951},"meta|
|00000920| 64 61 74 61 22 3a 7b 22 61 70 70 4b 65 79 30 22 |data":{"appKey0"|
|00000930| 3a 31 7d 2c 22 61 70 70 47 72 6f 75 70 4e 61 6d |:1},"appGroupNam|
|00000940| 65 22 3a 22 41 50 50 4c 49 43 41 54 49 4f 4e 30 |e":"APPLICATION0|
|00000950| 47 52 4f 55 50 22 2c 22 68 6f 6d 65 50 61 67 65 |GROUP","homePage|
|00000960| 55 72 6c 22 3a 22 68 74 74 70 3a 2f 2f 69 6e 73 |Url":"http://ins|
|00000970| 74 61 6e 63 65 31 2e 61 70 70 6c 69 63 61 74 69 |tance1.applicati|
|00000980| 6f 6e 30 2e 63 6f 6d 3a 38 30 38 30 2f 68 6f 6d |on0.com:8080/hom|
|00000990| 65 70 61 67 65 22 2c 22 73 74 61 74 75 73 50 61 |epage","statusPa|
|000009a0| 67 65 55 72 6c 22 3a 22 68 74 74 70 3a 2f 2f 69 |geUrl":"http://i|
|000009b0| 6e 73 74 61 6e 63 65 31 2e 61 70 70 6c 69 63 61 |nstance1.applica|
|000009c0| 74 69 6f 6e 30 2e 63 6f 6d 3a 38 30 38 30 2f 73 |tion0.com:8080/s|
|000009d0| 74 61 74 75 73 22 2c 22 68 65 61 6c 74 68 43 68 |tatus","healthCh|
|000009e0| 65 63 6b 55 72 6c 22 3a 22 68 74 74 70 3a 2f 2f |eckUrl":"http://|
|000009f0| 69 6e 73 74 61 6e 63 65 31 2e 61 70 70 6c 69 63 |instance1.applic|
|00000a00| 61 74 69 6f 6e 30 2e 63 6f 6d 3a 38 30 38 30 2f |ation0.com:8080/|
|00000a10| 68 65 61 6c 74 68 63 68 65 63 6b 22 2c 22 73 65 |healthcheck","se|
|00000a20| 63 75 72 65 48 65 61 6c 74 68 43 68 65 63 6b 55 |cureHealthCheckU|
|00000a30| 72 6c 22 3a 22 68 74 74 70 73 3a 2f 2f 69 6e 73 |rl":"https://ins|
|00000a40| 74 61 6e 63 65 31 2e 61 70 70 6c 69 63 61 74 69 |tance1.applicati|
|00000a50| 6f 6e 30 2e 63 6f 6d 3a 38 30 38 31 2f 68 65 61 |on0.com:8081/hea|
|00000a60| 6c 74 68 63 68 65 63 6b 22 2c 22 76 69 70 41 64 |lthcheck","vipAd|
|00000a70| 64 72 65 73 73 22 3a 22 61 70 70 6c 69 63 61 74 |dress":"applicat|
|00000a80| 69 6f 6e 30 3a 38 30 38 30 22 2c 22 73 65 63 75 |ion0:8080","secu|
|00000a90| 72 65 56 69 70 41 64 64 72 65 73 73 22 3a 22 61 |reVipAddress":"a|
|00000aa0| 70 70 6c 69 63 61 74 69 6f 6e 30 3a 38 30 38 31 |pplication0:8081|
|00000ab0| 22 2c 22 69 73 43 6f 6f 72 64 69 6e 61 74 69 6e |","isCoordinatin|
|00000ac0| 67 44 69 73 63 6f 76 65 72 79 53 65 72 76 65 72 |gDiscoveryServer|
|00000ad0| 22 3a 74 72 75 65 2c 22 6c 61 73 74 55 70 64 61 |":true,"lastUpda|
|00000ae0| 74 65 64 54 69 6d 65 73 74 61 6d 70 22 3a 31 34 |tedTimestamp":14|
|00000af0| 39 31 37 35 38 37 38 37 38 35 36 2c 22 6c 61 73 |91758787856,"las|
|00000b00| 74 44 69 72 74 79 54 69 6d 65 73 74 61 6d 70 22 |tDirtyTimestamp"|
|00000b10| 3a 31 34 39 31 37 35 38 37 38 37 38 35 36 2c 22 |:1491758787856,"|
|00000b20| 61 63 74 69 6f 6e 54 79 70 65 22 3a 22 41 44 44 |actionType":"ADD|
|00000b30| 45 44 22 2c 22 61 73 67 4e 61 6d 65 22 3a 22 61 |ED","asgName":"a|
|00000b40| 70 70 6c 69 63 61 74 69 6f 6e 30 41 53 47 22 7d |pplication0ASG"}|
|00000b50| 5d 7d 7d 7d                                     |]}}}            |
+--------+-------------------------------------------------+----------------+
19:26:29.582 [nioEventLoopGroup-21-3] DEBUG i.n.handler.logging.LoggingHandler - [id: 0x759740b0, /127.0.0.1:60744 => /127.0.0.1:45983] FLUSH
19:26:29.586 [DiscoveryClient-CacheRefreshExecutor-0] DEBUG c.n.d.s.t.j.AbstractJerseyEurekaHttpClient - Jersey HTTP GET http://localhost:45983/eureka/v2//apps/delta?; statusCode=200
19:26:29.587 [DiscoveryClient-CacheRefreshExecutor-0] DEBUG c.n.d.s.t.d.RedirectingEurekaHttpClient - Pinning to endpoint null
19:26:29.587 [DiscoveryClient-CacheRefreshExecutor-0] INFO  c.n.d.s.t.d.RetryableEurekaHttpClient - Request execution succeeded on retry #1
19:26:29.587 [DiscoveryClient-CacheRefreshExecutor-0] DEBUG c.netflix.discovery.DiscoveryClient - Got delta update with apps hashcode UP_2_
19:26:29.587 [DiscoveryClient-CacheRefreshExecutor-0] DEBUG c.netflix.discovery.DiscoveryClient - Added instance i-00000000 to the existing apps in region null
19:26:29.589 [DiscoveryClient-CacheRefreshExecutor-0] DEBUG c.netflix.discovery.DiscoveryClient - Added instance i-00000001 to the existing apps in region null
19:26:29.589 [DiscoveryClient-CacheRefreshExecutor-0] DEBUG c.netflix.discovery.DiscoveryClient - The total number of instances fetched by the delta processor : 2
19:26:29.589 [DiscoveryClient-CacheRefreshExecutor-0] DEBUG c.netflix.discovery.DiscoveryClient - The total number of all instances in the client now is 2
19:26:29.589 [DiscoveryClient-CacheRefreshExecutor-0] DEBUG c.netflix.discovery.DiscoveryClient - Completed cache refresh task for discovery. All Apps hash code is Local region apps hashcode: UP_2_, is fetching remote regions? false 
19:26:29.664 [Test worker] DEBUG o.m.client.netty.NettyHttpClient - Sending request: {
  "method" : "PUT",
  "path" : "/verify",
  "body" : "{\n  \"httpRequest\" : {\n    \"method\" : \"GET\",\n    \"path\" : \"/eureka/v2/apps/\"\n  },\n  \"times\" : {\n    \"count\" : 1,\n    \"exact\" : true\n  }\n}",
  "host" : "localhost",
  "port" : 45983
}
19:26:29.668 [nioEventLoopGroup-26-1] DEBUG HttpClientInitializer --> - [id: 0x57d9844e] REGISTERED
19:26:29.669 [nioEventLoopGroup-26-1] DEBUG HttpClientInitializer --> - [id: 0x57d9844e] CONNECT(localhost/127.0.0.1:45983, null)
19:26:29.670 [nioEventLoopGroup-26-1] DEBUG HttpClientInitializer --> - [id: 0x57d9844e, /127.0.0.1:60748 => localhost/127.0.0.1:45983] WRITE(123B)
         +-------------------------------------------------+
         |  0  1  2  3  4  5  6  7  8  9  a  b  c  d  e  f |
+--------+-------------------------------------------------+----------------+
|00000000| 50 55 54 20 2f 76 65 72 69 66 79 20 48 54 54 50 |PUT /verify HTTP|
|00000010| 2f 31 2e 31 0d 0a 48 6f 73 74 3a 20 6c 6f 63 61 |/1.1..Host: loca|
|00000020| 6c 68 6f 73 74 3a 34 35 39 38 33 0d 0a 41 63 63 |lhost:45983..Acc|
|00000030| 65 70 74 2d 45 6e 63 6f 64 69 6e 67 3a 20 67 7a |ept-Encoding: gz|
|00000040| 69 70 2c 64 65 66 6c 61 74 65 0d 0a 43 6f 6e 74 |ip,deflate..Cont|
|00000050| 65 6e 74 2d 4c 65 6e 67 74 68 3a 20 31 33 36 0d |ent-Length: 136.|
|00000060| 0a 43 6f 6e 6e 65 63 74 69 6f 6e 3a 20 6b 65 65 |.Connection: kee|
|00000070| 70 2d 61 6c 69 76 65 0d 0a 0d 0a                |p-alive....     |
+--------+-------------------------------------------------+----------------+
19:26:29.672 [nioEventLoopGroup-26-1] DEBUG HttpClientInitializer --> - [id: 0x57d9844e, /127.0.0.1:60748 => localhost/127.0.0.1:45983] WRITE(136B)
         +-------------------------------------------------+
         |  0  1  2  3  4  5  6  7  8  9  a  b  c  d  e  f |
+--------+-------------------------------------------------+----------------+
|00000000| 7b 0a 20 20 22 68 74 74 70 52 65 71 75 65 73 74 |{.  "httpRequest|
|00000010| 22 20 3a 20 7b 0a 20 20 20 20 22 6d 65 74 68 6f |" : {.    "metho|
|00000020| 64 22 20 3a 20 22 47 45 54 22 2c 0a 20 20 20 20 |d" : "GET",.    |
|00000030| 22 70 61 74 68 22 20 3a 20 22 2f 65 75 72 65 6b |"path" : "/eurek|
|00000040| 61 2f 76 32 2f 61 70 70 73 2f 22 0a 20 20 7d 2c |a/v2/apps/".  },|
|00000050| 0a 20 20 22 74 69 6d 65 73 22 20 3a 20 7b 0a 20 |.  "times" : {. |
|00000060| 20 20 20 22 63 6f 75 6e 74 22 20 3a 20 31 2c 0a |   "count" : 1,.|
|00000070| 20 20 20 20 22 65 78 61 63 74 22 20 3a 20 74 72 |    "exact" : tr|
|00000080| 75 65 0a 20 20 7d 0a 7d                         |ue.  }.}        |
+--------+-------------------------------------------------+----------------+
19:26:29.674 [nioEventLoopGroup-26-1] DEBUG HttpClientInitializer --> - [id: 0x57d9844e, /127.0.0.1:60748 => localhost/127.0.0.1:45983] FLUSH
19:26:29.674 [nioEventLoopGroup-26-1] DEBUG HttpClientInitializer --> - [id: 0x57d9844e, /127.0.0.1:60748 => localhost/127.0.0.1:45983] ACTIVE
19:26:29.676 [nioEventLoopGroup-21-4] DEBUG i.n.handler.logging.LoggingHandler - [id: 0x7ae42f67, /127.0.0.1:60748 => /127.0.0.1:45983] RECEIVED(136B)
         +-------------------------------------------------+
         |  0  1  2  3  4  5  6  7  8  9  a  b  c  d  e  f |
+--------+-------------------------------------------------+----------------+
|00000000| 7b 0a 20 20 22 68 74 74 70 52 65 71 75 65 73 74 |{.  "httpRequest|
|00000010| 22 20 3a 20 7b 0a 20 20 20 20 22 6d 65 74 68 6f |" : {.    "metho|
|00000020| 64 22 20 3a 20 22 47 45 54 22 2c 0a 20 20 20 20 |d" : "GET",.    |
|00000030| 22 70 61 74 68 22 20 3a 20 22 2f 65 75 72 65 6b |"path" : "/eurek|
|00000040| 61 2f 76 32 2f 61 70 70 73 2f 22 0a 20 20 7d 2c |a/v2/apps/".  },|
|00000050| 0a 20 20 22 74 69 6d 65 73 22 20 3a 20 7b 0a 20 |.  "times" : {. |
|00000060| 20 20 20 22 63 6f 75 6e 74 22 20 3a 20 31 2c 0a |   "count" : 1,.|
|00000070| 20 20 20 20 22 65 78 61 63 74 22 20 3a 20 74 72 |    "exact" : tr|
|00000080| 75 65 0a 20 20 7d 0a 7d                         |ue.  }.}        |
+--------+-------------------------------------------------+----------------+
19:26:29.685 [nioEventLoopGroup-21-4] DEBUG o.m.matchers.HttpRequestMatcher - 

Matcher:

[{
  "method" : "GET",
  "path" : "/eureka/v2/apps/"
}]

did not match request:

[{
  "method" : "GET",
  "path" : "/eureka/v2/apps/delta",
  "headers" : [ {
    "name" : "Accept",
    "values" : [ "application/json" ]
  }, {
    "name" : "DiscoveryIdentity-Name",
    "values" : [ "DefaultClient" ]
  }, {
    "name" : "DiscoveryIdentity-Version",
    "values" : [ "1.4" ]
  }, {
    "name" : "DiscoveryIdentity-Id",
    "values" : [ "192.168.1.15" ]
  }, {
    "name" : "Accept-Encoding",
    "values" : [ "gzip" ]
  }, {
    "name" : "Host",
    "values" : [ "localhost:45983" ]
  }, {
    "name" : "User-Agent",
    "values" : [ "Java-EurekaClient/v<version_unknown>" ]
  }, {
    "name" : "Content-Length",
    "values" : [ "0" ]
  } ]
}]

because:

methodMatches = true
pathMatches = false
queryStringParametersMatch = true
bodyMatches = true
headersMatch = true
cookiesMatch = true
19:26:29.686 [nioEventLoopGroup-21-4] DEBUG i.n.handler.logging.LoggingHandler - [id: 0x7ae42f67, /127.0.0.1:60748 => /127.0.0.1:45983] WRITE(0B)
         +-------------------------------------------------+
         |  0  1  2  3  4  5  6  7  8  9  a  b  c  d  e  f |
+--------+-------------------------------------------------+----------------+
+--------+-------------------------------------------------+----------------+
19:26:29.687 [nioEventLoopGroup-21-4] DEBUG i.n.handler.logging.LoggingHandler - [id: 0x7ae42f67, /127.0.0.1:60748 => /127.0.0.1:45983] FLUSH
19:26:29.688 [nioEventLoopGroup-26-1] DEBUG HttpClientInitializer --> - [id: 0x57d9844e, /127.0.0.1:60748 => localhost/127.0.0.1:45983] RECEIVED(68B)
         +-------------------------------------------------+
         |  0  1  2  3  4  5  6  7  8  9  a  b  c  d  e  f |
+--------+-------------------------------------------------+----------------+
|00000000| 48 54 54 50 2f 31 2e 31 20 32 30 32 20 41 63 63 |HTTP/1.1 202 Acc|
|00000010| 65 70 74 65 64 0d 0a 43 6f 6e 74 65 6e 74 2d 4c |epted..Content-L|
|00000020| 65 6e 67 74 68 3a 20 30 0d 0a 43 6f 6e 6e 65 63 |ength: 0..Connec|
|00000030| 74 69 6f 6e 3a 20 6b 65 65 70 2d 61 6c 69 76 65 |tion: keep-alive|
|00000040| 0d 0a 0d 0a                                     |....            |
+--------+-------------------------------------------------+----------------+
19:26:29.688 [nioEventLoopGroup-26-1] DEBUG HttpClientInitializer --> - [id: 0x57d9844e, /127.0.0.1:60748 => localhost/127.0.0.1:45983] CLOSE()
19:26:29.689 [nioEventLoopGroup-21-4] DEBUG i.n.handler.logging.LoggingHandler - [id: 0x7ae42f67, /127.0.0.1:60748 => /127.0.0.1:45983] FLUSH
19:26:29.688 [Test worker] DEBUG o.m.client.netty.NettyHttpClient - Received response: {
  "statusCode" : 202,
  "body" : "",
  "headers" : [ {
    "name" : "Connection",
    "values" : [ "keep-alive" ]
  }, {
    "name" : "Content-Length",
    "values" : [ "0" ]
  } ]
}
19:26:29.695 [nioEventLoopGroup-21-4] DEBUG i.n.handler.logging.LoggingHandler - [id: 0x7ae42f67, /127.0.0.1:60748 :> /127.0.0.1:45983] INACTIVE
19:26:29.695 [nioEventLoopGroup-21-4] DEBUG i.n.handler.logging.LoggingHandler - [id: 0x7ae42f67, /127.0.0.1:60748 :> /127.0.0.1:45983] UNREGISTERED
19:26:29.695 [nioEventLoopGroup-26-1] DEBUG HttpClientInitializer --> - [id: 0x57d9844e, /127.0.0.1:60748 :> localhost/127.0.0.1:45983] INACTIVE
19:26:29.695 [nioEventLoopGroup-26-1] DEBUG HttpClientInitializer --> - [id: 0x57d9844e, /127.0.0.1:60748 :> localhost/127.0.0.1:45983] UNREGISTERED
19:26:29.697 [Test worker] DEBUG o.m.client.netty.NettyHttpClient - Sending request: {
  "method" : "PUT",
  "path" : "/verify",
  "body" : "{\n  \"httpRequest\" : {\n    \"method\" : \"GET\",\n    \"path\" : \"/eureka/v2/apps/delta\"\n  },\n  \"times\" : {\n    \"count\" : 1,\n    \"exact\" : true\n  }\n}",
  "host" : "localhost",
  "port" : 45983
}
19:26:29.703 [nioEventLoopGroup-27-1] DEBUG HttpClientInitializer --> - [id: 0xf6d4dd37] REGISTERED
19:26:29.703 [nioEventLoopGroup-27-1] DEBUG HttpClientInitializer --> - [id: 0xf6d4dd37] CONNECT(localhost/127.0.0.1:45983, null)
19:26:29.704 [nioEventLoopGroup-27-1] DEBUG HttpClientInitializer --> - [id: 0xf6d4dd37, /127.0.0.1:60750 => localhost/127.0.0.1:45983] WRITE(123B)
         +-------------------------------------------------+
         |  0  1  2  3  4  5  6  7  8  9  a  b  c  d  e  f |
+--------+-------------------------------------------------+----------------+
|00000000| 50 55 54 20 2f 76 65 72 69 66 79 20 48 54 54 50 |PUT /verify HTTP|
|00000010| 2f 31 2e 31 0d 0a 48 6f 73 74 3a 20 6c 6f 63 61 |/1.1..Host: loca|
|00000020| 6c 68 6f 73 74 3a 34 35 39 38 33 0d 0a 41 63 63 |lhost:45983..Acc|
|00000030| 65 70 74 2d 45 6e 63 6f 64 69 6e 67 3a 20 67 7a |ept-Encoding: gz|
|00000040| 69 70 2c 64 65 66 6c 61 74 65 0d 0a 43 6f 6e 74 |ip,deflate..Cont|
|00000050| 65 6e 74 2d 4c 65 6e 67 74 68 3a 20 31 34 31 0d |ent-Length: 141.|
|00000060| 0a 43 6f 6e 6e 65 63 74 69 6f 6e 3a 20 6b 65 65 |.Connection: kee|
|00000070| 70 2d 61 6c 69 76 65 0d 0a 0d 0a                |p-alive....     |
+--------+-------------------------------------------------+----------------+
19:26:29.704 [nioEventLoopGroup-27-1] DEBUG HttpClientInitializer --> - [id: 0xf6d4dd37, /127.0.0.1:60750 => localhost/127.0.0.1:45983] WRITE(141B)
         +-------------------------------------------------+
         |  0  1  2  3  4  5  6  7  8  9  a  b  c  d  e  f |
+--------+-------------------------------------------------+----------------+
|00000000| 7b 0a 20 20 22 68 74 74 70 52 65 71 75 65 73 74 |{.  "httpRequest|
|00000010| 22 20 3a 20 7b 0a 20 20 20 20 22 6d 65 74 68 6f |" : {.    "metho|
|00000020| 64 22 20 3a 20 22 47 45 54 22 2c 0a 20 20 20 20 |d" : "GET",.    |
|00000030| 22 70 61 74 68 22 20 3a 20 22 2f 65 75 72 65 6b |"path" : "/eurek|
|00000040| 61 2f 76 32 2f 61 70 70 73 2f 64 65 6c 74 61 22 |a/v2/apps/delta"|
|00000050| 0a 20 20 7d 2c 0a 20 20 22 74 69 6d 65 73 22 20 |.  },.  "times" |
|00000060| 3a 20 7b 0a 20 20 20 20 22 63 6f 75 6e 74 22 20 |: {.    "count" |
|00000070| 3a 20 31 2c 0a 20 20 20 20 22 65 78 61 63 74 22 |: 1,.    "exact"|
|00000080| 20 3a 20 74 72 75 65 0a 20 20 7d 0a 7d          | : true.  }.}   |
+--------+-------------------------------------------------+----------------+
19:26:29.707 [nioEventLoopGroup-27-1] DEBUG HttpClientInitializer --> - [id: 0xf6d4dd37, /127.0.0.1:60750 => localhost/127.0.0.1:45983] FLUSH
19:26:29.707 [nioEventLoopGroup-27-1] DEBUG HttpClientInitializer --> - [id: 0xf6d4dd37, /127.0.0.1:60750 => localhost/127.0.0.1:45983] ACTIVE
19:26:29.714 [nioEventLoopGroup-21-5] DEBUG i.n.handler.logging.LoggingHandler - [id: 0x6d24acb5, /127.0.0.1:60750 => /127.0.0.1:45983] RECEIVED(141B)
         +-------------------------------------------------+
         |  0  1  2  3  4  5  6  7  8  9  a  b  c  d  e  f |
+--------+-------------------------------------------------+----------------+
|00000000| 7b 0a 20 20 22 68 74 74 70 52 65 71 75 65 73 74 |{.  "httpRequest|
|00000010| 22 20 3a 20 7b 0a 20 20 20 20 22 6d 65 74 68 6f |" : {.    "metho|
|00000020| 64 22 20 3a 20 22 47 45 54 22 2c 0a 20 20 20 20 |d" : "GET",.    |
|00000030| 22 70 61 74 68 22 20 3a 20 22 2f 65 75 72 65 6b |"path" : "/eurek|
|00000040| 61 2f 76 32 2f 61 70 70 73 2f 64 65 6c 74 61 22 |a/v2/apps/delta"|
|00000050| 0a 20 20 7d 2c 0a 20 20 22 74 69 6d 65 73 22 20 |.  },.  "times" |
|00000060| 3a 20 7b 0a 20 20 20 20 22 63 6f 75 6e 74 22 20 |: {.    "count" |
|00000070| 3a 20 31 2c 0a 20 20 20 20 22 65 78 61 63 74 22 |: 1,.    "exact"|
|00000080| 20 3a 20 74 72 75 65 0a 20 20 7d 0a 7d          | : true.  }.}   |
+--------+-------------------------------------------------+----------------+
19:26:29.723 [nioEventLoopGroup-21-5] DEBUG o.m.matchers.HttpRequestMatcher - 

Matcher:

[{
  "method" : "GET",
  "path" : "/eureka/v2/apps/delta"
}]

did not match request:

[{
  "method" : "GET",
  "path" : "/eureka/v2/apps/",
  "headers" : [ {
    "name" : "Accept",
    "values" : [ "application/json" ]
  }, {
    "name" : "DiscoveryIdentity-Name",
    "values" : [ "DefaultClient" ]
  }, {
    "name" : "DiscoveryIdentity-Version",
    "values" : [ "1.4" ]
  }, {
    "name" : "DiscoveryIdentity-Id",
    "values" : [ "192.168.1.15" ]
  }, {
    "name" : "Accept-Encoding",
    "values" : [ "gzip" ]
  }, {
    "name" : "Host",
    "values" : [ "localhost:45983" ]
  }, {
    "name" : "User-Agent",
    "values" : [ "Java-EurekaClient/v<version_unknown>" ]
  }, {
    "name" : "Content-Length",
    "values" : [ "0" ]
  } ]
}]

because:

methodMatches = true
pathMatches = false
queryStringParametersMatch = true
bodyMatches = true
headersMatch = true
cookiesMatch = true
19:26:29.731 [nioEventLoopGroup-21-5] DEBUG i.n.handler.logging.LoggingHandler - [id: 0x6d24acb5, /127.0.0.1:60750 => /127.0.0.1:45983] WRITE(0B)
         +-------------------------------------------------+
         |  0  1  2  3  4  5  6  7  8  9  a  b  c  d  e  f |
+--------+-------------------------------------------------+----------------+
+--------+-------------------------------------------------+----------------+
19:26:29.732 [nioEventLoopGroup-21-5] DEBUG i.n.handler.logging.LoggingHandler - [id: 0x6d24acb5, /127.0.0.1:60750 => /127.0.0.1:45983] FLUSH
19:26:29.733 [nioEventLoopGroup-27-1] DEBUG HttpClientInitializer --> - [id: 0xf6d4dd37, /127.0.0.1:60750 => localhost/127.0.0.1:45983] RECEIVED(68B)
         +-------------------------------------------------+
         |  0  1  2  3  4  5  6  7  8  9  a  b  c  d  e  f |
+--------+-------------------------------------------------+----------------+
|00000000| 48 54 54 50 2f 31 2e 31 20 32 30 32 20 41 63 63 |HTTP/1.1 202 Acc|
|00000010| 65 70 74 65 64 0d 0a 43 6f 6e 74 65 6e 74 2d 4c |epted..Content-L|
|00000020| 65 6e 67 74 68 3a 20 30 0d 0a 43 6f 6e 6e 65 63 |ength: 0..Connec|
|00000030| 74 69 6f 6e 3a 20 6b 65 65 70 2d 61 6c 69 76 65 |tion: keep-alive|
|00000040| 0d 0a 0d 0a                                     |....            |
+--------+-------------------------------------------------+----------------+
19:26:29.733 [nioEventLoopGroup-27-1] DEBUG HttpClientInitializer --> - [id: 0xf6d4dd37, /127.0.0.1:60750 => localhost/127.0.0.1:45983] CLOSE()
19:26:29.733 [nioEventLoopGroup-27-1] DEBUG HttpClientInitializer --> - [id: 0xf6d4dd37, /127.0.0.1:60750 :> localhost/127.0.0.1:45983] INACTIVE
19:26:29.733 [nioEventLoopGroup-27-1] DEBUG HttpClientInitializer --> - [id: 0xf6d4dd37, /127.0.0.1:60750 :> localhost/127.0.0.1:45983] UNREGISTERED
19:26:29.734 [nioEventLoopGroup-21-5] DEBUG i.n.handler.logging.LoggingHandler - [id: 0x6d24acb5, /127.0.0.1:60750 => /127.0.0.1:45983] FLUSH
19:26:29.735 [nioEventLoopGroup-21-5] DEBUG i.n.handler.logging.LoggingHandler - [id: 0x6d24acb5, /127.0.0.1:60750 :> /127.0.0.1:45983] INACTIVE
19:26:29.735 [nioEventLoopGroup-21-5] DEBUG i.n.handler.logging.LoggingHandler - [id: 0x6d24acb5, /127.0.0.1:60750 :> /127.0.0.1:45983] UNREGISTERED
19:26:29.733 [Test worker] DEBUG o.m.client.netty.NettyHttpClient - Received response: {
  "statusCode" : 202,
  "body" : "",
  "headers" : [ {
    "name" : "Connection",
    "values" : [ "keep-alive" ]
  }, {
    "name" : "Content-Length",
    "values" : [ "0" ]
  } ]
}
19:26:29.741 [Test worker] DEBUG o.m.client.netty.NettyHttpClient - Sending request: {
  "method" : "PUT",
  "path" : "/verify",
  "body" : "{\n  \"httpRequest\" : {\n    \"method\" : \"GET\",\n    \"path\" : \"/eureka/v2/apps/\"\n  },\n  \"times\" : {\n    \"count\" : 1,\n    \"exact\" : true\n  }\n}",
  "host" : "localhost",
  "port" : 39695
}
19:26:29.750 [nioEventLoopGroup-28-1] DEBUG HttpClientInitializer --> - [id: 0x55e0bf46] REGISTERED
19:26:29.750 [nioEventLoopGroup-28-1] DEBUG HttpClientInitializer --> - [id: 0x55e0bf46] CONNECT(localhost/127.0.0.1:39695, null)
19:26:29.751 [nioEventLoopGroup-28-1] DEBUG HttpClientInitializer --> - [id: 0x55e0bf46, /127.0.0.1:53560 => localhost/127.0.0.1:39695] WRITE(123B)
         +-------------------------------------------------+
         |  0  1  2  3  4  5  6  7  8  9  a  b  c  d  e  f |
+--------+-------------------------------------------------+----------------+
|00000000| 50 55 54 20 2f 76 65 72 69 66 79 20 48 54 54 50 |PUT /verify HTTP|
|00000010| 2f 31 2e 31 0d 0a 48 6f 73 74 3a 20 6c 6f 63 61 |/1.1..Host: loca|
|00000020| 6c 68 6f 73 74 3a 33 39 36 39 35 0d 0a 41 63 63 |lhost:39695..Acc|
|00000030| 65 70 74 2d 45 6e 63 6f 64 69 6e 67 3a 20 67 7a |ept-Encoding: gz|
|00000040| 69 70 2c 64 65 66 6c 61 74 65 0d 0a 43 6f 6e 74 |ip,deflate..Cont|
|00000050| 65 6e 74 2d 4c 65 6e 67 74 68 3a 20 31 33 36 0d |ent-Length: 136.|
|00000060| 0a 43 6f 6e 6e 65 63 74 69 6f 6e 3a 20 6b 65 65 |.Connection: kee|
|00000070| 70 2d 61 6c 69 76 65 0d 0a 0d 0a                |p-alive....     |
+--------+-------------------------------------------------+----------------+
19:26:29.751 [nioEventLoopGroup-28-1] DEBUG HttpClientInitializer --> - [id: 0x55e0bf46, /127.0.0.1:53560 => localhost/127.0.0.1:39695] WRITE(136B)
         +-------------------------------------------------+
         |  0  1  2  3  4  5  6  7  8  9  a  b  c  d  e  f |
+--------+-------------------------------------------------+----------------+
|00000000| 7b 0a 20 20 22 68 74 74 70 52 65 71 75 65 73 74 |{.  "httpRequest|
|00000010| 22 20 3a 20 7b 0a 20 20 20 20 22 6d 65 74 68 6f |" : {.    "metho|
|00000020| 64 22 20 3a 20 22 47 45 54 22 2c 0a 20 20 20 20 |d" : "GET",.    |
|00000030| 22 70 61 74 68 22 20 3a 20 22 2f 65 75 72 65 6b |"path" : "/eurek|
|00000040| 61 2f 76 32 2f 61 70 70 73 2f 22 0a 20 20 7d 2c |a/v2/apps/".  },|
|00000050| 0a 20 20 22 74 69 6d 65 73 22 20 3a 20 7b 0a 20 |.  "times" : {. |
|00000060| 20 20 20 22 63 6f 75 6e 74 22 20 3a 20 31 2c 0a |   "count" : 1,.|
|00000070| 20 20 20 20 22 65 78 61 63 74 22 20 3a 20 74 72 |    "exact" : tr|
|00000080| 75 65 0a 20 20 7d 0a 7d                         |ue.  }.}        |
+--------+-------------------------------------------------+----------------+
19:26:29.751 [nioEventLoopGroup-28-1] DEBUG HttpClientInitializer --> - [id: 0x55e0bf46, /127.0.0.1:53560 => localhost/127.0.0.1:39695] FLUSH
19:26:29.752 [nioEventLoopGroup-28-1] DEBUG HttpClientInitializer --> - [id: 0x55e0bf46, /127.0.0.1:53560 => localhost/127.0.0.1:39695] ACTIVE
19:26:29.755 [nioEventLoopGroup-19-4] DEBUG i.n.handler.logging.LoggingHandler - [id: 0xf7b3149c, /127.0.0.1:53560 => /127.0.0.1:39695] RECEIVED(136B)
         +-------------------------------------------------+
         |  0  1  2  3  4  5  6  7  8  9  a  b  c  d  e  f |
+--------+-------------------------------------------------+----------------+
|00000000| 7b 0a 20 20 22 68 74 74 70 52 65 71 75 65 73 74 |{.  "httpRequest|
|00000010| 22 20 3a 20 7b 0a 20 20 20 20 22 6d 65 74 68 6f |" : {.    "metho|
|00000020| 64 22 20 3a 20 22 47 45 54 22 2c 0a 20 20 20 20 |d" : "GET",.    |
|00000030| 22 70 61 74 68 22 20 3a 20 22 2f 65 75 72 65 6b |"path" : "/eurek|
|00000040| 61 2f 76 32 2f 61 70 70 73 2f 22 0a 20 20 7d 2c |a/v2/apps/".  },|
|00000050| 0a 20 20 22 74 69 6d 65 73 22 20 3a 20 7b 0a 20 |.  "times" : {. |
|00000060| 20 20 20 22 63 6f 75 6e 74 22 20 3a 20 31 2c 0a |   "count" : 1,.|
|00000070| 20 20 20 20 22 65 78 61 63 74 22 20 3a 20 74 72 |    "exact" : tr|
|00000080| 75 65 0a 20 20 7d 0a 7d                         |ue.  }.}        |
+--------+-------------------------------------------------+----------------+
19:26:29.762 [nioEventLoopGroup-19-4] DEBUG o.m.matchers.HttpRequestMatcher - 

Matcher:

[{
  "method" : "GET",
  "path" : "/eureka/v2/apps/"
}]

did not match request:

[{
  "method" : "GET",
  "path" : "/eureka/v2/apps/delta",
  "headers" : [ {
    "name" : "Accept",
    "values" : [ "application/json" ]
  }, {
    "name" : "DiscoveryIdentity-Name",
    "values" : [ "DefaultClient" ]
  }, {
    "name" : "DiscoveryIdentity-Version",
    "values" : [ "1.4" ]
  }, {
    "name" : "DiscoveryIdentity-Id",
    "values" : [ "192.168.1.15" ]
  }, {
    "name" : "Accept-Encoding",
    "values" : [ "gzip" ]
  }, {
    "name" : "Host",
    "values" : [ "localhost:39695" ]
  }, {
    "name" : "User-Agent",
    "values" : [ "Java-EurekaClient/v<version_unknown>" ]
  }, {
    "name" : "Content-Length",
    "values" : [ "0" ]
  } ]
}]

because:

methodMatches = true
pathMatches = false
queryStringParametersMatch = true
bodyMatches = true
headersMatch = true
cookiesMatch = true
19:26:29.762 [nioEventLoopGroup-19-4] DEBUG i.n.handler.logging.LoggingHandler - [id: 0xf7b3149c, /127.0.0.1:53560 => /127.0.0.1:39695] WRITE(0B)
         +-------------------------------------------------+
         |  0  1  2  3  4  5  6  7  8  9  a  b  c  d  e  f |
+--------+-------------------------------------------------+----------------+
+--------+-------------------------------------------------+----------------+
19:26:29.763 [nioEventLoopGroup-19-4] DEBUG i.n.handler.logging.LoggingHandler - [id: 0xf7b3149c, /127.0.0.1:53560 => /127.0.0.1:39695] FLUSH
19:26:29.763 [nioEventLoopGroup-28-1] DEBUG HttpClientInitializer --> - [id: 0x55e0bf46, /127.0.0.1:53560 => localhost/127.0.0.1:39695] RECEIVED(68B)
         +-------------------------------------------------+
         |  0  1  2  3  4  5  6  7  8  9  a  b  c  d  e  f |
+--------+-------------------------------------------------+----------------+
|00000000| 48 54 54 50 2f 31 2e 31 20 32 30 32 20 41 63 63 |HTTP/1.1 202 Acc|
|00000010| 65 70 74 65 64 0d 0a 43 6f 6e 74 65 6e 74 2d 4c |epted..Content-L|
|00000020| 65 6e 67 74 68 3a 20 30 0d 0a 43 6f 6e 6e 65 63 |ength: 0..Connec|
|00000030| 74 69 6f 6e 3a 20 6b 65 65 70 2d 61 6c 69 76 65 |tion: keep-alive|
|00000040| 0d 0a 0d 0a                                     |....            |
+--------+-------------------------------------------------+----------------+
19:26:29.763 [nioEventLoopGroup-28-1] DEBUG HttpClientInitializer --> - [id: 0x55e0bf46, /127.0.0.1:53560 => localhost/127.0.0.1:39695] CLOSE()
19:26:29.764 [nioEventLoopGroup-28-1] DEBUG HttpClientInitializer --> - [id: 0x55e0bf46, /127.0.0.1:53560 :> localhost/127.0.0.1:39695] INACTIVE
19:26:29.764 [nioEventLoopGroup-28-1] DEBUG HttpClientInitializer --> - [id: 0x55e0bf46, /127.0.0.1:53560 :> localhost/127.0.0.1:39695] UNREGISTERED
19:26:29.764 [nioEventLoopGroup-19-4] DEBUG i.n.handler.logging.LoggingHandler - [id: 0xf7b3149c, /127.0.0.1:53560 => /127.0.0.1:39695] FLUSH
19:26:29.764 [nioEventLoopGroup-19-4] DEBUG i.n.handler.logging.LoggingHandler - [id: 0xf7b3149c, /127.0.0.1:53560 :> /127.0.0.1:39695] INACTIVE
19:26:29.764 [nioEventLoopGroup-19-4] DEBUG i.n.handler.logging.LoggingHandler - [id: 0xf7b3149c, /127.0.0.1:53560 :> /127.0.0.1:39695] UNREGISTERED
19:26:29.763 [Test worker] DEBUG o.m.client.netty.NettyHttpClient - Received response: {
  "statusCode" : 202,
  "body" : "",
  "headers" : [ {
    "name" : "Connection",
    "values" : [ "keep-alive" ]
  }, {
    "name" : "Content-Length",
    "values" : [ "0" ]
  } ]
}
19:26:29.773 [Test worker] DEBUG o.m.client.netty.NettyHttpClient - Sending request: {
  "method" : "PUT",
  "path" : "/verify",
  "body" : "{\n  \"httpRequest\" : {\n    \"method\" : \"GET\",\n    \"path\" : \"/eureka/v2/apps/delta\"\n  },\n  \"times\" : {\n    \"count\" : 1,\n    \"exact\" : true\n  }\n}",
  "host" : "localhost",
  "port" : 39695
}
19:26:29.778 [nioEventLoopGroup-29-1] DEBUG HttpClientInitializer --> - [id: 0xec657ab5] REGISTERED
19:26:29.779 [nioEventLoopGroup-29-1] DEBUG HttpClientInitializer --> - [id: 0xec657ab5] CONNECT(localhost/127.0.0.1:39695, null)
19:26:29.780 [nioEventLoopGroup-29-1] DEBUG HttpClientInitializer --> - [id: 0xec657ab5, /127.0.0.1:53562 => localhost/127.0.0.1:39695] WRITE(123B)
         +-------------------------------------------------+
         |  0  1  2  3  4  5  6  7  8  9  a  b  c  d  e  f |
+--------+-------------------------------------------------+----------------+
|00000000| 50 55 54 20 2f 76 65 72 69 66 79 20 48 54 54 50 |PUT /verify HTTP|
|00000010| 2f 31 2e 31 0d 0a 48 6f 73 74 3a 20 6c 6f 63 61 |/1.1..Host: loca|
|00000020| 6c 68 6f 73 74 3a 33 39 36 39 35 0d 0a 41 63 63 |lhost:39695..Acc|
|00000030| 65 70 74 2d 45 6e 63 6f 64 69 6e 67 3a 20 67 7a |ept-Encoding: gz|
|00000040| 69 70 2c 64 65 66 6c 61 74 65 0d 0a 43 6f 6e 74 |ip,deflate..Cont|
|00000050| 65 6e 74 2d 4c 65 6e 67 74 68 3a 20 31 34 31 0d |ent-Length: 141.|
|00000060| 0a 43 6f 6e 6e 65 63 74 69 6f 6e 3a 20 6b 65 65 |.Connection: kee|
|00000070| 70 2d 61 6c 69 76 65 0d 0a 0d 0a                |p-alive....     |
+--------+-------------------------------------------------+----------------+
19:26:29.782 [nioEventLoopGroup-29-1] DEBUG HttpClientInitializer --> - [id: 0xec657ab5, /127.0.0.1:53562 => localhost/127.0.0.1:39695] WRITE(141B)
         +-------------------------------------------------+
         |  0  1  2  3  4  5  6  7  8  9  a  b  c  d  e  f |
+--------+-------------------------------------------------+----------------+
|00000000| 7b 0a 20 20 22 68 74 74 70 52 65 71 75 65 73 74 |{.  "httpRequest|
|00000010| 22 20 3a 20 7b 0a 20 20 20 20 22 6d 65 74 68 6f |" : {.    "metho|
|00000020| 64 22 20 3a 20 22 47 45 54 22 2c 0a 20 20 20 20 |d" : "GET",.    |
|00000030| 22 70 61 74 68 22 20 3a 20 22 2f 65 75 72 65 6b |"path" : "/eurek|
|00000040| 61 2f 76 32 2f 61 70 70 73 2f 64 65 6c 74 61 22 |a/v2/apps/delta"|
|00000050| 0a 20 20 7d 2c 0a 20 20 22 74 69 6d 65 73 22 20 |.  },.  "times" |
|00000060| 3a 20 7b 0a 20 20 20 20 22 63 6f 75 6e 74 22 20 |: {.    "count" |
|00000070| 3a 20 31 2c 0a 20 20 20 20 22 65 78 61 63 74 22 |: 1,.    "exact"|
|00000080| 20 3a 20 74 72 75 65 0a 20 20 7d 0a 7d          | : true.  }.}   |
+--------+-------------------------------------------------+----------------+
19:26:29.783 [nioEventLoopGroup-29-1] DEBUG HttpClientInitializer --> - [id: 0xec657ab5, /127.0.0.1:53562 => localhost/127.0.0.1:39695] FLUSH
19:26:29.784 [nioEventLoopGroup-29-1] DEBUG HttpClientInitializer --> - [id: 0xec657ab5, /127.0.0.1:53562 => localhost/127.0.0.1:39695] ACTIVE
19:26:29.816 [nioEventLoopGroup-19-5] DEBUG i.n.handler.logging.LoggingHandler - [id: 0x3fef5fde, /127.0.0.1:53562 => /127.0.0.1:39695] RECEIVED(141B)
         +-------------------------------------------------+
         |  0  1  2  3  4  5  6  7  8  9  a  b  c  d  e  f |
+--------+-------------------------------------------------+----------------+
|00000000| 7b 0a 20 20 22 68 74 74 70 52 65 71 75 65 73 74 |{.  "httpRequest|
|00000010| 22 20 3a 20 7b 0a 20 20 20 20 22 6d 65 74 68 6f |" : {.    "metho|
|00000020| 64 22 20 3a 20 22 47 45 54 22 2c 0a 20 20 20 20 |d" : "GET",.    |
|00000030| 22 70 61 74 68 22 20 3a 20 22 2f 65 75 72 65 6b |"path" : "/eurek|
|00000040| 61 2f 76 32 2f 61 70 70 73 2f 64 65 6c 74 61 22 |a/v2/apps/delta"|
|00000050| 0a 20 20 7d 2c 0a 20 20 22 74 69 6d 65 73 22 20 |.  },.  "times" |
|00000060| 3a 20 7b 0a 20 20 20 20 22 63 6f 75 6e 74 22 20 |: {.    "count" |
|00000070| 3a 20 31 2c 0a 20 20 20 20 22 65 78 61 63 74 22 |: 1,.    "exact"|
|00000080| 20 3a 20 74 72 75 65 0a 20 20 7d 0a 7d          | : true.  }.}   |
+--------+-------------------------------------------------+----------------+
19:26:29.829 [nioEventLoopGroup-19-5] DEBUG o.m.matchers.HttpRequestMatcher - 

Matcher:

[{
  "method" : "GET",
  "path" : "/eureka/v2/apps/delta"
}]

did not match request:

[{
  "method" : "GET",
  "path" : "/eureka/v2/apps/",
  "headers" : [ {
    "name" : "Accept",
    "values" : [ "application/json" ]
  }, {
    "name" : "DiscoveryIdentity-Name",
    "values" : [ "DefaultClient" ]
  }, {
    "name" : "DiscoveryIdentity-Version",
    "values" : [ "1.4" ]
  }, {
    "name" : "DiscoveryIdentity-Id",
    "values" : [ "192.168.1.15" ]
  }, {
    "name" : "Accept-Encoding",
    "values" : [ "gzip" ]
  }, {
    "name" : "Host",
    "values" : [ "localhost:39695" ]
  }, {
    "name" : "User-Agent",
    "values" : [ "Java-EurekaClient/v<version_unknown>" ]
  }, {
    "name" : "Content-Length",
    "values" : [ "0" ]
  } ]
}]

because:

methodMatches = true
pathMatches = false
queryStringParametersMatch = true
bodyMatches = true
headersMatch = true
cookiesMatch = true
19:26:29.830 [nioEventLoopGroup-19-5] DEBUG i.n.handler.logging.LoggingHandler - [id: 0x3fef5fde, /127.0.0.1:53562 => /127.0.0.1:39695] WRITE(0B)
         +-------------------------------------------------+
         |  0  1  2  3  4  5  6  7  8  9  a  b  c  d  e  f |
+--------+-------------------------------------------------+----------------+
+--------+-------------------------------------------------+----------------+
19:26:29.830 [nioEventLoopGroup-19-5] DEBUG i.n.handler.logging.LoggingHandler - [id: 0x3fef5fde, /127.0.0.1:53562 => /127.0.0.1:39695] FLUSH
19:26:29.830 [nioEventLoopGroup-29-1] DEBUG HttpClientInitializer --> - [id: 0xec657ab5, /127.0.0.1:53562 => localhost/127.0.0.1:39695] RECEIVED(68B)
         +-------------------------------------------------+
         |  0  1  2  3  4  5  6  7  8  9  a  b  c  d  e  f |
+--------+-------------------------------------------------+----------------+
|00000000| 48 54 54 50 2f 31 2e 31 20 32 30 32 20 41 63 63 |HTTP/1.1 202 Acc|
|00000010| 65 70 74 65 64 0d 0a 43 6f 6e 74 65 6e 74 2d 4c |epted..Content-L|
|00000020| 65 6e 67 74 68 3a 20 30 0d 0a 43 6f 6e 6e 65 63 |ength: 0..Connec|
|00000030| 74 69 6f 6e 3a 20 6b 65 65 70 2d 61 6c 69 76 65 |tion: keep-alive|
|00000040| 0d 0a 0d 0a                                     |....            |
+--------+-------------------------------------------------+----------------+
19:26:29.830 [nioEventLoopGroup-29-1] DEBUG HttpClientInitializer --> - [id: 0xec657ab5, /127.0.0.1:53562 => localhost/127.0.0.1:39695] CLOSE()
19:26:29.831 [nioEventLoopGroup-29-1] DEBUG HttpClientInitializer --> - [id: 0xec657ab5, /127.0.0.1:53562 :> localhost/127.0.0.1:39695] INACTIVE
19:26:29.831 [nioEventLoopGroup-29-1] DEBUG HttpClientInitializer --> - [id: 0xec657ab5, /127.0.0.1:53562 :> localhost/127.0.0.1:39695] UNREGISTERED
19:26:29.831 [Test worker] DEBUG o.m.client.netty.NettyHttpClient - Received response: {
  "statusCode" : 202,
  "body" : "",
  "headers" : [ {
    "name" : "Connection",
    "values" : [ "keep-alive" ]
  }, {
    "name" : "Content-Length",
    "values" : [ "0" ]
  } ]
}
19:26:29.837 [nioEventLoopGroup-19-5] DEBUG i.n.handler.logging.LoggingHandler - [id: 0x3fef5fde, /127.0.0.1:53562 => /127.0.0.1:39695] FLUSH
19:26:29.837 [nioEventLoopGroup-19-5] DEBUG i.n.handler.logging.LoggingHandler - [id: 0x3fef5fde, /127.0.0.1:53562 :> /127.0.0.1:39695] INACTIVE
19:26:29.837 [nioEventLoopGroup-19-5] DEBUG i.n.handler.logging.LoggingHandler - [id: 0x3fef5fde, /127.0.0.1:53562 :> /127.0.0.1:39695] UNREGISTERED
19:26:29.851 [Test worker] DEBUG o.m.client.netty.NettyHttpClient - Sending request: {
  "method" : "PUT",
  "path" : "/reset",
  "host" : "localhost",
  "port" : 45983
}
19:26:29.857 [nioEventLoopGroup-30-1] DEBUG HttpClientInitializer --> - [id: 0xf50e7664] REGISTERED
19:26:29.858 [nioEventLoopGroup-30-1] DEBUG HttpClientInitializer --> - [id: 0xf50e7664] CONNECT(localhost/127.0.0.1:45983, null)
19:26:29.862 [nioEventLoopGroup-30-1] DEBUG HttpClientInitializer --> - [id: 0xf50e7664, /127.0.0.1:60756 => localhost/127.0.0.1:45983] WRITE(120B)
         +-------------------------------------------------+
         |  0  1  2  3  4  5  6  7  8  9  a  b  c  d  e  f |
+--------+-------------------------------------------------+----------------+
|00000000| 50 55 54 20 2f 72 65 73 65 74 20 48 54 54 50 2f |PUT /reset HTTP/|
|00000010| 31 2e 31 0d 0a 48 6f 73 74 3a 20 6c 6f 63 61 6c |1.1..Host: local|
|00000020| 68 6f 73 74 3a 34 35 39 38 33 0d 0a 41 63 63 65 |host:45983..Acce|
|00000030| 70 74 2d 45 6e 63 6f 64 69 6e 67 3a 20 67 7a 69 |pt-Encoding: gzi|
|00000040| 70 2c 64 65 66 6c 61 74 65 0d 0a 43 6f 6e 74 65 |p,deflate..Conte|
|00000050| 6e 74 2d 4c 65 6e 67 74 68 3a 20 30 0d 0a 43 6f |nt-Length: 0..Co|
|00000060| 6e 6e 65 63 74 69 6f 6e 3a 20 6b 65 65 70 2d 61 |nnection: keep-a|
|00000070| 6c 69 76 65 0d 0a 0d 0a                         |live....        |
+--------+-------------------------------------------------+----------------+
19:26:29.862 [nioEventLoopGroup-30-1] DEBUG HttpClientInitializer --> - [id: 0xf50e7664, /127.0.0.1:60756 => localhost/127.0.0.1:45983] FLUSH
19:26:29.862 [nioEventLoopGroup-30-1] DEBUG HttpClientInitializer --> - [id: 0xf50e7664, /127.0.0.1:60756 => localhost/127.0.0.1:45983] ACTIVE
19:26:29.872 [nioEventLoopGroup-21-6] DEBUG i.n.handler.logging.LoggingHandler - [id: 0x7bac225e, /127.0.0.1:60756 => /127.0.0.1:45983] RECEIVED(0B)
         +-------------------------------------------------+
         |  0  1  2  3  4  5  6  7  8  9  a  b  c  d  e  f |
+--------+-------------------------------------------------+----------------+
+--------+-------------------------------------------------+----------------+
19:26:29.873 [nioEventLoopGroup-21-6] DEBUG i.n.handler.logging.LoggingHandler - [id: 0x7bac225e, /127.0.0.1:60756 => /127.0.0.1:45983] WRITE(0B)
         +-------------------------------------------------+
         |  0  1  2  3  4  5  6  7  8  9  a  b  c  d  e  f |
+--------+-------------------------------------------------+----------------+
+--------+-------------------------------------------------+----------------+
19:26:29.874 [nioEventLoopGroup-21-6] DEBUG i.n.handler.logging.LoggingHandler - [id: 0x7bac225e, /127.0.0.1:60756 => /127.0.0.1:45983] FLUSH
19:26:29.874 [nioEventLoopGroup-30-1] DEBUG HttpClientInitializer --> - [id: 0xf50e7664, /127.0.0.1:60756 => localhost/127.0.0.1:45983] RECEIVED(68B)
         +-------------------------------------------------+
         |  0  1  2  3  4  5  6  7  8  9  a  b  c  d  e  f |
+--------+-------------------------------------------------+----------------+
|00000000| 48 54 54 50 2f 31 2e 31 20 32 30 32 20 41 63 63 |HTTP/1.1 202 Acc|
|00000010| 65 70 74 65 64 0d 0a 43 6f 6e 74 65 6e 74 2d 4c |epted..Content-L|
|00000020| 65 6e 67 74 68 3a 20 30 0d 0a 43 6f 6e 6e 65 63 |ength: 0..Connec|
|00000030| 74 69 6f 6e 3a 20 6b 65 65 70 2d 61 6c 69 76 65 |tion: keep-alive|
|00000040| 0d 0a 0d 0a                                     |....            |
+--------+-------------------------------------------------+----------------+
19:26:29.874 [nioEventLoopGroup-30-1] DEBUG HttpClientInitializer --> - [id: 0xf50e7664, /127.0.0.1:60756 => localhost/127.0.0.1:45983] CLOSE()
19:26:29.875 [nioEventLoopGroup-30-1] DEBUG HttpClientInitializer --> - [id: 0xf50e7664, /127.0.0.1:60756 :> localhost/127.0.0.1:45983] INACTIVE
19:26:29.875 [nioEventLoopGroup-30-1] DEBUG HttpClientInitializer --> - [id: 0xf50e7664, /127.0.0.1:60756 :> localhost/127.0.0.1:45983] UNREGISTERED
19:26:29.874 [Test worker] DEBUG o.m.client.netty.NettyHttpClient - Received response: {
  "statusCode" : 202,
  "body" : "",
  "headers" : [ {
    "name" : "Connection",
    "values" : [ "keep-alive" ]
  }, {
    "name" : "Content-Length",
    "values" : [ "0" ]
  } ]
}
19:26:29.879 [nioEventLoopGroup-21-6] DEBUG i.n.handler.logging.LoggingHandler - [id: 0x7bac225e, /127.0.0.1:60756 => /127.0.0.1:45983] FLUSH
19:26:29.886 [nioEventLoopGroup-21-6] DEBUG i.n.handler.logging.LoggingHandler - [id: 0x7bac225e, /127.0.0.1:60756 :> /127.0.0.1:45983] INACTIVE
19:26:29.887 [nioEventLoopGroup-21-6] DEBUG i.n.handler.logging.LoggingHandler - [id: 0x7bac225e, /127.0.0.1:60756 :> /127.0.0.1:45983] UNREGISTERED
19:26:29.906 [Test worker] DEBUG o.m.client.netty.NettyHttpClient - Sending request: {
  "method" : "PUT",
  "path" : "/reset",
  "host" : "localhost",
  "port" : 39695
}
19:26:29.909 [nioEventLoopGroup-31-1] DEBUG HttpClientInitializer --> - [id: 0x77e1475f] REGISTERED
19:26:29.909 [nioEventLoopGroup-31-1] DEBUG HttpClientInitializer --> - [id: 0x77e1475f] CONNECT(localhost/127.0.0.1:39695, null)
19:26:29.910 [nioEventLoopGroup-31-1] DEBUG HttpClientInitializer --> - [id: 0x77e1475f, /127.0.0.1:53566 => localhost/127.0.0.1:39695] WRITE(120B)
         +-------------------------------------------------+
         |  0  1  2  3  4  5  6  7  8  9  a  b  c  d  e  f |
+--------+-------------------------------------------------+----------------+
|00000000| 50 55 54 20 2f 72 65 73 65 74 20 48 54 54 50 2f |PUT /reset HTTP/|
|00000010| 31 2e 31 0d 0a 48 6f 73 74 3a 20 6c 6f 63 61 6c |1.1..Host: local|
|00000020| 68 6f 73 74 3a 33 39 36 39 35 0d 0a 41 63 63 65 |host:39695..Acce|
|00000030| 70 74 2d 45 6e 63 6f 64 69 6e 67 3a 20 67 7a 69 |pt-Encoding: gzi|
|00000040| 70 2c 64 65 66 6c 61 74 65 0d 0a 43 6f 6e 74 65 |p,deflate..Conte|
|00000050| 6e 74 2d 4c 65 6e 67 74 68 3a 20 30 0d 0a 43 6f |nt-Length: 0..Co|
|00000060| 6e 6e 65 63 74 69 6f 6e 3a 20 6b 65 65 70 2d 61 |nnection: keep-a|
|00000070| 6c 69 76 65 0d 0a 0d 0a                         |live....        |
+--------+-------------------------------------------------+----------------+
19:26:29.911 [nioEventLoopGroup-31-1] DEBUG HttpClientInitializer --> - [id: 0x77e1475f, /127.0.0.1:53566 => localhost/127.0.0.1:39695] FLUSH
19:26:29.911 [nioEventLoopGroup-31-1] DEBUG HttpClientInitializer --> - [id: 0x77e1475f, /127.0.0.1:53566 => localhost/127.0.0.1:39695] ACTIVE
19:26:29.917 [nioEventLoopGroup-19-6] DEBUG i.n.handler.logging.LoggingHandler - [id: 0x90dd76fd, /127.0.0.1:53566 => /127.0.0.1:39695] RECEIVED(0B)
         +-------------------------------------------------+
         |  0  1  2  3  4  5  6  7  8  9  a  b  c  d  e  f |
+--------+-------------------------------------------------+----------------+
+--------+-------------------------------------------------+----------------+
19:26:29.919 [nioEventLoopGroup-19-6] DEBUG i.n.handler.logging.LoggingHandler - [id: 0x90dd76fd, /127.0.0.1:53566 => /127.0.0.1:39695] WRITE(0B)
         +-------------------------------------------------+
         |  0  1  2  3  4  5  6  7  8  9  a  b  c  d  e  f |
+--------+-------------------------------------------------+----------------+
+--------+-------------------------------------------------+----------------+
19:26:29.920 [nioEventLoopGroup-19-6] DEBUG i.n.handler.logging.LoggingHandler - [id: 0x90dd76fd, /127.0.0.1:53566 => /127.0.0.1:39695] FLUSH
19:26:29.920 [nioEventLoopGroup-31-1] DEBUG HttpClientInitializer --> - [id: 0x77e1475f, /127.0.0.1:53566 => localhost/127.0.0.1:39695] RECEIVED(68B)
         +-------------------------------------------------+
         |  0  1  2  3  4  5  6  7  8  9  a  b  c  d  e  f |
+--------+-------------------------------------------------+----------------+
|00000000| 48 54 54 50 2f 31 2e 31 20 32 30 32 20 41 63 63 |HTTP/1.1 202 Acc|
|00000010| 65 70 74 65 64 0d 0a 43 6f 6e 74 65 6e 74 2d 4c |epted..Content-L|
|00000020| 65 6e 67 74 68 3a 20 30 0d 0a 43 6f 6e 6e 65 63 |ength: 0..Connec|
|00000030| 74 69 6f 6e 3a 20 6b 65 65 70 2d 61 6c 69 76 65 |tion: keep-alive|
|00000040| 0d 0a 0d 0a                                     |....            |
+--------+-------------------------------------------------+----------------+
19:26:29.921 [Test worker] DEBUG o.m.client.netty.NettyHttpClient - Received response: {
  "statusCode" : 202,
  "body" : "",
  "headers" : [ {
    "name" : "Connection",
    "values" : [ "keep-alive" ]
  }, {
    "name" : "Content-Length",
    "values" : [ "0" ]
  } ]
}
19:26:29.924 [nioEventLoopGroup-31-1] DEBUG HttpClientInitializer --> - [id: 0x77e1475f, /127.0.0.1:53566 => localhost/127.0.0.1:39695] CLOSE()
19:26:29.924 [nioEventLoopGroup-31-1] DEBUG HttpClientInitializer --> - [id: 0x77e1475f, /127.0.0.1:53566 :> localhost/127.0.0.1:39695] INACTIVE
19:26:29.925 [nioEventLoopGroup-31-1] DEBUG HttpClientInitializer --> - [id: 0x77e1475f, /127.0.0.1:53566 :> localhost/127.0.0.1:39695] UNREGISTERED
19:26:29.925 [nioEventLoopGroup-19-6] DEBUG i.n.handler.logging.LoggingHandler - [id: 0x90dd76fd, /127.0.0.1:53566 => /127.0.0.1:39695] FLUSH
19:26:29.926 [nioEventLoopGroup-19-6] DEBUG i.n.handler.logging.LoggingHandler - [id: 0x90dd76fd, /127.0.0.1:53566 :> /127.0.0.1:39695] INACTIVE
19:26:29.926 [nioEventLoopGroup-19-6] DEBUG i.n.handler.logging.LoggingHandler - [id: 0x90dd76fd, /127.0.0.1:53566 :> /127.0.0.1:39695] UNREGISTERED
19:26:29.927 [Test worker] DEBUG o.m.client.netty.NettyHttpClient - Sending request: {
  "method" : "PUT",
  "path" : "/stop",
  "host" : "localhost",
  "port" : 45983
}
19:26:29.931 [nioEventLoopGroup-32-1] DEBUG HttpClientInitializer --> - [id: 0x928db35c] REGISTERED
19:26:29.932 [nioEventLoopGroup-32-1] DEBUG HttpClientInitializer --> - [id: 0x928db35c] CONNECT(localhost/127.0.0.1:45983, null)
19:26:29.933 [nioEventLoopGroup-32-1] DEBUG HttpClientInitializer --> - [id: 0x928db35c, /127.0.0.1:60760 => localhost/127.0.0.1:45983] WRITE(119B)
         +-------------------------------------------------+
         |  0  1  2  3  4  5  6  7  8  9  a  b  c  d  e  f |
+--------+-------------------------------------------------+----------------+
|00000000| 50 55 54 20 2f 73 74 6f 70 20 48 54 54 50 2f 31 |PUT /stop HTTP/1|
|00000010| 2e 31 0d 0a 48 6f 73 74 3a 20 6c 6f 63 61 6c 68 |.1..Host: localh|
|00000020| 6f 73 74 3a 34 35 39 38 33 0d 0a 41 63 63 65 70 |ost:45983..Accep|
|00000030| 74 2d 45 6e 63 6f 64 69 6e 67 3a 20 67 7a 69 70 |t-Encoding: gzip|
|00000040| 2c 64 65 66 6c 61 74 65 0d 0a 43 6f 6e 74 65 6e |,deflate..Conten|
|00000050| 74 2d 4c 65 6e 67 74 68 3a 20 30 0d 0a 43 6f 6e |t-Length: 0..Con|
|00000060| 6e 65 63 74 69 6f 6e 3a 20 6b 65 65 70 2d 61 6c |nection: keep-al|
|00000070| 69 76 65 0d 0a 0d 0a                            |ive....         |
+--------+-------------------------------------------------+----------------+
19:26:29.934 [nioEventLoopGroup-32-1] DEBUG HttpClientInitializer --> - [id: 0x928db35c, /127.0.0.1:60760 => localhost/127.0.0.1:45983] FLUSH
19:26:29.935 [nioEventLoopGroup-32-1] DEBUG HttpClientInitializer --> - [id: 0x928db35c, /127.0.0.1:60760 => localhost/127.0.0.1:45983] ACTIVE
19:26:29.937 [nioEventLoopGroup-21-7] DEBUG i.n.handler.logging.LoggingHandler - [id: 0x42aa299a, /127.0.0.1:60760 => /127.0.0.1:45983] RECEIVED(0B)
         +-------------------------------------------------+
         |  0  1  2  3  4  5  6  7  8  9  a  b  c  d  e  f |
+--------+-------------------------------------------------+----------------+
+--------+-------------------------------------------------+----------------+
19:26:29.938 [nioEventLoopGroup-21-7] DEBUG i.n.handler.logging.LoggingHandler - [id: 0x42aa299a, /127.0.0.1:60760 => /127.0.0.1:45983] WRITE(0B)
         +-------------------------------------------------+
         |  0  1  2  3  4  5  6  7  8  9  a  b  c  d  e  f |
+--------+-------------------------------------------------+----------------+
+--------+-------------------------------------------------+----------------+
19:26:29.939 [nioEventLoopGroup-21-7] DEBUG i.n.handler.logging.LoggingHandler - [id: 0x42aa299a, /127.0.0.1:60760 => /127.0.0.1:45983] FLUSH
19:26:29.940 [nioEventLoopGroup-32-1] DEBUG HttpClientInitializer --> - [id: 0x928db35c, /127.0.0.1:60760 => localhost/127.0.0.1:45983] RECEIVED(68B)
         +-------------------------------------------------+
         |  0  1  2  3  4  5  6  7  8  9  a  b  c  d  e  f |
+--------+-------------------------------------------------+----------------+
|00000000| 48 54 54 50 2f 31 2e 31 20 32 30 32 20 41 63 63 |HTTP/1.1 202 Acc|
|00000010| 65 70 74 65 64 0d 0a 43 6f 6e 74 65 6e 74 2d 4c |epted..Content-L|
|00000020| 65 6e 67 74 68 3a 20 30 0d 0a 43 6f 6e 6e 65 63 |ength: 0..Connec|
|00000030| 74 69 6f 6e 3a 20 6b 65 65 70 2d 61 6c 69 76 65 |tion: keep-alive|
|00000040| 0d 0a 0d 0a                                     |....            |
+--------+-------------------------------------------------+----------------+
19:26:29.940 [nioEventLoopGroup-32-1] DEBUG HttpClientInitializer --> - [id: 0x928db35c, /127.0.0.1:60760 => localhost/127.0.0.1:45983] CLOSE()
19:26:29.940 [nioEventLoopGroup-32-1] DEBUG HttpClientInitializer --> - [id: 0x928db35c, /127.0.0.1:60760 :> localhost/127.0.0.1:45983] INACTIVE
19:26:29.941 [nioEventLoopGroup-32-1] DEBUG HttpClientInitializer --> - [id: 0x928db35c, /127.0.0.1:60760 :> localhost/127.0.0.1:45983] UNREGISTERED
19:26:29.940 [Test worker] DEBUG o.m.client.netty.NettyHttpClient - Received response: {
  "statusCode" : 202,
  "body" : "",
  "headers" : [ {
    "name" : "Connection",
    "values" : [ "keep-alive" ]
  }, {
    "name" : "Content-Length",
    "values" : [ "0" ]
  } ]
}
19:26:29.943 [nioEventLoopGroup-21-7] DEBUG i.n.handler.logging.LoggingHandler - [id: 0x42aa299a, /127.0.0.1:60760 => /127.0.0.1:45983] CLOSE()
19:26:29.944 [Test worker] DEBUG o.m.client.netty.NettyHttpClient - Sending request: {
  "method" : "PUT",
  "path" : "/stop",
  "host" : "localhost",
  "port" : 39695
}
19:26:29.950 [nioEventLoopGroup-21-1] DEBUG io.netty.buffer.PoolThreadCache - Freed 2 thread-local buffer(s) from thread: nioEventLoopGroup-21-1
19:26:29.950 [nioEventLoopGroup-21-2] DEBUG io.netty.buffer.PoolThreadCache - Freed 6 thread-local buffer(s) from thread: nioEventLoopGroup-21-2
19:26:29.950 [nioEventLoopGroup-21-3] DEBUG i.n.handler.logging.LoggingHandler - [id: 0x759740b0, /127.0.0.1:60744 :> /127.0.0.1:45983] INACTIVE
19:26:29.950 [nioEventLoopGroup-21-4] DEBUG io.netty.buffer.PoolThreadCache - Freed 2 thread-local buffer(s) from thread: nioEventLoopGroup-21-4
19:26:29.950 [nioEventLoopGroup-21-5] DEBUG io.netty.buffer.PoolThreadCache - Freed 2 thread-local buffer(s) from thread: nioEventLoopGroup-21-5
19:26:29.950 [nioEventLoopGroup-21-6] DEBUG io.netty.buffer.PoolThreadCache - Freed 2 thread-local buffer(s) from thread: nioEventLoopGroup-21-6
19:26:29.952 [nioEventLoopGroup-21-3] DEBUG i.n.handler.logging.LoggingHandler - [id: 0x759740b0, /127.0.0.1:60744 :> /127.0.0.1:45983] UNREGISTERED
19:26:29.953 [nioEventLoopGroup-33-1] DEBUG HttpClientInitializer --> - [id: 0xdf23a3b7] REGISTERED
19:26:29.953 [nioEventLoopGroup-33-1] DEBUG HttpClientInitializer --> - [id: 0xdf23a3b7] CONNECT(localhost/127.0.0.1:39695, null)
19:26:29.954 [nioEventLoopGroup-33-1] DEBUG HttpClientInitializer --> - [id: 0xdf23a3b7, /127.0.0.1:53570 => localhost/127.0.0.1:39695] WRITE(119B)
         +-------------------------------------------------+
         |  0  1  2  3  4  5  6  7  8  9  a  b  c  d  e  f |
+--------+-------------------------------------------------+----------------+
|00000000| 50 55 54 20 2f 73 74 6f 70 20 48 54 54 50 2f 31 |PUT /stop HTTP/1|
|00000010| 2e 31 0d 0a 48 6f 73 74 3a 20 6c 6f 63 61 6c 68 |.1..Host: localh|
|00000020| 6f 73 74 3a 33 39 36 39 35 0d 0a 41 63 63 65 70 |ost:39695..Accep|
|00000030| 74 2d 45 6e 63 6f 64 69 6e 67 3a 20 67 7a 69 70 |t-Encoding: gzip|
|00000040| 2c 64 65 66 6c 61 74 65 0d 0a 43 6f 6e 74 65 6e |,deflate..Conten|
|00000050| 74 2d 4c 65 6e 67 74 68 3a 20 30 0d 0a 43 6f 6e |t-Length: 0..Con|
|00000060| 6e 65 63 74 69 6f 6e 3a 20 6b 65 65 70 2d 61 6c |nection: keep-al|
|00000070| 69 76 65 0d 0a 0d 0a                            |ive....         |
+--------+-------------------------------------------------+----------------+
19:26:29.954 [nioEventLoopGroup-33-1] DEBUG HttpClientInitializer --> - [id: 0xdf23a3b7, /127.0.0.1:53570 => localhost/127.0.0.1:39695] FLUSH
19:26:29.954 [nioEventLoopGroup-33-1] DEBUG HttpClientInitializer --> - [id: 0xdf23a3b7, /127.0.0.1:53570 => localhost/127.0.0.1:39695] ACTIVE
19:26:29.962 [nioEventLoopGroup-19-7] DEBUG i.n.handler.logging.LoggingHandler - [id: 0x8a507af5, /127.0.0.1:53570 => /127.0.0.1:39695] RECEIVED(0B)
         +-------------------------------------------------+
         |  0  1  2  3  4  5  6  7  8  9  a  b  c  d  e  f |
+--------+-------------------------------------------------+----------------+
+--------+-------------------------------------------------+----------------+
19:26:29.963 [nioEventLoopGroup-19-7] DEBUG i.n.handler.logging.LoggingHandler - [id: 0x8a507af5, /127.0.0.1:53570 => /127.0.0.1:39695] WRITE(0B)
         +-------------------------------------------------+
         |  0  1  2  3  4  5  6  7  8  9  a  b  c  d  e  f |
+--------+-------------------------------------------------+----------------+
+--------+-------------------------------------------------+----------------+
19:26:29.963 [nioEventLoopGroup-19-7] DEBUG i.n.handler.logging.LoggingHandler - [id: 0x8a507af5, /127.0.0.1:53570 => /127.0.0.1:39695] FLUSH
19:26:29.964 [nioEventLoopGroup-19-7] DEBUG i.n.handler.logging.LoggingHandler - [id: 0x8a507af5, /127.0.0.1:53570 => /127.0.0.1:39695] CLOSE()
19:26:29.965 [nioEventLoopGroup-33-1] DEBUG HttpClientInitializer --> - [id: 0xdf23a3b7, /127.0.0.1:53570 => localhost/127.0.0.1:39695] RECEIVED(68B)
         +-------------------------------------------------+
         |  0  1  2  3  4  5  6  7  8  9  a  b  c  d  e  f |
+--------+-------------------------------------------------+----------------+
|00000000| 48 54 54 50 2f 31 2e 31 20 32 30 32 20 41 63 63 |HTTP/1.1 202 Acc|
|00000010| 65 70 74 65 64 0d 0a 43 6f 6e 74 65 6e 74 2d 4c |epted..Content-L|
|00000020| 65 6e 67 74 68 3a 20 30 0d 0a 43 6f 6e 6e 65 63 |ength: 0..Connec|
|00000030| 74 69 6f 6e 3a 20 6b 65 65 70 2d 61 6c 69 76 65 |tion: keep-alive|
|00000040| 0d 0a 0d 0a                                     |....            |
+--------+-------------------------------------------------+----------------+
19:26:29.998 [nioEventLoopGroup-19-4] DEBUG io.netty.buffer.PoolThreadCache - Freed 2 thread-local buffer(s) from thread: nioEventLoopGroup-19-4
19:26:29.998 [nioEventLoopGroup-19-6] DEBUG io.netty.buffer.PoolThreadCache - Freed 2 thread-local buffer(s) from thread: nioEventLoopGroup-19-6
19:26:29.998 [nioEventLoopGroup-19-5] DEBUG io.netty.buffer.PoolThreadCache - Freed 2 thread-local buffer(s) from thread: nioEventLoopGroup-19-5
19:26:29.998 [nioEventLoopGroup-19-1] DEBUG io.netty.buffer.PoolThreadCache - Freed 5 thread-local buffer(s) from thread: nioEventLoopGroup-19-1
19:26:29.998 [nioEventLoopGroup-19-2] DEBUG io.netty.buffer.PoolThreadCache - Freed 2 thread-local buffer(s) from thread: nioEventLoopGroup-19-2
19:26:29.998 [nioEventLoopGroup-19-3] DEBUG i.n.handler.logging.LoggingHandler - [id: 0x4ebe833d, /127.0.0.1:53554 :> /127.0.0.1:39695] INACTIVE
19:26:30.012 [nioEventLoopGroup-33-1] DEBUG HttpClientInitializer --> - [id: 0xdf23a3b7, /127.0.0.1:53570 => localhost/127.0.0.1:39695] CLOSE()
19:26:30.012 [Test worker] DEBUG o.m.client.netty.NettyHttpClient - Received response: {
  "statusCode" : 202,
  "body" : "",
  "headers" : [ {
    "name" : "Connection",
    "values" : [ "keep-alive" ]
  }, {
    "name" : "Content-Length",
    "values" : [ "0" ]
  } ]
}
19:26:30.014 [nioEventLoopGroup-19-3] DEBUG i.n.handler.logging.LoggingHandler - [id: 0x4ebe833d, /127.0.0.1:53554 :> /127.0.0.1:39695] UNREGISTERED
19:26:30.015 [nioEventLoopGroup-33-1] DEBUG HttpClientInitializer --> - [id: 0xdf23a3b7, /127.0.0.1:53570 :> localhost/127.0.0.1:39695] INACTIVE
19:26:30.016 [nioEventLoopGroup-33-1] DEBUG HttpClientInitializer --> - [id: 0xdf23a3b7, /127.0.0.1:53570 :> localhost/127.0.0.1:39695] UNREGISTERED
19:26:30.050 [Test worker] INFO  c.netflix.discovery.DiscoveryClient - Shutting down DiscoveryClient ...
19:26:30.068 [Test worker] INFO  c.netflix.discovery.DiscoveryClient - Completed shut down of DiscoveryClient
]]></system-out>
  <system-err><![CDATA[]]></system-err>
</testsuite>
