<?xml version="1.0" encoding="UTF-8"?>
<testsuite name="com.netflix.appinfo.RefreshableAmazonInfoProviderTest" tests="5" skipped="0" failures="0" errors="0" timestamp="2017-04-09T17:26:05" hostname="pc54.home" time="0.134">
  <properties/>
  <testcase name="testAmazonInfoUpdatePositiveCase" classname="com.netflix.appinfo.RefreshableAmazonInfoProviderTest" time="0.114"/>
  <testcase name="testAmazonInfoNoUpdateIfEmpty" classname="com.netflix.appinfo.RefreshableAmazonInfoProviderTest" time="0.001"/>
  <testcase name="testAmazonInfoNoUpdateIfEqual" classname="com.netflix.appinfo.RefreshableAmazonInfoProviderTest" time="0.002"/>
  <testcase name="testAmazonInfoNoUpdateIfNoLocalIpv4" classname="com.netflix.appinfo.RefreshableAmazonInfoProviderTest" time="0.012"/>
  <testcase name="testAmazonInfoNoUpdateIfNoInstanceId" classname="com.netflix.appinfo.RefreshableAmazonInfoProviderTest" time="0.002"/>
  <system-out><![CDATA[19:26:05.951 [Test worker] INFO  c.n.a.RefreshableAmazonInfoProvider - Removing old metadata ami-id=ami-00000000
19:26:05.956 [Test worker] INFO  c.n.a.RefreshableAmazonInfoProvider - Adding new metadata someNewKey=bar
19:26:05.956 [Test worker] INFO  c.n.a.RefreshableAmazonInfoProvider - Removing old metadata ami-id=ami-00000000
19:26:05.959 [Test worker] WARN  c.n.a.RefreshableAmazonInfoProvider - Newly resolved AmazonInfo is empty, skipping an update cycle
19:26:05.975 [Test worker] WARN  c.n.a.RefreshableAmazonInfoProvider - localIpv4 is blank, skipping an update cycle
19:26:05.975 [Test worker] WARN  c.n.a.RefreshableAmazonInfoProvider - localIpv4 is blank, skipping an update cycle
19:26:05.976 [Test worker] WARN  c.n.a.RefreshableAmazonInfoProvider - instanceId is blank, skipping an update cycle
19:26:05.976 [Test worker] WARN  c.n.a.RefreshableAmazonInfoProvider - instanceId is blank, skipping an update cycle
]]></system-out>
  <system-err><![CDATA[]]></system-err>
</testsuite>
