<?xml version="1.0" encoding="UTF-8"?>
<testsuite name="com.netflix.discovery.guice.Ec2EurekaClientModuleTest" tests="1" skipped="0" failures="0" errors="0" timestamp="2017-04-09T17:28:09" hostname="pc54.home" time="0.672">
  <properties/>
  <testcase name="testDI" classname="com.netflix.discovery.guice.Ec2EurekaClientModuleTest" time="0.672"/>
  <system-out><![CDATA[19:28:09.615 [Test worker] DEBUG c.netflix.governator.LifecycleModule - LifecycleProvisionListener not initialized yet : class com.netflix.archaius.config.DefaultSettableConfig
19:28:09.624 [Test worker] DEBUG c.netflix.governator.LifecycleModule - LifecycleProvisionListener not initialized yet : class com.netflix.archaius.config.DefaultCompositeConfig
19:28:09.625 [Test worker] DEBUG c.netflix.governator.LifecycleModule - LifecycleProvisionListener not initialized yet : class com.netflix.archaius.config.MapConfig
19:28:09.625 [Test worker] DEBUG c.netflix.governator.LifecycleModule - LifecycleProvisionListener not initialized yet : class com.netflix.archaius.guice.InternalArchaiusModule$ConfigParameters
19:28:09.625 [Test worker] DEBUG c.netflix.governator.LifecycleModule - LifecycleProvisionListener not initialized yet : class com.netflix.archaius.config.DefaultCompositeConfig
19:28:09.629 [Test worker] DEBUG c.netflix.governator.LifecycleModule - LifecycleProvisionListener not initialized yet : class com.netflix.archaius.readers.PropertiesConfigReader
19:28:09.630 [Test worker] DEBUG c.netflix.governator.LifecycleModule - LifecycleProvisionListener not initialized yet : class com.google.common.collect.SingletonImmutableSet
19:28:09.630 [Test worker] DEBUG c.netflix.governator.LifecycleModule - LifecycleProvisionListener not initialized yet : class com.netflix.archaius.guice.InternalArchaiusModule$OptionalCascadeStrategy
19:28:09.632 [Test worker] DEBUG c.netflix.governator.LifecycleModule - LifecycleProvisionListener not initialized yet : class com.netflix.archaius.DefaultConfigLoader
19:28:09.638 [Test worker] DEBUG c.n.a.readers.PropertiesConfigReader - Attempting to load : file:/home/polivier/Documents/AL/eureka/eureka-client-archaius2/application.properties
19:28:09.640 [Test worker] DEBUG c.n.a.readers.PropertiesConfigReader - Unable to load configuration file file:/home/polivier/Documents/AL/eureka/eureka-client-archaius2/application.properties. /home/polivier/Documents/AL/eureka/eureka-client-archaius2/application.properties (Aucun fichier ou dossier de ce type)
19:28:09.640 [Test worker] DEBUG c.n.archaius.DefaultConfigLoader - Loaded application 
19:28:09.640 [Test worker] DEBUG c.netflix.governator.LifecycleModule - LifecycleProvisionListener not initialized yet : class com.netflix.archaius.config.DefaultCompositeConfig
19:28:09.641 [Test worker] DEBUG c.netflix.governator.LifecycleModule - LifecycleProvisionListener not initialized yet : class com.netflix.archaius.guice.ConfigurationInjectingListener
19:28:09.641 [Test worker] INFO  c.n.a.g.ConfigurationInjectingListener - Initializing ConfigurationInjectingListener
19:28:09.643 [Test worker] DEBUG c.netflix.governator.LifecycleModule - LifecycleProvisionListener not initialized yet : class com.google.common.collect.RegularImmutableSet
19:28:09.644 [Test worker] DEBUG c.netflix.governator.LifecycleModule - LifecycleProvisionListener initialized []
19:28:09.645 [Test worker] INFO  c.n.governator.LifecycleManager - Adding LifecycleListener 'Safe[LifecycleProvisionListener[]]' 851290851
19:28:09.655 [Test worker] DEBUG c.n.a.g.ConfigurationInjectingListener - Trying to loading configuration resource eureka-client
19:28:09.656 [Test worker] DEBUG c.n.a.readers.PropertiesConfigReader - Attempting to load : file:/home/polivier/Documents/AL/eureka/eureka-client-archaius2/eureka-client.properties
19:28:09.657 [Test worker] DEBUG c.n.a.readers.PropertiesConfigReader - Unable to load configuration file file:/home/polivier/Documents/AL/eureka/eureka-client-archaius2/eureka-client.properties. /home/polivier/Documents/AL/eureka/eureka-client-archaius2/eureka-client.properties (Aucun fichier ou dossier de ce type)
19:28:09.657 [Test worker] DEBUG c.n.archaius.DefaultConfigLoader - Loaded eureka-client 
19:28:09.673 [Test worker] INFO  c.n.a.p.CompositeInstanceConfigFactory - Assuming EC2 deployment environment due to config override
19:28:09.689 [Test worker] WARN  c.netflix.appinfo.AmazonInfo$Builder - Skipping the rest of AmazonInfo init as we were not able to load instanceId after the configured number of retries: 0, per fail fast configuration: true
19:28:09.689 [Test worker] INFO  c.n.a.RefreshableAmazonInfoProvider - Datacenter is: Amazon
19:28:09.690 [Test worker] INFO  c.n.a.p.CompositeInstanceConfigFactory - Creating EC2 specific instance config
19:28:09.703 [Test worker] INFO  c.n.a.p.EurekaConfigBasedInstanceInfoProvider - Setting initial instance status as: STARTING
19:28:09.712 [Test worker] INFO  c.n.governator.SafeLifecycleListener - Starting LifecycleListener 'LifecycleProvisionListener[]'
19:28:09.717 [Test worker] DEBUG c.n.a.g.ConfigurationInjectingListener - Trying to loading configuration resource eureka-client
19:28:09.718 [Test worker] DEBUG c.n.a.readers.PropertiesConfigReader - Attempting to load : file:/home/polivier/Documents/AL/eureka/eureka-client-archaius2/eureka-client.properties
19:28:09.719 [Test worker] DEBUG c.n.a.readers.PropertiesConfigReader - Unable to load configuration file file:/home/polivier/Documents/AL/eureka/eureka-client-archaius2/eureka-client.properties. /home/polivier/Documents/AL/eureka/eureka-client-archaius2/eureka-client.properties (Aucun fichier ou dossier de ce type)
19:28:09.719 [Test worker] DEBUG c.n.archaius.DefaultConfigLoader - Loaded eureka-client 
19:28:09.719 [Test worker] INFO  c.n.a.config.DefaultCompositeConfig - Configuration with name'eureka-client' already exists
19:28:09.720 [Test worker] DEBUG c.n.a.g.ConfigurationInjectingListener - Trying to loading configuration resource eureka-client
19:28:09.721 [Test worker] DEBUG c.n.a.readers.PropertiesConfigReader - Attempting to load : file:/home/polivier/Documents/AL/eureka/eureka-client-archaius2/eureka-client.properties
19:28:09.721 [Test worker] DEBUG c.n.a.readers.PropertiesConfigReader - Unable to load configuration file file:/home/polivier/Documents/AL/eureka/eureka-client-archaius2/eureka-client.properties. /home/polivier/Documents/AL/eureka/eureka-client-archaius2/eureka-client.properties (Aucun fichier ou dossier de ce type)
19:28:09.721 [Test worker] DEBUG c.n.archaius.DefaultConfigLoader - Loaded eureka-client 
19:28:09.721 [Test worker] INFO  c.n.a.config.DefaultCompositeConfig - Configuration with name'eureka-client' already exists
19:28:09.747 [Test worker] INFO  c.netflix.discovery.DiscoveryClient - Initializing Eureka in region default
19:28:09.747 [Test worker] INFO  c.netflix.discovery.DiscoveryClient - Client configured to neither register nor query for data.
19:28:09.751 [Test worker] INFO  c.netflix.discovery.DiscoveryClient - Discovery Client initialized at timestamp 1491758889751 with initial instances count: 0
19:28:09.753 [Test worker] INFO  c.n.governator.LifecycleManager - Shutting down LifecycleManager
19:28:09.753 [Test worker] INFO  c.n.governator.SafeLifecycleListener - Stopping LifecycleListener 'LifecycleProvisionListener[]'
19:28:09.754 [Test worker] INFO  c.netflix.discovery.DiscoveryClient - Shutting down DiscoveryClient ...
19:28:09.754 [Test worker] INFO  c.netflix.discovery.DiscoveryClient - Completed shut down of DiscoveryClient
]]></system-out>
  <system-err><![CDATA[]]></system-err>
</testsuite>
