<?xml version="1.0" encoding="UTF-8"?>
<testsuite name="com.netflix.appinfo.Ec2EurekaArchaius2InstanceConfigTest" tests="1" skipped="0" failures="0" errors="0" timestamp="2017-04-09T17:28:08" hostname="pc54.home" time="0.198">
  <properties/>
  <testcase name="testResolveDefaultAddress" classname="com.netflix.appinfo.Ec2EurekaArchaius2InstanceConfigTest" time="0.198"/>
  <system-out><![CDATA[]]></system-out>
  <system-err><![CDATA[]]></system-err>
</testsuite>
