<?xml version="1.0" encoding="UTF-8"?>
<testsuite name="com.netflix.discovery.guice.NonEc2EurekaClientModuleTest" tests="1" skipped="0" failures="0" errors="0" timestamp="2017-04-09T17:28:11" hostname="pc54.home" time="0.629">
  <properties/>
  <testcase name="testDI" classname="com.netflix.discovery.guice.NonEc2EurekaClientModuleTest" time="0.629"/>
  <system-out><![CDATA[19:28:12.479 [Test worker] DEBUG c.netflix.governator.LifecycleModule - LifecycleProvisionListener not initialized yet : class com.netflix.archaius.config.DefaultSettableConfig
19:28:12.484 [Test worker] DEBUG c.netflix.governator.LifecycleModule - LifecycleProvisionListener not initialized yet : class com.netflix.archaius.config.DefaultCompositeConfig
19:28:12.484 [Test worker] DEBUG c.netflix.governator.LifecycleModule - LifecycleProvisionListener not initialized yet : class com.netflix.archaius.config.MapConfig
19:28:12.485 [Test worker] DEBUG c.netflix.governator.LifecycleModule - LifecycleProvisionListener not initialized yet : class com.netflix.archaius.guice.InternalArchaiusModule$ConfigParameters
19:28:12.485 [Test worker] DEBUG c.netflix.governator.LifecycleModule - LifecycleProvisionListener not initialized yet : class com.netflix.archaius.config.DefaultCompositeConfig
19:28:12.488 [Test worker] DEBUG c.netflix.governator.LifecycleModule - LifecycleProvisionListener not initialized yet : class com.netflix.archaius.readers.PropertiesConfigReader
19:28:12.488 [Test worker] DEBUG c.netflix.governator.LifecycleModule - LifecycleProvisionListener not initialized yet : class com.google.common.collect.SingletonImmutableSet
19:28:12.488 [Test worker] DEBUG c.netflix.governator.LifecycleModule - LifecycleProvisionListener not initialized yet : class com.netflix.archaius.guice.InternalArchaiusModule$OptionalCascadeStrategy
19:28:12.491 [Test worker] DEBUG c.netflix.governator.LifecycleModule - LifecycleProvisionListener not initialized yet : class com.netflix.archaius.DefaultConfigLoader
19:28:12.496 [Test worker] DEBUG c.n.a.readers.PropertiesConfigReader - Attempting to load : file:/home/polivier/Documents/AL/eureka/eureka-client-archaius2/application.properties
19:28:12.498 [Test worker] DEBUG c.n.a.readers.PropertiesConfigReader - Unable to load configuration file file:/home/polivier/Documents/AL/eureka/eureka-client-archaius2/application.properties. /home/polivier/Documents/AL/eureka/eureka-client-archaius2/application.properties (Aucun fichier ou dossier de ce type)
19:28:12.498 [Test worker] DEBUG c.n.archaius.DefaultConfigLoader - Loaded application 
19:28:12.498 [Test worker] DEBUG c.netflix.governator.LifecycleModule - LifecycleProvisionListener not initialized yet : class com.netflix.archaius.config.DefaultCompositeConfig
19:28:12.498 [Test worker] DEBUG c.netflix.governator.LifecycleModule - LifecycleProvisionListener not initialized yet : class com.netflix.archaius.guice.ConfigurationInjectingListener
19:28:12.499 [Test worker] INFO  c.n.a.g.ConfigurationInjectingListener - Initializing ConfigurationInjectingListener
19:28:12.500 [Test worker] DEBUG c.netflix.governator.LifecycleModule - LifecycleProvisionListener not initialized yet : class com.google.common.collect.RegularImmutableSet
19:28:12.501 [Test worker] DEBUG c.netflix.governator.LifecycleModule - LifecycleProvisionListener initialized []
19:28:12.502 [Test worker] INFO  c.n.governator.LifecycleManager - Adding LifecycleListener 'Safe[LifecycleProvisionListener[]]' 851290851
19:28:12.510 [Test worker] DEBUG c.n.a.g.ConfigurationInjectingListener - Trying to loading configuration resource eureka-client
19:28:12.511 [Test worker] DEBUG c.n.a.readers.PropertiesConfigReader - Attempting to load : file:/home/polivier/Documents/AL/eureka/eureka-client-archaius2/eureka-client.properties
19:28:12.511 [Test worker] DEBUG c.n.a.readers.PropertiesConfigReader - Unable to load configuration file file:/home/polivier/Documents/AL/eureka/eureka-client-archaius2/eureka-client.properties. /home/polivier/Documents/AL/eureka/eureka-client-archaius2/eureka-client.properties (Aucun fichier ou dossier de ce type)
19:28:12.511 [Test worker] DEBUG c.n.archaius.DefaultConfigLoader - Loaded eureka-client 
19:28:12.529 [Test worker] INFO  c.n.a.p.CompositeInstanceConfigFactory - Creating generic instance config
19:28:12.545 [Test worker] INFO  c.n.a.p.EurekaConfigBasedInstanceInfoProvider - Setting initial instance status as: STARTING
19:28:12.554 [Test worker] INFO  c.n.governator.SafeLifecycleListener - Starting LifecycleListener 'LifecycleProvisionListener[]'
19:28:12.558 [Test worker] DEBUG c.n.a.g.ConfigurationInjectingListener - Trying to loading configuration resource eureka-client
19:28:12.559 [Test worker] DEBUG c.n.a.readers.PropertiesConfigReader - Attempting to load : file:/home/polivier/Documents/AL/eureka/eureka-client-archaius2/eureka-client.properties
19:28:12.559 [Test worker] DEBUG c.n.a.readers.PropertiesConfigReader - Unable to load configuration file file:/home/polivier/Documents/AL/eureka/eureka-client-archaius2/eureka-client.properties. /home/polivier/Documents/AL/eureka/eureka-client-archaius2/eureka-client.properties (Aucun fichier ou dossier de ce type)
19:28:12.559 [Test worker] DEBUG c.n.archaius.DefaultConfigLoader - Loaded eureka-client 
19:28:12.559 [Test worker] INFO  c.n.a.config.DefaultCompositeConfig - Configuration with name'eureka-client' already exists
19:28:12.560 [Test worker] DEBUG c.n.a.g.ConfigurationInjectingListener - Trying to loading configuration resource eureka-client
19:28:12.561 [Test worker] DEBUG c.n.a.readers.PropertiesConfigReader - Attempting to load : file:/home/polivier/Documents/AL/eureka/eureka-client-archaius2/eureka-client.properties
19:28:12.561 [Test worker] DEBUG c.n.a.readers.PropertiesConfigReader - Unable to load configuration file file:/home/polivier/Documents/AL/eureka/eureka-client-archaius2/eureka-client.properties. /home/polivier/Documents/AL/eureka/eureka-client-archaius2/eureka-client.properties (Aucun fichier ou dossier de ce type)
19:28:12.561 [Test worker] DEBUG c.n.archaius.DefaultConfigLoader - Loaded eureka-client 
19:28:12.561 [Test worker] INFO  c.n.a.config.DefaultCompositeConfig - Configuration with name'eureka-client' already exists
19:28:12.587 [Test worker] INFO  c.netflix.discovery.DiscoveryClient - Initializing Eureka in region default
19:28:12.587 [Test worker] INFO  c.netflix.discovery.DiscoveryClient - Client configured to neither register nor query for data.
19:28:12.591 [Test worker] INFO  c.netflix.discovery.DiscoveryClient - Discovery Client initialized at timestamp 1491758892591 with initial instances count: 0
19:28:12.594 [Test worker] INFO  c.n.governator.LifecycleManager - Shutting down LifecycleManager
19:28:12.594 [Test worker] INFO  c.n.governator.SafeLifecycleListener - Stopping LifecycleListener 'LifecycleProvisionListener[]'
19:28:12.595 [Test worker] INFO  c.netflix.discovery.DiscoveryClient - Shutting down DiscoveryClient ...
19:28:12.595 [Test worker] INFO  c.netflix.discovery.DiscoveryClient - Completed shut down of DiscoveryClient
]]></system-out>
  <system-err><![CDATA[]]></system-err>
</testsuite>
