<?xml version="1.0" encoding="UTF-8"?>
<testsuite name="com.netflix.discovery.guice.EurekaClientModuleConfigurationTest" tests="1" skipped="0" failures="0" errors="0" timestamp="2017-04-09T17:28:10" hostname="pc54.home" time="0.763">
  <properties/>
  <testcase name="testBindEurekaInstanceConfigFactory" classname="com.netflix.discovery.guice.EurekaClientModuleConfigurationTest" time="0.763"/>
  <system-out><![CDATA[19:28:11.162 [Test worker] DEBUG c.netflix.governator.LifecycleModule - LifecycleProvisionListener not initialized yet : class com.netflix.archaius.config.DefaultSettableConfig
19:28:11.170 [Test worker] DEBUG c.netflix.governator.LifecycleModule - LifecycleProvisionListener not initialized yet : class com.netflix.archaius.config.DefaultCompositeConfig
19:28:11.170 [Test worker] DEBUG c.netflix.governator.LifecycleModule - LifecycleProvisionListener not initialized yet : class com.netflix.archaius.guice.InternalArchaiusModule$ConfigParameters
19:28:11.171 [Test worker] DEBUG c.netflix.governator.LifecycleModule - LifecycleProvisionListener not initialized yet : class com.netflix.archaius.config.DefaultCompositeConfig
19:28:11.174 [Test worker] DEBUG c.netflix.governator.LifecycleModule - LifecycleProvisionListener not initialized yet : class com.netflix.archaius.readers.PropertiesConfigReader
19:28:11.174 [Test worker] DEBUG c.netflix.governator.LifecycleModule - LifecycleProvisionListener not initialized yet : class com.google.common.collect.SingletonImmutableSet
19:28:11.174 [Test worker] DEBUG c.netflix.governator.LifecycleModule - LifecycleProvisionListener not initialized yet : class com.netflix.archaius.guice.InternalArchaiusModule$OptionalCascadeStrategy
19:28:11.176 [Test worker] DEBUG c.netflix.governator.LifecycleModule - LifecycleProvisionListener not initialized yet : class com.netflix.archaius.DefaultConfigLoader
19:28:11.184 [Test worker] DEBUG c.n.a.readers.PropertiesConfigReader - Attempting to load : file:/home/polivier/Documents/AL/eureka/eureka-client-archaius2/application.properties
19:28:11.186 [Test worker] DEBUG c.n.a.readers.PropertiesConfigReader - Unable to load configuration file file:/home/polivier/Documents/AL/eureka/eureka-client-archaius2/application.properties. /home/polivier/Documents/AL/eureka/eureka-client-archaius2/application.properties (Aucun fichier ou dossier de ce type)
19:28:11.187 [Test worker] DEBUG c.n.archaius.DefaultConfigLoader - Loaded application 
19:28:11.188 [Test worker] DEBUG c.netflix.governator.LifecycleModule - LifecycleProvisionListener not initialized yet : class com.netflix.archaius.config.DefaultCompositeConfig
19:28:11.188 [Test worker] DEBUG c.netflix.governator.LifecycleModule - LifecycleProvisionListener not initialized yet : class com.netflix.archaius.guice.ConfigurationInjectingListener
19:28:11.188 [Test worker] INFO  c.n.a.g.ConfigurationInjectingListener - Initializing ConfigurationInjectingListener
19:28:11.190 [Test worker] DEBUG c.netflix.governator.LifecycleModule - LifecycleProvisionListener not initialized yet : class com.google.common.collect.RegularImmutableSet
19:28:11.191 [Test worker] DEBUG c.netflix.governator.LifecycleModule - LifecycleProvisionListener initialized []
19:28:11.192 [Test worker] INFO  c.n.governator.LifecycleManager - Adding LifecycleListener 'Safe[LifecycleProvisionListener[]]' 1827370678
19:28:11.200 [Test worker] INFO  c.n.governator.SafeLifecycleListener - Starting LifecycleListener 'LifecycleProvisionListener[]'
19:28:11.206 [Test worker] DEBUG c.n.a.g.ConfigurationInjectingListener - Trying to loading configuration resource eureka-client
19:28:11.207 [Test worker] DEBUG c.n.a.readers.PropertiesConfigReader - Attempting to load : file:/home/polivier/Documents/AL/eureka/eureka-client-archaius2/eureka-client.properties
19:28:11.207 [Test worker] DEBUG c.n.a.readers.PropertiesConfigReader - Unable to load configuration file file:/home/polivier/Documents/AL/eureka/eureka-client-archaius2/eureka-client.properties. /home/polivier/Documents/AL/eureka/eureka-client-archaius2/eureka-client.properties (Aucun fichier ou dossier de ce type)
19:28:11.207 [Test worker] DEBUG c.n.archaius.DefaultConfigLoader - Loaded eureka-client 
]]></system-out>
  <system-err><![CDATA[]]></system-err>
</testsuite>
