<?xml version="1.0" encoding="UTF-8"?>
<testsuite name="com.netflix.discovery.internal.util.InternalPrefixedConfigTest" tests="1" skipped="0" failures="0" errors="0" timestamp="2017-04-09T17:28:13" hostname="pc54.home" time="0.108">
  <properties/>
  <testcase name="testPrefixes" classname="com.netflix.discovery.internal.util.InternalPrefixedConfigTest" time="0.108"/>
  <system-out><![CDATA[]]></system-out>
  <system-err><![CDATA[]]></system-err>
</testsuite>
